2018-11-12 22:56:10,156 [main] INFO  c.e.l.LostandfindApplication 50 - Starting LostandfindApplication on zhangcongdeMacBook-Air.local with PID 50938 (/Users/zhangcong/IdeaProjects/lostandfind/target/classes started by zhangcong in /Users/zhangcong/IdeaProjects/lostandfind)
2018-11-12 22:56:10,167 [main] INFO  c.e.l.LostandfindApplication 662 - No active profile set, falling back to default profiles: default
2018-11-12 22:56:10,492 [main] INFO  o.s.b.w.s.c.AnnotationConfigServletWebServerApplicationContext 590 - Refreshing org.springframework.boot.web.servlet.context.AnnotationConfigServletWebServerApplicationContext@7a8c8dcf: startup date [Mon Nov 12 22:56:10 CST 2018]; root of context hierarchy
2018-11-12 22:56:14,060 [main] INFO  o.s.c.s.PostProcessorRegistrationDelegate$BeanPostProcessorChecker 326 - Bean 'org.springframework.transaction.annotation.ProxyTransactionManagementConfiguration' of type [org.springframework.transaction.annotation.ProxyTransactionManagementConfiguration$$EnhancerBySpringCGLIB$$68eae0ac] is not eligible for getting processed by all BeanPostProcessors (for example: not eligible for auto-proxying)
2018-11-12 22:56:14,890 [main] INFO  o.s.b.w.e.tomcat.TomcatWebServer 91 - Tomcat initialized with port(s): 8080 (http)
2018-11-12 22:56:14,927 [main] INFO  o.a.coyote.http11.Http11NioProtocol 180 - Initializing ProtocolHandler ["http-nio-8080"]
2018-11-12 22:56:14,950 [main] INFO  o.a.catalina.core.StandardService 180 - Starting service [Tomcat]
2018-11-12 22:56:14,950 [main] INFO  o.a.catalina.core.StandardEngine 180 - Starting Servlet Engine: Apache Tomcat/8.5.32
2018-11-12 22:56:14,955 [localhost-startStop-1] INFO  o.a.c.core.AprLifecycleListener 180 - The APR based Apache Tomcat Native library which allows optimal performance in production environments was not found on the java.library.path: [/Users/zhangcong/Library/Java/Extensions:/Library/Java/Extensions:/Network/Library/Java/Extensions:/System/Library/Java/Extensions:/usr/lib/java:.]
2018-11-12 22:56:15,196 [localhost-startStop-1] INFO  o.a.c.c.C.[Tomcat].[localhost].[/] 180 - Initializing Spring embedded WebApplicationContext
2018-11-12 22:56:15,197 [localhost-startStop-1] INFO  o.s.web.context.ContextLoader 285 - Root WebApplicationContext: initialization completed in 4709 ms
2018-11-12 22:56:15,383 [localhost-startStop-1] INFO  o.s.b.w.s.ServletRegistrationBean 187 - Servlet dispatcherServlet mapped to [/]
2018-11-12 22:56:15,389 [localhost-startStop-1] INFO  o.s.b.w.s.FilterRegistrationBean 245 - Mapping filter: 'characterEncodingFilter' to: [/*]
2018-11-12 22:56:15,390 [localhost-startStop-1] INFO  o.s.b.w.s.FilterRegistrationBean 245 - Mapping filter: 'hiddenHttpMethodFilter' to: [/*]
2018-11-12 22:56:15,390 [localhost-startStop-1] INFO  o.s.b.w.s.FilterRegistrationBean 245 - Mapping filter: 'httpPutFormContentFilter' to: [/*]
2018-11-12 22:56:15,390 [localhost-startStop-1] INFO  o.s.b.w.s.FilterRegistrationBean 245 - Mapping filter: 'requestContextFilter' to: [/*]
2018-11-12 22:56:15,717 [main] INFO  com.zaxxer.hikari.HikariDataSource 110 - HikariPool-1 - Starting...
2018-11-12 22:56:16,192 [main] INFO  com.zaxxer.hikari.HikariDataSource 123 - HikariPool-1 - Start completed.
2018-11-12 22:56:16,273 [main] INFO  o.s.o.j.LocalContainerEntityManagerFactoryBean 361 - Building JPA container EntityManagerFactory for persistence unit 'default'
2018-11-12 22:56:16,296 [main] INFO  o.h.jpa.internal.util.LogHelper 31 - HHH000204: Processing PersistenceUnitInfo [
	name: default
	...]
2018-11-12 22:56:16,527 [main] INFO  org.hibernate.Version 45 - HHH000412: Hibernate Core {5.2.17.Final}
2018-11-12 22:56:16,531 [main] INFO  org.hibernate.cfg.Environment 213 - HHH000206: hibernate.properties not found
2018-11-12 22:56:16,683 [main] INFO  o.h.annotations.common.Version 66 - HCANN000001: Hibernate Commons Annotations {5.0.1.Final}
2018-11-12 22:56:16,997 [main] INFO  org.hibernate.dialect.Dialect 157 - HHH000400: Using dialect: org.hibernate.dialect.MySQL5Dialect
2018-11-12 22:56:18,267 [main] INFO  o.h.h.i.QueryTranslatorFactoryInitiator 47 - HHH000397: Using ASTQueryTranslatorFactory
2018-11-12 22:56:18,439 [main] INFO  o.s.o.j.LocalContainerEntityManagerFactoryBean 415 - Initialized JPA EntityManagerFactory for persistence unit 'default'
2018-11-12 22:56:19,586 [main] INFO  o.s.w.s.h.SimpleUrlHandlerMapping 373 - Mapped URL path [/**/favicon.ico] onto handler of type [class org.springframework.web.servlet.resource.ResourceHttpRequestHandler]
2018-11-12 22:56:19,958 [main] INFO  o.s.w.s.m.m.a.RequestMappingHandlerAdapter 574 - Looking for @ControllerAdvice: org.springframework.boot.web.servlet.context.AnnotationConfigServletWebServerApplicationContext@7a8c8dcf: startup date [Mon Nov 12 22:56:10 CST 2018]; root of context hierarchy
2018-11-12 22:56:20,035 [main] WARN  o.s.b.a.o.j.JpaBaseConfiguration$JpaWebConfiguration$JpaWebMvcConfiguration 235 - spring.jpa.open-in-view is enabled by default. Therefore, database queries may be performed during view rendering. Explicitly configure spring.jpa.open-in-view to disable this warning
2018-11-12 22:56:20,094 [main] INFO  o.s.w.s.m.m.a.RequestMappingHandlerMapping 547 - Mapped "{[/identity],methods=[GET]}" onto public java.lang.Object com.example.lostandfind.controller.LafController.decode(java.lang.String,java.lang.String,java.lang.String)
2018-11-12 22:56:20,095 [main] INFO  o.s.w.s.m.m.a.RequestMappingHandlerMapping 547 - Mapped "{[/getUserInfo],methods=[GET]}" onto public java.lang.Object com.example.lostandfind.controller.LafController.getUserInfo(java.lang.String)
2018-11-12 22:56:20,096 [main] INFO  o.s.w.s.m.m.a.RequestMappingHandlerMapping 547 - Mapped "{[/User],methods=[POST]}" onto public com.example.lostandfind.domain.Result com.example.lostandfind.controller.LafController.addUser(com.example.lostandfind.mysql.UserMysql,org.springframework.validation.BindingResult)
2018-11-12 22:56:20,097 [main] INFO  o.s.w.s.m.m.a.RequestMappingHandlerMapping 547 - Mapped "{[/user],methods=[POST]}" onto public com.example.lostandfind.domain.Result com.example.lostandfind.controller.LafController.addUser(com.example.lostandfind.mysql.UserMysql)
2018-11-12 22:56:20,097 [main] INFO  o.s.w.s.m.m.a.RequestMappingHandlerMapping 547 - Mapped "{[/User],methods=[GET]}" onto public java.util.List<com.example.lostandfind.mysql.UserMysql> com.example.lostandfind.controller.LafController.UserList()
2018-11-12 22:56:20,099 [main] INFO  o.s.w.s.m.m.a.RequestMappingHandlerMapping 547 - Mapped "{[/openid/{openid}],methods=[GET]}" onto public boolean com.example.lostandfind.controller.LafController.checkOpenId(java.lang.String)
2018-11-12 22:56:20,100 [main] INFO  o.s.w.s.m.m.a.RequestMappingHandlerMapping 547 - Mapped "{[/openid1/{openid}],methods=[GET]}" onto public java.util.List<com.example.lostandfind.mysql.UserMysql> com.example.lostandfind.controller.LafController.checkOpenId1(java.lang.String)
2018-11-12 22:56:20,100 [main] INFO  o.s.w.s.m.m.a.RequestMappingHandlerMapping 547 - Mapped "{[/valuable],methods=[GET]}" onto public java.util.List<com.example.lostandfind.mysql.InfoMysql> com.example.lostandfind.controller.LafController.searchValuableInfo(boolean)
2018-11-12 22:56:20,101 [main] INFO  o.s.w.s.m.m.a.RequestMappingHandlerMapping 547 - Mapped "{[/service/info],methods=[GET]}" onto public java.util.List<com.example.lostandfind.mysql.InfoMysql> com.example.lostandfind.controller.LafController.searchInfo(boolean,int)
2018-11-12 22:56:20,102 [main] INFO  o.s.w.s.m.m.a.RequestMappingHandlerMapping 547 - Mapped "{[/msg],methods=[POST]}" onto public com.example.lostandfind.domain.Result com.example.lostandfind.controller.LafController.addMsg(com.example.lostandfind.mysql.InfoMysql) throws java.lang.Exception
2018-11-12 22:56:20,102 [main] INFO  o.s.w.s.m.m.a.RequestMappingHandlerMapping 547 - Mapped "{[/msg],methods=[GET]}" onto public java.util.List<com.example.lostandfind.mysql.InfoMysql> com.example.lostandfind.controller.LafController.msgList()
2018-11-12 22:56:20,103 [main] INFO  o.s.w.s.m.m.a.RequestMappingHandlerMapping 547 - Mapped "{[/uploadImage],methods=[POST]}" onto public java.lang.String com.example.lostandfind.controller.LafController.uploadPicture(org.springframework.web.multipart.MultipartFile,int,int,java.lang.String) throws java.lang.Exception
2018-11-12 22:56:20,103 [main] INFO  o.s.w.s.m.m.a.RequestMappingHandlerMapping 547 - Mapped "{[/confirm/{id}],methods=[PUT]}" onto public com.example.lostandfind.mysql.InfoMysql com.example.lostandfind.controller.LafController.doConfirm(java.lang.Integer,com.example.lostandfind.service.ConfirmService)
2018-11-12 22:56:20,104 [main] INFO  o.s.w.s.m.m.a.RequestMappingHandlerMapping 547 - Mapped "{[/manager/{openid}],methods=[POST]}" onto public java.lang.Boolean com.example.lostandfind.controller.LafController.doManager(java.lang.String)
2018-11-12 22:56:20,104 [main] INFO  o.s.w.s.m.m.a.RequestMappingHandlerMapping 547 - Mapped "{[/check/{id}],methods=[PUT]}" onto public java.lang.String com.example.lostandfind.controller.LafController.doCheck(java.lang.Integer,com.example.lostandfind.service.ConfirmService)
2018-11-12 22:56:20,105 [main] INFO  o.s.w.s.m.m.a.RequestMappingHandlerMapping 547 - Mapped "{[/finish/{id}],methods=[DELETE]}" onto public java.lang.String com.example.lostandfind.controller.LafController.doFinish(java.lang.Integer)
2018-11-12 22:56:20,105 [main] INFO  o.s.w.s.m.m.a.RequestMappingHandlerMapping 547 - Mapped "{[/search/{index}/{string}/{count}],methods=[GET]}" onto public java.util.List<com.example.lostandfind.mysql.InfoMysql> com.example.lostandfind.controller.LafController.doSearch(java.lang.String,java.lang.Integer,java.lang.Integer) throws java.lang.Exception
2018-11-12 22:56:20,106 [main] INFO  o.s.w.s.m.m.a.RequestMappingHandlerMapping 547 - Mapped "{[/search/history],methods=[PUT]}" onto public com.example.lostandfind.mysql.HistoryMysql com.example.lostandfind.controller.LafController.doAddHistory(com.example.lostandfind.mysql.HistoryMysql)
2018-11-12 22:56:20,106 [main] INFO  o.s.w.s.m.m.a.RequestMappingHandlerMapping 547 - Mapped "{[/search/history/{openid}],methods=[GET]}" onto public com.example.lostandfind.mysql.HistoryMysql com.example.lostandfind.controller.LafController.doSearchHistory(java.lang.String)
2018-11-12 22:56:20,107 [main] INFO  o.s.w.s.m.m.a.RequestMappingHandlerMapping 547 - Mapped "{[/search/eye],methods=[PUT]}" onto public com.example.lostandfind.mysql.HistoryMysql com.example.lostandfind.controller.LafController.doaChangeEye(com.example.lostandfind.mysql.HistoryMysql)
2018-11-12 22:56:20,108 [main] INFO  o.s.w.s.m.m.a.RequestMappingHandlerMapping 547 - Mapped "{[/token],methods=[GET]}" onto public com.example.lostandfind.service.TokenService com.example.lostandfind.controller.LafController.makeToken(javax.servlet.http.HttpServletRequest)
2018-11-12 22:56:20,108 [main] INFO  o.s.w.s.m.m.a.RequestMappingHandlerMapping 547 - Mapped "{[/suggestion],methods=[POST]}" onto public com.example.lostandfind.mysql.SuggestMysql com.example.lostandfind.controller.LafController.WriteSuggestion(com.example.lostandfind.mysql.SuggestMysql)
2018-11-12 22:56:20,109 [main] INFO  o.s.w.s.m.m.a.RequestMappingHandlerMapping 547 - Mapped "{[/suggestion],methods=[GET]}" onto public java.util.List<com.example.lostandfind.mysql.SuggestMysql> com.example.lostandfind.controller.LafController.GetSuggestion()
2018-11-12 22:56:20,109 [main] INFO  o.s.w.s.m.m.a.RequestMappingHandlerMapping 547 - Mapped "{[/get_access_token],methods=[GET]}" onto public java.lang.Object com.example.lostandfind.controller.LafController.getAccessToken()
2018-11-12 22:56:20,109 [main] INFO  o.s.w.s.m.m.a.RequestMappingHandlerMapping 547 - Mapped "{[/sendTemplateInfo],methods=[GET]}" onto public java.lang.Object com.example.lostandfind.controller.LafController.sendTemplateInfo(java.lang.String,java.lang.String,java.lang.String,java.lang.String,java.lang.String,java.lang.String,int)
2018-11-12 22:56:20,110 [main] INFO  o.s.w.s.m.m.a.RequestMappingHandlerMapping 547 - Mapped "{[/aboutMeNot],methods=[GET]}" onto public java.util.List<com.example.lostandfind.mysql.InfoMysql> com.example.lostandfind.controller.LafController.getNotFinish(java.lang.String)
2018-11-12 22:56:20,111 [main] INFO  o.s.w.s.m.m.a.RequestMappingHandlerMapping 547 - Mapped "{[/aboutMeHas],methods=[GET]}" onto public java.util.List<com.example.lostandfind.mysql.FinishMysql> com.example.lostandfind.controller.LafController.getHasFinish(java.lang.String)
2018-11-12 22:56:20,112 [main] INFO  o.s.w.s.m.m.a.RequestMappingHandlerMapping 547 - Mapped "{[/search/detele/{openid}],methods=[DELETE]}" onto public com.example.lostandfind.mysql.HistoryMysql com.example.lostandfind.controller.LafController.doDelete(java.lang.String)
2018-11-12 22:56:20,119 [main] INFO  o.s.w.s.m.m.a.RequestMappingHandlerMapping 547 - Mapped "{[/error]}" onto public org.springframework.http.ResponseEntity<java.util.Map<java.lang.String, java.lang.Object>> org.springframework.boot.autoconfigure.web.servlet.error.BasicErrorController.error(javax.servlet.http.HttpServletRequest)
2018-11-12 22:56:20,120 [main] INFO  o.s.w.s.m.m.a.RequestMappingHandlerMapping 547 - Mapped "{[/error],produces=[text/html]}" onto public org.springframework.web.servlet.ModelAndView org.springframework.boot.autoconfigure.web.servlet.error.BasicErrorController.errorHtml(javax.servlet.http.HttpServletRequest,javax.servlet.http.HttpServletResponse)
2018-11-12 22:56:20,158 [main] INFO  o.s.w.s.h.SimpleUrlHandlerMapping 373 - Mapped URL path [/webjars/**] onto handler of type [class org.springframework.web.servlet.resource.ResourceHttpRequestHandler]
2018-11-12 22:56:20,158 [main] INFO  o.s.w.s.h.SimpleUrlHandlerMapping 373 - Mapped URL path [/**] onto handler of type [class org.springframework.web.servlet.resource.ResourceHttpRequestHandler]
2018-11-12 22:56:20,579 [main] INFO  o.s.j.e.a.AnnotationMBeanExporter 433 - Registering beans for JMX exposure on startup
2018-11-12 22:56:20,581 [main] INFO  o.s.j.e.a.AnnotationMBeanExporter 895 - Bean with name 'dataSource' has been autodetected for JMX exposure
2018-11-12 22:56:20,588 [main] INFO  o.s.j.e.a.AnnotationMBeanExporter 668 - Located MBean 'dataSource': registering with JMX server as MBean [com.zaxxer.hikari:name=dataSource,type=HikariDataSource]
2018-11-12 22:56:20,605 [main] INFO  o.s.s.a.ScheduledAnnotationBeanPostProcessor 275 - No TaskScheduler/ScheduledExecutorService bean found for scheduled processing
2018-11-12 22:56:20,619 [main] INFO  o.a.coyote.http11.Http11NioProtocol 180 - Starting ProtocolHandler ["http-nio-8080"]
2018-11-12 22:56:20,643 [main] INFO  o.a.tomcat.util.net.NioSelectorPool 180 - Using a shared selector for servlet write/read
2018-11-12 22:56:20,665 [main] INFO  o.s.b.w.e.tomcat.TomcatWebServer 206 - Tomcat started on port(s): 8080 (http) with context path ''
2018-11-12 22:56:20,670 [main] INFO  c.e.l.LostandfindApplication 59 - Started LostandfindApplication in 13.606 seconds (JVM running for 16.958)
