2019-04-23 00:22:02,540 [HikariPool-1 housekeeper] WARN  com.zaxxer.hikari.pool.HikariPool 758 - HikariPool-1 - Thread starvation or clock leap detected (housekeeper delta=21m6s104ms).
2019-04-23 01:48:03,326 [http-nio-8080-exec-8] INFO  c.e.lostandfind.aspect.UserAspect 51 - url=http://localhost:8080/getPersonComment;method=GET;ip=0:0:0:0:0:0:0:1;classMethod=com.example.lostandfind.controller.LafController.getPersonComment;time=62ms;
2019-04-23 01:48:14,137 [http-nio-8080-exec-2] INFO  c.e.lostandfind.aspect.UserAspect 51 - url=http://localhost:8080/getPersonComment;method=GET;ip=0:0:0:0:0:0:0:1;classMethod=com.example.lostandfind.controller.LafController.getPersonComment;time=40ms;
2019-04-23 01:48:31,980 [http-nio-8080-exec-6] INFO  c.e.lostandfind.aspect.UserAspect 51 - url=http://localhost:8080/getPersonComment;method=GET;ip=0:0:0:0:0:0:0:1;classMethod=com.example.lostandfind.controller.LafController.getPersonComment;time=16ms;
2019-04-23 01:51:48,190 [http-nio-8080-exec-5] INFO  c.e.lostandfind.aspect.UserAspect 51 - url=http://localhost:8080/getUserInfo;method=GET;ip=0:0:0:0:0:0:0:1;classMethod=com.example.lostandfind.controller.LafController.getUserInfo;time=476ms;
2019-04-23 01:51:48,239 [http-nio-8080-exec-1] INFO  c.e.lostandfind.aspect.UserAspect 51 - url=http://localhost:8080/token;method=GET;ip=0:0:0:0:0:0:0:1;classMethod=com.example.lostandfind.controller.LafController.makeToken;time=12ms;
2019-04-23 01:51:48,293 [http-nio-8080-exec-10] INFO  c.e.lostandfind.aspect.UserAspect 51 - url=http://localhost:8080/openid1/oCQY3418OXiAziUyF2pBHNkTdbKY;method=GET;ip=0:0:0:0:0:0:0:1;classMethod=com.example.lostandfind.controller.LafController.checkOpenId1;time=18ms;
2019-04-23 01:51:48,324 [http-nio-8080-exec-9] INFO  c.e.lostandfind.aspect.UserAspect 51 - url=http://localhost:8080/manager/oCQY3418OXiAziUyF2pBHNkTdbKY;method=POST;ip=0:0:0:0:0:0:0:1;classMethod=com.example.lostandfind.controller.LafController.doManager;time=8ms;
2019-04-23 01:51:48,446 [http-nio-8080-exec-3] INFO  c.e.lostandfind.aspect.UserAspect 51 - url=http://localhost:8080/getEvaluate;method=GET;ip=0:0:0:0:0:0:0:1;classMethod=com.example.lostandfind.controller.LafController.getEvaluate;time=17ms;
2019-04-23 01:51:48,448 [http-nio-8080-exec-8] INFO  c.e.lostandfind.aspect.UserAspect 51 - url=http://localhost:8080/getPersonInfo;method=GET;ip=0:0:0:0:0:0:0:1;classMethod=com.example.lostandfind.controller.LafController.getPersonInfo;time=1555955508431ms;
2019-04-23 01:51:48,453 [http-nio-8080-exec-2] INFO  c.e.lostandfind.aspect.UserAspect 51 - url=http://localhost:8080/getSystemCount;method=GET;ip=0:0:0:0:0:0:0:1;classMethod=com.example.lostandfind.controller.LafController.getSystemCount;time=22ms;
2019-04-23 01:51:48,466 [http-nio-8080-exec-7] INFO  c.e.lostandfind.aspect.UserAspect 51 - url=http://localhost:8080/getPersonComment;method=GET;ip=0:0:0:0:0:0:0:1;classMethod=com.example.lostandfind.controller.LafController.getPersonComment;time=1555955508444ms;
2019-04-23 01:51:48,541 [http-nio-8080-exec-6] INFO  c.e.lostandfind.aspect.UserAspect 51 - url=http://localhost:8080/getPushCount;method=GET;ip=0:0:0:0:0:0:0:1;classMethod=com.example.lostandfind.controller.LafController.getPushCount;time=8ms;
2019-04-23 01:51:51,437 [http-nio-8080-exec-4] INFO  c.e.lostandfind.aspect.UserAspect 51 - url=http://localhost:8080/getValuable;method=GET;ip=0:0:0:0:0:0:0:1;classMethod=com.example.lostandfind.controller.LafController.getValuale;time=17ms;
2019-04-23 01:51:51,500 [http-nio-8080-exec-5] WARN  o.h.h.i.ast.QueryTranslatorImpl 381 - HHH000104: firstResult/maxResults specified with collection fetch; applying in memory!
2019-04-23 01:51:51,511 [http-nio-8080-exec-5] INFO  c.e.lostandfind.aspect.UserAspect 51 - url=http://localhost:8080/service/info;method=GET;ip=0:0:0:0:0:0:0:1;classMethod=com.example.lostandfind.controller.LafController.searchInfo;time=17ms;
2019-04-23 01:52:05,518 [http-nio-8080-exec-1] INFO  c.e.lostandfind.aspect.UserAspect 51 - url=http://localhost:8080/getUserInfo;method=GET;ip=0:0:0:0:0:0:0:1;classMethod=com.example.lostandfind.controller.LafController.getUserInfo;time=376ms;
2019-04-23 01:52:05,550 [http-nio-8080-exec-10] INFO  c.e.lostandfind.aspect.UserAspect 51 - url=http://localhost:8080/token;method=GET;ip=0:0:0:0:0:0:0:1;classMethod=com.example.lostandfind.controller.LafController.makeToken;time=3ms;
2019-04-23 01:52:05,579 [http-nio-8080-exec-9] INFO  c.e.lostandfind.aspect.UserAspect 51 - url=http://localhost:8080/openid1/oCQY3418OXiAziUyF2pBHNkTdbKY;method=GET;ip=0:0:0:0:0:0:0:1;classMethod=com.example.lostandfind.controller.LafController.checkOpenId1;time=3ms;
2019-04-23 01:52:05,604 [http-nio-8080-exec-8] INFO  c.e.lostandfind.aspect.UserAspect 51 - url=http://localhost:8080/manager/oCQY3418OXiAziUyF2pBHNkTdbKY;method=POST;ip=0:0:0:0:0:0:0:1;classMethod=com.example.lostandfind.controller.LafController.doManager;time=5ms;
2019-04-23 01:52:05,669 [http-nio-8080-exec-7] INFO  c.e.lostandfind.aspect.UserAspect 51 - url=http://localhost:8080/getPersonInfo;method=GET;ip=0:0:0:0:0:0:0:1;classMethod=com.example.lostandfind.controller.LafController.getPersonInfo;time=5ms;
2019-04-23 01:52:05,669 [http-nio-8080-exec-2] INFO  c.e.lostandfind.aspect.UserAspect 51 - url=http://localhost:8080/getEvaluate;method=GET;ip=0:0:0:0:0:0:0:1;classMethod=com.example.lostandfind.controller.LafController.getEvaluate;time=1555955525664ms;
2019-04-23 01:52:05,670 [http-nio-8080-exec-3] INFO  c.e.lostandfind.aspect.UserAspect 51 - url=http://localhost:8080/getPersonComment;method=GET;ip=0:0:0:0:0:0:0:1;classMethod=com.example.lostandfind.controller.LafController.getPersonComment;time=6ms;
2019-04-23 01:52:05,674 [http-nio-8080-exec-6] INFO  c.e.lostandfind.aspect.UserAspect 51 - url=http://localhost:8080/getSystemCount;method=GET;ip=0:0:0:0:0:0:0:1;classMethod=com.example.lostandfind.controller.LafController.getSystemCount;time=4ms;
2019-04-23 01:52:05,722 [http-nio-8080-exec-4] INFO  c.e.lostandfind.aspect.UserAspect 51 - url=http://localhost:8080/getPushCount;method=GET;ip=0:0:0:0:0:0:0:1;classMethod=com.example.lostandfind.controller.LafController.getPushCount;time=3ms;
2019-04-23 01:52:15,120 [http-nio-8080-exec-5] INFO  c.e.lostandfind.aspect.UserAspect 51 - url=http://localhost:8080/getValuable;method=GET;ip=0:0:0:0:0:0:0:1;classMethod=com.example.lostandfind.controller.LafController.getValuale;time=10ms;
2019-04-23 01:52:15,155 [http-nio-8080-exec-1] WARN  o.h.h.i.ast.QueryTranslatorImpl 381 - HHH000104: firstResult/maxResults specified with collection fetch; applying in memory!
2019-04-23 01:52:15,165 [http-nio-8080-exec-1] INFO  c.e.lostandfind.aspect.UserAspect 51 - url=http://localhost:8080/service/info;method=GET;ip=0:0:0:0:0:0:0:1;classMethod=com.example.lostandfind.controller.LafController.searchInfo;time=15ms;
2019-04-23 01:54:44,390 [http-nio-8080-exec-2] INFO  c.e.lostandfind.aspect.UserAspect 51 - url=http://localhost:8080/getUserInfo;method=GET;ip=0:0:0:0:0:0:0:1;classMethod=com.example.lostandfind.controller.LafController.getUserInfo;time=362ms;
2019-04-23 01:54:44,422 [http-nio-8080-exec-3] INFO  c.e.lostandfind.aspect.UserAspect 51 - url=http://localhost:8080/token;method=GET;ip=0:0:0:0:0:0:0:1;classMethod=com.example.lostandfind.controller.LafController.makeToken;time=3ms;
2019-04-23 01:54:44,452 [http-nio-8080-exec-6] INFO  c.e.lostandfind.aspect.UserAspect 51 - url=http://localhost:8080/openid1/oCQY3418OXiAziUyF2pBHNkTdbKY;method=GET;ip=0:0:0:0:0:0:0:1;classMethod=com.example.lostandfind.controller.LafController.checkOpenId1;time=2ms;
2019-04-23 01:54:44,476 [http-nio-8080-exec-4] INFO  c.e.lostandfind.aspect.UserAspect 51 - url=http://localhost:8080/manager/oCQY3418OXiAziUyF2pBHNkTdbKY;method=POST;ip=0:0:0:0:0:0:0:1;classMethod=com.example.lostandfind.controller.LafController.doManager;time=1ms;
2019-04-23 01:54:44,552 [http-nio-8080-exec-1] INFO  c.e.lostandfind.aspect.UserAspect 51 - url=http://localhost:8080/getEvaluate;method=GET;ip=0:0:0:0:0:0:0:1;classMethod=com.example.lostandfind.controller.LafController.getEvaluate;time=2ms;
2019-04-23 01:54:44,555 [http-nio-8080-exec-10] INFO  c.e.lostandfind.aspect.UserAspect 51 - url=http://localhost:8080/getSystemCount;method=GET;ip=0:0:0:0:0:0:0:1;classMethod=com.example.lostandfind.controller.LafController.getSystemCount;time=3ms;
2019-04-23 01:54:44,563 [http-nio-8080-exec-9] INFO  c.e.lostandfind.aspect.UserAspect 51 - url=http://localhost:8080/getPersonInfo;method=GET;ip=0:0:0:0:0:0:0:1;classMethod=com.example.lostandfind.controller.LafController.getPersonInfo;time=1555955684560ms;
2019-04-23 01:54:44,567 [http-nio-8080-exec-5] INFO  c.e.lostandfind.aspect.UserAspect 51 - url=http://localhost:8080/getPersonComment;method=GET;ip=0:0:0:0:0:0:0:1;classMethod=com.example.lostandfind.controller.LafController.getPersonComment;time=7ms;
2019-04-23 01:54:44,641 [http-nio-8080-exec-8] INFO  c.e.lostandfind.aspect.UserAspect 51 - url=http://localhost:8080/getPushCount;method=GET;ip=0:0:0:0:0:0:0:1;classMethod=com.example.lostandfind.controller.LafController.getPushCount;time=8ms;
2019-04-23 01:55:20,412 [http-nio-8080-exec-7] INFO  c.e.lostandfind.aspect.UserAspect 51 - url=http://localhost:8080/getUserInfo;method=GET;ip=0:0:0:0:0:0:0:1;classMethod=com.example.lostandfind.controller.LafController.getUserInfo;time=417ms;
2019-04-23 01:55:20,447 [http-nio-8080-exec-2] INFO  c.e.lostandfind.aspect.UserAspect 51 - url=http://localhost:8080/token;method=GET;ip=0:0:0:0:0:0:0:1;classMethod=com.example.lostandfind.controller.LafController.makeToken;time=3ms;
2019-04-23 01:55:20,488 [http-nio-8080-exec-3] INFO  c.e.lostandfind.aspect.UserAspect 51 - url=http://localhost:8080/openid1/oCQY3418OXiAziUyF2pBHNkTdbKY;method=GET;ip=0:0:0:0:0:0:0:1;classMethod=com.example.lostandfind.controller.LafController.checkOpenId1;time=1ms;
2019-04-23 01:55:20,517 [http-nio-8080-exec-6] INFO  c.e.lostandfind.aspect.UserAspect 51 - url=http://localhost:8080/manager/oCQY3418OXiAziUyF2pBHNkTdbKY;method=POST;ip=0:0:0:0:0:0:0:1;classMethod=com.example.lostandfind.controller.LafController.doManager;time=1ms;
2019-04-23 01:55:20,608 [http-nio-8080-exec-1] INFO  c.e.lostandfind.aspect.UserAspect 51 - url=http://localhost:8080/getEvaluate;method=GET;ip=0:0:0:0:0:0:0:1;classMethod=com.example.lostandfind.controller.LafController.getEvaluate;time=3ms;
2019-04-23 01:55:20,623 [http-nio-8080-exec-10] INFO  c.e.lostandfind.aspect.UserAspect 51 - url=http://localhost:8080/getPersonInfo;method=GET;ip=0:0:0:0:0:0:0:1;classMethod=com.example.lostandfind.controller.LafController.getPersonInfo;time=2ms;
2019-04-23 01:55:20,636 [http-nio-8080-exec-4] INFO  c.e.lostandfind.aspect.UserAspect 51 - url=http://localhost:8080/getPersonComment;method=GET;ip=0:0:0:0:0:0:0:1;classMethod=com.example.lostandfind.controller.LafController.getPersonComment;time=1555955720634ms;
2019-04-23 01:55:20,648 [http-nio-8080-exec-9] INFO  c.e.lostandfind.aspect.UserAspect 51 - url=http://localhost:8080/getSystemCount;method=GET;ip=0:0:0:0:0:0:0:1;classMethod=com.example.lostandfind.controller.LafController.getSystemCount;time=11ms;
2019-04-23 01:55:20,702 [http-nio-8080-exec-5] INFO  c.e.lostandfind.aspect.UserAspect 51 - url=http://localhost:8080/getPushCount;method=GET;ip=0:0:0:0:0:0:0:1;classMethod=com.example.lostandfind.controller.LafController.getPushCount;time=3ms;
2019-04-23 01:55:30,882 [http-nio-8080-exec-8] INFO  c.e.lostandfind.aspect.UserAspect 51 - url=http://localhost:8080/getUserInfo;method=GET;ip=0:0:0:0:0:0:0:1;classMethod=com.example.lostandfind.controller.LafController.getUserInfo;time=340ms;
2019-04-23 01:55:30,915 [http-nio-8080-exec-7] INFO  c.e.lostandfind.aspect.UserAspect 51 - url=http://localhost:8080/token;method=GET;ip=0:0:0:0:0:0:0:1;classMethod=com.example.lostandfind.controller.LafController.makeToken;time=4ms;
2019-04-23 01:55:30,947 [http-nio-8080-exec-2] INFO  c.e.lostandfind.aspect.UserAspect 51 - url=http://localhost:8080/openid1/oCQY3418OXiAziUyF2pBHNkTdbKY;method=GET;ip=0:0:0:0:0:0:0:1;classMethod=com.example.lostandfind.controller.LafController.checkOpenId1;time=7ms;
2019-04-23 01:55:30,972 [http-nio-8080-exec-3] INFO  c.e.lostandfind.aspect.UserAspect 51 - url=http://localhost:8080/manager/oCQY3418OXiAziUyF2pBHNkTdbKY;method=POST;ip=0:0:0:0:0:0:0:1;classMethod=com.example.lostandfind.controller.LafController.doManager;time=2ms;
2019-04-23 01:55:31,011 [http-nio-8080-exec-1] INFO  c.e.lostandfind.aspect.UserAspect 51 - url=http://localhost:8080/getEvaluate;method=GET;ip=0:0:0:0:0:0:0:1;classMethod=com.example.lostandfind.controller.LafController.getEvaluate;time=4ms;
2019-04-23 01:55:31,032 [http-nio-8080-exec-10] INFO  c.e.lostandfind.aspect.UserAspect 51 - url=http://localhost:8080/getPersonInfo;method=GET;ip=0:0:0:0:0:0:0:1;classMethod=com.example.lostandfind.controller.LafController.getPersonInfo;time=3ms;
2019-04-23 01:55:31,047 [http-nio-8080-exec-4] INFO  c.e.lostandfind.aspect.UserAspect 51 - url=http://localhost:8080/getSystemCount;method=GET;ip=0:0:0:0:0:0:0:1;classMethod=com.example.lostandfind.controller.LafController.getSystemCount;time=1555955731044ms;
2019-04-23 01:55:31,055 [http-nio-8080-exec-6] INFO  c.e.lostandfind.aspect.UserAspect 51 - url=http://localhost:8080/getPersonComment;method=GET;ip=0:0:0:0:0:0:0:1;classMethod=com.example.lostandfind.controller.LafController.getPersonComment;time=11ms;
2019-04-23 01:55:31,125 [http-nio-8080-exec-9] INFO  c.e.lostandfind.aspect.UserAspect 51 - url=http://localhost:8080/getPushCount;method=GET;ip=0:0:0:0:0:0:0:1;classMethod=com.example.lostandfind.controller.LafController.getPushCount;time=4ms;
2019-04-23 01:56:03,671 [http-nio-8080-exec-8] INFO  c.e.lostandfind.aspect.UserAspect 51 - url=http://localhost:8080/getUserInfo;method=GET;ip=0:0:0:0:0:0:0:1;classMethod=com.example.lostandfind.controller.LafController.getUserInfo;time=343ms;
2019-04-23 01:56:03,701 [http-nio-8080-exec-7] INFO  c.e.lostandfind.aspect.UserAspect 51 - url=http://localhost:8080/token;method=GET;ip=0:0:0:0:0:0:0:1;classMethod=com.example.lostandfind.controller.LafController.makeToken;time=3ms;
2019-04-23 01:56:03,724 [http-nio-8080-exec-2] INFO  c.e.lostandfind.aspect.UserAspect 51 - url=http://localhost:8080/openid1/oCQY3418OXiAziUyF2pBHNkTdbKY;method=GET;ip=0:0:0:0:0:0:0:1;classMethod=com.example.lostandfind.controller.LafController.checkOpenId1;time=2ms;
2019-04-23 01:56:03,751 [http-nio-8080-exec-3] INFO  c.e.lostandfind.aspect.UserAspect 51 - url=http://localhost:8080/manager/oCQY3418OXiAziUyF2pBHNkTdbKY;method=POST;ip=0:0:0:0:0:0:0:1;classMethod=com.example.lostandfind.controller.LafController.doManager;time=2ms;
2019-04-23 01:56:03,850 [http-nio-8080-exec-4] INFO  c.e.lostandfind.aspect.UserAspect 51 - url=http://localhost:8080/getPersonInfo;method=GET;ip=0:0:0:0:0:0:0:1;classMethod=com.example.lostandfind.controller.LafController.getPersonInfo;time=1ms;
2019-04-23 01:56:03,851 [http-nio-8080-exec-10] INFO  c.e.lostandfind.aspect.UserAspect 51 - url=http://localhost:8080/getEvaluate;method=GET;ip=0:0:0:0:0:0:0:1;classMethod=com.example.lostandfind.controller.LafController.getEvaluate;time=1555955763850ms;
2019-04-23 01:56:03,851 [http-nio-8080-exec-1] INFO  c.e.lostandfind.aspect.UserAspect 51 - url=http://localhost:8080/getPersonComment;method=GET;ip=0:0:0:0:0:0:0:1;classMethod=com.example.lostandfind.controller.LafController.getPersonComment;time=1ms;
2019-04-23 01:56:03,864 [http-nio-8080-exec-6] INFO  c.e.lostandfind.aspect.UserAspect 51 - url=http://localhost:8080/getSystemCount;method=GET;ip=0:0:0:0:0:0:0:1;classMethod=com.example.lostandfind.controller.LafController.getSystemCount;time=2ms;
2019-04-23 01:56:03,902 [http-nio-8080-exec-9] INFO  c.e.lostandfind.aspect.UserAspect 51 - url=http://localhost:8080/getPushCount;method=GET;ip=0:0:0:0:0:0:0:1;classMethod=com.example.lostandfind.controller.LafController.getPushCount;time=4ms;
2019-04-23 01:56:30,197 [http-nio-8080-exec-5] INFO  c.e.lostandfind.aspect.UserAspect 51 - url=http://localhost:8080/getValuable;method=GET;ip=0:0:0:0:0:0:0:1;classMethod=com.example.lostandfind.controller.LafController.getValuale;time=9ms;
2019-04-23 01:56:30,247 [http-nio-8080-exec-8] WARN  o.h.h.i.ast.QueryTranslatorImpl 381 - HHH000104: firstResult/maxResults specified with collection fetch; applying in memory!
2019-04-23 01:56:30,259 [http-nio-8080-exec-8] INFO  c.e.lostandfind.aspect.UserAspect 51 - url=http://localhost:8080/service/info;method=GET;ip=0:0:0:0:0:0:0:1;classMethod=com.example.lostandfind.controller.LafController.searchInfo;time=17ms;
2019-04-23 01:56:35,045 [http-nio-8080-exec-7] INFO  c.e.lostandfind.aspect.UserAspect 51 - url=http://localhost:8080/getPersonComment;method=GET;ip=0:0:0:0:0:0:0:1;classMethod=com.example.lostandfind.controller.LafController.getPersonComment;time=2ms;
2019-04-23 01:56:35,056 [http-nio-8080-exec-2] INFO  c.e.lostandfind.aspect.UserAspect 51 - url=http://localhost:8080/infoCount;method=GET;ip=0:0:0:0:0:0:0:1;classMethod=com.example.lostandfind.controller.LafController.infoCount;time=1555955795054ms;
2019-04-23 01:56:35,265 [http-nio-8080-exec-3] WARN  o.h.h.i.ast.QueryTranslatorImpl 381 - HHH000104: firstResult/maxResults specified with collection fetch; applying in memory!
2019-04-23 01:56:35,275 [http-nio-8080-exec-3] INFO  c.e.lostandfind.aspect.UserAspect 51 - url=http://localhost:8080/msg;method=GET;ip=0:0:0:0:0:0:0:1;classMethod=com.example.lostandfind.controller.LafController.msgList;time=15ms;
2019-04-23 01:57:34,306 [http-nio-8080-exec-1] INFO  c.e.lostandfind.aspect.UserAspect 51 - url=http://localhost:8080/getUserInfo;method=GET;ip=0:0:0:0:0:0:0:1;classMethod=com.example.lostandfind.controller.LafController.getUserInfo;time=367ms;
2019-04-23 01:57:34,336 [http-nio-8080-exec-6] INFO  c.e.lostandfind.aspect.UserAspect 51 - url=http://localhost:8080/token;method=GET;ip=0:0:0:0:0:0:0:1;classMethod=com.example.lostandfind.controller.LafController.makeToken;time=3ms;
2019-04-23 01:57:34,355 [http-nio-8080-exec-9] INFO  c.e.lostandfind.aspect.UserAspect 51 - url=http://localhost:8080/openid1/oCQY3418OXiAziUyF2pBHNkTdbKY;method=GET;ip=0:0:0:0:0:0:0:1;classMethod=com.example.lostandfind.controller.LafController.checkOpenId1;time=1ms;
2019-04-23 01:57:34,374 [http-nio-8080-exec-5] INFO  c.e.lostandfind.aspect.UserAspect 51 - url=http://localhost:8080/manager/oCQY3418OXiAziUyF2pBHNkTdbKY;method=POST;ip=0:0:0:0:0:0:0:1;classMethod=com.example.lostandfind.controller.LafController.doManager;time=1ms;
2019-04-23 01:57:34,439 [http-nio-8080-exec-8] INFO  c.e.lostandfind.aspect.UserAspect 51 - url=http://localhost:8080/getEvaluate;method=GET;ip=0:0:0:0:0:0:0:1;classMethod=com.example.lostandfind.controller.LafController.getEvaluate;time=2ms;
2019-04-23 01:57:34,441 [http-nio-8080-exec-2] INFO  c.e.lostandfind.aspect.UserAspect 51 - url=http://localhost:8080/getPersonInfo;method=GET;ip=0:0:0:0:0:0:0:1;classMethod=com.example.lostandfind.controller.LafController.getPersonInfo;time=1555955854439ms;
2019-04-23 01:57:34,448 [http-nio-8080-exec-3] INFO  c.e.lostandfind.aspect.UserAspect 51 - url=http://localhost:8080/getSystemCount;method=GET;ip=0:0:0:0:0:0:0:1;classMethod=com.example.lostandfind.controller.LafController.getSystemCount;time=3ms;
2019-04-23 01:57:34,471 [http-nio-8080-exec-7] INFO  c.e.lostandfind.aspect.UserAspect 51 - url=http://localhost:8080/getPersonComment;method=GET;ip=0:0:0:0:0:0:0:1;classMethod=com.example.lostandfind.controller.LafController.getPersonComment;time=1555955854468ms;
2019-04-23 01:57:34,553 [http-nio-8080-exec-10] INFO  c.e.lostandfind.aspect.UserAspect 51 - url=http://localhost:8080/getPushCount;method=GET;ip=0:0:0:0:0:0:0:1;classMethod=com.example.lostandfind.controller.LafController.getPushCount;time=8ms;
2019-04-23 01:58:51,804 [http-nio-8080-exec-5] INFO  c.e.lostandfind.aspect.UserAspect 51 - url=http://localhost:8080/getUserInfo;method=GET;ip=0:0:0:0:0:0:0:1;classMethod=com.example.lostandfind.controller.LafController.getUserInfo;time=402ms;
2019-04-23 01:58:51,838 [http-nio-8080-exec-2] INFO  c.e.lostandfind.aspect.UserAspect 51 - url=http://localhost:8080/token;method=GET;ip=0:0:0:0:0:0:0:1;classMethod=com.example.lostandfind.controller.LafController.makeToken;time=3ms;
2019-04-23 01:58:51,860 [http-nio-8080-exec-8] INFO  c.e.lostandfind.aspect.UserAspect 51 - url=http://localhost:8080/openid1/oCQY3418OXiAziUyF2pBHNkTdbKY;method=GET;ip=0:0:0:0:0:0:0:1;classMethod=com.example.lostandfind.controller.LafController.checkOpenId1;time=1ms;
2019-04-23 01:58:51,881 [http-nio-8080-exec-3] INFO  c.e.lostandfind.aspect.UserAspect 51 - url=http://localhost:8080/manager/oCQY3418OXiAziUyF2pBHNkTdbKY;method=POST;ip=0:0:0:0:0:0:0:1;classMethod=com.example.lostandfind.controller.LafController.doManager;time=1ms;
2019-04-23 01:58:51,960 [http-nio-8080-exec-10] INFO  c.e.lostandfind.aspect.UserAspect 51 - url=http://localhost:8080/getEvaluate;method=GET;ip=0:0:0:0:0:0:0:1;classMethod=com.example.lostandfind.controller.LafController.getEvaluate;time=1ms;
2019-04-23 01:58:51,965 [http-nio-8080-exec-4] INFO  c.e.lostandfind.aspect.UserAspect 51 - url=http://localhost:8080/getSystemCount;method=GET;ip=0:0:0:0:0:0:0:1;classMethod=com.example.lostandfind.controller.LafController.getSystemCount;time=4ms;
2019-04-23 01:58:51,967 [http-nio-8080-exec-1] INFO  c.e.lostandfind.aspect.UserAspect 51 - url=http://localhost:8080/getPersonInfo;method=GET;ip=0:0:0:0:0:0:0:1;classMethod=com.example.lostandfind.controller.LafController.getPersonInfo;time=1555955931963ms;
2019-04-23 01:58:51,974 [http-nio-8080-exec-7] INFO  c.e.lostandfind.aspect.UserAspect 51 - url=http://localhost:8080/getPersonComment;method=GET;ip=0:0:0:0:0:0:0:1;classMethod=com.example.lostandfind.controller.LafController.getPersonComment;time=11ms;
2019-04-23 01:58:52,045 [http-nio-8080-exec-6] INFO  c.e.lostandfind.aspect.UserAspect 51 - url=http://localhost:8080/getPushCount;method=GET;ip=0:0:0:0:0:0:0:1;classMethod=com.example.lostandfind.controller.LafController.getPushCount;time=3ms;
2019-04-23 01:59:04,237 [http-nio-8080-exec-9] INFO  c.e.lostandfind.aspect.UserAspect 51 - url=http://localhost:8080/getUserInfo;method=GET;ip=0:0:0:0:0:0:0:1;classMethod=com.example.lostandfind.controller.LafController.getUserInfo;time=335ms;
2019-04-23 01:59:04,272 [http-nio-8080-exec-5] INFO  c.e.lostandfind.aspect.UserAspect 51 - url=http://localhost:8080/token;method=GET;ip=0:0:0:0:0:0:0:1;classMethod=com.example.lostandfind.controller.LafController.makeToken;time=3ms;
2019-04-23 01:59:04,295 [http-nio-8080-exec-2] INFO  c.e.lostandfind.aspect.UserAspect 51 - url=http://localhost:8080/openid1/oCQY3418OXiAziUyF2pBHNkTdbKY;method=GET;ip=0:0:0:0:0:0:0:1;classMethod=com.example.lostandfind.controller.LafController.checkOpenId1;time=1ms;
2019-04-23 01:59:04,317 [http-nio-8080-exec-8] INFO  c.e.lostandfind.aspect.UserAspect 51 - url=http://localhost:8080/manager/oCQY3418OXiAziUyF2pBHNkTdbKY;method=POST;ip=0:0:0:0:0:0:0:1;classMethod=com.example.lostandfind.controller.LafController.doManager;time=1ms;
2019-04-23 01:59:04,380 [http-nio-8080-exec-3] INFO  c.e.lostandfind.aspect.UserAspect 51 - url=http://localhost:8080/getPersonComment;method=GET;ip=0:0:0:0:0:0:0:1;classMethod=com.example.lostandfind.controller.LafController.getPersonComment;time=18ms;
2019-04-23 01:59:04,389 [http-nio-8080-exec-10] INFO  c.e.lostandfind.aspect.UserAspect 51 - url=http://localhost:8080/getEvaluate;method=GET;ip=0:0:0:0:0:0:0:1;classMethod=com.example.lostandfind.controller.LafController.getEvaluate;time=1ms;
2019-04-23 01:59:04,390 [http-nio-8080-exec-4] INFO  c.e.lostandfind.aspect.UserAspect 51 - url=http://localhost:8080/getPersonInfo;method=GET;ip=0:0:0:0:0:0:0:1;classMethod=com.example.lostandfind.controller.LafController.getPersonInfo;time=1555955944389ms;
2019-04-23 01:59:04,408 [http-nio-8080-exec-1] INFO  c.e.lostandfind.aspect.UserAspect 51 - url=http://localhost:8080/getSystemCount;method=GET;ip=0:0:0:0:0:0:0:1;classMethod=com.example.lostandfind.controller.LafController.getSystemCount;time=1ms;
2019-04-23 01:59:04,465 [http-nio-8080-exec-7] INFO  c.e.lostandfind.aspect.UserAspect 51 - url=http://localhost:8080/getPushCount;method=GET;ip=0:0:0:0:0:0:0:1;classMethod=com.example.lostandfind.controller.LafController.getPushCount;time=4ms;
2019-04-23 01:59:02,660 [HikariPool-1 housekeeper] WARN  com.zaxxer.hikari.pool.HikariPool 750 - HikariPool-1 - Retrograde clock change detected (housekeeper delta=-881ms), soft-evicting connections from pool.
2019-04-23 02:05:33,127 [http-nio-8080-exec-8] INFO  c.e.lostandfind.aspect.UserAspect 51 - url=http://localhost:8080/getUserInfo;method=GET;ip=0:0:0:0:0:0:0:1;classMethod=com.example.lostandfind.controller.LafController.getUserInfo;time=407ms;
2019-04-23 02:05:33,170 [http-nio-8080-exec-3] INFO  c.e.lostandfind.aspect.UserAspect 51 - url=http://localhost:8080/token;method=GET;ip=0:0:0:0:0:0:0:1;classMethod=com.example.lostandfind.controller.LafController.makeToken;time=7ms;
2019-04-23 02:05:33,205 [http-nio-8080-exec-10] INFO  c.e.lostandfind.aspect.UserAspect 51 - url=http://localhost:8080/openid1/oCQY3418OXiAziUyF2pBHNkTdbKY;method=GET;ip=0:0:0:0:0:0:0:1;classMethod=com.example.lostandfind.controller.LafController.checkOpenId1;time=6ms;
2019-04-23 02:05:33,234 [http-nio-8080-exec-4] INFO  c.e.lostandfind.aspect.UserAspect 51 - url=http://localhost:8080/manager/oCQY3418OXiAziUyF2pBHNkTdbKY;method=POST;ip=0:0:0:0:0:0:0:1;classMethod=com.example.lostandfind.controller.LafController.doManager;time=2ms;
2019-04-23 02:05:33,380 [http-nio-8080-exec-6] INFO  c.e.lostandfind.aspect.UserAspect 51 - url=http://localhost:8080/getPersonInfo;method=GET;ip=0:0:0:0:0:0:0:1;classMethod=com.example.lostandfind.controller.LafController.getPersonInfo;time=32ms;
2019-04-23 02:05:33,382 [http-nio-8080-exec-7] INFO  c.e.lostandfind.aspect.UserAspect 51 - url=http://localhost:8080/getEvaluate;method=GET;ip=0:0:0:0:0:0:0:1;classMethod=com.example.lostandfind.controller.LafController.getEvaluate;time=1555956333350ms;
2019-04-23 02:05:33,394 [http-nio-8080-exec-5] INFO  c.e.lostandfind.aspect.UserAspect 51 - url=http://localhost:8080/getSystemCount;method=GET;ip=0:0:0:0:0:0:0:1;classMethod=com.example.lostandfind.controller.LafController.getSystemCount;time=44ms;
2019-04-23 02:05:33,404 [http-nio-8080-exec-1] INFO  c.e.lostandfind.aspect.UserAspect 51 - url=http://localhost:8080/getPersonComment;method=GET;ip=0:0:0:0:0:0:0:1;classMethod=com.example.lostandfind.controller.LafController.getPersonComment;time=1555956333360ms;
2019-04-23 02:05:33,489 [http-nio-8080-exec-9] INFO  c.e.lostandfind.aspect.UserAspect 51 - url=http://localhost:8080/getPushCount;method=GET;ip=0:0:0:0:0:0:0:1;classMethod=com.example.lostandfind.controller.LafController.getPushCount;time=5ms;
2019-04-23 02:05:53,379 [http-nio-8080-exec-2] INFO  c.e.lostandfind.aspect.UserAspect 51 - url=http://localhost:8080/getValuable;method=GET;ip=0:0:0:0:0:0:0:1;classMethod=com.example.lostandfind.controller.LafController.getValuale;time=10ms;
2019-04-23 02:05:53,409 [http-nio-8080-exec-8] WARN  o.h.h.i.ast.QueryTranslatorImpl 381 - HHH000104: firstResult/maxResults specified with collection fetch; applying in memory!
2019-04-23 02:05:53,417 [http-nio-8080-exec-8] INFO  c.e.lostandfind.aspect.UserAspect 51 - url=http://localhost:8080/service/info;method=GET;ip=0:0:0:0:0:0:0:1;classMethod=com.example.lostandfind.controller.LafController.searchInfo;time=14ms;
2019-04-23 02:06:10,382 [http-nio-8080-exec-3] WARN  o.h.h.i.ast.QueryTranslatorImpl 381 - HHH000104: firstResult/maxResults specified with collection fetch; applying in memory!
2019-04-23 02:06:10,392 [http-nio-8080-exec-3] INFO  c.e.lostandfind.aspect.UserAspect 51 - url=http://localhost:8080/service/info;method=GET;ip=0:0:0:0:0:0:0:1;classMethod=com.example.lostandfind.controller.LafController.searchInfo;time=16ms;
2019-04-23 02:07:06,744 [http-nio-8080-exec-7] INFO  c.e.lostandfind.aspect.UserAspect 51 - url=http://localhost:8080/getUserInfo;method=GET;ip=0:0:0:0:0:0:0:1;classMethod=com.example.lostandfind.controller.LafController.getUserInfo;time=376ms;
2019-04-23 02:07:06,778 [http-nio-8080-exec-5] INFO  c.e.lostandfind.aspect.UserAspect 51 - url=http://localhost:8080/token;method=GET;ip=0:0:0:0:0:0:0:1;classMethod=com.example.lostandfind.controller.LafController.makeToken;time=3ms;
2019-04-23 02:07:06,801 [http-nio-8080-exec-1] INFO  c.e.lostandfind.aspect.UserAspect 51 - url=http://localhost:8080/openid1/oCQY3418OXiAziUyF2pBHNkTdbKY;method=GET;ip=0:0:0:0:0:0:0:1;classMethod=com.example.lostandfind.controller.LafController.checkOpenId1;time=2ms;
2019-04-23 02:07:06,821 [http-nio-8080-exec-9] INFO  c.e.lostandfind.aspect.UserAspect 51 - url=http://localhost:8080/manager/oCQY3418OXiAziUyF2pBHNkTdbKY;method=POST;ip=0:0:0:0:0:0:0:1;classMethod=com.example.lostandfind.controller.LafController.doManager;time=1ms;
2019-04-23 02:07:06,864 [http-nio-8080-exec-8] INFO  c.e.lostandfind.aspect.UserAspect 51 - url=http://localhost:8080/getEvaluate;method=GET;ip=0:0:0:0:0:0:0:1;classMethod=com.example.lostandfind.controller.LafController.getEvaluate;time=4ms;
2019-04-23 02:07:06,869 [http-nio-8080-exec-2] INFO  c.e.lostandfind.aspect.UserAspect 51 - url=http://localhost:8080/getPersonComment;method=GET;ip=0:0:0:0:0:0:0:1;classMethod=com.example.lostandfind.controller.LafController.getPersonComment;time=1555956426864ms;
2019-04-23 02:07:06,877 [http-nio-8080-exec-3] INFO  c.e.lostandfind.aspect.UserAspect 51 - url=http://localhost:8080/getPersonInfo;method=GET;ip=0:0:0:0:0:0:0:1;classMethod=com.example.lostandfind.controller.LafController.getPersonInfo;time=1ms;
2019-04-23 02:07:06,877 [http-nio-8080-exec-10] INFO  c.e.lostandfind.aspect.UserAspect 51 - url=http://localhost:8080/getSystemCount;method=GET;ip=0:0:0:0:0:0:0:1;classMethod=com.example.lostandfind.controller.LafController.getSystemCount;time=1555956426876ms;
2019-04-23 02:07:06,924 [http-nio-8080-exec-6] INFO  c.e.lostandfind.aspect.UserAspect 51 - url=http://localhost:8080/getPushCount;method=GET;ip=0:0:0:0:0:0:0:1;classMethod=com.example.lostandfind.controller.LafController.getPushCount;time=4ms;
2019-04-23 02:08:07,686 [http-nio-8080-exec-1] INFO  c.e.lostandfind.aspect.UserAspect 51 - url=http://localhost:8080/getUserInfo;method=GET;ip=0:0:0:0:0:0:0:1;classMethod=com.example.lostandfind.controller.LafController.getUserInfo;time=397ms;
2019-04-23 02:08:07,714 [http-nio-8080-exec-9] INFO  c.e.lostandfind.aspect.UserAspect 51 - url=http://localhost:8080/token;method=GET;ip=0:0:0:0:0:0:0:1;classMethod=com.example.lostandfind.controller.LafController.makeToken;time=2ms;
2019-04-23 02:08:07,736 [http-nio-8080-exec-8] INFO  c.e.lostandfind.aspect.UserAspect 51 - url=http://localhost:8080/openid1/oCQY3418OXiAziUyF2pBHNkTdbKY;method=GET;ip=0:0:0:0:0:0:0:1;classMethod=com.example.lostandfind.controller.LafController.checkOpenId1;time=2ms;
2019-04-23 02:08:07,760 [http-nio-8080-exec-2] INFO  c.e.lostandfind.aspect.UserAspect 51 - url=http://localhost:8080/manager/oCQY3418OXiAziUyF2pBHNkTdbKY;method=POST;ip=0:0:0:0:0:0:0:1;classMethod=com.example.lostandfind.controller.LafController.doManager;time=1ms;
2019-04-23 02:08:07,851 [http-nio-8080-exec-10] INFO  c.e.lostandfind.aspect.UserAspect 51 - url=http://localhost:8080/getEvaluate;method=GET;ip=0:0:0:0:0:0:0:1;classMethod=com.example.lostandfind.controller.LafController.getEvaluate;time=1ms;
2019-04-23 02:08:07,857 [http-nio-8080-exec-4] INFO  c.e.lostandfind.aspect.UserAspect 51 - url=http://localhost:8080/getSystemCount;method=GET;ip=0:0:0:0:0:0:0:1;classMethod=com.example.lostandfind.controller.LafController.getSystemCount;time=3ms;
2019-04-23 02:08:07,861 [http-nio-8080-exec-6] INFO  c.e.lostandfind.aspect.UserAspect 51 - url=http://localhost:8080/getPersonInfo;method=GET;ip=0:0:0:0:0:0:0:1;classMethod=com.example.lostandfind.controller.LafController.getPersonInfo;time=1555956487858ms;
2019-04-23 02:08:07,871 [http-nio-8080-exec-3] INFO  c.e.lostandfind.aspect.UserAspect 51 - url=http://localhost:8080/getPersonComment;method=GET;ip=0:0:0:0:0:0:0:1;classMethod=com.example.lostandfind.controller.LafController.getPersonComment;time=13ms;
2019-04-23 02:08:07,924 [http-nio-8080-exec-5] INFO  c.e.lostandfind.aspect.UserAspect 51 - url=http://localhost:8080/getPushCount;method=GET;ip=0:0:0:0:0:0:0:1;classMethod=com.example.lostandfind.controller.LafController.getPushCount;time=5ms;
2019-04-23 02:10:18,329 [http-nio-8080-exec-6] INFO  c.e.lostandfind.aspect.UserAspect 51 - url=http://localhost:8080/getReportComment;method=GET;ip=0:0:0:0:0:0:0:1;classMethod=com.example.lostandfind.controller.LafController.getReportC;time=6ms;
2019-04-23 02:10:18,332 [http-nio-8080-exec-10] INFO  c.e.lostandfind.aspect.UserAspect 51 - url=http://localhost:8080/valuable;method=GET;ip=0:0:0:0:0:0:0:1;classMethod=com.example.lostandfind.controller.LafController.searchValuableInfo;time=1555956618326ms;
2019-04-23 02:10:18,337 [http-nio-8080-exec-2] INFO  c.e.lostandfind.aspect.UserAspect 51 - url=http://localhost:8080/getSuggestion;method=GET;ip=0:0:0:0:0:0:0:1;classMethod=com.example.lostandfind.controller.LafController.GetSuggestion;time=11ms;
2019-04-23 02:10:18,346 [http-nio-8080-exec-4] INFO  c.e.lostandfind.aspect.UserAspect 51 - url=http://localhost:8080/getReport;method=GET;ip=0:0:0:0:0:0:0:1;classMethod=com.example.lostandfind.controller.LafController.getReport;time=1555956618335ms;
2019-04-23 02:10:23,109 [http-nio-8080-exec-3] INFO  c.e.lostandfind.aspect.UserAspect 51 - url=http://localhost:8080/getValuable;method=GET;ip=0:0:0:0:0:0:0:1;classMethod=com.example.lostandfind.controller.LafController.getValuale;time=11ms;
2019-04-23 02:10:23,161 [http-nio-8080-exec-5] WARN  o.h.h.i.ast.QueryTranslatorImpl 381 - HHH000104: firstResult/maxResults specified with collection fetch; applying in memory!
2019-04-23 02:10:23,169 [http-nio-8080-exec-5] INFO  c.e.lostandfind.aspect.UserAspect 51 - url=http://localhost:8080/service/info;method=GET;ip=0:0:0:0:0:0:0:1;classMethod=com.example.lostandfind.controller.LafController.searchInfo;time=21ms;
2019-04-23 02:11:19,117 [http-nio-8080-exec-9] INFO  c.e.lostandfind.aspect.UserAspect 51 - url=http://localhost:8080/infoCount;method=GET;ip=0:0:0:0:0:0:0:1;classMethod=com.example.lostandfind.controller.LafController.infoCount;time=9ms;
2019-04-23 02:11:19,128 [http-nio-8080-exec-8] INFO  c.e.lostandfind.aspect.UserAspect 51 - url=http://localhost:8080/getPersonComment;method=GET;ip=0:0:0:0:0:0:0:1;classMethod=com.example.lostandfind.controller.LafController.getPersonComment;time=1555956679119ms;
2019-04-23 02:11:19,314 [http-nio-8080-exec-6] WARN  o.h.h.i.ast.QueryTranslatorImpl 381 - HHH000104: firstResult/maxResults specified with collection fetch; applying in memory!
2019-04-23 02:11:19,326 [http-nio-8080-exec-6] INFO  c.e.lostandfind.aspect.UserAspect 51 - url=http://localhost:8080/msg;method=GET;ip=0:0:0:0:0:0:0:1;classMethod=com.example.lostandfind.controller.LafController.msgList;time=18ms;
2019-04-23 02:21:14,205 [http-nio-8080-exec-4] INFO  c.e.lostandfind.aspect.UserAspect 51 - url=http://localhost:8080/getUserInfo;method=GET;ip=0:0:0:0:0:0:0:1;classMethod=com.example.lostandfind.controller.LafController.getUserInfo;time=402ms;
2019-04-23 02:21:14,265 [http-nio-8080-exec-3] INFO  c.e.lostandfind.aspect.UserAspect 51 - url=http://localhost:8080/token;method=GET;ip=0:0:0:0:0:0:0:1;classMethod=com.example.lostandfind.controller.LafController.makeToken;time=21ms;
2019-04-23 02:21:14,303 [http-nio-8080-exec-5] INFO  c.e.lostandfind.aspect.UserAspect 51 - url=http://localhost:8080/openid1/oCQY3418OXiAziUyF2pBHNkTdbKY;method=GET;ip=0:0:0:0:0:0:0:1;classMethod=com.example.lostandfind.controller.LafController.checkOpenId1;time=7ms;
2019-04-23 02:21:14,343 [http-nio-8080-exec-1] INFO  c.e.lostandfind.aspect.UserAspect 51 - url=http://localhost:8080/manager/oCQY3418OXiAziUyF2pBHNkTdbKY;method=POST;ip=0:0:0:0:0:0:0:1;classMethod=com.example.lostandfind.controller.LafController.doManager;time=3ms;
2019-04-23 02:21:14,422 [http-nio-8080-exec-9] INFO  c.e.lostandfind.aspect.UserAspect 51 - url=http://localhost:8080/getEvaluate;method=GET;ip=0:0:0:0:0:0:0:1;classMethod=com.example.lostandfind.controller.LafController.getEvaluate;time=3ms;
2019-04-23 02:21:14,424 [http-nio-8080-exec-8] INFO  c.e.lostandfind.aspect.UserAspect 51 - url=http://localhost:8080/getPersonInfo;method=GET;ip=0:0:0:0:0:0:0:1;classMethod=com.example.lostandfind.controller.LafController.getPersonInfo;time=1ms;
2019-04-23 02:21:14,427 [http-nio-8080-exec-6] INFO  c.e.lostandfind.aspect.UserAspect 51 - url=http://localhost:8080/getSystemCount;method=GET;ip=0:0:0:0:0:0:0:1;classMethod=com.example.lostandfind.controller.LafController.getSystemCount;time=1555957274426ms;
2019-04-23 02:21:14,427 [http-nio-8080-exec-7] INFO  c.e.lostandfind.aspect.UserAspect 51 - url=http://localhost:8080/getPersonComment;method=GET;ip=0:0:0:0:0:0:0:1;classMethod=com.example.lostandfind.controller.LafController.getPersonComment;time=1ms;
2019-04-23 02:21:14,533 [http-nio-8080-exec-2] INFO  c.e.lostandfind.aspect.UserAspect 51 - url=http://localhost:8080/getPushCount;method=GET;ip=0:0:0:0:0:0:0:1;classMethod=com.example.lostandfind.controller.LafController.getPushCount;time=4ms;
2019-04-23 02:21:18,234 [http-nio-8080-exec-10] INFO  c.e.lostandfind.aspect.UserAspect 51 - url=http://localhost:8080/getValuable;method=GET;ip=0:0:0:0:0:0:0:1;classMethod=com.example.lostandfind.controller.LafController.getValuale;time=6ms;
2019-04-23 02:21:18,308 [http-nio-8080-exec-4] WARN  o.h.h.i.ast.QueryTranslatorImpl 381 - HHH000104: firstResult/maxResults specified with collection fetch; applying in memory!
2019-04-23 02:21:18,319 [http-nio-8080-exec-4] INFO  c.e.lostandfind.aspect.UserAspect 51 - url=http://localhost:8080/service/info;method=GET;ip=0:0:0:0:0:0:0:1;classMethod=com.example.lostandfind.controller.LafController.searchInfo;time=25ms;
2019-04-23 02:21:48,685 [http-nio-8080-exec-3] INFO  c.e.lostandfind.aspect.UserAspect 51 - url=http://localhost:8080/getUserInfo;method=GET;ip=0:0:0:0:0:0:0:1;classMethod=com.example.lostandfind.controller.LafController.getUserInfo;time=356ms;
2019-04-23 02:21:48,721 [http-nio-8080-exec-5] INFO  c.e.lostandfind.aspect.UserAspect 51 - url=http://localhost:8080/token;method=GET;ip=0:0:0:0:0:0:0:1;classMethod=com.example.lostandfind.controller.LafController.makeToken;time=6ms;
2019-04-23 02:21:48,757 [http-nio-8080-exec-1] INFO  c.e.lostandfind.aspect.UserAspect 51 - url=http://localhost:8080/openid1/oCQY3418OXiAziUyF2pBHNkTdbKY;method=GET;ip=0:0:0:0:0:0:0:1;classMethod=com.example.lostandfind.controller.LafController.checkOpenId1;time=2ms;
2019-04-23 02:21:48,782 [http-nio-8080-exec-9] INFO  c.e.lostandfind.aspect.UserAspect 51 - url=http://localhost:8080/manager/oCQY3418OXiAziUyF2pBHNkTdbKY;method=POST;ip=0:0:0:0:0:0:0:1;classMethod=com.example.lostandfind.controller.LafController.doManager;time=2ms;
2019-04-23 02:21:48,844 [http-nio-8080-exec-6] INFO  c.e.lostandfind.aspect.UserAspect 51 - url=http://localhost:8080/getEvaluate;method=GET;ip=0:0:0:0:0:0:0:1;classMethod=com.example.lostandfind.controller.LafController.getEvaluate;time=3ms;
2019-04-23 02:21:48,849 [http-nio-8080-exec-8] INFO  c.e.lostandfind.aspect.UserAspect 51 - url=http://localhost:8080/getPersonComment;method=GET;ip=0:0:0:0:0:0:0:1;classMethod=com.example.lostandfind.controller.LafController.getPersonComment;time=1555957308846ms;
2019-04-23 02:21:48,859 [http-nio-8080-exec-7] INFO  c.e.lostandfind.aspect.UserAspect 51 - url=http://localhost:8080/getPersonInfo;method=GET;ip=0:0:0:0:0:0:0:1;classMethod=com.example.lostandfind.controller.LafController.getPersonInfo;time=3ms;
2019-04-23 02:21:48,875 [http-nio-8080-exec-2] INFO  c.e.lostandfind.aspect.UserAspect 51 - url=http://localhost:8080/getSystemCount;method=GET;ip=0:0:0:0:0:0:0:1;classMethod=com.example.lostandfind.controller.LafController.getSystemCount;time=2ms;
2019-04-23 02:21:48,981 [http-nio-8080-exec-10] INFO  c.e.lostandfind.aspect.UserAspect 51 - url=http://localhost:8080/getPushCount;method=GET;ip=0:0:0:0:0:0:0:1;classMethod=com.example.lostandfind.controller.LafController.getPushCount;time=2ms;
2019-04-23 02:21:52,140 [http-nio-8080-exec-4] INFO  c.e.lostandfind.aspect.UserAspect 51 - url=http://localhost:8080/getValuable;method=GET;ip=0:0:0:0:0:0:0:1;classMethod=com.example.lostandfind.controller.LafController.getValuale;time=7ms;
2019-04-23 02:21:52,204 [http-nio-8080-exec-3] WARN  o.h.h.i.ast.QueryTranslatorImpl 381 - HHH000104: firstResult/maxResults specified with collection fetch; applying in memory!
2019-04-23 02:21:52,211 [http-nio-8080-exec-3] INFO  c.e.lostandfind.aspect.UserAspect 51 - url=http://localhost:8080/service/info;method=GET;ip=0:0:0:0:0:0:0:1;classMethod=com.example.lostandfind.controller.LafController.searchInfo;time=17ms;
2019-04-23 02:22:20,103 [http-nio-8080-exec-1] INFO  c.e.lostandfind.aspect.UserAspect 51 - url=http://localhost:8080/getUserInfo;method=GET;ip=0:0:0:0:0:0:0:1;classMethod=com.example.lostandfind.controller.LafController.getUserInfo;time=371ms;
2019-04-23 02:22:20,147 [http-nio-8080-exec-9] INFO  c.e.lostandfind.aspect.UserAspect 51 - url=http://localhost:8080/token;method=GET;ip=0:0:0:0:0:0:0:1;classMethod=com.example.lostandfind.controller.LafController.makeToken;time=9ms;
2019-04-23 02:22:20,190 [http-nio-8080-exec-6] INFO  c.e.lostandfind.aspect.UserAspect 51 - url=http://localhost:8080/openid1/oCQY3418OXiAziUyF2pBHNkTdbKY;method=GET;ip=0:0:0:0:0:0:0:1;classMethod=com.example.lostandfind.controller.LafController.checkOpenId1;time=2ms;
2019-04-23 02:22:20,220 [http-nio-8080-exec-8] INFO  c.e.lostandfind.aspect.UserAspect 51 - url=http://localhost:8080/manager/oCQY3418OXiAziUyF2pBHNkTdbKY;method=POST;ip=0:0:0:0:0:0:0:1;classMethod=com.example.lostandfind.controller.LafController.doManager;time=2ms;
2019-04-23 02:22:20,267 [http-nio-8080-exec-2] INFO  c.e.lostandfind.aspect.UserAspect 51 - url=http://localhost:8080/getEvaluate;method=GET;ip=0:0:0:0:0:0:0:1;classMethod=com.example.lostandfind.controller.LafController.getEvaluate;time=1ms;
2019-04-23 02:22:20,271 [http-nio-8080-exec-7] INFO  c.e.lostandfind.aspect.UserAspect 51 - url=http://localhost:8080/getPersonComment;method=GET;ip=0:0:0:0:0:0:0:1;classMethod=com.example.lostandfind.controller.LafController.getPersonComment;time=1555957340270ms;
2019-04-23 02:22:20,298 [http-nio-8080-exec-10] INFO  c.e.lostandfind.aspect.UserAspect 51 - url=http://localhost:8080/getPersonInfo;method=GET;ip=0:0:0:0:0:0:0:1;classMethod=com.example.lostandfind.controller.LafController.getPersonInfo;time=2ms;
2019-04-23 02:22:20,300 [http-nio-8080-exec-4] INFO  c.e.lostandfind.aspect.UserAspect 51 - url=http://localhost:8080/getSystemCount;method=GET;ip=0:0:0:0:0:0:0:1;classMethod=com.example.lostandfind.controller.LafController.getSystemCount;time=1555957340298ms;
2019-04-23 02:22:20,420 [http-nio-8080-exec-3] INFO  c.e.lostandfind.aspect.UserAspect 51 - url=http://localhost:8080/getPushCount;method=GET;ip=0:0:0:0:0:0:0:1;classMethod=com.example.lostandfind.controller.LafController.getPushCount;time=3ms;
2019-04-23 02:22:23,261 [http-nio-8080-exec-5] INFO  c.e.lostandfind.aspect.UserAspect 51 - url=http://localhost:8080/getValuable;method=GET;ip=0:0:0:0:0:0:0:1;classMethod=com.example.lostandfind.controller.LafController.getValuale;time=9ms;
2019-04-23 02:22:23,321 [http-nio-8080-exec-1] WARN  o.h.h.i.ast.QueryTranslatorImpl 381 - HHH000104: firstResult/maxResults specified with collection fetch; applying in memory!
2019-04-23 02:22:23,331 [http-nio-8080-exec-1] INFO  c.e.lostandfind.aspect.UserAspect 51 - url=http://localhost:8080/service/info;method=GET;ip=0:0:0:0:0:0:0:1;classMethod=com.example.lostandfind.controller.LafController.searchInfo;time=14ms;
2019-04-23 02:26:52,334 [http-nio-8080-exec-2] INFO  c.e.lostandfind.aspect.UserAspect 51 - url=http://localhost:8080/getUserInfo;method=GET;ip=0:0:0:0:0:0:0:1;classMethod=com.example.lostandfind.controller.LafController.getUserInfo;time=370ms;
2019-04-23 02:26:52,378 [http-nio-8080-exec-7] INFO  c.e.lostandfind.aspect.UserAspect 51 - url=http://localhost:8080/token;method=GET;ip=0:0:0:0:0:0:0:1;classMethod=com.example.lostandfind.controller.LafController.makeToken;time=5ms;
2019-04-23 02:26:52,420 [http-nio-8080-exec-10] INFO  c.e.lostandfind.aspect.UserAspect 51 - url=http://localhost:8080/openid1/oCQY3418OXiAziUyF2pBHNkTdbKY;method=GET;ip=0:0:0:0:0:0:0:1;classMethod=com.example.lostandfind.controller.LafController.checkOpenId1;time=3ms;
2019-04-23 02:26:52,443 [http-nio-8080-exec-4] INFO  c.e.lostandfind.aspect.UserAspect 51 - url=http://localhost:8080/manager/oCQY3418OXiAziUyF2pBHNkTdbKY;method=POST;ip=0:0:0:0:0:0:0:1;classMethod=com.example.lostandfind.controller.LafController.doManager;time=1ms;
2019-04-23 02:26:52,515 [http-nio-8080-exec-5] INFO  c.e.lostandfind.aspect.UserAspect 51 - url=http://localhost:8080/getEvaluate;method=GET;ip=0:0:0:0:0:0:0:1;classMethod=com.example.lostandfind.controller.LafController.getEvaluate;time=4ms;
2019-04-23 02:26:52,525 [http-nio-8080-exec-1] INFO  c.e.lostandfind.aspect.UserAspect 51 - url=http://localhost:8080/getPersonInfo;method=GET;ip=0:0:0:0:0:0:0:1;classMethod=com.example.lostandfind.controller.LafController.getPersonInfo;time=3ms;
2019-04-23 02:26:52,526 [http-nio-8080-exec-3] INFO  c.e.lostandfind.aspect.UserAspect 51 - url=http://localhost:8080/getPersonComment;method=GET;ip=0:0:0:0:0:0:0:1;classMethod=com.example.lostandfind.controller.LafController.getPersonComment;time=1555957612523ms;
2019-04-23 02:26:52,539 [http-nio-8080-exec-9] INFO  c.e.lostandfind.aspect.UserAspect 51 - url=http://localhost:8080/getSystemCount;method=GET;ip=0:0:0:0:0:0:0:1;classMethod=com.example.lostandfind.controller.LafController.getSystemCount;time=2ms;
2019-04-23 02:26:52,607 [http-nio-8080-exec-6] INFO  c.e.lostandfind.aspect.UserAspect 51 - url=http://localhost:8080/getPushCount;method=GET;ip=0:0:0:0:0:0:0:1;classMethod=com.example.lostandfind.controller.LafController.getPushCount;time=4ms;
2019-04-23 02:26:56,170 [http-nio-8080-exec-8] INFO  c.e.lostandfind.aspect.UserAspect 51 - url=http://localhost:8080/getValuable;method=GET;ip=0:0:0:0:0:0:0:1;classMethod=com.example.lostandfind.controller.LafController.getValuale;time=9ms;
2019-04-23 02:26:56,231 [http-nio-8080-exec-2] WARN  o.h.h.i.ast.QueryTranslatorImpl 381 - HHH000104: firstResult/maxResults specified with collection fetch; applying in memory!
2019-04-23 02:26:56,239 [http-nio-8080-exec-2] INFO  c.e.lostandfind.aspect.UserAspect 51 - url=http://localhost:8080/service/info;method=GET;ip=0:0:0:0:0:0:0:1;classMethod=com.example.lostandfind.controller.LafController.searchInfo;time=12ms;
2019-04-23 02:30:57,888 [http-nio-8080-exec-1] INFO  c.e.lostandfind.aspect.UserAspect 51 - url=http://localhost:8080/getUserInfo;method=GET;ip=0:0:0:0:0:0:0:1;classMethod=com.example.lostandfind.controller.LafController.getUserInfo;time=384ms;
2019-04-23 02:30:57,919 [http-nio-8080-exec-3] INFO  c.e.lostandfind.aspect.UserAspect 51 - url=http://localhost:8080/token;method=GET;ip=0:0:0:0:0:0:0:1;classMethod=com.example.lostandfind.controller.LafController.makeToken;time=4ms;
2019-04-23 02:30:57,950 [http-nio-8080-exec-9] INFO  c.e.lostandfind.aspect.UserAspect 51 - url=http://localhost:8080/openid1/oCQY3418OXiAziUyF2pBHNkTdbKY;method=GET;ip=0:0:0:0:0:0:0:1;classMethod=com.example.lostandfind.controller.LafController.checkOpenId1;time=3ms;
2019-04-23 02:30:57,974 [http-nio-8080-exec-6] INFO  c.e.lostandfind.aspect.UserAspect 51 - url=http://localhost:8080/manager/oCQY3418OXiAziUyF2pBHNkTdbKY;method=POST;ip=0:0:0:0:0:0:0:1;classMethod=com.example.lostandfind.controller.LafController.doManager;time=1ms;
2019-04-23 02:30:58,071 [http-nio-8080-exec-2] INFO  c.e.lostandfind.aspect.UserAspect 51 - url=http://localhost:8080/getEvaluate;method=GET;ip=0:0:0:0:0:0:0:1;classMethod=com.example.lostandfind.controller.LafController.getEvaluate;time=2ms;
2019-04-23 02:30:58,091 [http-nio-8080-exec-10] INFO  c.e.lostandfind.aspect.UserAspect 51 - url=http://localhost:8080/getPersonInfo;method=GET;ip=0:0:0:0:0:0:0:1;classMethod=com.example.lostandfind.controller.LafController.getPersonInfo;time=1555957858088ms;
2019-04-23 02:30:58,091 [http-nio-8080-exec-7] INFO  c.e.lostandfind.aspect.UserAspect 51 - url=http://localhost:8080/getSystemCount;method=GET;ip=0:0:0:0:0:0:0:1;classMethod=com.example.lostandfind.controller.LafController.getSystemCount;time=3ms;
2019-04-23 02:30:58,096 [http-nio-8080-exec-8] INFO  c.e.lostandfind.aspect.UserAspect 51 - url=http://localhost:8080/getPersonComment;method=GET;ip=0:0:0:0:0:0:0:1;classMethod=com.example.lostandfind.controller.LafController.getPersonComment;time=1555957858092ms;
2019-04-23 02:30:58,177 [http-nio-8080-exec-4] INFO  c.e.lostandfind.aspect.UserAspect 51 - url=http://localhost:8080/getPushCount;method=GET;ip=0:0:0:0:0:0:0:1;classMethod=com.example.lostandfind.controller.LafController.getPushCount;time=5ms;
2019-04-23 02:31:03,817 [http-nio-8080-exec-5] INFO  c.e.lostandfind.aspect.UserAspect 51 - url=http://localhost:8080/getValuable;method=GET;ip=0:0:0:0:0:0:0:1;classMethod=com.example.lostandfind.controller.LafController.getValuale;time=5ms;
2019-04-23 02:31:03,857 [http-nio-8080-exec-1] WARN  o.h.h.i.ast.QueryTranslatorImpl 381 - HHH000104: firstResult/maxResults specified with collection fetch; applying in memory!
2019-04-23 02:31:03,864 [http-nio-8080-exec-1] INFO  c.e.lostandfind.aspect.UserAspect 51 - url=http://localhost:8080/service/info;method=GET;ip=0:0:0:0:0:0:0:1;classMethod=com.example.lostandfind.controller.LafController.searchInfo;time=10ms;
2019-04-23 02:31:06,311 [http-nio-8080-exec-3] INFO  c.e.lostandfind.aspect.UserAspect 51 - url=http://localhost:8080/getPersonComment;method=GET;ip=0:0:0:0:0:0:0:1;classMethod=com.example.lostandfind.controller.LafController.getPersonComment;time=15ms;
2019-04-23 02:31:06,319 [http-nio-8080-exec-9] INFO  c.e.lostandfind.aspect.UserAspect 51 - url=http://localhost:8080/infoCount;method=GET;ip=0:0:0:0:0:0:0:1;classMethod=com.example.lostandfind.controller.LafController.infoCount;time=6ms;
2019-04-23 02:31:06,556 [http-nio-8080-exec-6] WARN  o.h.h.i.ast.QueryTranslatorImpl 381 - HHH000104: firstResult/maxResults specified with collection fetch; applying in memory!
2019-04-23 02:31:06,563 [http-nio-8080-exec-6] INFO  c.e.lostandfind.aspect.UserAspect 51 - url=http://localhost:8080/msg;method=GET;ip=0:0:0:0:0:0:0:1;classMethod=com.example.lostandfind.controller.LafController.msgList;time=9ms;
2019-04-23 02:31:11,408 [http-nio-8080-exec-2] INFO  c.e.lostandfind.aspect.UserAspect 51 - url=http://localhost:8080/getPersonComment;method=GET;ip=0:0:0:0:0:0:0:1;classMethod=com.example.lostandfind.controller.LafController.getPersonComment;time=29ms;
2019-04-23 02:53:32,489 [Thread-41] INFO  o.s.b.w.s.c.AnnotationConfigServletWebServerApplicationContext 993 - Closing org.springframework.boot.web.servlet.context.AnnotationConfigServletWebServerApplicationContext@58ea606c: startup date [Mon Apr 22 21:53:19 CST 2019]; root of context hierarchy
2019-04-23 02:53:32,641 [Thread-41] INFO  o.s.c.s.DefaultLifecycleProcessor 366 - Stopping beans in phase 2147483647
2019-04-23 02:53:32,709 [Thread-41] INFO  o.s.j.e.a.AnnotationMBeanExporter 451 - Unregistering JMX-exposed beans on shutdown
2019-04-23 02:53:32,714 [Thread-41] INFO  o.s.j.e.a.AnnotationMBeanExporter 185 - Unregistering JMX-exposed beans
2019-04-23 02:53:33,906 [Thread-41] INFO  o.s.o.j.LocalContainerEntityManagerFactoryBean 597 - Closing JPA EntityManagerFactory for persistence unit 'default'
2019-04-23 02:53:33,927 [Thread-41] INFO  com.zaxxer.hikari.HikariDataSource 381 - HikariPool-1 - Shutdown initiated...
2019-04-23 02:53:33,938 [Thread-41] INFO  com.zaxxer.hikari.HikariDataSource 383 - HikariPool-1 - Shutdown completed.
