2018-11-23 23:29:43,282 [main] INFO  c.e.l.LostandfindApplication 50 - Starting LostandfindApplication on zhangcongdeMacBook-Air.local with PID 11999 (/Users/zhangcong/IdeaProjects/lostandfind/target/classes started by zhangcong in /Users/zhangcong/IdeaProjects/lostandfind)
2018-11-23 23:29:43,332 [main] INFO  c.e.l.LostandfindApplication 662 - No active profile set, falling back to default profiles: default
2018-11-23 23:29:43,651 [main] INFO  o.s.b.w.s.c.AnnotationConfigServletWebServerApplicationContext 590 - Refreshing org.springframework.boot.web.servlet.context.AnnotationConfigServletWebServerApplicationContext@2e377400: startup date [Fri Nov 23 23:29:43 CST 2018]; root of context hierarchy
2018-11-23 23:29:47,344 [main] INFO  o.s.d.r.c.RepositoryConfigurationDelegate 163 - Multiple Spring Data modules found, entering strict repository configuration mode!
2018-11-23 23:29:47,580 [main] INFO  o.s.d.r.c.RepositoryConfigurationDelegate 163 - Multiple Spring Data modules found, entering strict repository configuration mode!
2018-11-23 23:29:47,617 [main] INFO  o.s.d.r.c.RepositoryConfigurationExtensionSupport 297 - Spring Data Redis - Could not safely identify store assignment for repository candidate interface com.example.lostandfind.repository.FinishRespository.
2018-11-23 23:29:47,621 [main] INFO  o.s.d.r.c.RepositoryConfigurationExtensionSupport 297 - Spring Data Redis - Could not safely identify store assignment for repository candidate interface com.example.lostandfind.repository.HistoryRepository.
2018-11-23 23:29:47,625 [main] INFO  o.s.d.r.c.RepositoryConfigurationExtensionSupport 297 - Spring Data Redis - Could not safely identify store assignment for repository candidate interface com.example.lostandfind.repository.InfoRepository.
2018-11-23 23:29:47,627 [main] INFO  o.s.d.r.c.RepositoryConfigurationExtensionSupport 297 - Spring Data Redis - Could not safely identify store assignment for repository candidate interface com.example.lostandfind.repository.ManageRepository.
2018-11-23 23:29:47,628 [main] INFO  o.s.d.r.c.RepositoryConfigurationExtensionSupport 297 - Spring Data Redis - Could not safely identify store assignment for repository candidate interface com.example.lostandfind.repository.SuggestRepository.
2018-11-23 23:29:47,629 [main] INFO  o.s.d.r.c.RepositoryConfigurationExtensionSupport 297 - Spring Data Redis - Could not safely identify store assignment for repository candidate interface com.example.lostandfind.repository.UserRepository.
2018-11-23 23:29:48,925 [main] INFO  o.s.c.s.PostProcessorRegistrationDelegate$BeanPostProcessorChecker 326 - Bean 'org.springframework.transaction.annotation.ProxyTransactionManagementConfiguration' of type [org.springframework.transaction.annotation.ProxyTransactionManagementConfiguration$$EnhancerBySpringCGLIB$$4f4e7b74] is not eligible for getting processed by all BeanPostProcessors (for example: not eligible for auto-proxying)
2018-11-23 23:29:49,344 [main] INFO  o.s.c.s.PostProcessorRegistrationDelegate$BeanPostProcessorChecker 326 - Bean 'redisConfig' of type [com.example.lostandfind.redis.RedisConfig$$EnhancerBySpringCGLIB$$c9a20e10] is not eligible for getting processed by all BeanPostProcessors (for example: not eligible for auto-proxying)
2018-11-23 23:29:50,233 [main] INFO  o.s.b.w.e.tomcat.TomcatWebServer 91 - Tomcat initialized with port(s): 8080 (http)
2018-11-23 23:29:50,265 [main] INFO  o.a.coyote.http11.Http11NioProtocol 180 - Initializing ProtocolHandler ["http-nio-8080"]
2018-11-23 23:29:50,283 [main] INFO  o.a.catalina.core.StandardService 180 - Starting service [Tomcat]
2018-11-23 23:29:50,283 [main] INFO  o.a.catalina.core.StandardEngine 180 - Starting Servlet Engine: Apache Tomcat/8.5.32
2018-11-23 23:29:50,290 [localhost-startStop-1] INFO  o.a.c.core.AprLifecycleListener 180 - The APR based Apache Tomcat Native library which allows optimal performance in production environments was not found on the java.library.path: [/Users/zhangcong/Library/Java/Extensions:/Library/Java/Extensions:/Network/Library/Java/Extensions:/System/Library/Java/Extensions:/usr/lib/java:.]
2018-11-23 23:29:50,510 [localhost-startStop-1] INFO  o.a.c.c.C.[Tomcat].[localhost].[/] 180 - Initializing Spring embedded WebApplicationContext
2018-11-23 23:29:50,511 [localhost-startStop-1] INFO  o.s.web.context.ContextLoader 285 - Root WebApplicationContext: initialization completed in 6861 ms
2018-11-23 23:29:50,798 [localhost-startStop-1] INFO  o.s.b.w.s.ServletRegistrationBean 187 - Servlet dispatcherServlet mapped to [/]
2018-11-23 23:29:50,805 [localhost-startStop-1] INFO  o.s.b.w.s.FilterRegistrationBean 245 - Mapping filter: 'characterEncodingFilter' to: [/*]
2018-11-23 23:29:50,806 [localhost-startStop-1] INFO  o.s.b.w.s.FilterRegistrationBean 245 - Mapping filter: 'hiddenHttpMethodFilter' to: [/*]
2018-11-23 23:29:50,806 [localhost-startStop-1] INFO  o.s.b.w.s.FilterRegistrationBean 245 - Mapping filter: 'httpPutFormContentFilter' to: [/*]
2018-11-23 23:29:50,806 [localhost-startStop-1] INFO  o.s.b.w.s.FilterRegistrationBean 245 - Mapping filter: 'requestContextFilter' to: [/*]
2018-11-23 23:29:51,129 [main] INFO  com.zaxxer.hikari.HikariDataSource 110 - HikariPool-1 - Starting...
2018-11-23 23:29:51,513 [main] INFO  com.zaxxer.hikari.HikariDataSource 123 - HikariPool-1 - Start completed.
2018-11-23 23:29:51,583 [main] INFO  o.s.o.j.LocalContainerEntityManagerFactoryBean 361 - Building JPA container EntityManagerFactory for persistence unit 'default'
2018-11-23 23:29:51,605 [main] INFO  o.h.jpa.internal.util.LogHelper 31 - HHH000204: Processing PersistenceUnitInfo [
	name: default
	...]
2018-11-23 23:29:51,826 [main] INFO  org.hibernate.Version 45 - HHH000412: Hibernate Core {5.2.17.Final}
2018-11-23 23:29:51,828 [main] INFO  org.hibernate.cfg.Environment 213 - HHH000206: hibernate.properties not found
2018-11-23 23:29:51,930 [main] INFO  o.h.annotations.common.Version 66 - HCANN000001: Hibernate Commons Annotations {5.0.1.Final}
2018-11-23 23:29:52,249 [main] INFO  org.hibernate.dialect.Dialect 157 - HHH000400: Using dialect: org.hibernate.dialect.MySQL5Dialect
2018-11-23 23:29:53,640 [main] INFO  o.h.h.i.QueryTranslatorFactoryInitiator 47 - HHH000397: Using ASTQueryTranslatorFactory
2018-11-23 23:29:53,841 [main] INFO  o.s.o.j.LocalContainerEntityManagerFactoryBean 415 - Initialized JPA EntityManagerFactory for persistence unit 'default'
2018-11-23 23:29:55,828 [main] WARN  o.s.b.w.s.c.AnnotationConfigServletWebServerApplicationContext 558 - Exception encountered during context initialization - cancelling refresh attempt: org.springframework.beans.factory.UnsatisfiedDependencyException: Error creating bean with name 'lafController': Unsatisfied dependency expressed through field 'redisTemplate'; nested exception is org.springframework.beans.factory.BeanCreationException: Error creating bean with name 'RedisTemplate' defined in class path resource [com/example/lostandfind/redis/RedisConfig.class]: Invocation of init method failed; nested exception is java.lang.IllegalStateException: RedisConnectionFactory is required
2018-11-23 23:29:55,845 [main] INFO  o.s.o.j.LocalContainerEntityManagerFactoryBean 597 - Closing JPA EntityManagerFactory for persistence unit 'default'
2018-11-23 23:29:55,846 [main] INFO  com.zaxxer.hikari.HikariDataSource 381 - HikariPool-1 - Shutdown initiated...
2018-11-23 23:29:55,854 [main] INFO  com.zaxxer.hikari.HikariDataSource 383 - HikariPool-1 - Shutdown completed.
2018-11-23 23:29:55,856 [main] INFO  o.a.catalina.core.StandardService 180 - Stopping service [Tomcat]
2018-11-23 23:29:55,885 [main] INFO  o.s.b.a.l.ConditionEvaluationReportLoggingListener 101 - 

Error starting ApplicationContext. To display the conditions report re-run your application with 'debug' enabled.
2018-11-23 23:32:31,582 [main] INFO  c.e.l.LostandfindApplication 50 - Starting LostandfindApplication on zhangcongdeMacBook-Air.local with PID 12027 (/Users/zhangcong/IdeaProjects/lostandfind/target/classes started by zhangcong in /Users/zhangcong/IdeaProjects/lostandfind)
2018-11-23 23:32:31,590 [main] INFO  c.e.l.LostandfindApplication 662 - No active profile set, falling back to default profiles: default
2018-11-23 23:32:31,869 [main] INFO  o.s.b.w.s.c.AnnotationConfigServletWebServerApplicationContext 590 - Refreshing org.springframework.boot.web.servlet.context.AnnotationConfigServletWebServerApplicationContext@1190200a: startup date [Fri Nov 23 23:32:31 CST 2018]; root of context hierarchy
2018-11-23 23:32:33,506 [main] INFO  o.s.d.r.c.RepositoryConfigurationDelegate 163 - Multiple Spring Data modules found, entering strict repository configuration mode!
2018-11-23 23:32:33,642 [main] INFO  o.s.d.r.c.RepositoryConfigurationDelegate 163 - Multiple Spring Data modules found, entering strict repository configuration mode!
2018-11-23 23:32:33,667 [main] INFO  o.s.d.r.c.RepositoryConfigurationExtensionSupport 297 - Spring Data Redis - Could not safely identify store assignment for repository candidate interface com.example.lostandfind.repository.FinishRespository.
2018-11-23 23:32:33,670 [main] INFO  o.s.d.r.c.RepositoryConfigurationExtensionSupport 297 - Spring Data Redis - Could not safely identify store assignment for repository candidate interface com.example.lostandfind.repository.HistoryRepository.
2018-11-23 23:32:33,674 [main] INFO  o.s.d.r.c.RepositoryConfigurationExtensionSupport 297 - Spring Data Redis - Could not safely identify store assignment for repository candidate interface com.example.lostandfind.repository.InfoRepository.
2018-11-23 23:32:33,676 [main] INFO  o.s.d.r.c.RepositoryConfigurationExtensionSupport 297 - Spring Data Redis - Could not safely identify store assignment for repository candidate interface com.example.lostandfind.repository.ManageRepository.
2018-11-23 23:32:33,679 [main] INFO  o.s.d.r.c.RepositoryConfigurationExtensionSupport 297 - Spring Data Redis - Could not safely identify store assignment for repository candidate interface com.example.lostandfind.repository.SuggestRepository.
2018-11-23 23:32:33,680 [main] INFO  o.s.d.r.c.RepositoryConfigurationExtensionSupport 297 - Spring Data Redis - Could not safely identify store assignment for repository candidate interface com.example.lostandfind.repository.UserRepository.
2018-11-23 23:32:34,312 [main] INFO  o.s.c.s.PostProcessorRegistrationDelegate$BeanPostProcessorChecker 326 - Bean 'org.springframework.transaction.annotation.ProxyTransactionManagementConfiguration' of type [org.springframework.transaction.annotation.ProxyTransactionManagementConfiguration$$EnhancerBySpringCGLIB$$a96de5f1] is not eligible for getting processed by all BeanPostProcessors (for example: not eligible for auto-proxying)
2018-11-23 23:32:34,434 [main] INFO  o.s.c.s.PostProcessorRegistrationDelegate$BeanPostProcessorChecker 326 - Bean 'redisConfig' of type [com.example.lostandfind.redis.RedisConfig$$EnhancerBySpringCGLIB$$23c1788d] is not eligible for getting processed by all BeanPostProcessors (for example: not eligible for auto-proxying)
2018-11-23 23:32:34,978 [main] INFO  o.s.b.w.e.tomcat.TomcatWebServer 91 - Tomcat initialized with port(s): 8080 (http)
2018-11-23 23:32:34,994 [main] INFO  o.a.coyote.http11.Http11NioProtocol 180 - Initializing ProtocolHandler ["http-nio-8080"]
2018-11-23 23:32:35,008 [main] INFO  o.a.catalina.core.StandardService 180 - Starting service [Tomcat]
2018-11-23 23:32:35,008 [main] INFO  o.a.catalina.core.StandardEngine 180 - Starting Servlet Engine: Apache Tomcat/8.5.32
2018-11-23 23:32:35,014 [localhost-startStop-1] INFO  o.a.c.core.AprLifecycleListener 180 - The APR based Apache Tomcat Native library which allows optimal performance in production environments was not found on the java.library.path: [/Users/zhangcong/Library/Java/Extensions:/Library/Java/Extensions:/Network/Library/Java/Extensions:/System/Library/Java/Extensions:/usr/lib/java:.]
2018-11-23 23:32:35,120 [localhost-startStop-1] INFO  o.a.c.c.C.[Tomcat].[localhost].[/] 180 - Initializing Spring embedded WebApplicationContext
2018-11-23 23:32:35,120 [localhost-startStop-1] INFO  o.s.web.context.ContextLoader 285 - Root WebApplicationContext: initialization completed in 3251 ms
2018-11-23 23:32:35,378 [localhost-startStop-1] INFO  o.s.b.w.s.ServletRegistrationBean 187 - Servlet dispatcherServlet mapped to [/]
2018-11-23 23:32:35,385 [localhost-startStop-1] INFO  o.s.b.w.s.FilterRegistrationBean 245 - Mapping filter: 'characterEncodingFilter' to: [/*]
2018-11-23 23:32:35,385 [localhost-startStop-1] INFO  o.s.b.w.s.FilterRegistrationBean 245 - Mapping filter: 'hiddenHttpMethodFilter' to: [/*]
2018-11-23 23:32:35,385 [localhost-startStop-1] INFO  o.s.b.w.s.FilterRegistrationBean 245 - Mapping filter: 'httpPutFormContentFilter' to: [/*]
2018-11-23 23:32:35,386 [localhost-startStop-1] INFO  o.s.b.w.s.FilterRegistrationBean 245 - Mapping filter: 'requestContextFilter' to: [/*]
2018-11-23 23:32:35,586 [main] INFO  com.zaxxer.hikari.HikariDataSource 110 - HikariPool-1 - Starting...
2018-11-23 23:32:35,817 [main] INFO  com.zaxxer.hikari.HikariDataSource 123 - HikariPool-1 - Start completed.
2018-11-23 23:32:35,867 [main] INFO  o.s.o.j.LocalContainerEntityManagerFactoryBean 361 - Building JPA container EntityManagerFactory for persistence unit 'default'
2018-11-23 23:32:35,881 [main] INFO  o.h.jpa.internal.util.LogHelper 31 - HHH000204: Processing PersistenceUnitInfo [
	name: default
	...]
2018-11-23 23:32:35,968 [main] INFO  org.hibernate.Version 45 - HHH000412: Hibernate Core {5.2.17.Final}
2018-11-23 23:32:35,971 [main] INFO  org.hibernate.cfg.Environment 213 - HHH000206: hibernate.properties not found
2018-11-23 23:32:36,006 [main] INFO  o.h.annotations.common.Version 66 - HCANN000001: Hibernate Commons Annotations {5.0.1.Final}
2018-11-23 23:32:36,136 [main] INFO  org.hibernate.dialect.Dialect 157 - HHH000400: Using dialect: org.hibernate.dialect.MySQL5Dialect
2018-11-23 23:32:36,914 [main] INFO  o.h.h.i.QueryTranslatorFactoryInitiator 47 - HHH000397: Using ASTQueryTranslatorFactory
2018-11-23 23:32:37,018 [main] INFO  o.s.o.j.LocalContainerEntityManagerFactoryBean 415 - Initialized JPA EntityManagerFactory for persistence unit 'default'
2018-11-23 23:32:38,206 [main] WARN  o.s.b.w.s.c.AnnotationConfigServletWebServerApplicationContext 558 - Exception encountered during context initialization - cancelling refresh attempt: org.springframework.beans.factory.UnsatisfiedDependencyException: Error creating bean with name 'lafController': Unsatisfied dependency expressed through field 'redisTemplate'; nested exception is org.springframework.beans.factory.BeanCreationException: Error creating bean with name 'redisTemplate' defined in class path resource [com/example/lostandfind/redis/RedisConfig.class]: Invocation of init method failed; nested exception is java.lang.IllegalStateException: RedisConnectionFactory is required
2018-11-23 23:32:38,231 [main] INFO  o.s.o.j.LocalContainerEntityManagerFactoryBean 597 - Closing JPA EntityManagerFactory for persistence unit 'default'
2018-11-23 23:32:38,233 [main] INFO  com.zaxxer.hikari.HikariDataSource 381 - HikariPool-1 - Shutdown initiated...
2018-11-23 23:32:38,254 [main] INFO  com.zaxxer.hikari.HikariDataSource 383 - HikariPool-1 - Shutdown completed.
2018-11-23 23:32:38,257 [main] INFO  o.a.catalina.core.StandardService 180 - Stopping service [Tomcat]
2018-11-23 23:32:38,278 [main] INFO  o.s.b.a.l.ConditionEvaluationReportLoggingListener 101 - 

Error starting ApplicationContext. To display the conditions report re-run your application with 'debug' enabled.
2018-11-23 23:38:07,214 [main] INFO  c.e.l.LostandfindApplication 50 - Starting LostandfindApplication on zhangcongdeMacBook-Air.local with PID 12077 (/Users/zhangcong/IdeaProjects/lostandfind/target/classes started by zhangcong in /Users/zhangcong/IdeaProjects/lostandfind)
2018-11-23 23:38:07,239 [main] INFO  c.e.l.LostandfindApplication 662 - No active profile set, falling back to default profiles: default
2018-11-23 23:38:07,379 [main] INFO  o.s.b.w.s.c.AnnotationConfigServletWebServerApplicationContext 590 - Refreshing org.springframework.boot.web.servlet.context.AnnotationConfigServletWebServerApplicationContext@7494f96a: startup date [Fri Nov 23 23:38:07 CST 2018]; root of context hierarchy
2018-11-23 23:38:09,588 [main] INFO  o.s.d.r.c.RepositoryConfigurationDelegate 163 - Multiple Spring Data modules found, entering strict repository configuration mode!
2018-11-23 23:38:09,744 [main] INFO  o.s.d.r.c.RepositoryConfigurationDelegate 163 - Multiple Spring Data modules found, entering strict repository configuration mode!
2018-11-23 23:38:09,781 [main] INFO  o.s.d.r.c.RepositoryConfigurationExtensionSupport 297 - Spring Data Redis - Could not safely identify store assignment for repository candidate interface com.example.lostandfind.repository.FinishRespository.
2018-11-23 23:38:09,784 [main] INFO  o.s.d.r.c.RepositoryConfigurationExtensionSupport 297 - Spring Data Redis - Could not safely identify store assignment for repository candidate interface com.example.lostandfind.repository.HistoryRepository.
2018-11-23 23:38:09,791 [main] INFO  o.s.d.r.c.RepositoryConfigurationExtensionSupport 297 - Spring Data Redis - Could not safely identify store assignment for repository candidate interface com.example.lostandfind.repository.InfoRepository.
2018-11-23 23:38:09,792 [main] INFO  o.s.d.r.c.RepositoryConfigurationExtensionSupport 297 - Spring Data Redis - Could not safely identify store assignment for repository candidate interface com.example.lostandfind.repository.ManageRepository.
2018-11-23 23:38:09,793 [main] INFO  o.s.d.r.c.RepositoryConfigurationExtensionSupport 297 - Spring Data Redis - Could not safely identify store assignment for repository candidate interface com.example.lostandfind.repository.SuggestRepository.
2018-11-23 23:38:09,794 [main] INFO  o.s.d.r.c.RepositoryConfigurationExtensionSupport 297 - Spring Data Redis - Could not safely identify store assignment for repository candidate interface com.example.lostandfind.repository.UserRepository.
2018-11-23 23:38:10,728 [main] INFO  o.s.c.s.PostProcessorRegistrationDelegate$BeanPostProcessorChecker 326 - Bean 'org.springframework.transaction.annotation.ProxyTransactionManagementConfiguration' of type [org.springframework.transaction.annotation.ProxyTransactionManagementConfiguration$$EnhancerBySpringCGLIB$$ddb1195d] is not eligible for getting processed by all BeanPostProcessors (for example: not eligible for auto-proxying)
2018-11-23 23:38:10,973 [main] INFO  o.s.c.s.PostProcessorRegistrationDelegate$BeanPostProcessorChecker 326 - Bean 'redisConfig' of type [com.example.lostandfind.redis.RedisConfig$$EnhancerBySpringCGLIB$$5804abf9] is not eligible for getting processed by all BeanPostProcessors (for example: not eligible for auto-proxying)
2018-11-23 23:38:11,819 [main] INFO  o.s.b.w.e.tomcat.TomcatWebServer 91 - Tomcat initialized with port(s): 8080 (http)
2018-11-23 23:38:11,862 [main] INFO  o.a.coyote.http11.Http11NioProtocol 180 - Initializing ProtocolHandler ["http-nio-8080"]
2018-11-23 23:38:11,893 [main] INFO  o.a.catalina.core.StandardService 180 - Starting service [Tomcat]
2018-11-23 23:38:11,893 [main] INFO  o.a.catalina.core.StandardEngine 180 - Starting Servlet Engine: Apache Tomcat/8.5.32
2018-11-23 23:38:11,900 [localhost-startStop-1] INFO  o.a.c.core.AprLifecycleListener 180 - The APR based Apache Tomcat Native library which allows optimal performance in production environments was not found on the java.library.path: [/Users/zhangcong/Library/Java/Extensions:/Library/Java/Extensions:/Network/Library/Java/Extensions:/System/Library/Java/Extensions:/usr/lib/java:.]
2018-11-23 23:38:12,226 [localhost-startStop-1] INFO  o.a.c.c.C.[Tomcat].[localhost].[/] 180 - Initializing Spring embedded WebApplicationContext
2018-11-23 23:38:12,227 [localhost-startStop-1] INFO  o.s.web.context.ContextLoader 285 - Root WebApplicationContext: initialization completed in 4848 ms
2018-11-23 23:38:12,567 [localhost-startStop-1] INFO  o.s.b.w.s.ServletRegistrationBean 187 - Servlet dispatcherServlet mapped to [/]
2018-11-23 23:38:12,575 [localhost-startStop-1] INFO  o.s.b.w.s.FilterRegistrationBean 245 - Mapping filter: 'characterEncodingFilter' to: [/*]
2018-11-23 23:38:12,575 [localhost-startStop-1] INFO  o.s.b.w.s.FilterRegistrationBean 245 - Mapping filter: 'hiddenHttpMethodFilter' to: [/*]
2018-11-23 23:38:12,575 [localhost-startStop-1] INFO  o.s.b.w.s.FilterRegistrationBean 245 - Mapping filter: 'httpPutFormContentFilter' to: [/*]
2018-11-23 23:38:12,576 [localhost-startStop-1] INFO  o.s.b.w.s.FilterRegistrationBean 245 - Mapping filter: 'requestContextFilter' to: [/*]
2018-11-23 23:38:12,925 [main] INFO  com.zaxxer.hikari.HikariDataSource 110 - HikariPool-1 - Starting...
2018-11-23 23:38:13,273 [main] INFO  com.zaxxer.hikari.HikariDataSource 123 - HikariPool-1 - Start completed.
2018-11-23 23:38:13,341 [main] INFO  o.s.o.j.LocalContainerEntityManagerFactoryBean 361 - Building JPA container EntityManagerFactory for persistence unit 'default'
2018-11-23 23:38:13,358 [main] INFO  o.h.jpa.internal.util.LogHelper 31 - HHH000204: Processing PersistenceUnitInfo [
	name: default
	...]
2018-11-23 23:38:13,482 [main] INFO  org.hibernate.Version 45 - HHH000412: Hibernate Core {5.2.17.Final}
2018-11-23 23:38:13,485 [main] INFO  org.hibernate.cfg.Environment 213 - HHH000206: hibernate.properties not found
2018-11-23 23:38:13,559 [main] INFO  o.h.annotations.common.Version 66 - HCANN000001: Hibernate Commons Annotations {5.0.1.Final}
2018-11-23 23:38:13,781 [main] INFO  org.hibernate.dialect.Dialect 157 - HHH000400: Using dialect: org.hibernate.dialect.MySQL5Dialect
2018-11-23 23:38:14,521 [main] INFO  o.h.h.i.QueryTranslatorFactoryInitiator 47 - HHH000397: Using ASTQueryTranslatorFactory
2018-11-23 23:38:14,626 [main] INFO  o.s.o.j.LocalContainerEntityManagerFactoryBean 415 - Initialized JPA EntityManagerFactory for persistence unit 'default'
2018-11-23 23:38:16,487 [main] WARN  o.s.b.w.s.c.AnnotationConfigServletWebServerApplicationContext 558 - Exception encountered during context initialization - cancelling refresh attempt: org.springframework.beans.factory.UnsatisfiedDependencyException: Error creating bean with name 'lafController': Unsatisfied dependency expressed through field 'redisTemplate'; nested exception is org.springframework.beans.factory.NoSuchBeanDefinitionException: No qualifying bean of type 'org.springframework.data.redis.core.RedisTemplate<java.lang.String, com.example.lostandfind.mysql.InfoMysql>' available: expected at least 1 bean which qualifies as autowire candidate. Dependency annotations: {@org.springframework.beans.factory.annotation.Autowired(required=true)}
2018-11-23 23:38:16,501 [main] INFO  o.s.o.j.LocalContainerEntityManagerFactoryBean 597 - Closing JPA EntityManagerFactory for persistence unit 'default'
2018-11-23 23:38:16,501 [main] INFO  com.zaxxer.hikari.HikariDataSource 381 - HikariPool-1 - Shutdown initiated...
2018-11-23 23:38:16,509 [main] INFO  com.zaxxer.hikari.HikariDataSource 383 - HikariPool-1 - Shutdown completed.
2018-11-23 23:38:16,511 [main] INFO  o.a.catalina.core.StandardService 180 - Stopping service [Tomcat]
2018-11-23 23:38:16,531 [main] INFO  o.s.b.a.l.ConditionEvaluationReportLoggingListener 101 - 

Error starting ApplicationContext. To display the conditions report re-run your application with 'debug' enabled.
2018-11-23 23:39:58,314 [main] INFO  c.e.l.LostandfindApplication 50 - Starting LostandfindApplication on zhangcongdeMacBook-Air.local with PID 12093 (/Users/zhangcong/IdeaProjects/lostandfind/target/classes started by zhangcong in /Users/zhangcong/IdeaProjects/lostandfind)
2018-11-23 23:39:58,355 [main] INFO  c.e.l.LostandfindApplication 662 - No active profile set, falling back to default profiles: default
2018-11-23 23:39:58,586 [main] INFO  o.s.b.w.s.c.AnnotationConfigServletWebServerApplicationContext 590 - Refreshing org.springframework.boot.web.servlet.context.AnnotationConfigServletWebServerApplicationContext@1190200a: startup date [Fri Nov 23 23:39:58 CST 2018]; root of context hierarchy
2018-11-23 23:40:00,877 [main] INFO  o.s.d.r.c.RepositoryConfigurationDelegate 163 - Multiple Spring Data modules found, entering strict repository configuration mode!
2018-11-23 23:40:01,050 [main] INFO  o.s.d.r.c.RepositoryConfigurationDelegate 163 - Multiple Spring Data modules found, entering strict repository configuration mode!
2018-11-23 23:40:01,104 [main] INFO  o.s.d.r.c.RepositoryConfigurationExtensionSupport 297 - Spring Data Redis - Could not safely identify store assignment for repository candidate interface com.example.lostandfind.repository.FinishRespository.
2018-11-23 23:40:01,107 [main] INFO  o.s.d.r.c.RepositoryConfigurationExtensionSupport 297 - Spring Data Redis - Could not safely identify store assignment for repository candidate interface com.example.lostandfind.repository.HistoryRepository.
2018-11-23 23:40:01,111 [main] INFO  o.s.d.r.c.RepositoryConfigurationExtensionSupport 297 - Spring Data Redis - Could not safely identify store assignment for repository candidate interface com.example.lostandfind.repository.InfoRepository.
2018-11-23 23:40:01,124 [main] INFO  o.s.d.r.c.RepositoryConfigurationExtensionSupport 297 - Spring Data Redis - Could not safely identify store assignment for repository candidate interface com.example.lostandfind.repository.ManageRepository.
2018-11-23 23:40:01,126 [main] INFO  o.s.d.r.c.RepositoryConfigurationExtensionSupport 297 - Spring Data Redis - Could not safely identify store assignment for repository candidate interface com.example.lostandfind.repository.SuggestRepository.
2018-11-23 23:40:01,127 [main] INFO  o.s.d.r.c.RepositoryConfigurationExtensionSupport 297 - Spring Data Redis - Could not safely identify store assignment for repository candidate interface com.example.lostandfind.repository.UserRepository.
2018-11-23 23:40:02,231 [main] INFO  o.s.c.s.PostProcessorRegistrationDelegate$BeanPostProcessorChecker 326 - Bean 'org.springframework.transaction.annotation.ProxyTransactionManagementConfiguration' of type [org.springframework.transaction.annotation.ProxyTransactionManagementConfiguration$$EnhancerBySpringCGLIB$$dc898557] is not eligible for getting processed by all BeanPostProcessors (for example: not eligible for auto-proxying)
2018-11-23 23:40:02,434 [main] INFO  o.s.c.s.PostProcessorRegistrationDelegate$BeanPostProcessorChecker 326 - Bean 'redisConfig' of type [com.example.lostandfind.redis.RedisConfig$$EnhancerBySpringCGLIB$$56dd17f3] is not eligible for getting processed by all BeanPostProcessors (for example: not eligible for auto-proxying)
2018-11-23 23:40:03,136 [main] INFO  o.s.b.w.e.tomcat.TomcatWebServer 91 - Tomcat initialized with port(s): 8080 (http)
2018-11-23 23:40:03,152 [main] INFO  o.a.coyote.http11.Http11NioProtocol 180 - Initializing ProtocolHandler ["http-nio-8080"]
2018-11-23 23:40:03,171 [main] INFO  o.a.catalina.core.StandardService 180 - Starting service [Tomcat]
2018-11-23 23:40:03,172 [main] INFO  o.a.catalina.core.StandardEngine 180 - Starting Servlet Engine: Apache Tomcat/8.5.32
2018-11-23 23:40:03,181 [localhost-startStop-1] INFO  o.a.c.core.AprLifecycleListener 180 - The APR based Apache Tomcat Native library which allows optimal performance in production environments was not found on the java.library.path: [/Users/zhangcong/Library/Java/Extensions:/Library/Java/Extensions:/Network/Library/Java/Extensions:/System/Library/Java/Extensions:/usr/lib/java:.]
2018-11-23 23:40:03,322 [localhost-startStop-1] INFO  o.a.c.c.C.[Tomcat].[localhost].[/] 180 - Initializing Spring embedded WebApplicationContext
2018-11-23 23:40:03,322 [localhost-startStop-1] INFO  o.s.web.context.ContextLoader 285 - Root WebApplicationContext: initialization completed in 4736 ms
2018-11-23 23:40:03,601 [localhost-startStop-1] INFO  o.s.b.w.s.ServletRegistrationBean 187 - Servlet dispatcherServlet mapped to [/]
2018-11-23 23:40:03,608 [localhost-startStop-1] INFO  o.s.b.w.s.FilterRegistrationBean 245 - Mapping filter: 'characterEncodingFilter' to: [/*]
2018-11-23 23:40:03,609 [localhost-startStop-1] INFO  o.s.b.w.s.FilterRegistrationBean 245 - Mapping filter: 'hiddenHttpMethodFilter' to: [/*]
2018-11-23 23:40:03,610 [localhost-startStop-1] INFO  o.s.b.w.s.FilterRegistrationBean 245 - Mapping filter: 'httpPutFormContentFilter' to: [/*]
2018-11-23 23:40:03,610 [localhost-startStop-1] INFO  o.s.b.w.s.FilterRegistrationBean 245 - Mapping filter: 'requestContextFilter' to: [/*]
2018-11-23 23:40:03,849 [main] INFO  com.zaxxer.hikari.HikariDataSource 110 - HikariPool-1 - Starting...
2018-11-23 23:40:04,096 [main] INFO  com.zaxxer.hikari.HikariDataSource 123 - HikariPool-1 - Start completed.
2018-11-23 23:40:04,144 [main] INFO  o.s.o.j.LocalContainerEntityManagerFactoryBean 361 - Building JPA container EntityManagerFactory for persistence unit 'default'
2018-11-23 23:40:04,160 [main] INFO  o.h.jpa.internal.util.LogHelper 31 - HHH000204: Processing PersistenceUnitInfo [
	name: default
	...]
2018-11-23 23:40:04,254 [main] INFO  org.hibernate.Version 45 - HHH000412: Hibernate Core {5.2.17.Final}
2018-11-23 23:40:04,257 [main] INFO  org.hibernate.cfg.Environment 213 - HHH000206: hibernate.properties not found
2018-11-23 23:40:04,299 [main] INFO  o.h.annotations.common.Version 66 - HCANN000001: Hibernate Commons Annotations {5.0.1.Final}
2018-11-23 23:40:04,462 [main] INFO  org.hibernate.dialect.Dialect 157 - HHH000400: Using dialect: org.hibernate.dialect.MySQL5Dialect
2018-11-23 23:40:05,212 [main] INFO  o.h.h.i.QueryTranslatorFactoryInitiator 47 - HHH000397: Using ASTQueryTranslatorFactory
2018-11-23 23:40:05,293 [main] INFO  o.s.o.j.LocalContainerEntityManagerFactoryBean 415 - Initialized JPA EntityManagerFactory for persistence unit 'default'
2018-11-23 23:40:06,812 [main] INFO  o.s.w.s.h.SimpleUrlHandlerMapping 373 - Mapped URL path [/**/favicon.ico] onto handler of type [class org.springframework.web.servlet.resource.ResourceHttpRequestHandler]
2018-11-23 23:40:07,263 [main] INFO  o.s.w.s.m.m.a.RequestMappingHandlerAdapter 574 - Looking for @ControllerAdvice: org.springframework.boot.web.servlet.context.AnnotationConfigServletWebServerApplicationContext@1190200a: startup date [Fri Nov 23 23:39:58 CST 2018]; root of context hierarchy
2018-11-23 23:40:07,333 [main] WARN  o.s.b.a.o.j.JpaBaseConfiguration$JpaWebConfiguration$JpaWebMvcConfiguration 235 - spring.jpa.open-in-view is enabled by default. Therefore, database queries may be performed during view rendering. Explicitly configure spring.jpa.open-in-view to disable this warning
2018-11-23 23:40:07,405 [main] INFO  o.s.w.s.m.m.a.RequestMappingHandlerMapping 547 - Mapped "{[/identity],methods=[GET]}" onto public java.lang.Object com.example.lostandfind.controller.LafController.decode(java.lang.String,java.lang.String,java.lang.String)
2018-11-23 23:40:07,407 [main] INFO  o.s.w.s.m.m.a.RequestMappingHandlerMapping 547 - Mapped "{[/getUserInfo],methods=[GET]}" onto public java.lang.Object com.example.lostandfind.controller.LafController.getUserInfo(java.lang.String)
2018-11-23 23:40:07,408 [main] INFO  o.s.w.s.m.m.a.RequestMappingHandlerMapping 547 - Mapped "{[/manager],methods=[GET]}" onto public com.github.pagehelper.Page<com.example.lostandfind.mysql.ManagerMysql> com.example.lostandfind.controller.LafController.getManager()
2018-11-23 23:40:07,409 [main] INFO  o.s.w.s.m.m.a.RequestMappingHandlerMapping 547 - Mapped "{[/user],methods=[POST]}" onto public com.example.lostandfind.domain.Result com.example.lostandfind.controller.LafController.addUser(com.example.lostandfind.mysql.UserMysql)
2018-11-23 23:40:07,410 [main] INFO  o.s.w.s.m.m.a.RequestMappingHandlerMapping 547 - Mapped "{[/User],methods=[POST]}" onto public com.example.lostandfind.domain.Result com.example.lostandfind.controller.LafController.addUser(com.example.lostandfind.mysql.UserMysql,org.springframework.validation.BindingResult)
2018-11-23 23:40:07,411 [main] INFO  o.s.w.s.m.m.a.RequestMappingHandlerMapping 547 - Mapped "{[/search/detele/{openid}],methods=[DELETE]}" onto public com.example.lostandfind.mysql.HistoryMysql com.example.lostandfind.controller.LafController.doDelete(java.lang.String)
2018-11-23 23:40:07,412 [main] INFO  o.s.w.s.m.m.a.RequestMappingHandlerMapping 547 - Mapped "{[/User],methods=[GET]}" onto public java.util.List<com.example.lostandfind.mysql.UserMysql> com.example.lostandfind.controller.LafController.UserList()
2018-11-23 23:40:07,413 [main] INFO  o.s.w.s.m.m.a.RequestMappingHandlerMapping 547 - Mapped "{[/openid/{openid}],methods=[GET]}" onto public boolean com.example.lostandfind.controller.LafController.checkOpenId(java.lang.String)
2018-11-23 23:40:07,415 [main] INFO  o.s.w.s.m.m.a.RequestMappingHandlerMapping 547 - Mapped "{[/openid1/{openid}],methods=[GET]}" onto public java.util.List<com.example.lostandfind.mysql.UserMysql> com.example.lostandfind.controller.LafController.checkOpenId1(java.lang.String)
2018-11-23 23:40:07,416 [main] INFO  o.s.w.s.m.m.a.RequestMappingHandlerMapping 547 - Mapped "{[/valuable],methods=[GET]}" onto public java.util.List<com.example.lostandfind.mysql.InfoMysql> com.example.lostandfind.controller.LafController.searchValuableInfo(boolean)
2018-11-23 23:40:07,417 [main] INFO  o.s.w.s.m.m.a.RequestMappingHandlerMapping 547 - Mapped "{[/service/info],methods=[GET]}" onto public java.util.List<com.example.lostandfind.mysql.InfoMysql> com.example.lostandfind.controller.LafController.searchInfo(boolean,int)
2018-11-23 23:40:07,418 [main] INFO  o.s.w.s.m.m.a.RequestMappingHandlerMapping 547 - Mapped "{[/msg],methods=[POST]}" onto public com.example.lostandfind.domain.Result com.example.lostandfind.controller.LafController.addMsg(com.example.lostandfind.mysql.InfoMysql) throws java.lang.Exception
2018-11-23 23:40:07,418 [main] INFO  o.s.w.s.m.m.a.RequestMappingHandlerMapping 547 - Mapped "{[/msg],methods=[GET]}" onto public java.util.List<com.example.lostandfind.mysql.InfoMysql> com.example.lostandfind.controller.LafController.msgList()
2018-11-23 23:40:07,420 [main] INFO  o.s.w.s.m.m.a.RequestMappingHandlerMapping 547 - Mapped "{[/uploadImage],methods=[POST]}" onto public java.lang.String com.example.lostandfind.controller.LafController.uploadPicture(org.springframework.web.multipart.MultipartFile,int,int,java.lang.String) throws java.lang.Exception
2018-11-23 23:40:07,421 [main] INFO  o.s.w.s.m.m.a.RequestMappingHandlerMapping 547 - Mapped "{[/confirm/{id}],methods=[PUT]}" onto public com.example.lostandfind.mysql.InfoMysql com.example.lostandfind.controller.LafController.doConfirm(java.lang.Integer,com.example.lostandfind.service.ConfirmService)
2018-11-23 23:40:07,421 [main] INFO  o.s.w.s.m.m.a.RequestMappingHandlerMapping 547 - Mapped "{[/manager/{openid}],methods=[POST]}" onto public java.lang.Boolean com.example.lostandfind.controller.LafController.doManager(java.lang.String)
2018-11-23 23:40:07,422 [main] INFO  o.s.w.s.m.m.a.RequestMappingHandlerMapping 547 - Mapped "{[/check/{id}],methods=[PUT]}" onto public java.lang.String com.example.lostandfind.controller.LafController.doCheck(java.lang.Integer,com.example.lostandfind.service.ConfirmService)
2018-11-23 23:40:07,423 [main] INFO  o.s.w.s.m.m.a.RequestMappingHandlerMapping 547 - Mapped "{[/finish/{id}],methods=[DELETE]}" onto public java.lang.String com.example.lostandfind.controller.LafController.doFinish(java.lang.Integer)
2018-11-23 23:40:07,424 [main] INFO  o.s.w.s.m.m.a.RequestMappingHandlerMapping 547 - Mapped "{[/search/{index}/{string}/{count}],methods=[GET]}" onto public java.util.List<com.example.lostandfind.mysql.InfoMysql> com.example.lostandfind.controller.LafController.doSearch(java.lang.String,java.lang.Integer,java.lang.Integer) throws java.lang.Exception
2018-11-23 23:40:07,424 [main] INFO  o.s.w.s.m.m.a.RequestMappingHandlerMapping 547 - Mapped "{[/search/history],methods=[PUT]}" onto public com.example.lostandfind.mysql.HistoryMysql com.example.lostandfind.controller.LafController.doAddHistory(com.example.lostandfind.mysql.HistoryMysql)
2018-11-23 23:40:07,425 [main] INFO  o.s.w.s.m.m.a.RequestMappingHandlerMapping 547 - Mapped "{[/search/history/{openid}],methods=[GET]}" onto public com.example.lostandfind.mysql.HistoryMysql com.example.lostandfind.controller.LafController.doSearchHistory(java.lang.String)
2018-11-23 23:40:07,426 [main] INFO  o.s.w.s.m.m.a.RequestMappingHandlerMapping 547 - Mapped "{[/search/eye],methods=[PUT]}" onto public com.example.lostandfind.mysql.HistoryMysql com.example.lostandfind.controller.LafController.doaChangeEye(com.example.lostandfind.mysql.HistoryMysql)
2018-11-23 23:40:07,427 [main] INFO  o.s.w.s.m.m.a.RequestMappingHandlerMapping 547 - Mapped "{[/token],methods=[GET]}" onto public com.example.lostandfind.service.TokenService com.example.lostandfind.controller.LafController.makeToken(javax.servlet.http.HttpServletRequest)
2018-11-23 23:40:07,427 [main] INFO  o.s.w.s.m.m.a.RequestMappingHandlerMapping 547 - Mapped "{[/suggestion],methods=[POST]}" onto public com.example.lostandfind.mysql.SuggestMysql com.example.lostandfind.controller.LafController.WriteSuggestion(com.example.lostandfind.mysql.SuggestMysql)
2018-11-23 23:40:07,428 [main] INFO  o.s.w.s.m.m.a.RequestMappingHandlerMapping 547 - Mapped "{[/suggestion],methods=[GET]}" onto public java.util.List<com.example.lostandfind.mysql.SuggestMysql> com.example.lostandfind.controller.LafController.GetSuggestion()
2018-11-23 23:40:07,429 [main] INFO  o.s.w.s.m.m.a.RequestMappingHandlerMapping 547 - Mapped "{[/get_access_token],methods=[GET]}" onto public java.lang.Object com.example.lostandfind.controller.LafController.getAccessToken()
2018-11-23 23:40:07,430 [main] INFO  o.s.w.s.m.m.a.RequestMappingHandlerMapping 547 - Mapped "{[/sendTemplateInfo],methods=[GET]}" onto public java.lang.Object com.example.lostandfind.controller.LafController.sendTemplateInfo(java.lang.String,java.lang.String,java.lang.String,java.lang.String,java.lang.String,java.lang.String,int)
2018-11-23 23:40:07,432 [main] INFO  o.s.w.s.m.m.a.RequestMappingHandlerMapping 547 - Mapped "{[/aboutMeNot],methods=[GET]}" onto public java.util.List<com.example.lostandfind.mysql.InfoMysql> com.example.lostandfind.controller.LafController.getNotFinish(java.lang.String)
2018-11-23 23:40:07,433 [main] INFO  o.s.w.s.m.m.a.RequestMappingHandlerMapping 547 - Mapped "{[/aboutMeHas],methods=[GET]}" onto public java.util.List<com.example.lostandfind.mysql.FinishMysql> com.example.lostandfind.controller.LafController.getHasFinish(java.lang.String)
2018-11-23 23:40:07,433 [main] INFO  o.s.w.s.m.m.a.RequestMappingHandlerMapping 547 - Mapped "{[/Card],methods=[GET]}" onto public com.example.lostandfind.mysql.InfoMysql com.example.lostandfind.controller.LafController.getCardInfo(java.lang.String)
2018-11-23 23:40:07,439 [main] INFO  o.s.w.s.m.m.a.RequestMappingHandlerMapping 547 - Mapped "{[/error]}" onto public org.springframework.http.ResponseEntity<java.util.Map<java.lang.String, java.lang.Object>> org.springframework.boot.autoconfigure.web.servlet.error.BasicErrorController.error(javax.servlet.http.HttpServletRequest)
2018-11-23 23:40:07,441 [main] INFO  o.s.w.s.m.m.a.RequestMappingHandlerMapping 547 - Mapped "{[/error],produces=[text/html]}" onto public org.springframework.web.servlet.ModelAndView org.springframework.boot.autoconfigure.web.servlet.error.BasicErrorController.errorHtml(javax.servlet.http.HttpServletRequest,javax.servlet.http.HttpServletResponse)
2018-11-23 23:40:07,843 [main] INFO  o.s.w.s.h.SimpleUrlHandlerMapping 373 - Mapped URL path [/webjars/**] onto handler of type [class org.springframework.web.servlet.resource.ResourceHttpRequestHandler]
2018-11-23 23:40:07,843 [main] INFO  o.s.w.s.h.SimpleUrlHandlerMapping 373 - Mapped URL path [/**] onto handler of type [class org.springframework.web.servlet.resource.ResourceHttpRequestHandler]
2018-11-23 23:40:08,515 [main] INFO  o.s.j.e.a.AnnotationMBeanExporter 433 - Registering beans for JMX exposure on startup
2018-11-23 23:40:08,518 [main] INFO  o.s.j.e.a.AnnotationMBeanExporter 895 - Bean with name 'dataSource' has been autodetected for JMX exposure
2018-11-23 23:40:08,529 [main] INFO  o.s.j.e.a.AnnotationMBeanExporter 668 - Located MBean 'dataSource': registering with JMX server as MBean [com.zaxxer.hikari:name=dataSource,type=HikariDataSource]
2018-11-23 23:40:08,538 [main] INFO  o.s.c.s.DefaultLifecycleProcessor 351 - Starting beans in phase 2147483647
2018-11-23 23:40:08,681 [container-1] INFO  io.lettuce.core.EpollProvider 101 - Starting without optional epoll library
2018-11-23 23:40:08,683 [container-1] INFO  io.lettuce.core.KqueueProvider 101 - Starting without optional kqueue library
2018-11-23 23:40:09,003 [main] INFO  o.s.s.a.ScheduledAnnotationBeanPostProcessor 275 - No TaskScheduler/ScheduledExecutorService bean found for scheduled processing
2018-11-23 23:40:09,016 [main] INFO  o.a.coyote.http11.Http11NioProtocol 180 - Starting ProtocolHandler ["http-nio-8080"]
2018-11-23 23:40:09,020 [main] INFO  o.a.tomcat.util.net.NioSelectorPool 180 - Using a shared selector for servlet write/read
2018-11-23 23:40:09,046 [main] INFO  o.s.b.w.e.tomcat.TomcatWebServer 206 - Tomcat started on port(s): 8080 (http) with context path ''
2018-11-23 23:40:09,050 [main] INFO  c.e.l.LostandfindApplication 59 - Started LostandfindApplication in 12.739 seconds (JVM running for 14.951)
2018-11-23 23:41:46,374 [Thread-29] INFO  o.s.b.w.s.c.AnnotationConfigServletWebServerApplicationContext 993 - Closing org.springframework.boot.web.servlet.context.AnnotationConfigServletWebServerApplicationContext@1190200a: startup date [Fri Nov 23 23:39:58 CST 2018]; root of context hierarchy
2018-11-23 23:41:46,378 [Thread-29] INFO  o.s.c.s.DefaultLifecycleProcessor 366 - Stopping beans in phase 2147483647
2018-11-23 23:41:46,386 [Thread-29] INFO  o.s.j.e.a.AnnotationMBeanExporter 451 - Unregistering JMX-exposed beans on shutdown
2018-11-23 23:41:46,388 [Thread-29] INFO  o.s.j.e.a.AnnotationMBeanExporter 185 - Unregistering JMX-exposed beans
2018-11-23 23:41:47,521 [Thread-29] INFO  o.s.o.j.LocalContainerEntityManagerFactoryBean 597 - Closing JPA EntityManagerFactory for persistence unit 'default'
2018-11-23 23:41:47,523 [Thread-29] INFO  com.zaxxer.hikari.HikariDataSource 381 - HikariPool-1 - Shutdown initiated...
2018-11-23 23:41:47,531 [Thread-29] INFO  com.zaxxer.hikari.HikariDataSource 383 - HikariPool-1 - Shutdown completed.
2018-11-23 23:41:59,414 [main] INFO  c.e.l.LostandfindApplication 50 - Starting LostandfindApplication on zhangcongdeMacBook-Air.local with PID 12108 (/Users/zhangcong/IdeaProjects/lostandfind/target/classes started by zhangcong in /Users/zhangcong/IdeaProjects/lostandfind)
2018-11-23 23:41:59,424 [main] INFO  c.e.l.LostandfindApplication 662 - No active profile set, falling back to default profiles: default
2018-11-23 23:41:59,609 [main] INFO  o.s.b.w.s.c.AnnotationConfigServletWebServerApplicationContext 590 - Refreshing org.springframework.boot.web.servlet.context.AnnotationConfigServletWebServerApplicationContext@45b4c3a9: startup date [Fri Nov 23 23:41:59 CST 2018]; root of context hierarchy
2018-11-23 23:42:01,329 [main] INFO  o.s.d.r.c.RepositoryConfigurationDelegate 163 - Multiple Spring Data modules found, entering strict repository configuration mode!
2018-11-23 23:42:01,418 [main] INFO  o.s.d.r.c.RepositoryConfigurationDelegate 163 - Multiple Spring Data modules found, entering strict repository configuration mode!
2018-11-23 23:42:01,436 [main] INFO  o.s.d.r.c.RepositoryConfigurationExtensionSupport 297 - Spring Data Redis - Could not safely identify store assignment for repository candidate interface com.example.lostandfind.repository.FinishRespository.
2018-11-23 23:42:01,438 [main] INFO  o.s.d.r.c.RepositoryConfigurationExtensionSupport 297 - Spring Data Redis - Could not safely identify store assignment for repository candidate interface com.example.lostandfind.repository.HistoryRepository.
2018-11-23 23:42:01,441 [main] INFO  o.s.d.r.c.RepositoryConfigurationExtensionSupport 297 - Spring Data Redis - Could not safely identify store assignment for repository candidate interface com.example.lostandfind.repository.InfoRepository.
2018-11-23 23:42:01,442 [main] INFO  o.s.d.r.c.RepositoryConfigurationExtensionSupport 297 - Spring Data Redis - Could not safely identify store assignment for repository candidate interface com.example.lostandfind.repository.ManageRepository.
2018-11-23 23:42:01,443 [main] INFO  o.s.d.r.c.RepositoryConfigurationExtensionSupport 297 - Spring Data Redis - Could not safely identify store assignment for repository candidate interface com.example.lostandfind.repository.SuggestRepository.
2018-11-23 23:42:01,444 [main] INFO  o.s.d.r.c.RepositoryConfigurationExtensionSupport 297 - Spring Data Redis - Could not safely identify store assignment for repository candidate interface com.example.lostandfind.repository.UserRepository.
2018-11-23 23:42:02,068 [main] INFO  o.s.c.s.PostProcessorRegistrationDelegate$BeanPostProcessorChecker 326 - Bean 'org.springframework.transaction.annotation.ProxyTransactionManagementConfiguration' of type [org.springframework.transaction.annotation.ProxyTransactionManagementConfiguration$$EnhancerBySpringCGLIB$$50bb2924] is not eligible for getting processed by all BeanPostProcessors (for example: not eligible for auto-proxying)
2018-11-23 23:42:02,168 [main] INFO  o.s.c.s.PostProcessorRegistrationDelegate$BeanPostProcessorChecker 326 - Bean 'redisConfig' of type [com.example.lostandfind.redis.RedisConfig$$EnhancerBySpringCGLIB$$cb0ebbc0] is not eligible for getting processed by all BeanPostProcessors (for example: not eligible for auto-proxying)
2018-11-23 23:42:02,862 [main] INFO  o.s.b.w.e.tomcat.TomcatWebServer 91 - Tomcat initialized with port(s): 8080 (http)
2018-11-23 23:42:02,879 [main] INFO  o.a.coyote.http11.Http11NioProtocol 180 - Initializing ProtocolHandler ["http-nio-8080"]
2018-11-23 23:42:02,894 [main] INFO  o.a.catalina.core.StandardService 180 - Starting service [Tomcat]
2018-11-23 23:42:02,894 [main] INFO  o.a.catalina.core.StandardEngine 180 - Starting Servlet Engine: Apache Tomcat/8.5.32
2018-11-23 23:42:02,901 [localhost-startStop-1] INFO  o.a.c.core.AprLifecycleListener 180 - The APR based Apache Tomcat Native library which allows optimal performance in production environments was not found on the java.library.path: [/Users/zhangcong/Library/Java/Extensions:/Library/Java/Extensions:/Network/Library/Java/Extensions:/System/Library/Java/Extensions:/usr/lib/java:.]
2018-11-23 23:42:03,037 [localhost-startStop-1] INFO  o.a.c.c.C.[Tomcat].[localhost].[/] 180 - Initializing Spring embedded WebApplicationContext
2018-11-23 23:42:03,038 [localhost-startStop-1] INFO  o.s.web.context.ContextLoader 285 - Root WebApplicationContext: initialization completed in 3429 ms
2018-11-23 23:42:03,440 [localhost-startStop-1] INFO  o.s.b.w.s.ServletRegistrationBean 187 - Servlet dispatcherServlet mapped to [/]
2018-11-23 23:42:03,445 [localhost-startStop-1] INFO  o.s.b.w.s.FilterRegistrationBean 245 - Mapping filter: 'characterEncodingFilter' to: [/*]
2018-11-23 23:42:03,446 [localhost-startStop-1] INFO  o.s.b.w.s.FilterRegistrationBean 245 - Mapping filter: 'hiddenHttpMethodFilter' to: [/*]
2018-11-23 23:42:03,446 [localhost-startStop-1] INFO  o.s.b.w.s.FilterRegistrationBean 245 - Mapping filter: 'httpPutFormContentFilter' to: [/*]
2018-11-23 23:42:03,446 [localhost-startStop-1] INFO  o.s.b.w.s.FilterRegistrationBean 245 - Mapping filter: 'requestContextFilter' to: [/*]
2018-11-23 23:42:03,681 [main] INFO  com.zaxxer.hikari.HikariDataSource 110 - HikariPool-1 - Starting...
2018-11-23 23:42:03,937 [main] INFO  com.zaxxer.hikari.HikariDataSource 123 - HikariPool-1 - Start completed.
2018-11-23 23:42:03,981 [main] INFO  o.s.o.j.LocalContainerEntityManagerFactoryBean 361 - Building JPA container EntityManagerFactory for persistence unit 'default'
2018-11-23 23:42:03,993 [main] INFO  o.h.jpa.internal.util.LogHelper 31 - HHH000204: Processing PersistenceUnitInfo [
	name: default
	...]
2018-11-23 23:42:04,082 [main] INFO  org.hibernate.Version 45 - HHH000412: Hibernate Core {5.2.17.Final}
2018-11-23 23:42:04,086 [main] INFO  org.hibernate.cfg.Environment 213 - HHH000206: hibernate.properties not found
2018-11-23 23:42:04,128 [main] INFO  o.h.annotations.common.Version 66 - HCANN000001: Hibernate Commons Annotations {5.0.1.Final}
2018-11-23 23:42:04,263 [main] INFO  org.hibernate.dialect.Dialect 157 - HHH000400: Using dialect: org.hibernate.dialect.MySQL5Dialect
2018-11-23 23:42:04,893 [main] INFO  o.h.h.i.QueryTranslatorFactoryInitiator 47 - HHH000397: Using ASTQueryTranslatorFactory
2018-11-23 23:42:04,963 [main] INFO  o.s.o.j.LocalContainerEntityManagerFactoryBean 415 - Initialized JPA EntityManagerFactory for persistence unit 'default'
2018-11-23 23:42:06,129 [main] WARN  o.s.b.w.s.c.AnnotationConfigServletWebServerApplicationContext 558 - Exception encountered during context initialization - cancelling refresh attempt: org.springframework.beans.factory.BeanCreationException: Error creating bean with name 'RedisTemplate' defined in class path resource [com/example/lostandfind/redis/RedisConfig.class]: Invocation of init method failed; nested exception is java.lang.IllegalStateException: RedisConnectionFactory is required
2018-11-23 23:42:06,142 [main] INFO  o.s.o.j.LocalContainerEntityManagerFactoryBean 597 - Closing JPA EntityManagerFactory for persistence unit 'default'
2018-11-23 23:42:06,143 [main] INFO  com.zaxxer.hikari.HikariDataSource 381 - HikariPool-1 - Shutdown initiated...
2018-11-23 23:42:06,151 [main] INFO  com.zaxxer.hikari.HikariDataSource 383 - HikariPool-1 - Shutdown completed.
2018-11-23 23:42:06,153 [main] INFO  o.a.catalina.core.StandardService 180 - Stopping service [Tomcat]
2018-11-23 23:42:06,168 [main] INFO  o.s.b.a.l.ConditionEvaluationReportLoggingListener 101 - 

Error starting ApplicationContext. To display the conditions report re-run your application with 'debug' enabled.
2018-11-23 23:43:04,934 [main] INFO  c.e.l.LostandfindApplication 50 - Starting LostandfindApplication on zhangcongdeMacBook-Air.local with PID 12116 (/Users/zhangcong/IdeaProjects/lostandfind/target/classes started by zhangcong in /Users/zhangcong/IdeaProjects/lostandfind)
2018-11-23 23:43:04,940 [main] INFO  c.e.l.LostandfindApplication 662 - No active profile set, falling back to default profiles: default
2018-11-23 23:43:05,071 [main] INFO  o.s.b.w.s.c.AnnotationConfigServletWebServerApplicationContext 590 - Refreshing org.springframework.boot.web.servlet.context.AnnotationConfigServletWebServerApplicationContext@6a2f6f80: startup date [Fri Nov 23 23:43:05 CST 2018]; root of context hierarchy
2018-11-23 23:43:06,372 [main] INFO  o.s.d.r.c.RepositoryConfigurationDelegate 163 - Multiple Spring Data modules found, entering strict repository configuration mode!
2018-11-23 23:43:06,458 [main] INFO  o.s.d.r.c.RepositoryConfigurationDelegate 163 - Multiple Spring Data modules found, entering strict repository configuration mode!
2018-11-23 23:43:06,479 [main] INFO  o.s.d.r.c.RepositoryConfigurationExtensionSupport 297 - Spring Data Redis - Could not safely identify store assignment for repository candidate interface com.example.lostandfind.repository.FinishRespository.
2018-11-23 23:43:06,480 [main] INFO  o.s.d.r.c.RepositoryConfigurationExtensionSupport 297 - Spring Data Redis - Could not safely identify store assignment for repository candidate interface com.example.lostandfind.repository.HistoryRepository.
2018-11-23 23:43:06,483 [main] INFO  o.s.d.r.c.RepositoryConfigurationExtensionSupport 297 - Spring Data Redis - Could not safely identify store assignment for repository candidate interface com.example.lostandfind.repository.InfoRepository.
2018-11-23 23:43:06,484 [main] INFO  o.s.d.r.c.RepositoryConfigurationExtensionSupport 297 - Spring Data Redis - Could not safely identify store assignment for repository candidate interface com.example.lostandfind.repository.ManageRepository.
2018-11-23 23:43:06,485 [main] INFO  o.s.d.r.c.RepositoryConfigurationExtensionSupport 297 - Spring Data Redis - Could not safely identify store assignment for repository candidate interface com.example.lostandfind.repository.SuggestRepository.
2018-11-23 23:43:06,486 [main] INFO  o.s.d.r.c.RepositoryConfigurationExtensionSupport 297 - Spring Data Redis - Could not safely identify store assignment for repository candidate interface com.example.lostandfind.repository.UserRepository.
2018-11-23 23:43:07,096 [main] INFO  o.s.c.s.PostProcessorRegistrationDelegate$BeanPostProcessorChecker 326 - Bean 'org.springframework.transaction.annotation.ProxyTransactionManagementConfiguration' of type [org.springframework.transaction.annotation.ProxyTransactionManagementConfiguration$$EnhancerBySpringCGLIB$$c870092a] is not eligible for getting processed by all BeanPostProcessors (for example: not eligible for auto-proxying)
2018-11-23 23:43:07,207 [main] INFO  o.s.c.s.PostProcessorRegistrationDelegate$BeanPostProcessorChecker 326 - Bean 'redisConfig' of type [com.example.lostandfind.redis.RedisConfig$$EnhancerBySpringCGLIB$$42c39bc6] is not eligible for getting processed by all BeanPostProcessors (for example: not eligible for auto-proxying)
2018-11-23 23:43:07,649 [main] INFO  o.s.b.w.e.tomcat.TomcatWebServer 91 - Tomcat initialized with port(s): 8080 (http)
2018-11-23 23:43:07,663 [main] INFO  o.a.coyote.http11.Http11NioProtocol 180 - Initializing ProtocolHandler ["http-nio-8080"]
2018-11-23 23:43:07,674 [main] INFO  o.a.catalina.core.StandardService 180 - Starting service [Tomcat]
2018-11-23 23:43:07,674 [main] INFO  o.a.catalina.core.StandardEngine 180 - Starting Servlet Engine: Apache Tomcat/8.5.32
2018-11-23 23:43:07,679 [localhost-startStop-1] INFO  o.a.c.core.AprLifecycleListener 180 - The APR based Apache Tomcat Native library which allows optimal performance in production environments was not found on the java.library.path: [/Users/zhangcong/Library/Java/Extensions:/Library/Java/Extensions:/Network/Library/Java/Extensions:/System/Library/Java/Extensions:/usr/lib/java:.]
2018-11-23 23:43:07,787 [localhost-startStop-1] INFO  o.a.c.c.C.[Tomcat].[localhost].[/] 180 - Initializing Spring embedded WebApplicationContext
2018-11-23 23:43:07,787 [localhost-startStop-1] INFO  o.s.web.context.ContextLoader 285 - Root WebApplicationContext: initialization completed in 2716 ms
2018-11-23 23:43:08,026 [localhost-startStop-1] INFO  o.s.b.w.s.ServletRegistrationBean 187 - Servlet dispatcherServlet mapped to [/]
2018-11-23 23:43:08,033 [localhost-startStop-1] INFO  o.s.b.w.s.FilterRegistrationBean 245 - Mapping filter: 'characterEncodingFilter' to: [/*]
2018-11-23 23:43:08,034 [localhost-startStop-1] INFO  o.s.b.w.s.FilterRegistrationBean 245 - Mapping filter: 'hiddenHttpMethodFilter' to: [/*]
2018-11-23 23:43:08,034 [localhost-startStop-1] INFO  o.s.b.w.s.FilterRegistrationBean 245 - Mapping filter: 'httpPutFormContentFilter' to: [/*]
2018-11-23 23:43:08,035 [localhost-startStop-1] INFO  o.s.b.w.s.FilterRegistrationBean 245 - Mapping filter: 'requestContextFilter' to: [/*]
2018-11-23 23:43:08,213 [main] INFO  com.zaxxer.hikari.HikariDataSource 110 - HikariPool-1 - Starting...
2018-11-23 23:43:08,421 [main] INFO  com.zaxxer.hikari.HikariDataSource 123 - HikariPool-1 - Start completed.
2018-11-23 23:43:08,461 [main] INFO  o.s.o.j.LocalContainerEntityManagerFactoryBean 361 - Building JPA container EntityManagerFactory for persistence unit 'default'
2018-11-23 23:43:08,472 [main] INFO  o.h.jpa.internal.util.LogHelper 31 - HHH000204: Processing PersistenceUnitInfo [
	name: default
	...]
2018-11-23 23:43:08,537 [main] INFO  org.hibernate.Version 45 - HHH000412: Hibernate Core {5.2.17.Final}
2018-11-23 23:43:08,540 [main] INFO  org.hibernate.cfg.Environment 213 - HHH000206: hibernate.properties not found
2018-11-23 23:43:08,585 [main] INFO  o.h.annotations.common.Version 66 - HCANN000001: Hibernate Commons Annotations {5.0.1.Final}
2018-11-23 23:43:08,697 [main] INFO  org.hibernate.dialect.Dialect 157 - HHH000400: Using dialect: org.hibernate.dialect.MySQL5Dialect
2018-11-23 23:43:09,244 [main] INFO  o.h.h.i.QueryTranslatorFactoryInitiator 47 - HHH000397: Using ASTQueryTranslatorFactory
2018-11-23 23:43:09,314 [main] INFO  o.s.o.j.LocalContainerEntityManagerFactoryBean 415 - Initialized JPA EntityManagerFactory for persistence unit 'default'
2018-11-23 23:43:10,569 [main] WARN  o.s.b.w.s.c.AnnotationConfigServletWebServerApplicationContext 558 - Exception encountered during context initialization - cancelling refresh attempt: org.springframework.beans.factory.BeanCreationException: Error creating bean with name 'RedisTemplate' defined in class path resource [com/example/lostandfind/redis/RedisConfig.class]: Invocation of init method failed; nested exception is java.lang.IllegalStateException: RedisConnectionFactory is required
2018-11-23 23:43:10,587 [main] INFO  o.s.o.j.LocalContainerEntityManagerFactoryBean 597 - Closing JPA EntityManagerFactory for persistence unit 'default'
2018-11-23 23:43:10,588 [main] INFO  com.zaxxer.hikari.HikariDataSource 381 - HikariPool-1 - Shutdown initiated...
2018-11-23 23:43:10,597 [main] INFO  com.zaxxer.hikari.HikariDataSource 383 - HikariPool-1 - Shutdown completed.
2018-11-23 23:43:10,599 [main] INFO  o.a.catalina.core.StandardService 180 - Stopping service [Tomcat]
2018-11-23 23:43:10,616 [main] INFO  o.s.b.a.l.ConditionEvaluationReportLoggingListener 101 - 

Error starting ApplicationContext. To display the conditions report re-run your application with 'debug' enabled.
2018-11-23 23:44:33,754 [main] INFO  c.e.l.LostandfindApplication 50 - Starting LostandfindApplication on zhangcongdeMacBook-Air.local with PID 12138 (/Users/zhangcong/IdeaProjects/lostandfind/target/classes started by zhangcong in /Users/zhangcong/IdeaProjects/lostandfind)
2018-11-23 23:44:33,771 [main] INFO  c.e.l.LostandfindApplication 662 - No active profile set, falling back to default profiles: default
2018-11-23 23:44:34,047 [main] INFO  o.s.b.w.s.c.AnnotationConfigServletWebServerApplicationContext 590 - Refreshing org.springframework.boot.web.servlet.context.AnnotationConfigServletWebServerApplicationContext@6a2f6f80: startup date [Fri Nov 23 23:44:34 CST 2018]; root of context hierarchy
2018-11-23 23:44:36,283 [main] INFO  o.s.d.r.c.RepositoryConfigurationDelegate 163 - Multiple Spring Data modules found, entering strict repository configuration mode!
2018-11-23 23:44:36,476 [main] INFO  o.s.d.r.c.RepositoryConfigurationDelegate 163 - Multiple Spring Data modules found, entering strict repository configuration mode!
2018-11-23 23:44:36,512 [main] INFO  o.s.d.r.c.RepositoryConfigurationExtensionSupport 297 - Spring Data Redis - Could not safely identify store assignment for repository candidate interface com.example.lostandfind.repository.FinishRespository.
2018-11-23 23:44:36,517 [main] INFO  o.s.d.r.c.RepositoryConfigurationExtensionSupport 297 - Spring Data Redis - Could not safely identify store assignment for repository candidate interface com.example.lostandfind.repository.HistoryRepository.
2018-11-23 23:44:36,521 [main] INFO  o.s.d.r.c.RepositoryConfigurationExtensionSupport 297 - Spring Data Redis - Could not safely identify store assignment for repository candidate interface com.example.lostandfind.repository.InfoRepository.
2018-11-23 23:44:36,544 [main] INFO  o.s.d.r.c.RepositoryConfigurationExtensionSupport 297 - Spring Data Redis - Could not safely identify store assignment for repository candidate interface com.example.lostandfind.repository.ManageRepository.
2018-11-23 23:44:36,547 [main] INFO  o.s.d.r.c.RepositoryConfigurationExtensionSupport 297 - Spring Data Redis - Could not safely identify store assignment for repository candidate interface com.example.lostandfind.repository.SuggestRepository.
2018-11-23 23:44:36,549 [main] INFO  o.s.d.r.c.RepositoryConfigurationExtensionSupport 297 - Spring Data Redis - Could not safely identify store assignment for repository candidate interface com.example.lostandfind.repository.UserRepository.
2018-11-23 23:44:37,722 [main] INFO  o.s.c.s.PostProcessorRegistrationDelegate$BeanPostProcessorChecker 326 - Bean 'org.springframework.transaction.annotation.ProxyTransactionManagementConfiguration' of type [org.springframework.transaction.annotation.ProxyTransactionManagementConfiguration$$EnhancerBySpringCGLIB$$4b71926e] is not eligible for getting processed by all BeanPostProcessors (for example: not eligible for auto-proxying)
2018-11-23 23:44:37,846 [main] INFO  o.s.c.s.PostProcessorRegistrationDelegate$BeanPostProcessorChecker 326 - Bean 'redisConfig' of type [com.example.lostandfind.redis.RedisConfig$$EnhancerBySpringCGLIB$$c5c5250a] is not eligible for getting processed by all BeanPostProcessors (for example: not eligible for auto-proxying)
2018-11-23 23:44:38,470 [main] INFO  o.s.b.w.e.tomcat.TomcatWebServer 91 - Tomcat initialized with port(s): 8080 (http)
2018-11-23 23:44:38,496 [main] INFO  o.a.coyote.http11.Http11NioProtocol 180 - Initializing ProtocolHandler ["http-nio-8080"]
2018-11-23 23:44:38,510 [main] INFO  o.a.catalina.core.StandardService 180 - Starting service [Tomcat]
2018-11-23 23:44:38,511 [main] INFO  o.a.catalina.core.StandardEngine 180 - Starting Servlet Engine: Apache Tomcat/8.5.32
2018-11-23 23:44:38,517 [localhost-startStop-1] INFO  o.a.c.core.AprLifecycleListener 180 - The APR based Apache Tomcat Native library which allows optimal performance in production environments was not found on the java.library.path: [/Users/zhangcong/Library/Java/Extensions:/Library/Java/Extensions:/Network/Library/Java/Extensions:/System/Library/Java/Extensions:/usr/lib/java:.]
2018-11-23 23:44:38,640 [localhost-startStop-1] INFO  o.a.c.c.C.[Tomcat].[localhost].[/] 180 - Initializing Spring embedded WebApplicationContext
2018-11-23 23:44:38,640 [localhost-startStop-1] INFO  o.s.web.context.ContextLoader 285 - Root WebApplicationContext: initialization completed in 4596 ms
2018-11-23 23:44:38,944 [localhost-startStop-1] INFO  o.s.b.w.s.ServletRegistrationBean 187 - Servlet dispatcherServlet mapped to [/]
2018-11-23 23:44:38,952 [localhost-startStop-1] INFO  o.s.b.w.s.FilterRegistrationBean 245 - Mapping filter: 'characterEncodingFilter' to: [/*]
2018-11-23 23:44:38,953 [localhost-startStop-1] INFO  o.s.b.w.s.FilterRegistrationBean 245 - Mapping filter: 'hiddenHttpMethodFilter' to: [/*]
2018-11-23 23:44:38,953 [localhost-startStop-1] INFO  o.s.b.w.s.FilterRegistrationBean 245 - Mapping filter: 'httpPutFormContentFilter' to: [/*]
2018-11-23 23:44:38,953 [localhost-startStop-1] INFO  o.s.b.w.s.FilterRegistrationBean 245 - Mapping filter: 'requestContextFilter' to: [/*]
2018-11-23 23:44:39,211 [main] INFO  com.zaxxer.hikari.HikariDataSource 110 - HikariPool-1 - Starting...
2018-11-23 23:44:39,474 [main] INFO  com.zaxxer.hikari.HikariDataSource 123 - HikariPool-1 - Start completed.
2018-11-23 23:44:39,522 [main] INFO  o.s.o.j.LocalContainerEntityManagerFactoryBean 361 - Building JPA container EntityManagerFactory for persistence unit 'default'
2018-11-23 23:44:39,536 [main] INFO  o.h.jpa.internal.util.LogHelper 31 - HHH000204: Processing PersistenceUnitInfo [
	name: default
	...]
2018-11-23 23:44:39,629 [main] INFO  org.hibernate.Version 45 - HHH000412: Hibernate Core {5.2.17.Final}
2018-11-23 23:44:39,632 [main] INFO  org.hibernate.cfg.Environment 213 - HHH000206: hibernate.properties not found
2018-11-23 23:44:39,676 [main] INFO  o.h.annotations.common.Version 66 - HCANN000001: Hibernate Commons Annotations {5.0.1.Final}
2018-11-23 23:44:39,831 [main] INFO  org.hibernate.dialect.Dialect 157 - HHH000400: Using dialect: org.hibernate.dialect.MySQL5Dialect
2018-11-23 23:44:40,633 [main] INFO  o.h.h.i.QueryTranslatorFactoryInitiator 47 - HHH000397: Using ASTQueryTranslatorFactory
2018-11-23 23:44:40,716 [main] INFO  o.s.o.j.LocalContainerEntityManagerFactoryBean 415 - Initialized JPA EntityManagerFactory for persistence unit 'default'
2018-11-23 23:44:42,258 [main] INFO  o.s.w.s.h.SimpleUrlHandlerMapping 373 - Mapped URL path [/**/favicon.ico] onto handler of type [class org.springframework.web.servlet.resource.ResourceHttpRequestHandler]
2018-11-23 23:44:42,602 [main] INFO  o.s.w.s.m.m.a.RequestMappingHandlerAdapter 574 - Looking for @ControllerAdvice: org.springframework.boot.web.servlet.context.AnnotationConfigServletWebServerApplicationContext@6a2f6f80: startup date [Fri Nov 23 23:44:34 CST 2018]; root of context hierarchy
2018-11-23 23:44:42,643 [main] WARN  o.s.b.a.o.j.JpaBaseConfiguration$JpaWebConfiguration$JpaWebMvcConfiguration 235 - spring.jpa.open-in-view is enabled by default. Therefore, database queries may be performed during view rendering. Explicitly configure spring.jpa.open-in-view to disable this warning
2018-11-23 23:44:42,708 [main] INFO  o.s.w.s.m.m.a.RequestMappingHandlerMapping 547 - Mapped "{[/identity],methods=[GET]}" onto public java.lang.Object com.example.lostandfind.controller.LafController.decode(java.lang.String,java.lang.String,java.lang.String)
2018-11-23 23:44:42,709 [main] INFO  o.s.w.s.m.m.a.RequestMappingHandlerMapping 547 - Mapped "{[/getValue]}" onto public java.lang.String com.example.lostandfind.controller.LafController.getValue()
2018-11-23 23:44:42,710 [main] INFO  o.s.w.s.m.m.a.RequestMappingHandlerMapping 547 - Mapped "{[/setValue]}" onto public java.lang.String com.example.lostandfind.controller.LafController.setValue()
2018-11-23 23:44:42,711 [main] INFO  o.s.w.s.m.m.a.RequestMappingHandlerMapping 547 - Mapped "{[/getUserInfo],methods=[GET]}" onto public java.lang.Object com.example.lostandfind.controller.LafController.getUserInfo(java.lang.String)
2018-11-23 23:44:42,711 [main] INFO  o.s.w.s.m.m.a.RequestMappingHandlerMapping 547 - Mapped "{[/manager],methods=[GET]}" onto public com.github.pagehelper.Page<com.example.lostandfind.mysql.ManagerMysql> com.example.lostandfind.controller.LafController.getManager()
2018-11-23 23:44:42,712 [main] INFO  o.s.w.s.m.m.a.RequestMappingHandlerMapping 547 - Mapped "{[/User],methods=[POST]}" onto public com.example.lostandfind.domain.Result com.example.lostandfind.controller.LafController.addUser(com.example.lostandfind.mysql.UserMysql,org.springframework.validation.BindingResult)
2018-11-23 23:44:42,713 [main] INFO  o.s.w.s.m.m.a.RequestMappingHandlerMapping 547 - Mapped "{[/user],methods=[POST]}" onto public com.example.lostandfind.domain.Result com.example.lostandfind.controller.LafController.addUser(com.example.lostandfind.mysql.UserMysql)
2018-11-23 23:44:42,713 [main] INFO  o.s.w.s.m.m.a.RequestMappingHandlerMapping 547 - Mapped "{[/search/detele/{openid}],methods=[DELETE]}" onto public com.example.lostandfind.mysql.HistoryMysql com.example.lostandfind.controller.LafController.doDelete(java.lang.String)
2018-11-23 23:44:42,714 [main] INFO  o.s.w.s.m.m.a.RequestMappingHandlerMapping 547 - Mapped "{[/msg],methods=[POST]}" onto public com.example.lostandfind.domain.Result com.example.lostandfind.controller.LafController.addMsg(com.example.lostandfind.mysql.InfoMysql) throws java.lang.Exception
2018-11-23 23:44:42,715 [main] INFO  o.s.w.s.m.m.a.RequestMappingHandlerMapping 547 - Mapped "{[/msg],methods=[GET]}" onto public java.util.List<com.example.lostandfind.mysql.InfoMysql> com.example.lostandfind.controller.LafController.msgList()
2018-11-23 23:44:42,716 [main] INFO  o.s.w.s.m.m.a.RequestMappingHandlerMapping 547 - Mapped "{[/User],methods=[GET]}" onto public java.util.List<com.example.lostandfind.mysql.UserMysql> com.example.lostandfind.controller.LafController.UserList()
2018-11-23 23:44:42,716 [main] INFO  o.s.w.s.m.m.a.RequestMappingHandlerMapping 547 - Mapped "{[/openid/{openid}],methods=[GET]}" onto public boolean com.example.lostandfind.controller.LafController.checkOpenId(java.lang.String)
2018-11-23 23:44:42,717 [main] INFO  o.s.w.s.m.m.a.RequestMappingHandlerMapping 547 - Mapped "{[/openid1/{openid}],methods=[GET]}" onto public java.util.List<com.example.lostandfind.mysql.UserMysql> com.example.lostandfind.controller.LafController.checkOpenId1(java.lang.String)
2018-11-23 23:44:42,717 [main] INFO  o.s.w.s.m.m.a.RequestMappingHandlerMapping 547 - Mapped "{[/valuable],methods=[GET]}" onto public java.util.List<com.example.lostandfind.mysql.InfoMysql> com.example.lostandfind.controller.LafController.searchValuableInfo(boolean)
2018-11-23 23:44:42,718 [main] INFO  o.s.w.s.m.m.a.RequestMappingHandlerMapping 547 - Mapped "{[/service/info],methods=[GET]}" onto public java.util.List<com.example.lostandfind.mysql.InfoMysql> com.example.lostandfind.controller.LafController.searchInfo(boolean,int)
2018-11-23 23:44:42,719 [main] INFO  o.s.w.s.m.m.a.RequestMappingHandlerMapping 547 - Mapped "{[/uploadImage],methods=[POST]}" onto public java.lang.String com.example.lostandfind.controller.LafController.uploadPicture(org.springframework.web.multipart.MultipartFile,int,int,java.lang.String) throws java.lang.Exception
2018-11-23 23:44:42,719 [main] INFO  o.s.w.s.m.m.a.RequestMappingHandlerMapping 547 - Mapped "{[/confirm/{id}],methods=[PUT]}" onto public com.example.lostandfind.mysql.InfoMysql com.example.lostandfind.controller.LafController.doConfirm(java.lang.Integer,com.example.lostandfind.service.ConfirmService)
2018-11-23 23:44:42,720 [main] INFO  o.s.w.s.m.m.a.RequestMappingHandlerMapping 547 - Mapped "{[/manager/{openid}],methods=[POST]}" onto public java.lang.Boolean com.example.lostandfind.controller.LafController.doManager(java.lang.String)
2018-11-23 23:44:42,720 [main] INFO  o.s.w.s.m.m.a.RequestMappingHandlerMapping 547 - Mapped "{[/check/{id}],methods=[PUT]}" onto public java.lang.String com.example.lostandfind.controller.LafController.doCheck(java.lang.Integer,com.example.lostandfind.service.ConfirmService)
2018-11-23 23:44:42,721 [main] INFO  o.s.w.s.m.m.a.RequestMappingHandlerMapping 547 - Mapped "{[/finish/{id}],methods=[DELETE]}" onto public java.lang.String com.example.lostandfind.controller.LafController.doFinish(java.lang.Integer)
2018-11-23 23:44:42,722 [main] INFO  o.s.w.s.m.m.a.RequestMappingHandlerMapping 547 - Mapped "{[/search/{index}/{string}/{count}],methods=[GET]}" onto public java.util.List<com.example.lostandfind.mysql.InfoMysql> com.example.lostandfind.controller.LafController.doSearch(java.lang.String,java.lang.Integer,java.lang.Integer) throws java.lang.Exception
2018-11-23 23:44:42,723 [main] INFO  o.s.w.s.m.m.a.RequestMappingHandlerMapping 547 - Mapped "{[/search/history],methods=[PUT]}" onto public com.example.lostandfind.mysql.HistoryMysql com.example.lostandfind.controller.LafController.doAddHistory(com.example.lostandfind.mysql.HistoryMysql)
2018-11-23 23:44:42,723 [main] INFO  o.s.w.s.m.m.a.RequestMappingHandlerMapping 547 - Mapped "{[/search/history/{openid}],methods=[GET]}" onto public com.example.lostandfind.mysql.HistoryMysql com.example.lostandfind.controller.LafController.doSearchHistory(java.lang.String)
2018-11-23 23:44:42,724 [main] INFO  o.s.w.s.m.m.a.RequestMappingHandlerMapping 547 - Mapped "{[/search/eye],methods=[PUT]}" onto public com.example.lostandfind.mysql.HistoryMysql com.example.lostandfind.controller.LafController.doaChangeEye(com.example.lostandfind.mysql.HistoryMysql)
2018-11-23 23:44:42,724 [main] INFO  o.s.w.s.m.m.a.RequestMappingHandlerMapping 547 - Mapped "{[/token],methods=[GET]}" onto public com.example.lostandfind.service.TokenService com.example.lostandfind.controller.LafController.makeToken(javax.servlet.http.HttpServletRequest)
2018-11-23 23:44:42,725 [main] INFO  o.s.w.s.m.m.a.RequestMappingHandlerMapping 547 - Mapped "{[/suggestion],methods=[POST]}" onto public com.example.lostandfind.mysql.SuggestMysql com.example.lostandfind.controller.LafController.WriteSuggestion(com.example.lostandfind.mysql.SuggestMysql)
2018-11-23 23:44:42,726 [main] INFO  o.s.w.s.m.m.a.RequestMappingHandlerMapping 547 - Mapped "{[/suggestion],methods=[GET]}" onto public java.util.List<com.example.lostandfind.mysql.SuggestMysql> com.example.lostandfind.controller.LafController.GetSuggestion()
2018-11-23 23:44:42,727 [main] INFO  o.s.w.s.m.m.a.RequestMappingHandlerMapping 547 - Mapped "{[/get_access_token],methods=[GET]}" onto public java.lang.Object com.example.lostandfind.controller.LafController.getAccessToken()
2018-11-23 23:44:42,727 [main] INFO  o.s.w.s.m.m.a.RequestMappingHandlerMapping 547 - Mapped "{[/sendTemplateInfo],methods=[GET]}" onto public java.lang.Object com.example.lostandfind.controller.LafController.sendTemplateInfo(java.lang.String,java.lang.String,java.lang.String,java.lang.String,java.lang.String,java.lang.String,int)
2018-11-23 23:44:42,728 [main] INFO  o.s.w.s.m.m.a.RequestMappingHandlerMapping 547 - Mapped "{[/aboutMeNot],methods=[GET]}" onto public java.util.List<com.example.lostandfind.mysql.InfoMysql> com.example.lostandfind.controller.LafController.getNotFinish(java.lang.String)
2018-11-23 23:44:42,729 [main] INFO  o.s.w.s.m.m.a.RequestMappingHandlerMapping 547 - Mapped "{[/aboutMeHas],methods=[GET]}" onto public java.util.List<com.example.lostandfind.mysql.FinishMysql> com.example.lostandfind.controller.LafController.getHasFinish(java.lang.String)
2018-11-23 23:44:42,730 [main] INFO  o.s.w.s.m.m.a.RequestMappingHandlerMapping 547 - Mapped "{[/Card],methods=[GET]}" onto public com.example.lostandfind.mysql.InfoMysql com.example.lostandfind.controller.LafController.getCardInfo(java.lang.String)
2018-11-23 23:44:42,735 [main] INFO  o.s.w.s.m.m.a.RequestMappingHandlerMapping 547 - Mapped "{[/error]}" onto public org.springframework.http.ResponseEntity<java.util.Map<java.lang.String, java.lang.Object>> org.springframework.boot.autoconfigure.web.servlet.error.BasicErrorController.error(javax.servlet.http.HttpServletRequest)
2018-11-23 23:44:42,735 [main] INFO  o.s.w.s.m.m.a.RequestMappingHandlerMapping 547 - Mapped "{[/error],produces=[text/html]}" onto public org.springframework.web.servlet.ModelAndView org.springframework.boot.autoconfigure.web.servlet.error.BasicErrorController.errorHtml(javax.servlet.http.HttpServletRequest,javax.servlet.http.HttpServletResponse)
2018-11-23 23:44:43,142 [main] INFO  o.s.w.s.h.SimpleUrlHandlerMapping 373 - Mapped URL path [/webjars/**] onto handler of type [class org.springframework.web.servlet.resource.ResourceHttpRequestHandler]
2018-11-23 23:44:43,143 [main] INFO  o.s.w.s.h.SimpleUrlHandlerMapping 373 - Mapped URL path [/**] onto handler of type [class org.springframework.web.servlet.resource.ResourceHttpRequestHandler]
2018-11-23 23:44:43,763 [main] INFO  o.s.j.e.a.AnnotationMBeanExporter 433 - Registering beans for JMX exposure on startup
2018-11-23 23:44:43,766 [main] INFO  o.s.j.e.a.AnnotationMBeanExporter 895 - Bean with name 'dataSource' has been autodetected for JMX exposure
2018-11-23 23:44:43,774 [main] INFO  o.s.j.e.a.AnnotationMBeanExporter 668 - Located MBean 'dataSource': registering with JMX server as MBean [com.zaxxer.hikari:name=dataSource,type=HikariDataSource]
2018-11-23 23:44:43,780 [main] INFO  o.s.c.s.DefaultLifecycleProcessor 351 - Starting beans in phase 2147483647
2018-11-23 23:44:43,874 [container-1] INFO  io.lettuce.core.EpollProvider 101 - Starting without optional epoll library
2018-11-23 23:44:43,875 [container-1] INFO  io.lettuce.core.KqueueProvider 101 - Starting without optional kqueue library
2018-11-23 23:44:44,151 [main] INFO  o.s.s.a.ScheduledAnnotationBeanPostProcessor 275 - No TaskScheduler/ScheduledExecutorService bean found for scheduled processing
2018-11-23 23:44:44,163 [main] INFO  o.a.coyote.http11.Http11NioProtocol 180 - Starting ProtocolHandler ["http-nio-8080"]
2018-11-23 23:44:44,170 [main] INFO  o.a.tomcat.util.net.NioSelectorPool 180 - Using a shared selector for servlet write/read
2018-11-23 23:44:44,193 [main] INFO  o.s.b.w.e.tomcat.TomcatWebServer 206 - Tomcat started on port(s): 8080 (http) with context path ''
2018-11-23 23:44:44,197 [main] INFO  c.e.l.LostandfindApplication 59 - Started LostandfindApplication in 11.918 seconds (JVM running for 13.758)
2018-11-23 23:44:52,882 [http-nio-8080-exec-1] INFO  o.a.c.c.C.[Tomcat].[localhost].[/] 180 - Initializing Spring FrameworkServlet 'dispatcherServlet'
2018-11-23 23:44:52,884 [http-nio-8080-exec-1] INFO  o.s.web.servlet.DispatcherServlet 494 - FrameworkServlet 'dispatcherServlet': initialization started
2018-11-23 23:44:52,924 [http-nio-8080-exec-1] INFO  o.s.web.servlet.DispatcherServlet 509 - FrameworkServlet 'dispatcherServlet': initialization completed in 39 ms
2018-11-23 23:44:53,093 [http-nio-8080-exec-1] INFO  c.e.lostandfind.aspect.UserAspect 51 - url=http://localhost:8080/setValue;method=GET;ip=0:0:0:0:0:0:0:1;classMethod=com.example.lostandfind.controller.LafController.setValue;time=110ms;
2018-11-23 23:44:58,517 [http-nio-8080-exec-2] INFO  c.e.lostandfind.aspect.UserAspect 51 - url=http://localhost:8080/getValue;method=GET;ip=0:0:0:0:0:0:0:1;classMethod=com.example.lostandfind.controller.LafController.getValue;time=83ms;
2018-11-23 23:45:32,524 [Thread-27] INFO  o.s.b.w.s.c.AnnotationConfigServletWebServerApplicationContext 993 - Closing org.springframework.boot.web.servlet.context.AnnotationConfigServletWebServerApplicationContext@6a2f6f80: startup date [Fri Nov 23 23:44:34 CST 2018]; root of context hierarchy
2018-11-23 23:45:32,527 [Thread-27] INFO  o.s.c.s.DefaultLifecycleProcessor 366 - Stopping beans in phase 2147483647
2018-11-23 23:45:32,534 [Thread-27] INFO  o.s.j.e.a.AnnotationMBeanExporter 451 - Unregistering JMX-exposed beans on shutdown
2018-11-23 23:45:32,535 [Thread-27] INFO  o.s.j.e.a.AnnotationMBeanExporter 185 - Unregistering JMX-exposed beans
2018-11-23 23:45:33,666 [Thread-27] INFO  o.s.o.j.LocalContainerEntityManagerFactoryBean 597 - Closing JPA EntityManagerFactory for persistence unit 'default'
2018-11-23 23:45:33,668 [Thread-27] INFO  com.zaxxer.hikari.HikariDataSource 381 - HikariPool-1 - Shutdown initiated...
2018-11-23 23:45:33,680 [Thread-27] INFO  com.zaxxer.hikari.HikariDataSource 383 - HikariPool-1 - Shutdown completed.
2018-11-23 23:45:44,396 [main] INFO  c.e.l.LostandfindApplication 50 - Starting LostandfindApplication on zhangcongdeMacBook-Air.local with PID 12152 (/Users/zhangcong/IdeaProjects/lostandfind/target/classes started by zhangcong in /Users/zhangcong/IdeaProjects/lostandfind)
2018-11-23 23:45:44,405 [main] INFO  c.e.l.LostandfindApplication 662 - No active profile set, falling back to default profiles: default
2018-11-23 23:45:44,632 [main] INFO  o.s.b.w.s.c.AnnotationConfigServletWebServerApplicationContext 590 - Refreshing org.springframework.boot.web.servlet.context.AnnotationConfigServletWebServerApplicationContext@45b4c3a9: startup date [Fri Nov 23 23:45:44 CST 2018]; root of context hierarchy
2018-11-23 23:45:46,604 [main] INFO  o.s.d.r.c.RepositoryConfigurationDelegate 163 - Multiple Spring Data modules found, entering strict repository configuration mode!
2018-11-23 23:45:46,728 [main] INFO  o.s.d.r.c.RepositoryConfigurationDelegate 163 - Multiple Spring Data modules found, entering strict repository configuration mode!
2018-11-23 23:45:46,751 [main] INFO  o.s.d.r.c.RepositoryConfigurationExtensionSupport 297 - Spring Data Redis - Could not safely identify store assignment for repository candidate interface com.example.lostandfind.repository.FinishRespository.
2018-11-23 23:45:46,754 [main] INFO  o.s.d.r.c.RepositoryConfigurationExtensionSupport 297 - Spring Data Redis - Could not safely identify store assignment for repository candidate interface com.example.lostandfind.repository.HistoryRepository.
2018-11-23 23:45:46,757 [main] INFO  o.s.d.r.c.RepositoryConfigurationExtensionSupport 297 - Spring Data Redis - Could not safely identify store assignment for repository candidate interface com.example.lostandfind.repository.InfoRepository.
2018-11-23 23:45:46,758 [main] INFO  o.s.d.r.c.RepositoryConfigurationExtensionSupport 297 - Spring Data Redis - Could not safely identify store assignment for repository candidate interface com.example.lostandfind.repository.ManageRepository.
2018-11-23 23:45:46,759 [main] INFO  o.s.d.r.c.RepositoryConfigurationExtensionSupport 297 - Spring Data Redis - Could not safely identify store assignment for repository candidate interface com.example.lostandfind.repository.SuggestRepository.
2018-11-23 23:45:46,760 [main] INFO  o.s.d.r.c.RepositoryConfigurationExtensionSupport 297 - Spring Data Redis - Could not safely identify store assignment for repository candidate interface com.example.lostandfind.repository.UserRepository.
2018-11-23 23:45:47,537 [main] INFO  o.s.c.s.PostProcessorRegistrationDelegate$BeanPostProcessorChecker 326 - Bean 'org.springframework.transaction.annotation.ProxyTransactionManagementConfiguration' of type [org.springframework.transaction.annotation.ProxyTransactionManagementConfiguration$$EnhancerBySpringCGLIB$$8954a230] is not eligible for getting processed by all BeanPostProcessors (for example: not eligible for auto-proxying)
2018-11-23 23:45:47,650 [main] INFO  o.s.c.s.PostProcessorRegistrationDelegate$BeanPostProcessorChecker 326 - Bean 'redisConfig' of type [com.example.lostandfind.redis.RedisConfig$$EnhancerBySpringCGLIB$$3a834cc] is not eligible for getting processed by all BeanPostProcessors (for example: not eligible for auto-proxying)
2018-11-23 23:45:48,264 [main] INFO  o.s.b.w.e.tomcat.TomcatWebServer 91 - Tomcat initialized with port(s): 8080 (http)
2018-11-23 23:45:48,282 [main] INFO  o.a.coyote.http11.Http11NioProtocol 180 - Initializing ProtocolHandler ["http-nio-8080"]
2018-11-23 23:45:48,297 [main] INFO  o.a.catalina.core.StandardService 180 - Starting service [Tomcat]
2018-11-23 23:45:48,298 [main] INFO  o.a.catalina.core.StandardEngine 180 - Starting Servlet Engine: Apache Tomcat/8.5.32
2018-11-23 23:45:48,304 [localhost-startStop-1] INFO  o.a.c.core.AprLifecycleListener 180 - The APR based Apache Tomcat Native library which allows optimal performance in production environments was not found on the java.library.path: [/Users/zhangcong/Library/Java/Extensions:/Library/Java/Extensions:/Network/Library/Java/Extensions:/System/Library/Java/Extensions:/usr/lib/java:.]
2018-11-23 23:45:48,442 [localhost-startStop-1] INFO  o.a.c.c.C.[Tomcat].[localhost].[/] 180 - Initializing Spring embedded WebApplicationContext
2018-11-23 23:45:48,443 [localhost-startStop-1] INFO  o.s.web.context.ContextLoader 285 - Root WebApplicationContext: initialization completed in 3812 ms
2018-11-23 23:45:48,709 [localhost-startStop-1] INFO  o.s.b.w.s.ServletRegistrationBean 187 - Servlet dispatcherServlet mapped to [/]
2018-11-23 23:45:48,717 [localhost-startStop-1] INFO  o.s.b.w.s.FilterRegistrationBean 245 - Mapping filter: 'characterEncodingFilter' to: [/*]
2018-11-23 23:45:48,718 [localhost-startStop-1] INFO  o.s.b.w.s.FilterRegistrationBean 245 - Mapping filter: 'hiddenHttpMethodFilter' to: [/*]
2018-11-23 23:45:48,718 [localhost-startStop-1] INFO  o.s.b.w.s.FilterRegistrationBean 245 - Mapping filter: 'httpPutFormContentFilter' to: [/*]
2018-11-23 23:45:48,719 [localhost-startStop-1] INFO  o.s.b.w.s.FilterRegistrationBean 245 - Mapping filter: 'requestContextFilter' to: [/*]
2018-11-23 23:45:48,979 [main] INFO  com.zaxxer.hikari.HikariDataSource 110 - HikariPool-1 - Starting...
2018-11-23 23:45:49,238 [main] INFO  com.zaxxer.hikari.HikariDataSource 123 - HikariPool-1 - Start completed.
2018-11-23 23:45:49,285 [main] INFO  o.s.o.j.LocalContainerEntityManagerFactoryBean 361 - Building JPA container EntityManagerFactory for persistence unit 'default'
2018-11-23 23:45:49,301 [main] INFO  o.h.jpa.internal.util.LogHelper 31 - HHH000204: Processing PersistenceUnitInfo [
	name: default
	...]
2018-11-23 23:45:49,403 [main] INFO  org.hibernate.Version 45 - HHH000412: Hibernate Core {5.2.17.Final}
2018-11-23 23:45:49,405 [main] INFO  org.hibernate.cfg.Environment 213 - HHH000206: hibernate.properties not found
2018-11-23 23:45:49,444 [main] INFO  o.h.annotations.common.Version 66 - HCANN000001: Hibernate Commons Annotations {5.0.1.Final}
2018-11-23 23:45:49,593 [main] INFO  org.hibernate.dialect.Dialect 157 - HHH000400: Using dialect: org.hibernate.dialect.MySQL5Dialect
2018-11-23 23:45:50,333 [main] INFO  o.h.h.i.QueryTranslatorFactoryInitiator 47 - HHH000397: Using ASTQueryTranslatorFactory
2018-11-23 23:45:50,426 [main] INFO  o.s.o.j.LocalContainerEntityManagerFactoryBean 415 - Initialized JPA EntityManagerFactory for persistence unit 'default'
2018-11-23 23:45:51,953 [main] INFO  o.s.w.s.h.SimpleUrlHandlerMapping 373 - Mapped URL path [/**/favicon.ico] onto handler of type [class org.springframework.web.servlet.resource.ResourceHttpRequestHandler]
2018-11-23 23:45:52,319 [main] INFO  o.s.w.s.m.m.a.RequestMappingHandlerAdapter 574 - Looking for @ControllerAdvice: org.springframework.boot.web.servlet.context.AnnotationConfigServletWebServerApplicationContext@45b4c3a9: startup date [Fri Nov 23 23:45:44 CST 2018]; root of context hierarchy
2018-11-23 23:45:52,361 [main] WARN  o.s.b.a.o.j.JpaBaseConfiguration$JpaWebConfiguration$JpaWebMvcConfiguration 235 - spring.jpa.open-in-view is enabled by default. Therefore, database queries may be performed during view rendering. Explicitly configure spring.jpa.open-in-view to disable this warning
2018-11-23 23:45:52,710 [main] INFO  o.s.w.s.m.m.a.RequestMappingHandlerMapping 547 - Mapped "{[/identity],methods=[GET]}" onto public java.lang.Object com.example.lostandfind.controller.LafController.decode(java.lang.String,java.lang.String,java.lang.String)
2018-11-23 23:45:52,712 [main] INFO  o.s.w.s.m.m.a.RequestMappingHandlerMapping 547 - Mapped "{[/getValue]}" onto public java.lang.String com.example.lostandfind.controller.LafController.getValue()
2018-11-23 23:45:52,713 [main] INFO  o.s.w.s.m.m.a.RequestMappingHandlerMapping 547 - Mapped "{[/setValue]}" onto public java.lang.String com.example.lostandfind.controller.LafController.setValue()
2018-11-23 23:45:52,714 [main] INFO  o.s.w.s.m.m.a.RequestMappingHandlerMapping 547 - Mapped "{[/getUserInfo],methods=[GET]}" onto public java.lang.Object com.example.lostandfind.controller.LafController.getUserInfo(java.lang.String)
2018-11-23 23:45:52,715 [main] INFO  o.s.w.s.m.m.a.RequestMappingHandlerMapping 547 - Mapped "{[/manager],methods=[GET]}" onto public com.github.pagehelper.Page<com.example.lostandfind.mysql.ManagerMysql> com.example.lostandfind.controller.LafController.getManager()
2018-11-23 23:45:52,716 [main] INFO  o.s.w.s.m.m.a.RequestMappingHandlerMapping 547 - Mapped "{[/User],methods=[POST]}" onto public com.example.lostandfind.domain.Result com.example.lostandfind.controller.LafController.addUser(com.example.lostandfind.mysql.UserMysql,org.springframework.validation.BindingResult)
2018-11-23 23:45:52,717 [main] INFO  o.s.w.s.m.m.a.RequestMappingHandlerMapping 547 - Mapped "{[/user],methods=[POST]}" onto public com.example.lostandfind.domain.Result com.example.lostandfind.controller.LafController.addUser(com.example.lostandfind.mysql.UserMysql)
2018-11-23 23:45:52,717 [main] INFO  o.s.w.s.m.m.a.RequestMappingHandlerMapping 547 - Mapped "{[/search/detele/{openid}],methods=[DELETE]}" onto public com.example.lostandfind.mysql.HistoryMysql com.example.lostandfind.controller.LafController.doDelete(java.lang.String)
2018-11-23 23:45:52,718 [main] INFO  o.s.w.s.m.m.a.RequestMappingHandlerMapping 547 - Mapped "{[/User],methods=[GET]}" onto public java.util.List<com.example.lostandfind.mysql.UserMysql> com.example.lostandfind.controller.LafController.UserList()
2018-11-23 23:45:52,718 [main] INFO  o.s.w.s.m.m.a.RequestMappingHandlerMapping 547 - Mapped "{[/openid/{openid}],methods=[GET]}" onto public boolean com.example.lostandfind.controller.LafController.checkOpenId(java.lang.String)
2018-11-23 23:45:52,719 [main] INFO  o.s.w.s.m.m.a.RequestMappingHandlerMapping 547 - Mapped "{[/openid1/{openid}],methods=[GET]}" onto public java.util.List<com.example.lostandfind.mysql.UserMysql> com.example.lostandfind.controller.LafController.checkOpenId1(java.lang.String)
2018-11-23 23:45:52,720 [main] INFO  o.s.w.s.m.m.a.RequestMappingHandlerMapping 547 - Mapped "{[/valuable],methods=[GET]}" onto public java.util.List<com.example.lostandfind.mysql.InfoMysql> com.example.lostandfind.controller.LafController.searchValuableInfo(boolean)
2018-11-23 23:45:52,721 [main] INFO  o.s.w.s.m.m.a.RequestMappingHandlerMapping 547 - Mapped "{[/service/info],methods=[GET]}" onto public java.util.List<com.example.lostandfind.mysql.InfoMysql> com.example.lostandfind.controller.LafController.searchInfo(boolean,int)
2018-11-23 23:45:52,722 [main] INFO  o.s.w.s.m.m.a.RequestMappingHandlerMapping 547 - Mapped "{[/msg],methods=[POST]}" onto public com.example.lostandfind.domain.Result com.example.lostandfind.controller.LafController.addMsg(com.example.lostandfind.mysql.InfoMysql) throws java.lang.Exception
2018-11-23 23:45:52,722 [main] INFO  o.s.w.s.m.m.a.RequestMappingHandlerMapping 547 - Mapped "{[/msg],methods=[GET]}" onto public java.util.List<com.example.lostandfind.mysql.InfoMysql> com.example.lostandfind.controller.LafController.msgList()
2018-11-23 23:45:52,723 [main] INFO  o.s.w.s.m.m.a.RequestMappingHandlerMapping 547 - Mapped "{[/uploadImage],methods=[POST]}" onto public java.lang.String com.example.lostandfind.controller.LafController.uploadPicture(org.springframework.web.multipart.MultipartFile,int,int,java.lang.String) throws java.lang.Exception
2018-11-23 23:45:52,724 [main] INFO  o.s.w.s.m.m.a.RequestMappingHandlerMapping 547 - Mapped "{[/confirm/{id}],methods=[PUT]}" onto public com.example.lostandfind.mysql.InfoMysql com.example.lostandfind.controller.LafController.doConfirm(java.lang.Integer,com.example.lostandfind.service.ConfirmService)
2018-11-23 23:45:52,724 [main] INFO  o.s.w.s.m.m.a.RequestMappingHandlerMapping 547 - Mapped "{[/manager/{openid}],methods=[POST]}" onto public java.lang.Boolean com.example.lostandfind.controller.LafController.doManager(java.lang.String)
2018-11-23 23:45:52,725 [main] INFO  o.s.w.s.m.m.a.RequestMappingHandlerMapping 547 - Mapped "{[/check/{id}],methods=[PUT]}" onto public java.lang.String com.example.lostandfind.controller.LafController.doCheck(java.lang.Integer,com.example.lostandfind.service.ConfirmService)
2018-11-23 23:45:52,725 [main] INFO  o.s.w.s.m.m.a.RequestMappingHandlerMapping 547 - Mapped "{[/finish/{id}],methods=[DELETE]}" onto public java.lang.String com.example.lostandfind.controller.LafController.doFinish(java.lang.Integer)
2018-11-23 23:45:52,726 [main] INFO  o.s.w.s.m.m.a.RequestMappingHandlerMapping 547 - Mapped "{[/search/{index}/{string}/{count}],methods=[GET]}" onto public java.util.List<com.example.lostandfind.mysql.InfoMysql> com.example.lostandfind.controller.LafController.doSearch(java.lang.String,java.lang.Integer,java.lang.Integer) throws java.lang.Exception
2018-11-23 23:45:52,726 [main] INFO  o.s.w.s.m.m.a.RequestMappingHandlerMapping 547 - Mapped "{[/search/history],methods=[PUT]}" onto public com.example.lostandfind.mysql.HistoryMysql com.example.lostandfind.controller.LafController.doAddHistory(com.example.lostandfind.mysql.HistoryMysql)
2018-11-23 23:45:52,727 [main] INFO  o.s.w.s.m.m.a.RequestMappingHandlerMapping 547 - Mapped "{[/search/history/{openid}],methods=[GET]}" onto public com.example.lostandfind.mysql.HistoryMysql com.example.lostandfind.controller.LafController.doSearchHistory(java.lang.String)
2018-11-23 23:45:52,728 [main] INFO  o.s.w.s.m.m.a.RequestMappingHandlerMapping 547 - Mapped "{[/search/eye],methods=[PUT]}" onto public com.example.lostandfind.mysql.HistoryMysql com.example.lostandfind.controller.LafController.doaChangeEye(com.example.lostandfind.mysql.HistoryMysql)
2018-11-23 23:45:52,728 [main] INFO  o.s.w.s.m.m.a.RequestMappingHandlerMapping 547 - Mapped "{[/token],methods=[GET]}" onto public com.example.lostandfind.service.TokenService com.example.lostandfind.controller.LafController.makeToken(javax.servlet.http.HttpServletRequest)
2018-11-23 23:45:52,729 [main] INFO  o.s.w.s.m.m.a.RequestMappingHandlerMapping 547 - Mapped "{[/suggestion],methods=[POST]}" onto public com.example.lostandfind.mysql.SuggestMysql com.example.lostandfind.controller.LafController.WriteSuggestion(com.example.lostandfind.mysql.SuggestMysql)
2018-11-23 23:45:52,730 [main] INFO  o.s.w.s.m.m.a.RequestMappingHandlerMapping 547 - Mapped "{[/suggestion],methods=[GET]}" onto public java.util.List<com.example.lostandfind.mysql.SuggestMysql> com.example.lostandfind.controller.LafController.GetSuggestion()
2018-11-23 23:45:52,730 [main] INFO  o.s.w.s.m.m.a.RequestMappingHandlerMapping 547 - Mapped "{[/get_access_token],methods=[GET]}" onto public java.lang.Object com.example.lostandfind.controller.LafController.getAccessToken()
2018-11-23 23:45:52,731 [main] INFO  o.s.w.s.m.m.a.RequestMappingHandlerMapping 547 - Mapped "{[/sendTemplateInfo],methods=[GET]}" onto public java.lang.Object com.example.lostandfind.controller.LafController.sendTemplateInfo(java.lang.String,java.lang.String,java.lang.String,java.lang.String,java.lang.String,java.lang.String,int)
2018-11-23 23:45:52,732 [main] INFO  o.s.w.s.m.m.a.RequestMappingHandlerMapping 547 - Mapped "{[/aboutMeNot],methods=[GET]}" onto public java.util.List<com.example.lostandfind.mysql.InfoMysql> com.example.lostandfind.controller.LafController.getNotFinish(java.lang.String)
2018-11-23 23:45:52,732 [main] INFO  o.s.w.s.m.m.a.RequestMappingHandlerMapping 547 - Mapped "{[/aboutMeHas],methods=[GET]}" onto public java.util.List<com.example.lostandfind.mysql.FinishMysql> com.example.lostandfind.controller.LafController.getHasFinish(java.lang.String)
2018-11-23 23:45:52,733 [main] INFO  o.s.w.s.m.m.a.RequestMappingHandlerMapping 547 - Mapped "{[/Card],methods=[GET]}" onto public com.example.lostandfind.mysql.InfoMysql com.example.lostandfind.controller.LafController.getCardInfo(java.lang.String)
2018-11-23 23:45:52,737 [main] INFO  o.s.w.s.m.m.a.RequestMappingHandlerMapping 547 - Mapped "{[/error]}" onto public org.springframework.http.ResponseEntity<java.util.Map<java.lang.String, java.lang.Object>> org.springframework.boot.autoconfigure.web.servlet.error.BasicErrorController.error(javax.servlet.http.HttpServletRequest)
2018-11-23 23:45:52,738 [main] INFO  o.s.w.s.m.m.a.RequestMappingHandlerMapping 547 - Mapped "{[/error],produces=[text/html]}" onto public org.springframework.web.servlet.ModelAndView org.springframework.boot.autoconfigure.web.servlet.error.BasicErrorController.errorHtml(javax.servlet.http.HttpServletRequest,javax.servlet.http.HttpServletResponse)
2018-11-23 23:45:52,784 [main] INFO  o.s.w.s.h.SimpleUrlHandlerMapping 373 - Mapped URL path [/webjars/**] onto handler of type [class org.springframework.web.servlet.resource.ResourceHttpRequestHandler]
2018-11-23 23:45:52,784 [main] INFO  o.s.w.s.h.SimpleUrlHandlerMapping 373 - Mapped URL path [/**] onto handler of type [class org.springframework.web.servlet.resource.ResourceHttpRequestHandler]
2018-11-23 23:45:53,394 [main] INFO  o.s.j.e.a.AnnotationMBeanExporter 433 - Registering beans for JMX exposure on startup
2018-11-23 23:45:53,397 [main] INFO  o.s.j.e.a.AnnotationMBeanExporter 895 - Bean with name 'dataSource' has been autodetected for JMX exposure
2018-11-23 23:45:53,405 [main] INFO  o.s.j.e.a.AnnotationMBeanExporter 668 - Located MBean 'dataSource': registering with JMX server as MBean [com.zaxxer.hikari:name=dataSource,type=HikariDataSource]
2018-11-23 23:45:53,413 [main] INFO  o.s.c.s.DefaultLifecycleProcessor 351 - Starting beans in phase 2147483647
2018-11-23 23:45:53,523 [container-1] INFO  io.lettuce.core.EpollProvider 101 - Starting without optional epoll library
2018-11-23 23:45:53,534 [container-1] INFO  io.lettuce.core.KqueueProvider 101 - Starting without optional kqueue library
2018-11-23 23:45:53,796 [main] INFO  o.s.s.a.ScheduledAnnotationBeanPostProcessor 275 - No TaskScheduler/ScheduledExecutorService bean found for scheduled processing
2018-11-23 23:45:53,805 [main] INFO  o.a.coyote.http11.Http11NioProtocol 180 - Starting ProtocolHandler ["http-nio-8080"]
2018-11-23 23:45:53,817 [main] INFO  o.a.tomcat.util.net.NioSelectorPool 180 - Using a shared selector for servlet write/read
2018-11-23 23:45:53,836 [main] INFO  o.s.b.w.e.tomcat.TomcatWebServer 206 - Tomcat started on port(s): 8080 (http) with context path ''
2018-11-23 23:45:53,841 [main] INFO  c.e.l.LostandfindApplication 59 - Started LostandfindApplication in 10.772 seconds (JVM running for 12.57)
2018-11-23 23:46:02,521 [http-nio-8080-exec-1] INFO  o.a.c.c.C.[Tomcat].[localhost].[/] 180 - Initializing Spring FrameworkServlet 'dispatcherServlet'
2018-11-23 23:46:02,521 [http-nio-8080-exec-1] INFO  o.s.web.servlet.DispatcherServlet 494 - FrameworkServlet 'dispatcherServlet': initialization started
2018-11-23 23:46:02,549 [http-nio-8080-exec-1] INFO  o.s.web.servlet.DispatcherServlet 509 - FrameworkServlet 'dispatcherServlet': initialization completed in 28 ms
2018-11-23 23:46:02,683 [http-nio-8080-exec-1] INFO  c.e.lostandfind.aspect.UserAspect 51 - url=http://localhost:8080/getValue;method=GET;ip=0:0:0:0:0:0:0:1;classMethod=com.example.lostandfind.controller.LafController.getValue;time=97ms;
2018-11-23 23:50:40,871 [Thread-25] INFO  o.s.b.w.s.c.AnnotationConfigServletWebServerApplicationContext 993 - Closing org.springframework.boot.web.servlet.context.AnnotationConfigServletWebServerApplicationContext@45b4c3a9: startup date [Fri Nov 23 23:45:44 CST 2018]; root of context hierarchy
2018-11-23 23:50:40,876 [Thread-25] INFO  o.s.c.s.DefaultLifecycleProcessor 366 - Stopping beans in phase 2147483647
2018-11-23 23:50:40,880 [Thread-25] INFO  o.s.j.e.a.AnnotationMBeanExporter 451 - Unregistering JMX-exposed beans on shutdown
2018-11-23 23:50:40,881 [Thread-25] INFO  o.s.j.e.a.AnnotationMBeanExporter 185 - Unregistering JMX-exposed beans
2018-11-23 23:50:42,011 [Thread-25] INFO  o.s.o.j.LocalContainerEntityManagerFactoryBean 597 - Closing JPA EntityManagerFactory for persistence unit 'default'
2018-11-23 23:50:42,013 [Thread-25] INFO  com.zaxxer.hikari.HikariDataSource 381 - HikariPool-1 - Shutdown initiated...
2018-11-23 23:50:42,023 [Thread-25] INFO  com.zaxxer.hikari.HikariDataSource 383 - HikariPool-1 - Shutdown completed.
