2019-06-10 22:20:37,419 [main] INFO  c.e.l.LostandfindApplication 50 - Starting LostandfindApplication on zhangbingdeMacBook-Air.local with PID 2752 (/Users/zhangcong/IdeaProjects/lostandfind/target/classes started by zhangcong in /Users/zhangcong/IdeaProjects/lostandfind)
2019-06-10 22:20:37,432 [main] INFO  c.e.l.LostandfindApplication 662 - No active profile set, falling back to default profiles: default
2019-06-10 22:20:37,585 [main] INFO  o.s.b.w.s.c.AnnotationConfigServletWebServerApplicationContext 590 - Refreshing org.springframework.boot.web.servlet.context.AnnotationConfigServletWebServerApplicationContext@548e6d58: startup date [Mon Jun 10 22:20:37 CST 2019]; root of context hierarchy
2019-06-10 22:20:40,408 [main] INFO  o.s.d.r.c.RepositoryConfigurationDelegate 163 - Multiple Spring Data modules found, entering strict repository configuration mode!
2019-06-10 22:20:40,717 [main] INFO  o.s.d.r.c.RepositoryConfigurationDelegate 163 - Multiple Spring Data modules found, entering strict repository configuration mode!
2019-06-10 22:20:40,781 [main] INFO  o.s.d.r.c.RepositoryConfigurationExtensionSupport 297 - Spring Data Redis - Could not safely identify store assignment for repository candidate interface com.example.lostandfind.repository.CommentRespository.
2019-06-10 22:20:40,787 [main] INFO  o.s.d.r.c.RepositoryConfigurationExtensionSupport 297 - Spring Data Redis - Could not safely identify store assignment for repository candidate interface com.example.lostandfind.repository.EvaluateRespository.
2019-06-10 22:20:40,788 [main] INFO  o.s.d.r.c.RepositoryConfigurationExtensionSupport 297 - Spring Data Redis - Could not safely identify store assignment for repository candidate interface com.example.lostandfind.repository.FinishRespository.
2019-06-10 22:20:40,790 [main] INFO  o.s.d.r.c.RepositoryConfigurationExtensionSupport 297 - Spring Data Redis - Could not safely identify store assignment for repository candidate interface com.example.lostandfind.repository.GradeRepository.
2019-06-10 22:20:40,791 [main] INFO  o.s.d.r.c.RepositoryConfigurationExtensionSupport 297 - Spring Data Redis - Could not safely identify store assignment for repository candidate interface com.example.lostandfind.repository.HistoryRepository.
2019-06-10 22:20:40,792 [main] INFO  o.s.d.r.c.RepositoryConfigurationExtensionSupport 297 - Spring Data Redis - Could not safely identify store assignment for repository candidate interface com.example.lostandfind.repository.InfoRepository.
2019-06-10 22:20:40,793 [main] INFO  o.s.d.r.c.RepositoryConfigurationExtensionSupport 297 - Spring Data Redis - Could not safely identify store assignment for repository candidate interface com.example.lostandfind.repository.ManageRepository.
2019-06-10 22:20:40,794 [main] INFO  o.s.d.r.c.RepositoryConfigurationExtensionSupport 297 - Spring Data Redis - Could not safely identify store assignment for repository candidate interface com.example.lostandfind.repository.NewsRepository.
2019-06-10 22:20:40,795 [main] INFO  o.s.d.r.c.RepositoryConfigurationExtensionSupport 297 - Spring Data Redis - Could not safely identify store assignment for repository candidate interface com.example.lostandfind.repository.PersonInfoRespository.
2019-06-10 22:20:40,797 [main] INFO  o.s.d.r.c.RepositoryConfigurationExtensionSupport 297 - Spring Data Redis - Could not safely identify store assignment for repository candidate interface com.example.lostandfind.repository.PushRepository.
2019-06-10 22:20:40,798 [main] INFO  o.s.d.r.c.RepositoryConfigurationExtensionSupport 297 - Spring Data Redis - Could not safely identify store assignment for repository candidate interface com.example.lostandfind.repository.ReportCommentRepository.
2019-06-10 22:20:40,801 [main] INFO  o.s.d.r.c.RepositoryConfigurationExtensionSupport 297 - Spring Data Redis - Could not safely identify store assignment for repository candidate interface com.example.lostandfind.repository.ReportRepository.
2019-06-10 22:20:40,804 [main] INFO  o.s.d.r.c.RepositoryConfigurationExtensionSupport 297 - Spring Data Redis - Could not safely identify store assignment for repository candidate interface com.example.lostandfind.repository.SuggestRepository.
2019-06-10 22:20:40,805 [main] INFO  o.s.d.r.c.RepositoryConfigurationExtensionSupport 297 - Spring Data Redis - Could not safely identify store assignment for repository candidate interface com.example.lostandfind.repository.SystemInformRepository.
2019-06-10 22:20:40,807 [main] INFO  o.s.d.r.c.RepositoryConfigurationExtensionSupport 297 - Spring Data Redis - Could not safely identify store assignment for repository candidate interface com.example.lostandfind.repository.ThanksRepository.
2019-06-10 22:20:40,809 [main] INFO  o.s.d.r.c.RepositoryConfigurationExtensionSupport 297 - Spring Data Redis - Could not safely identify store assignment for repository candidate interface com.example.lostandfind.repository.UserRepository.
2019-06-10 22:20:43,332 [main] INFO  o.s.c.s.PostProcessorRegistrationDelegate$BeanPostProcessorChecker 326 - Bean 'org.springframework.transaction.annotation.ProxyTransactionManagementConfiguration' of type [org.springframework.transaction.annotation.ProxyTransactionManagementConfiguration$$EnhancerBySpringCGLIB$$a781bd72] is not eligible for getting processed by all BeanPostProcessors (for example: not eligible for auto-proxying)
2019-06-10 22:20:43,787 [main] INFO  o.s.c.s.PostProcessorRegistrationDelegate$BeanPostProcessorChecker 326 - Bean 'redisConfig' of type [com.example.lostandfind.redis.RedisConfig$$EnhancerBySpringCGLIB$$21d5500e] is not eligible for getting processed by all BeanPostProcessors (for example: not eligible for auto-proxying)
2019-06-10 22:20:45,569 [main] INFO  o.s.b.w.e.tomcat.TomcatWebServer 91 - Tomcat initialized with port(s): 8080 (http)
2019-06-10 22:20:45,617 [main] INFO  o.a.coyote.http11.Http11NioProtocol 180 - Initializing ProtocolHandler ["http-nio-8080"]
2019-06-10 22:20:45,651 [main] INFO  o.a.catalina.core.StandardService 180 - Starting service [Tomcat]
2019-06-10 22:20:45,652 [main] INFO  o.a.catalina.core.StandardEngine 180 - Starting Servlet Engine: Apache Tomcat/8.5.32
2019-06-10 22:20:45,664 [localhost-startStop-1] INFO  o.a.c.core.AprLifecycleListener 180 - The APR based Apache Tomcat Native library which allows optimal performance in production environments was not found on the java.library.path: [/Users/zhangcong/Library/Java/Extensions:/Library/Java/Extensions:/Network/Library/Java/Extensions:/System/Library/Java/Extensions:/usr/lib/java:.]
2019-06-10 22:20:46,335 [localhost-startStop-1] INFO  o.a.c.c.C.[Tomcat].[localhost].[/] 180 - Initializing Spring embedded WebApplicationContext
2019-06-10 22:20:46,338 [localhost-startStop-1] INFO  o.s.web.context.ContextLoader 285 - Root WebApplicationContext: initialization completed in 8753 ms
2019-06-10 22:20:46,517 [localhost-startStop-1] INFO  o.s.b.w.s.ServletRegistrationBean 187 - Servlet dispatcherServlet mapped to [/]
2019-06-10 22:20:46,528 [localhost-startStop-1] INFO  o.s.b.w.s.FilterRegistrationBean 245 - Mapping filter: 'characterEncodingFilter' to: [/*]
2019-06-10 22:20:46,529 [localhost-startStop-1] INFO  o.s.b.w.s.FilterRegistrationBean 245 - Mapping filter: 'hiddenHttpMethodFilter' to: [/*]
2019-06-10 22:20:46,530 [localhost-startStop-1] INFO  o.s.b.w.s.FilterRegistrationBean 245 - Mapping filter: 'httpPutFormContentFilter' to: [/*]
2019-06-10 22:20:46,530 [localhost-startStop-1] INFO  o.s.b.w.s.FilterRegistrationBean 245 - Mapping filter: 'requestContextFilter' to: [/*]
2019-06-10 22:20:47,065 [main] INFO  com.zaxxer.hikari.HikariDataSource 110 - HikariPool-1 - Starting...
2019-06-10 22:20:47,437 [main] INFO  com.zaxxer.hikari.HikariDataSource 123 - HikariPool-1 - Start completed.
2019-06-10 22:20:47,551 [main] INFO  o.s.o.j.LocalContainerEntityManagerFactoryBean 361 - Building JPA container EntityManagerFactory for persistence unit 'default'
2019-06-10 22:20:47,614 [main] INFO  o.h.jpa.internal.util.LogHelper 31 - HHH000204: Processing PersistenceUnitInfo [
	name: default
	...]
2019-06-10 22:20:48,111 [main] INFO  org.hibernate.Version 45 - HHH000412: Hibernate Core {5.2.17.Final}
2019-06-10 22:20:48,117 [main] INFO  org.hibernate.cfg.Environment 213 - HHH000206: hibernate.properties not found
2019-06-10 22:20:48,352 [main] INFO  o.h.annotations.common.Version 66 - HCANN000001: Hibernate Commons Annotations {5.0.1.Final}
2019-06-10 22:20:48,911 [main] INFO  org.hibernate.dialect.Dialect 157 - HHH000400: Using dialect: org.hibernate.dialect.MySQL5Dialect
2019-06-10 22:20:52,828 [main] INFO  o.s.o.j.LocalContainerEntityManagerFactoryBean 415 - Initialized JPA EntityManagerFactory for persistence unit 'default'
2019-06-10 22:20:53,642 [main] INFO  o.h.h.i.QueryTranslatorFactoryInitiator 47 - HHH000397: Using ASTQueryTranslatorFactory
2019-06-10 22:20:56,038 [main] INFO  c.e.lostandfind.service.Template 322 - Template加入了SpringIoc容器
2019-06-10 22:20:57,387 [main] INFO  c.e.l.i.CheckLoginInterceptor 66 - 这是拦截器
2019-06-10 22:20:57,690 [main] INFO  c.e.lostandfind.redis.RedisConfig 58 - redis被加入到bean
2019-06-10 22:20:58,536 [main] INFO  o.s.w.s.h.SimpleUrlHandlerMapping 373 - Mapped URL path [/**/favicon.ico] onto handler of type [class org.springframework.web.servlet.resource.ResourceHttpRequestHandler]
2019-06-10 22:20:58,926 [main] INFO  o.s.w.s.m.m.a.RequestMappingHandlerAdapter 574 - Looking for @ControllerAdvice: org.springframework.boot.web.servlet.context.AnnotationConfigServletWebServerApplicationContext@548e6d58: startup date [Mon Jun 10 22:20:37 CST 2019]; root of context hierarchy
2019-06-10 22:20:59,001 [main] INFO  c.e.l.LostandfindApplication 54 - 初始化拦截器
2019-06-10 22:20:59,005 [main] WARN  o.s.b.a.o.j.JpaBaseConfiguration$JpaWebConfiguration$JpaWebMvcConfiguration 235 - spring.jpa.open-in-view is enabled by default. Therefore, database queries may be performed during view rendering. Explicitly configure spring.jpa.open-in-view to disable this warning
2019-06-10 22:20:59,082 [main] INFO  o.s.w.s.m.m.a.RequestMappingHandlerMapping 547 - Mapped "{[/identity],methods=[GET]}" onto public java.lang.Object com.example.lostandfind.controller.LafController.decode(java.lang.String,java.lang.String,java.lang.String)
2019-06-10 22:20:59,083 [main] INFO  o.s.w.s.m.m.a.RequestMappingHandlerMapping 547 - Mapped "{[/getUserInfo],methods=[GET]}" onto public java.lang.Object com.example.lostandfind.controller.LafController.getUserInfo(java.lang.String)
2019-06-10 22:20:59,084 [main] INFO  o.s.w.s.m.m.a.RequestMappingHandlerMapping 547 - Mapped "{[/test],methods=[GET]}" onto public java.util.List<com.example.lostandfind.mysql.PushMysql> com.example.lostandfind.controller.LafController.test(java.lang.String)
2019-06-10 22:20:59,085 [main] INFO  o.s.w.s.m.m.a.RequestMappingHandlerMapping 547 - Mapped "{[/addCount],methods=[POST]}" onto public int com.example.lostandfind.controller.LafController.addCount(com.alibaba.fastjson.JSONObject)
2019-06-10 22:20:59,086 [main] INFO  o.s.w.s.m.m.a.RequestMappingHandlerMapping 547 - Mapped "{[/User],methods=[GET]}" onto public java.util.List<com.example.lostandfind.mysql.UserMysql> com.example.lostandfind.controller.LafController.UserList()
2019-06-10 22:20:59,086 [main] INFO  o.s.w.s.m.m.a.RequestMappingHandlerMapping 547 - Mapped "{[/createIndex],methods=[GET]}" onto public java.lang.String com.example.lostandfind.controller.LafController.createIndex()
2019-06-10 22:20:59,087 [main] INFO  o.s.w.s.m.m.a.RequestMappingHandlerMapping 547 - Mapped "{[/getThanks],methods=[GET]}" onto public java.util.List<com.example.lostandfind.mysql.ThanksMysql> com.example.lostandfind.controller.LafController.getThanks()
2019-06-10 22:20:59,088 [main] INFO  o.s.w.s.m.m.a.RequestMappingHandlerMapping 547 - Mapped "{[/openid/{openid}],methods=[GET]}" onto public boolean com.example.lostandfind.controller.LafController.checkOpenId(java.lang.String)
2019-06-10 22:20:59,088 [main] INFO  o.s.w.s.m.m.a.RequestMappingHandlerMapping 547 - Mapped "{[/openid1/{openid}],methods=[GET]}" onto public java.util.List<com.example.lostandfind.mysql.UserMysql> com.example.lostandfind.controller.LafController.checkOpenId1(java.lang.String)
2019-06-10 22:20:59,089 [main] INFO  o.s.w.s.m.m.a.RequestMappingHandlerMapping 547 - Mapped "{[/valuable],methods=[GET]}" onto public java.util.List<com.example.lostandfind.mysql.InfoMysql> com.example.lostandfind.controller.LafController.searchValuableInfo(boolean)
2019-06-10 22:20:59,089 [main] INFO  o.s.w.s.m.m.a.RequestMappingHandlerMapping 547 - Mapped "{[/getValuable],methods=[GET]}" onto public java.util.List<com.example.lostandfind.mysql.InfoMysql> com.example.lostandfind.controller.LafController.getValuale()
2019-06-10 22:20:59,090 [main] INFO  o.s.w.s.m.m.a.RequestMappingHandlerMapping 547 - Mapped "{[/service/info],methods=[GET]}" onto public java.util.List<com.example.lostandfind.mysql.InfoMysql> com.example.lostandfind.controller.LafController.searchInfo(boolean,int)
2019-06-10 22:20:59,091 [main] INFO  o.s.w.s.m.m.a.RequestMappingHandlerMapping 547 - Mapped "{[/msg/{name}],methods=[POST]}" onto public com.example.lostandfind.domain.Result com.example.lostandfind.controller.LafController.addMsg(com.example.lostandfind.mysql.InfoMysql,java.lang.String) throws java.lang.Exception
2019-06-10 22:20:59,092 [main] INFO  o.s.w.s.m.m.a.RequestMappingHandlerMapping 547 - Mapped "{[/deleteInfo],methods=[DELETE]}" onto public boolean com.example.lostandfind.controller.LafController.deleteInfo(com.alibaba.fastjson.JSONObject)
2019-06-10 22:20:59,093 [main] INFO  o.s.w.s.m.m.a.RequestMappingHandlerMapping 547 - Mapped "{[/uploadNews],methods=[POST]}" onto public com.example.lostandfind.mysql.NewsMysql com.example.lostandfind.controller.LafController.uploadNews(org.springframework.web.multipart.MultipartFile,int,int,java.lang.String,java.lang.String,java.lang.String,java.lang.String,java.lang.String) throws java.lang.Exception
2019-06-10 22:20:59,093 [main] INFO  o.s.w.s.m.m.a.RequestMappingHandlerMapping 547 - Mapped "{[/getNews],methods=[GET]}" onto public java.util.List<com.example.lostandfind.mysql.NewsMysql> com.example.lostandfind.controller.LafController.getNews()
2019-06-10 22:20:59,094 [main] INFO  o.s.w.s.m.m.a.RequestMappingHandlerMapping 547 - Mapped "{[/uploadImage],methods=[POST]}" onto public java.lang.Object com.example.lostandfind.controller.LafController.uploadPicture(org.springframework.web.multipart.MultipartFile,int,int,java.lang.String,java.lang.String) throws java.lang.Exception
2019-06-10 22:20:59,095 [main] INFO  o.s.w.s.m.m.a.RequestMappingHandlerMapping 547 - Mapped "{[/confirm/{id}/{confirm}],methods=[POST]}" onto public com.example.lostandfind.mysql.InfoMysql com.example.lostandfind.controller.LafController.doConfirm(java.lang.Integer,boolean)
2019-06-10 22:20:59,096 [main] INFO  o.s.w.s.m.m.a.RequestMappingHandlerMapping 547 - Mapped "{[/manager/{openid}],methods=[POST]}" onto public java.lang.String com.example.lostandfind.controller.LafController.doManager(java.lang.String)
2019-06-10 22:20:59,096 [main] INFO  o.s.w.s.m.m.a.RequestMappingHandlerMapping 547 - Mapped "{[/addManagerFormId],methods=[POST]}" onto public com.example.lostandfind.domain.Result com.example.lostandfind.controller.LafController.addManagerFormId(com.alibaba.fastjson.JSONObject)
2019-06-10 22:20:59,097 [main] INFO  o.s.w.s.m.m.a.RequestMappingHandlerMapping 547 - Mapped "{[/check/{id}/{confirm}/{formId}/{openId}/{num}],methods=[PUT]}" onto public com.example.lostandfind.domain.Result com.example.lostandfind.controller.LafController.doCheck(java.lang.Integer,boolean,java.lang.String,java.lang.String,int)
2019-06-10 22:20:59,097 [main] INFO  o.s.w.s.m.m.a.RequestMappingHandlerMapping 547 - Mapped "{[/finish/{id}],methods=[DELETE]}" onto public java.lang.String com.example.lostandfind.controller.LafController.doFinish(java.lang.Integer)
2019-06-10 22:20:59,098 [main] INFO  o.s.w.s.m.m.a.RequestMappingHandlerMapping 547 - Mapped "{[/search/{index}/{string}/{count}],methods=[GET]}" onto public java.util.List<com.example.lostandfind.mysql.InfoMysql> com.example.lostandfind.controller.LafController.doSearch(java.lang.String,java.lang.Integer,java.lang.Integer) throws java.lang.Exception
2019-06-10 22:20:59,099 [main] INFO  o.s.w.s.m.m.a.RequestMappingHandlerMapping 547 - Mapped "{[/search/history],methods=[PUT]}" onto public com.example.lostandfind.mysql.HistoryMysql com.example.lostandfind.controller.LafController.doAddHistory(com.example.lostandfind.mysql.HistoryMysql)
2019-06-10 22:20:59,099 [main] INFO  o.s.w.s.m.m.a.RequestMappingHandlerMapping 547 - Mapped "{[/search/history/{openid}],methods=[GET]}" onto public com.example.lostandfind.mysql.HistoryMysql com.example.lostandfind.controller.LafController.doSearchHistory(java.lang.String)
2019-06-10 22:20:59,100 [main] INFO  o.s.w.s.m.m.a.RequestMappingHandlerMapping 547 - Mapped "{[/search/eye],methods=[PUT]}" onto public com.example.lostandfind.mysql.HistoryMysql com.example.lostandfind.controller.LafController.doaChangeEye(com.example.lostandfind.mysql.HistoryMysql)
2019-06-10 22:20:59,101 [main] INFO  o.s.w.s.m.m.a.RequestMappingHandlerMapping 547 - Mapped "{[/suggestion],methods=[POST]}" onto public com.example.lostandfind.mysql.SuggestMysql com.example.lostandfind.controller.LafController.WriteSuggestion(com.example.lostandfind.mysql.SuggestMysql)
2019-06-10 22:20:59,102 [main] INFO  o.s.w.s.m.m.a.RequestMappingHandlerMapping 547 - Mapped "{[/getSuggestion],methods=[GET]}" onto public com.alibaba.fastjson.JSONArray com.example.lostandfind.controller.LafController.GetSuggestion()
2019-06-10 22:20:59,103 [main] INFO  o.s.w.s.m.m.a.RequestMappingHandlerMapping 547 - Mapped "{[/get_access_token],methods=[GET]}" onto public com.alibaba.fastjson.JSONObject com.example.lostandfind.controller.LafController.getAccessToken()
2019-06-10 22:20:59,104 [main] INFO  o.s.w.s.m.m.a.RequestMappingHandlerMapping 547 - Mapped "{[/sendTemplateInfo],methods=[GET]}" onto public java.lang.Object com.example.lostandfind.controller.LafController.sendTemplateInfo(java.lang.String,java.lang.String,java.lang.String,java.lang.String,java.lang.String,java.lang.String,int,java.lang.String,java.lang.String,java.lang.String)
2019-06-10 22:20:59,106 [main] INFO  o.s.w.s.m.m.a.RequestMappingHandlerMapping 547 - Mapped "{[/aboutMeNot],methods=[GET]}" onto public java.util.List<com.example.lostandfind.mysql.InfoMysql> com.example.lostandfind.controller.LafController.getNotFinish(java.lang.String)
2019-06-10 22:20:59,106 [main] INFO  o.s.w.s.m.m.a.RequestMappingHandlerMapping 547 - Mapped "{[/aboutMeHas],methods=[GET]}" onto public java.util.List<com.example.lostandfind.mysql.FinishMysql> com.example.lostandfind.controller.LafController.getHasFinish(java.lang.String)
2019-06-10 22:20:59,107 [main] INFO  o.s.w.s.m.m.a.RequestMappingHandlerMapping 547 - Mapped "{[/Card],methods=[GET]}" onto public com.example.lostandfind.mysql.InfoMysql com.example.lostandfind.controller.LafController.getCardInfo(java.lang.String)
2019-06-10 22:20:59,109 [main] INFO  o.s.w.s.m.m.a.RequestMappingHandlerMapping 547 - Mapped "{[/writePersonInfo],methods=[POST]}" onto public com.example.lostandfind.mysql.PersonInfoMysql com.example.lostandfind.controller.LafController.writePersonInfo(com.example.lostandfind.mysql.PersonInfoMysql)
2019-06-10 22:20:59,110 [main] INFO  o.s.w.s.m.m.a.RequestMappingHandlerMapping 547 - Mapped "{[/getPersonInfo],methods=[GET]}" onto public com.example.lostandfind.mysql.PersonInfoMysql com.example.lostandfind.controller.LafController.getPersonInfo(int)
2019-06-10 22:20:59,111 [main] INFO  o.s.w.s.m.m.a.RequestMappingHandlerMapping 547 - Mapped "{[/writeEvaluate/{id}/{openid}/{level}],methods=[POST]}" onto public com.example.lostandfind.mysql.EvaluateMysql com.example.lostandfind.controller.LafController.writeEvaluate(java.lang.Integer,java.lang.Integer,java.lang.Integer)
2019-06-10 22:20:59,112 [main] INFO  o.s.w.s.m.m.a.RequestMappingHandlerMapping 547 - Mapped "{[/getEvaluate],methods=[GET]}" onto public com.example.lostandfind.mysql.EvaluateMysql com.example.lostandfind.controller.LafController.getEvaluate(int)
2019-06-10 22:20:59,113 [main] INFO  o.s.w.s.m.m.a.RequestMappingHandlerMapping 547 - Mapped "{[/getPersonComment],methods=[GET]}" onto public com.alibaba.fastjson.JSONObject com.example.lostandfind.controller.LafController.getPersonComment(java.lang.String)
2019-06-10 22:20:59,114 [main] INFO  o.s.w.s.m.m.a.RequestMappingHandlerMapping 547 - Mapped "{[/writeComment/{user_id}/{info_id}],methods=[POST]}" onto public com.example.lostandfind.mysql.CommentMysql com.example.lostandfind.controller.LafController.writeComment(java.lang.Integer,java.lang.Integer,com.example.lostandfind.mysql.CommentMysql)
2019-06-10 22:20:59,115 [main] INFO  o.s.w.s.m.m.a.RequestMappingHandlerMapping 547 - Mapped "{[/deleteComment/{id}],methods=[DELETE]}" onto public void com.example.lostandfind.controller.LafController.deleteComment(java.lang.Integer)
2019-06-10 22:20:59,115 [main] INFO  o.s.w.s.m.m.a.RequestMappingHandlerMapping 547 - Mapped "{[/changePersonComment/{openid}/{num}/{kind}],methods=[POST]}" onto public com.example.lostandfind.domain.Result com.example.lostandfind.controller.LafController.changePersonComment(java.lang.String,int,int)
2019-06-10 22:20:59,116 [main] INFO  o.s.w.s.m.m.a.RequestMappingHandlerMapping 547 - Mapped "{[/getReport],methods=[GET]}" onto public com.alibaba.fastjson.JSONArray com.example.lostandfind.controller.LafController.getReport()
2019-06-10 22:20:59,117 [main] INFO  o.s.w.s.m.m.a.RequestMappingHandlerMapping 547 - Mapped "{[/reportComment],methods=[POST]}" onto public java.lang.String com.example.lostandfind.controller.LafController.reportC(com.alibaba.fastjson.JSONObject)
2019-06-10 22:20:59,118 [main] INFO  o.s.w.s.m.m.a.RequestMappingHandlerMapping 547 - Mapped "{[/getReportComment],methods=[GET]}" onto public com.alibaba.fastjson.JSONArray com.example.lostandfind.controller.LafController.getReportC()
2019-06-10 22:20:59,118 [main] INFO  o.s.w.s.m.m.a.RequestMappingHandlerMapping 547 - Mapped "{[/processComment],methods=[GET]}" onto public java.lang.String com.example.lostandfind.controller.LafController.processC(boolean,int,int,java.lang.String)
2019-06-10 22:20:59,119 [main] INFO  o.s.w.s.m.m.a.RequestMappingHandlerMapping 547 - Mapped "{[/getPushCount],methods=[GET]}" onto public int com.example.lostandfind.controller.LafController.getPushCount(java.lang.String,boolean)
2019-06-10 22:20:59,120 [main] INFO  o.s.w.s.m.m.a.RequestMappingHandlerMapping 547 - Mapped "{[/getPushInfo],methods=[GET]}" onto public java.util.List<com.example.lostandfind.mysql.PushMysql> com.example.lostandfind.controller.LafController.getPushInfo(java.lang.String,boolean)
2019-06-10 22:20:59,121 [main] INFO  o.s.w.s.m.m.a.RequestMappingHandlerMapping 547 - Mapped "{[/writePush],methods=[POST]}" onto public java.lang.String com.example.lostandfind.controller.LafController.writePush(com.alibaba.fastjson.JSONObject)
2019-06-10 22:20:59,122 [main] INFO  o.s.w.s.m.m.a.RequestMappingHandlerMapping 547 - Mapped "{[/test2],methods=[GET]}" onto public java.util.List<java.util.Map<java.lang.String, java.lang.Object>> com.example.lostandfind.controller.LafController.test2(java.lang.String)
2019-06-10 22:20:59,122 [main] INFO  o.s.w.s.m.m.a.RequestMappingHandlerMapping 547 - Mapped "{[/getSystemCount],methods=[GET]}" onto public int com.example.lostandfind.controller.LafController.getSystemCount(int,java.lang.String)
2019-06-10 22:20:59,123 [main] INFO  o.s.w.s.m.m.a.RequestMappingHandlerMapping 547 - Mapped "{[/getSystemInfo],methods=[GET]}" onto public java.util.List<com.example.lostandfind.mysql.SystemInformMysql> com.example.lostandfind.controller.LafController.getSystemInfo(int,java.lang.String)
2019-06-10 22:20:59,125 [main] INFO  o.s.w.s.m.m.a.RequestMappingHandlerMapping 547 - Mapped "{[/hasLookInfo],methods=[GET]}" onto public int com.example.lostandfind.controller.LafController.hasLookInfo(java.lang.String)
2019-06-10 22:20:59,126 [main] INFO  o.s.w.s.m.m.a.RequestMappingHandlerMapping 547 - Mapped "{[/addCollect],methods=[POST]}" onto public com.example.lostandfind.domain.Result com.example.lostandfind.controller.LafController.addCollect(com.alibaba.fastjson.JSONObject)
2019-06-10 22:20:59,127 [main] INFO  o.s.w.s.m.m.a.RequestMappingHandlerMapping 547 - Mapped "{[/removeCollect],methods=[GET]}" onto public com.example.lostandfind.domain.Result com.example.lostandfind.controller.LafController.reomveCollect(int,int)
2019-06-10 22:20:59,127 [main] INFO  o.s.w.s.m.m.a.RequestMappingHandlerMapping 547 - Mapped "{[/hasCollect],methods=[GET]}" onto public java.lang.Object com.example.lostandfind.controller.LafController.hasCollect(int,int)
2019-06-10 22:20:59,128 [main] INFO  o.s.w.s.m.m.a.RequestMappingHandlerMapping 547 - Mapped "{[/collectInfos],methods=[GET]}" onto public java.util.List<com.example.lostandfind.mysql.InfoMysql> com.example.lostandfind.controller.LafController.collectInfos(int)
2019-06-10 22:20:59,128 [main] INFO  o.s.w.s.m.m.a.RequestMappingHandlerMapping 547 - Mapped "{[/infoCount],methods=[GET]}" onto public com.alibaba.fastjson.JSONObject com.example.lostandfind.controller.LafController.infoCount(java.lang.String)
2019-06-10 22:20:59,129 [main] INFO  o.s.w.s.m.m.a.RequestMappingHandlerMapping 547 - Mapped "{[/writeFormId],methods=[POST]}" onto public com.example.lostandfind.domain.Result com.example.lostandfind.controller.LafController.writeFormId(com.alibaba.fastjson.JSONObject)
2019-06-10 22:20:59,131 [main] INFO  o.s.w.s.m.m.a.RequestMappingHandlerMapping 547 - Mapped "{[/deleteNews],methods=[DELETE]}" onto public com.example.lostandfind.domain.Result com.example.lostandfind.controller.LafController.deleteNews(com.example.lostandfind.mysql.NewsMysql)
2019-06-10 22:20:59,132 [main] INFO  o.s.w.s.m.m.a.RequestMappingHandlerMapping 547 - Mapped "{[/writeThanks],methods=[POST]}" onto public com.example.lostandfind.mysql.ThanksMysql com.example.lostandfind.controller.LafController.writeThanks(com.example.lostandfind.mysql.ThanksMysql)
2019-06-10 22:20:59,134 [main] INFO  o.s.w.s.m.m.a.RequestMappingHandlerMapping 547 - Mapped "{[/testname],methods=[GET]}" onto public void com.example.lostandfind.controller.LafController.testname(java.lang.String)
2019-06-10 22:20:59,135 [main] INFO  o.s.w.s.m.m.a.RequestMappingHandlerMapping 547 - Mapped "{[/testHTML],methods=[GET]}" onto public com.alibaba.fastjson.JSONObject com.example.lostandfind.controller.LafController.testHTML()
2019-06-10 22:20:59,136 [main] INFO  o.s.w.s.m.m.a.RequestMappingHandlerMapping 547 - Mapped "{[/report],methods=[POST]}" onto public java.lang.String com.example.lostandfind.controller.LafController.report(com.alibaba.fastjson.JSONObject)
2019-06-10 22:20:59,136 [main] INFO  o.s.w.s.m.m.a.RequestMappingHandlerMapping 547 - Mapped "{[/getComment],methods=[GET]}" onto public com.alibaba.fastjson.JSONArray com.example.lostandfind.controller.LafController.getComment(int)
2019-06-10 22:20:59,138 [main] INFO  o.s.w.s.m.m.a.RequestMappingHandlerMapping 547 - Mapped "{[/process],methods=[GET]}" onto public java.lang.String com.example.lostandfind.controller.LafController.process(boolean,int,int,java.lang.String)
2019-06-10 22:20:59,139 [main] INFO  o.s.w.s.m.m.a.RequestMappingHandlerMapping 547 - Mapped "{[/timeout],methods=[GET]}" onto public java.util.List<com.example.lostandfind.mysql.FinishMysql> com.example.lostandfind.controller.LafController.getTimeout(java.lang.String)
2019-06-10 22:20:59,140 [main] INFO  o.s.w.s.m.m.a.RequestMappingHandlerMapping 547 - Mapped "{[/getInfo1],methods=[GET]}" onto public java.lang.Object com.example.lostandfind.controller.LafController.getInfo(java.lang.String,int) throws java.lang.Exception
2019-06-10 22:20:59,141 [main] INFO  o.s.w.s.m.m.a.RequestMappingHandlerMapping 547 - Mapped "{[/getVersion],methods=[GET]}" onto public double com.example.lostandfind.controller.LafController.getVersion()
2019-06-10 22:20:59,143 [main] INFO  o.s.w.s.m.m.a.RequestMappingHandlerMapping 547 - Mapped "{[/search/detele/{openid}],methods=[DELETE]}" onto public com.example.lostandfind.mysql.HistoryMysql com.example.lostandfind.controller.LafController.doDelete(java.lang.String)
2019-06-10 22:20:59,143 [main] INFO  o.s.w.s.m.m.a.RequestMappingHandlerMapping 547 - Mapped "{[/user],methods=[POST]}" onto public com.example.lostandfind.domain.Result com.example.lostandfind.controller.LafController.addUser(com.example.lostandfind.mysql.UserMysql)
2019-06-10 22:20:59,144 [main] INFO  o.s.w.s.m.m.a.RequestMappingHandlerMapping 547 - Mapped "{[/User],methods=[POST]}" onto public com.example.lostandfind.domain.Result com.example.lostandfind.controller.LafController.addUser(com.example.lostandfind.mysql.UserMysql,org.springframework.validation.BindingResult)
2019-06-10 22:20:59,145 [main] INFO  o.s.w.s.m.m.a.RequestMappingHandlerMapping 547 - Mapped "{[/manager],methods=[GET]}" onto public com.github.pagehelper.Page<com.example.lostandfind.mysql.ManagerMysql> com.example.lostandfind.controller.LafController.getManager()
2019-06-10 22:20:59,149 [main] INFO  o.s.w.s.m.m.a.RequestMappingHandlerMapping 547 - Mapped "{[/manager/exit],methods=[GET]}" onto public boolean com.example.lostandfind.controller.ManagerController.exit(javax.servlet.http.HttpServletRequest,javax.servlet.http.HttpServletResponse)
2019-06-10 22:20:59,151 [main] INFO  o.s.w.s.m.m.a.RequestMappingHandlerMapping 547 - Mapped "{[/manager/look],methods=[GET]}" onto public java.util.List<com.example.lostandfind.mysql.PersonInfoMysql> com.example.lostandfind.controller.ManagerController.look()
2019-06-10 22:20:59,151 [main] INFO  o.s.w.s.m.m.a.RequestMappingHandlerMapping 547 - Mapped "{[/manager/addManager],methods=[GET]}" onto public java.lang.String com.example.lostandfind.controller.ManagerController.addManager(java.lang.String)
2019-06-10 22:20:59,152 [main] INFO  o.s.w.s.m.m.a.RequestMappingHandlerMapping 547 - Mapped "{[/manager/deleteManager],methods=[GET]}" onto public java.lang.String com.example.lostandfind.controller.ManagerController.deleteManager(java.lang.String)
2019-06-10 22:20:59,155 [main] INFO  o.s.w.s.m.m.a.RequestMappingHandlerMapping 547 - Mapped "{[/manager/getEva],methods=[GET]}" onto public com.alibaba.fastjson.JSONArray com.example.lostandfind.controller.ManagerController.getEva()
2019-06-10 22:20:59,155 [main] INFO  o.s.w.s.m.m.a.RequestMappingHandlerMapping 547 - Mapped "{[/manager/login],methods=[GET]}" onto public java.lang.String com.example.lostandfind.controller.ManagerController.login(java.lang.String,java.lang.String,javax.servlet.http.HttpServletResponse,javax.servlet.http.HttpServletRequest)
2019-06-10 22:20:59,156 [main] INFO  o.s.w.s.m.m.a.RequestMappingHandlerMapping 547 - Mapped "{[/manager/getLogin],methods=[GET]}" onto public boolean com.example.lostandfind.controller.ManagerController.getLogin(javax.servlet.http.HttpServletRequest,javax.servlet.http.HttpServletResponse)
2019-06-10 22:20:59,158 [main] INFO  o.s.w.s.m.m.a.RequestMappingHandlerMapping 547 - Mapped "{[/manager/getSchool],methods=[GET]}" onto public java.util.List<com.example.lostandfind.mysql.PersonInfoMysql> com.example.lostandfind.controller.ManagerController.getSchool()
2019-06-10 22:20:59,160 [main] INFO  o.s.w.s.m.m.a.RequestMappingHandlerMapping 547 - Mapped "{[/manager/getFinish],methods=[GET]}" onto public java.util.List<com.example.lostandfind.mysql.FinishMysql> com.example.lostandfind.controller.ManagerController.getFinish()
2019-06-10 22:20:59,161 [main] INFO  o.s.w.s.m.m.a.RequestMappingHandlerMapping 547 - Mapped "{[/manager/getSearchFinish/{start}/{end}],methods=[GET]}" onto public java.util.List<com.example.lostandfind.mysql.FinishMysql> com.example.lostandfind.controller.ManagerController.getSearchFinish(java.lang.String,java.lang.String)
2019-06-10 22:20:59,162 [main] INFO  o.s.w.s.m.m.a.RequestMappingHandlerMapping 547 - Mapped "{[/manager/getInfo],methods=[GET]}" onto public java.lang.Object com.example.lostandfind.controller.ManagerController.getInfo(java.lang.String)
2019-06-10 22:20:59,170 [main] INFO  o.s.w.s.m.m.a.RequestMappingHandlerMapping 547 - Mapped "{[/error]}" onto public org.springframework.http.ResponseEntity<java.util.Map<java.lang.String, java.lang.Object>> org.springframework.boot.autoconfigure.web.servlet.error.BasicErrorController.error(javax.servlet.http.HttpServletRequest)
2019-06-10 22:20:59,171 [main] INFO  o.s.w.s.m.m.a.RequestMappingHandlerMapping 547 - Mapped "{[/error],produces=[text/html]}" onto public org.springframework.web.servlet.ModelAndView org.springframework.boot.autoconfigure.web.servlet.error.BasicErrorController.errorHtml(javax.servlet.http.HttpServletRequest,javax.servlet.http.HttpServletResponse)
2019-06-10 22:20:59,279 [main] INFO  o.s.w.s.h.SimpleUrlHandlerMapping 373 - Mapped URL path [/webjars/**] onto handler of type [class org.springframework.web.servlet.resource.ResourceHttpRequestHandler]
2019-06-10 22:20:59,280 [main] INFO  o.s.w.s.h.SimpleUrlHandlerMapping 373 - Mapped URL path [/**] onto handler of type [class org.springframework.web.servlet.resource.ResourceHttpRequestHandler]
2019-06-10 22:21:00,313 [main] INFO  o.s.j.e.a.AnnotationMBeanExporter 433 - Registering beans for JMX exposure on startup
2019-06-10 22:21:00,320 [main] INFO  o.s.j.e.a.AnnotationMBeanExporter 895 - Bean with name 'dataSource' has been autodetected for JMX exposure
2019-06-10 22:21:00,332 [main] INFO  o.s.j.e.a.AnnotationMBeanExporter 668 - Located MBean 'dataSource': registering with JMX server as MBean [com.zaxxer.hikari:name=dataSource,type=HikariDataSource]
2019-06-10 22:21:00,340 [main] INFO  o.s.c.s.DefaultLifecycleProcessor 351 - Starting beans in phase 2147483647
2019-06-10 22:21:00,535 [container-1] INFO  io.lettuce.core.EpollProvider 101 - Starting without optional epoll library
2019-06-10 22:21:00,539 [container-1] INFO  io.lettuce.core.KqueueProvider 101 - Starting without optional kqueue library
2019-06-10 22:21:05,365 [main] INFO  o.s.s.a.ScheduledAnnotationBeanPostProcessor 275 - No TaskScheduler/ScheduledExecutorService bean found for scheduled processing
2019-06-10 22:21:05,388 [main] INFO  o.a.coyote.http11.Http11NioProtocol 180 - Starting ProtocolHandler ["http-nio-8080"]
2019-06-10 22:21:05,403 [main] INFO  o.a.tomcat.util.net.NioSelectorPool 180 - Using a shared selector for servlet write/read
2019-06-10 22:21:05,438 [main] INFO  o.s.b.w.e.tomcat.TomcatWebServer 206 - Tomcat started on port(s): 8080 (http) with context path ''
2019-06-10 22:21:05,445 [main] INFO  c.e.l.LostandfindApplication 59 - Started LostandfindApplication in 30.365 seconds (JVM running for 32.413)
2019-06-10 22:53:17,226 [http-nio-8080-exec-1] INFO  o.a.c.c.C.[Tomcat].[localhost].[/] 180 - Initializing Spring FrameworkServlet 'dispatcherServlet'
2019-06-10 22:53:17,228 [http-nio-8080-exec-1] INFO  o.s.web.servlet.DispatcherServlet 494 - FrameworkServlet 'dispatcherServlet': initialization started
2019-06-10 22:53:17,277 [http-nio-8080-exec-1] INFO  o.s.web.servlet.DispatcherServlet 509 - FrameworkServlet 'dispatcherServlet': initialization completed in 49 ms
2019-06-10 23:04:07,847 [Thread-61] INFO  o.s.b.w.s.c.AnnotationConfigServletWebServerApplicationContext 993 - Closing org.springframework.boot.web.servlet.context.AnnotationConfigServletWebServerApplicationContext@548e6d58: startup date [Mon Jun 10 22:20:37 CST 2019]; root of context hierarchy
2019-06-10 23:04:07,853 [Thread-61] INFO  o.s.c.s.DefaultLifecycleProcessor 366 - Stopping beans in phase 2147483647
2019-06-10 23:04:07,865 [Thread-61] INFO  o.s.j.e.a.AnnotationMBeanExporter 451 - Unregistering JMX-exposed beans on shutdown
2019-06-10 23:04:07,866 [Thread-61] INFO  o.s.j.e.a.AnnotationMBeanExporter 185 - Unregistering JMX-exposed beans
2019-06-10 23:04:09,001 [Thread-61] INFO  o.s.o.j.LocalContainerEntityManagerFactoryBean 597 - Closing JPA EntityManagerFactory for persistence unit 'default'
2019-06-10 23:04:09,003 [Thread-61] INFO  com.zaxxer.hikari.HikariDataSource 381 - HikariPool-1 - Shutdown initiated...
2019-06-10 23:04:09,011 [Thread-61] INFO  com.zaxxer.hikari.HikariDataSource 383 - HikariPool-1 - Shutdown completed.
2019-06-10 23:04:17,875 [main] INFO  c.e.l.LostandfindApplication 50 - Starting LostandfindApplication on zhangbingdeMacBook-Air.local with PID 3080 (/Users/zhangcong/IdeaProjects/lostandfind/target/classes started by zhangcong in /Users/zhangcong/IdeaProjects/lostandfind)
2019-06-10 23:04:17,883 [main] INFO  c.e.l.LostandfindApplication 662 - No active profile set, falling back to default profiles: default
2019-06-10 23:04:18,068 [main] INFO  o.s.b.w.s.c.AnnotationConfigServletWebServerApplicationContext 590 - Refreshing org.springframework.boot.web.servlet.context.AnnotationConfigServletWebServerApplicationContext@683dbc2c: startup date [Mon Jun 10 23:04:18 CST 2019]; root of context hierarchy
2019-06-10 23:04:19,919 [main] INFO  o.s.d.r.c.RepositoryConfigurationDelegate 163 - Multiple Spring Data modules found, entering strict repository configuration mode!
2019-06-10 23:04:20,090 [main] INFO  o.s.d.r.c.RepositoryConfigurationDelegate 163 - Multiple Spring Data modules found, entering strict repository configuration mode!
2019-06-10 23:04:20,113 [main] INFO  o.s.d.r.c.RepositoryConfigurationExtensionSupport 297 - Spring Data Redis - Could not safely identify store assignment for repository candidate interface com.example.lostandfind.repository.CommentRespository.
2019-06-10 23:04:20,114 [main] INFO  o.s.d.r.c.RepositoryConfigurationExtensionSupport 297 - Spring Data Redis - Could not safely identify store assignment for repository candidate interface com.example.lostandfind.repository.EvaluateRespository.
2019-06-10 23:04:20,115 [main] INFO  o.s.d.r.c.RepositoryConfigurationExtensionSupport 297 - Spring Data Redis - Could not safely identify store assignment for repository candidate interface com.example.lostandfind.repository.FinishRespository.
2019-06-10 23:04:20,116 [main] INFO  o.s.d.r.c.RepositoryConfigurationExtensionSupport 297 - Spring Data Redis - Could not safely identify store assignment for repository candidate interface com.example.lostandfind.repository.GradeRepository.
2019-06-10 23:04:20,117 [main] INFO  o.s.d.r.c.RepositoryConfigurationExtensionSupport 297 - Spring Data Redis - Could not safely identify store assignment for repository candidate interface com.example.lostandfind.repository.HistoryRepository.
2019-06-10 23:04:20,118 [main] INFO  o.s.d.r.c.RepositoryConfigurationExtensionSupport 297 - Spring Data Redis - Could not safely identify store assignment for repository candidate interface com.example.lostandfind.repository.InfoRepository.
2019-06-10 23:04:20,119 [main] INFO  o.s.d.r.c.RepositoryConfigurationExtensionSupport 297 - Spring Data Redis - Could not safely identify store assignment for repository candidate interface com.example.lostandfind.repository.ManageRepository.
2019-06-10 23:04:20,120 [main] INFO  o.s.d.r.c.RepositoryConfigurationExtensionSupport 297 - Spring Data Redis - Could not safely identify store assignment for repository candidate interface com.example.lostandfind.repository.NewsRepository.
2019-06-10 23:04:20,121 [main] INFO  o.s.d.r.c.RepositoryConfigurationExtensionSupport 297 - Spring Data Redis - Could not safely identify store assignment for repository candidate interface com.example.lostandfind.repository.PersonInfoRespository.
2019-06-10 23:04:20,122 [main] INFO  o.s.d.r.c.RepositoryConfigurationExtensionSupport 297 - Spring Data Redis - Could not safely identify store assignment for repository candidate interface com.example.lostandfind.repository.PushRepository.
2019-06-10 23:04:20,123 [main] INFO  o.s.d.r.c.RepositoryConfigurationExtensionSupport 297 - Spring Data Redis - Could not safely identify store assignment for repository candidate interface com.example.lostandfind.repository.ReportCommentRepository.
2019-06-10 23:04:20,124 [main] INFO  o.s.d.r.c.RepositoryConfigurationExtensionSupport 297 - Spring Data Redis - Could not safely identify store assignment for repository candidate interface com.example.lostandfind.repository.ReportRepository.
2019-06-10 23:04:20,124 [main] INFO  o.s.d.r.c.RepositoryConfigurationExtensionSupport 297 - Spring Data Redis - Could not safely identify store assignment for repository candidate interface com.example.lostandfind.repository.SuggestRepository.
2019-06-10 23:04:20,125 [main] INFO  o.s.d.r.c.RepositoryConfigurationExtensionSupport 297 - Spring Data Redis - Could not safely identify store assignment for repository candidate interface com.example.lostandfind.repository.SystemInformRepository.
2019-06-10 23:04:20,126 [main] INFO  o.s.d.r.c.RepositoryConfigurationExtensionSupport 297 - Spring Data Redis - Could not safely identify store assignment for repository candidate interface com.example.lostandfind.repository.ThanksRepository.
2019-06-10 23:04:20,128 [main] INFO  o.s.d.r.c.RepositoryConfigurationExtensionSupport 297 - Spring Data Redis - Could not safely identify store assignment for repository candidate interface com.example.lostandfind.repository.UserRepository.
2019-06-10 23:04:20,755 [main] INFO  o.s.c.s.PostProcessorRegistrationDelegate$BeanPostProcessorChecker 326 - Bean 'org.springframework.transaction.annotation.ProxyTransactionManagementConfiguration' of type [org.springframework.transaction.annotation.ProxyTransactionManagementConfiguration$$EnhancerBySpringCGLIB$$fb23ca8d] is not eligible for getting processed by all BeanPostProcessors (for example: not eligible for auto-proxying)
2019-06-10 23:04:20,874 [main] INFO  o.s.c.s.PostProcessorRegistrationDelegate$BeanPostProcessorChecker 326 - Bean 'redisConfig' of type [com.example.lostandfind.redis.RedisConfig$$EnhancerBySpringCGLIB$$75775d29] is not eligible for getting processed by all BeanPostProcessors (for example: not eligible for auto-proxying)
2019-06-10 23:04:21,401 [main] INFO  o.s.b.w.e.tomcat.TomcatWebServer 91 - Tomcat initialized with port(s): 8080 (http)
2019-06-10 23:04:21,416 [main] INFO  o.a.coyote.http11.Http11NioProtocol 180 - Initializing ProtocolHandler ["http-nio-8080"]
2019-06-10 23:04:21,427 [main] INFO  o.a.catalina.core.StandardService 180 - Starting service [Tomcat]
2019-06-10 23:04:21,427 [main] INFO  o.a.catalina.core.StandardEngine 180 - Starting Servlet Engine: Apache Tomcat/8.5.32
2019-06-10 23:04:21,433 [localhost-startStop-1] INFO  o.a.c.core.AprLifecycleListener 180 - The APR based Apache Tomcat Native library which allows optimal performance in production environments was not found on the java.library.path: [/Users/zhangcong/Library/Java/Extensions:/Library/Java/Extensions:/Network/Library/Java/Extensions:/System/Library/Java/Extensions:/usr/lib/java:.]
2019-06-10 23:04:21,714 [localhost-startStop-1] INFO  o.a.c.c.C.[Tomcat].[localhost].[/] 180 - Initializing Spring embedded WebApplicationContext
2019-06-10 23:04:21,714 [localhost-startStop-1] INFO  o.s.web.context.ContextLoader 285 - Root WebApplicationContext: initialization completed in 3646 ms
2019-06-10 23:04:21,806 [localhost-startStop-1] INFO  o.s.b.w.s.ServletRegistrationBean 187 - Servlet dispatcherServlet mapped to [/]
2019-06-10 23:04:21,811 [localhost-startStop-1] INFO  o.s.b.w.s.FilterRegistrationBean 245 - Mapping filter: 'characterEncodingFilter' to: [/*]
2019-06-10 23:04:21,811 [localhost-startStop-1] INFO  o.s.b.w.s.FilterRegistrationBean 245 - Mapping filter: 'hiddenHttpMethodFilter' to: [/*]
2019-06-10 23:04:21,812 [localhost-startStop-1] INFO  o.s.b.w.s.FilterRegistrationBean 245 - Mapping filter: 'httpPutFormContentFilter' to: [/*]
2019-06-10 23:04:21,812 [localhost-startStop-1] INFO  o.s.b.w.s.FilterRegistrationBean 245 - Mapping filter: 'requestContextFilter' to: [/*]
2019-06-10 23:04:22,026 [main] INFO  com.zaxxer.hikari.HikariDataSource 110 - HikariPool-1 - Starting...
2019-06-10 23:04:22,241 [main] INFO  com.zaxxer.hikari.HikariDataSource 123 - HikariPool-1 - Start completed.
2019-06-10 23:04:22,285 [main] INFO  o.s.o.j.LocalContainerEntityManagerFactoryBean 361 - Building JPA container EntityManagerFactory for persistence unit 'default'
2019-06-10 23:04:22,297 [main] INFO  o.h.jpa.internal.util.LogHelper 31 - HHH000204: Processing PersistenceUnitInfo [
	name: default
	...]
2019-06-10 23:04:22,385 [main] INFO  org.hibernate.Version 45 - HHH000412: Hibernate Core {5.2.17.Final}
2019-06-10 23:04:22,389 [main] INFO  org.hibernate.cfg.Environment 213 - HHH000206: hibernate.properties not found
2019-06-10 23:04:22,431 [main] INFO  o.h.annotations.common.Version 66 - HCANN000001: Hibernate Commons Annotations {5.0.1.Final}
2019-06-10 23:04:22,607 [main] INFO  org.hibernate.dialect.Dialect 157 - HHH000400: Using dialect: org.hibernate.dialect.MySQL5Dialect
2019-06-10 23:04:23,917 [main] INFO  o.s.o.j.LocalContainerEntityManagerFactoryBean 415 - Initialized JPA EntityManagerFactory for persistence unit 'default'
2019-06-10 23:04:24,395 [main] INFO  o.h.h.i.QueryTranslatorFactoryInitiator 47 - HHH000397: Using ASTQueryTranslatorFactory
2019-06-10 23:04:25,342 [main] INFO  c.e.lostandfind.service.Template 322 - Template加入了SpringIoc容器
2019-06-10 23:04:25,948 [main] INFO  c.e.l.i.CheckLoginInterceptor 67 - 这是拦截器
2019-06-10 23:04:26,036 [main] INFO  c.e.lostandfind.redis.RedisConfig 58 - redis被加入到bean
2019-06-10 23:04:26,201 [main] INFO  o.s.w.s.h.SimpleUrlHandlerMapping 373 - Mapped URL path [/**/favicon.ico] onto handler of type [class org.springframework.web.servlet.resource.ResourceHttpRequestHandler]
2019-06-10 23:04:26,383 [main] INFO  o.s.w.s.m.m.a.RequestMappingHandlerAdapter 574 - Looking for @ControllerAdvice: org.springframework.boot.web.servlet.context.AnnotationConfigServletWebServerApplicationContext@683dbc2c: startup date [Mon Jun 10 23:04:18 CST 2019]; root of context hierarchy
2019-06-10 23:04:26,422 [main] INFO  c.e.l.LostandfindApplication 54 - 初始化拦截器
2019-06-10 23:04:26,427 [main] WARN  o.s.b.a.o.j.JpaBaseConfiguration$JpaWebConfiguration$JpaWebMvcConfiguration 235 - spring.jpa.open-in-view is enabled by default. Therefore, database queries may be performed during view rendering. Explicitly configure spring.jpa.open-in-view to disable this warning
2019-06-10 23:04:26,488 [main] INFO  o.s.w.s.m.m.a.RequestMappingHandlerMapping 547 - Mapped "{[/identity],methods=[GET]}" onto public java.lang.Object com.example.lostandfind.controller.LafController.decode(java.lang.String,java.lang.String,java.lang.String)
2019-06-10 23:04:26,489 [main] INFO  o.s.w.s.m.m.a.RequestMappingHandlerMapping 547 - Mapped "{[/getUserInfo],methods=[GET]}" onto public java.lang.Object com.example.lostandfind.controller.LafController.getUserInfo(java.lang.String)
2019-06-10 23:04:26,490 [main] INFO  o.s.w.s.m.m.a.RequestMappingHandlerMapping 547 - Mapped "{[/test],methods=[GET]}" onto public java.util.List<com.example.lostandfind.mysql.PushMysql> com.example.lostandfind.controller.LafController.test(java.lang.String)
2019-06-10 23:04:26,491 [main] INFO  o.s.w.s.m.m.a.RequestMappingHandlerMapping 547 - Mapped "{[/addCount],methods=[POST]}" onto public int com.example.lostandfind.controller.LafController.addCount(com.alibaba.fastjson.JSONObject)
2019-06-10 23:04:26,491 [main] INFO  o.s.w.s.m.m.a.RequestMappingHandlerMapping 547 - Mapped "{[/manager],methods=[GET]}" onto public com.github.pagehelper.Page<com.example.lostandfind.mysql.ManagerMysql> com.example.lostandfind.controller.LafController.getManager()
2019-06-10 23:04:26,491 [main] INFO  o.s.w.s.m.m.a.RequestMappingHandlerMapping 547 - Mapped "{[/report],methods=[POST]}" onto public java.lang.String com.example.lostandfind.controller.LafController.report(com.alibaba.fastjson.JSONObject)
2019-06-10 23:04:26,492 [main] INFO  o.s.w.s.m.m.a.RequestMappingHandlerMapping 547 - Mapped "{[/getInfo1],methods=[GET]}" onto public java.lang.Object com.example.lostandfind.controller.LafController.getInfo(java.lang.String,int) throws java.lang.Exception
2019-06-10 23:04:26,492 [main] INFO  o.s.w.s.m.m.a.RequestMappingHandlerMapping 547 - Mapped "{[/getVersion],methods=[GET]}" onto public double com.example.lostandfind.controller.LafController.getVersion()
2019-06-10 23:04:26,492 [main] INFO  o.s.w.s.m.m.a.RequestMappingHandlerMapping 547 - Mapped "{[/process],methods=[GET]}" onto public java.lang.String com.example.lostandfind.controller.LafController.process(boolean,int,int,java.lang.String)
2019-06-10 23:04:26,493 [main] INFO  o.s.w.s.m.m.a.RequestMappingHandlerMapping 547 - Mapped "{[/getComment],methods=[GET]}" onto public com.alibaba.fastjson.JSONArray com.example.lostandfind.controller.LafController.getComment(int)
2019-06-10 23:04:26,493 [main] INFO  o.s.w.s.m.m.a.RequestMappingHandlerMapping 547 - Mapped "{[/timeout],methods=[GET]}" onto public java.util.List<com.example.lostandfind.mysql.FinishMysql> com.example.lostandfind.controller.LafController.getTimeout(java.lang.String)
2019-06-10 23:04:26,494 [main] INFO  o.s.w.s.m.m.a.RequestMappingHandlerMapping 547 - Mapped "{[/search/detele/{openid}],methods=[DELETE]}" onto public com.example.lostandfind.mysql.HistoryMysql com.example.lostandfind.controller.LafController.doDelete(java.lang.String)
2019-06-10 23:04:26,494 [main] INFO  o.s.w.s.m.m.a.RequestMappingHandlerMapping 547 - Mapped "{[/user],methods=[POST]}" onto public com.example.lostandfind.domain.Result com.example.lostandfind.controller.LafController.addUser(com.example.lostandfind.mysql.UserMysql)
2019-06-10 23:04:26,495 [main] INFO  o.s.w.s.m.m.a.RequestMappingHandlerMapping 547 - Mapped "{[/User],methods=[POST]}" onto public com.example.lostandfind.domain.Result com.example.lostandfind.controller.LafController.addUser(com.example.lostandfind.mysql.UserMysql,org.springframework.validation.BindingResult)
2019-06-10 23:04:26,495 [main] INFO  o.s.w.s.m.m.a.RequestMappingHandlerMapping 547 - Mapped "{[/User],methods=[GET]}" onto public java.util.List<com.example.lostandfind.mysql.UserMysql> com.example.lostandfind.controller.LafController.UserList()
2019-06-10 23:04:26,496 [main] INFO  o.s.w.s.m.m.a.RequestMappingHandlerMapping 547 - Mapped "{[/createIndex],methods=[GET]}" onto public java.lang.String com.example.lostandfind.controller.LafController.createIndex()
2019-06-10 23:04:26,496 [main] INFO  o.s.w.s.m.m.a.RequestMappingHandlerMapping 547 - Mapped "{[/getThanks],methods=[GET]}" onto public java.util.List<com.example.lostandfind.mysql.ThanksMysql> com.example.lostandfind.controller.LafController.getThanks()
2019-06-10 23:04:26,496 [main] INFO  o.s.w.s.m.m.a.RequestMappingHandlerMapping 547 - Mapped "{[/openid/{openid}],methods=[GET]}" onto public boolean com.example.lostandfind.controller.LafController.checkOpenId(java.lang.String)
2019-06-10 23:04:26,497 [main] INFO  o.s.w.s.m.m.a.RequestMappingHandlerMapping 547 - Mapped "{[/openid1/{openid}],methods=[GET]}" onto public java.util.List<com.example.lostandfind.mysql.UserMysql> com.example.lostandfind.controller.LafController.checkOpenId1(java.lang.String)
2019-06-10 23:04:26,497 [main] INFO  o.s.w.s.m.m.a.RequestMappingHandlerMapping 547 - Mapped "{[/valuable],methods=[GET]}" onto public java.util.List<com.example.lostandfind.mysql.InfoMysql> com.example.lostandfind.controller.LafController.searchValuableInfo(boolean)
2019-06-10 23:04:26,498 [main] INFO  o.s.w.s.m.m.a.RequestMappingHandlerMapping 547 - Mapped "{[/getValuable],methods=[GET]}" onto public java.util.List<com.example.lostandfind.mysql.InfoMysql> com.example.lostandfind.controller.LafController.getValuale()
2019-06-10 23:04:26,498 [main] INFO  o.s.w.s.m.m.a.RequestMappingHandlerMapping 547 - Mapped "{[/service/info],methods=[GET]}" onto public java.util.List<com.example.lostandfind.mysql.InfoMysql> com.example.lostandfind.controller.LafController.searchInfo(boolean,int)
2019-06-10 23:04:26,499 [main] INFO  o.s.w.s.m.m.a.RequestMappingHandlerMapping 547 - Mapped "{[/msg/{name}],methods=[POST]}" onto public com.example.lostandfind.domain.Result com.example.lostandfind.controller.LafController.addMsg(com.example.lostandfind.mysql.InfoMysql,java.lang.String) throws java.lang.Exception
2019-06-10 23:04:26,499 [main] INFO  o.s.w.s.m.m.a.RequestMappingHandlerMapping 547 - Mapped "{[/deleteInfo],methods=[DELETE]}" onto public boolean com.example.lostandfind.controller.LafController.deleteInfo(com.alibaba.fastjson.JSONObject)
2019-06-10 23:04:26,499 [main] INFO  o.s.w.s.m.m.a.RequestMappingHandlerMapping 547 - Mapped "{[/uploadNews],methods=[POST]}" onto public com.example.lostandfind.mysql.NewsMysql com.example.lostandfind.controller.LafController.uploadNews(org.springframework.web.multipart.MultipartFile,int,int,java.lang.String,java.lang.String,java.lang.String,java.lang.String,java.lang.String) throws java.lang.Exception
2019-06-10 23:04:26,500 [main] INFO  o.s.w.s.m.m.a.RequestMappingHandlerMapping 547 - Mapped "{[/getNews],methods=[GET]}" onto public java.util.List<com.example.lostandfind.mysql.NewsMysql> com.example.lostandfind.controller.LafController.getNews()
2019-06-10 23:04:26,500 [main] INFO  o.s.w.s.m.m.a.RequestMappingHandlerMapping 547 - Mapped "{[/uploadImage],methods=[POST]}" onto public java.lang.Object com.example.lostandfind.controller.LafController.uploadPicture(org.springframework.web.multipart.MultipartFile,int,int,java.lang.String,java.lang.String) throws java.lang.Exception
2019-06-10 23:04:26,501 [main] INFO  o.s.w.s.m.m.a.RequestMappingHandlerMapping 547 - Mapped "{[/confirm/{id}/{confirm}],methods=[POST]}" onto public com.example.lostandfind.mysql.InfoMysql com.example.lostandfind.controller.LafController.doConfirm(java.lang.Integer,boolean)
2019-06-10 23:04:26,501 [main] INFO  o.s.w.s.m.m.a.RequestMappingHandlerMapping 547 - Mapped "{[/manager/{openid}],methods=[POST]}" onto public java.lang.String com.example.lostandfind.controller.LafController.doManager(java.lang.String)
2019-06-10 23:04:26,502 [main] INFO  o.s.w.s.m.m.a.RequestMappingHandlerMapping 547 - Mapped "{[/addManagerFormId],methods=[POST]}" onto public com.example.lostandfind.domain.Result com.example.lostandfind.controller.LafController.addManagerFormId(com.alibaba.fastjson.JSONObject)
2019-06-10 23:04:26,502 [main] INFO  o.s.w.s.m.m.a.RequestMappingHandlerMapping 547 - Mapped "{[/check/{id}/{confirm}/{formId}/{openId}/{num}],methods=[PUT]}" onto public com.example.lostandfind.domain.Result com.example.lostandfind.controller.LafController.doCheck(java.lang.Integer,boolean,java.lang.String,java.lang.String,int)
2019-06-10 23:04:26,503 [main] INFO  o.s.w.s.m.m.a.RequestMappingHandlerMapping 547 - Mapped "{[/finish/{id}],methods=[DELETE]}" onto public java.lang.String com.example.lostandfind.controller.LafController.doFinish(java.lang.Integer)
2019-06-10 23:04:26,503 [main] INFO  o.s.w.s.m.m.a.RequestMappingHandlerMapping 547 - Mapped "{[/search/{index}/{string}/{count}],methods=[GET]}" onto public java.util.List<com.example.lostandfind.mysql.InfoMysql> com.example.lostandfind.controller.LafController.doSearch(java.lang.String,java.lang.Integer,java.lang.Integer) throws java.lang.Exception
2019-06-10 23:04:26,504 [main] INFO  o.s.w.s.m.m.a.RequestMappingHandlerMapping 547 - Mapped "{[/search/history],methods=[PUT]}" onto public com.example.lostandfind.mysql.HistoryMysql com.example.lostandfind.controller.LafController.doAddHistory(com.example.lostandfind.mysql.HistoryMysql)
2019-06-10 23:04:26,504 [main] INFO  o.s.w.s.m.m.a.RequestMappingHandlerMapping 547 - Mapped "{[/search/history/{openid}],methods=[GET]}" onto public com.example.lostandfind.mysql.HistoryMysql com.example.lostandfind.controller.LafController.doSearchHistory(java.lang.String)
2019-06-10 23:04:26,505 [main] INFO  o.s.w.s.m.m.a.RequestMappingHandlerMapping 547 - Mapped "{[/search/eye],methods=[PUT]}" onto public com.example.lostandfind.mysql.HistoryMysql com.example.lostandfind.controller.LafController.doaChangeEye(com.example.lostandfind.mysql.HistoryMysql)
2019-06-10 23:04:26,506 [main] INFO  o.s.w.s.m.m.a.RequestMappingHandlerMapping 547 - Mapped "{[/suggestion],methods=[POST]}" onto public com.example.lostandfind.mysql.SuggestMysql com.example.lostandfind.controller.LafController.WriteSuggestion(com.example.lostandfind.mysql.SuggestMysql)
2019-06-10 23:04:26,506 [main] INFO  o.s.w.s.m.m.a.RequestMappingHandlerMapping 547 - Mapped "{[/getSuggestion],methods=[GET]}" onto public com.alibaba.fastjson.JSONArray com.example.lostandfind.controller.LafController.GetSuggestion()
2019-06-10 23:04:26,507 [main] INFO  o.s.w.s.m.m.a.RequestMappingHandlerMapping 547 - Mapped "{[/get_access_token],methods=[GET]}" onto public com.alibaba.fastjson.JSONObject com.example.lostandfind.controller.LafController.getAccessToken()
2019-06-10 23:04:26,508 [main] INFO  o.s.w.s.m.m.a.RequestMappingHandlerMapping 547 - Mapped "{[/sendTemplateInfo],methods=[GET]}" onto public java.lang.Object com.example.lostandfind.controller.LafController.sendTemplateInfo(java.lang.String,java.lang.String,java.lang.String,java.lang.String,java.lang.String,java.lang.String,int,java.lang.String,java.lang.String,java.lang.String)
2019-06-10 23:04:26,508 [main] INFO  o.s.w.s.m.m.a.RequestMappingHandlerMapping 547 - Mapped "{[/aboutMeNot],methods=[GET]}" onto public java.util.List<com.example.lostandfind.mysql.InfoMysql> com.example.lostandfind.controller.LafController.getNotFinish(java.lang.String)
2019-06-10 23:04:26,509 [main] INFO  o.s.w.s.m.m.a.RequestMappingHandlerMapping 547 - Mapped "{[/aboutMeHas],methods=[GET]}" onto public java.util.List<com.example.lostandfind.mysql.FinishMysql> com.example.lostandfind.controller.LafController.getHasFinish(java.lang.String)
2019-06-10 23:04:26,509 [main] INFO  o.s.w.s.m.m.a.RequestMappingHandlerMapping 547 - Mapped "{[/Card],methods=[GET]}" onto public com.example.lostandfind.mysql.InfoMysql com.example.lostandfind.controller.LafController.getCardInfo(java.lang.String)
2019-06-10 23:04:26,510 [main] INFO  o.s.w.s.m.m.a.RequestMappingHandlerMapping 547 - Mapped "{[/writePersonInfo],methods=[POST]}" onto public com.example.lostandfind.mysql.PersonInfoMysql com.example.lostandfind.controller.LafController.writePersonInfo(com.example.lostandfind.mysql.PersonInfoMysql)
2019-06-10 23:04:26,510 [main] INFO  o.s.w.s.m.m.a.RequestMappingHandlerMapping 547 - Mapped "{[/getPersonInfo],methods=[GET]}" onto public com.example.lostandfind.mysql.PersonInfoMysql com.example.lostandfind.controller.LafController.getPersonInfo(int)
2019-06-10 23:04:26,511 [main] INFO  o.s.w.s.m.m.a.RequestMappingHandlerMapping 547 - Mapped "{[/writeEvaluate/{id}/{openid}/{level}],methods=[POST]}" onto public com.example.lostandfind.mysql.EvaluateMysql com.example.lostandfind.controller.LafController.writeEvaluate(java.lang.Integer,java.lang.Integer,java.lang.Integer)
2019-06-10 23:04:26,511 [main] INFO  o.s.w.s.m.m.a.RequestMappingHandlerMapping 547 - Mapped "{[/getEvaluate],methods=[GET]}" onto public com.example.lostandfind.mysql.EvaluateMysql com.example.lostandfind.controller.LafController.getEvaluate(int)
2019-06-10 23:04:26,511 [main] INFO  o.s.w.s.m.m.a.RequestMappingHandlerMapping 547 - Mapped "{[/getPersonComment],methods=[GET]}" onto public com.alibaba.fastjson.JSONObject com.example.lostandfind.controller.LafController.getPersonComment(java.lang.String)
2019-06-10 23:04:26,512 [main] INFO  o.s.w.s.m.m.a.RequestMappingHandlerMapping 547 - Mapped "{[/writeComment/{user_id}/{info_id}],methods=[POST]}" onto public com.example.lostandfind.mysql.CommentMysql com.example.lostandfind.controller.LafController.writeComment(java.lang.Integer,java.lang.Integer,com.example.lostandfind.mysql.CommentMysql)
2019-06-10 23:04:26,512 [main] INFO  o.s.w.s.m.m.a.RequestMappingHandlerMapping 547 - Mapped "{[/deleteComment/{id}],methods=[DELETE]}" onto public void com.example.lostandfind.controller.LafController.deleteComment(java.lang.Integer)
2019-06-10 23:04:26,512 [main] INFO  o.s.w.s.m.m.a.RequestMappingHandlerMapping 547 - Mapped "{[/changePersonComment/{openid}/{num}/{kind}],methods=[POST]}" onto public com.example.lostandfind.domain.Result com.example.lostandfind.controller.LafController.changePersonComment(java.lang.String,int,int)
2019-06-10 23:04:26,513 [main] INFO  o.s.w.s.m.m.a.RequestMappingHandlerMapping 547 - Mapped "{[/getReport],methods=[GET]}" onto public com.alibaba.fastjson.JSONArray com.example.lostandfind.controller.LafController.getReport()
2019-06-10 23:04:26,513 [main] INFO  o.s.w.s.m.m.a.RequestMappingHandlerMapping 547 - Mapped "{[/reportComment],methods=[POST]}" onto public java.lang.String com.example.lostandfind.controller.LafController.reportC(com.alibaba.fastjson.JSONObject)
2019-06-10 23:04:26,513 [main] INFO  o.s.w.s.m.m.a.RequestMappingHandlerMapping 547 - Mapped "{[/getReportComment],methods=[GET]}" onto public com.alibaba.fastjson.JSONArray com.example.lostandfind.controller.LafController.getReportC()
2019-06-10 23:04:26,514 [main] INFO  o.s.w.s.m.m.a.RequestMappingHandlerMapping 547 - Mapped "{[/processComment],methods=[GET]}" onto public java.lang.String com.example.lostandfind.controller.LafController.processC(boolean,int,int,java.lang.String)
2019-06-10 23:04:26,514 [main] INFO  o.s.w.s.m.m.a.RequestMappingHandlerMapping 547 - Mapped "{[/getPushCount],methods=[GET]}" onto public int com.example.lostandfind.controller.LafController.getPushCount(java.lang.String,boolean)
2019-06-10 23:04:26,515 [main] INFO  o.s.w.s.m.m.a.RequestMappingHandlerMapping 547 - Mapped "{[/getPushInfo],methods=[GET]}" onto public java.util.List<com.example.lostandfind.mysql.PushMysql> com.example.lostandfind.controller.LafController.getPushInfo(java.lang.String,boolean)
2019-06-10 23:04:26,515 [main] INFO  o.s.w.s.m.m.a.RequestMappingHandlerMapping 547 - Mapped "{[/writePush],methods=[POST]}" onto public java.lang.String com.example.lostandfind.controller.LafController.writePush(com.alibaba.fastjson.JSONObject)
2019-06-10 23:04:26,516 [main] INFO  o.s.w.s.m.m.a.RequestMappingHandlerMapping 547 - Mapped "{[/test2],methods=[GET]}" onto public java.util.List<java.util.Map<java.lang.String, java.lang.Object>> com.example.lostandfind.controller.LafController.test2(java.lang.String)
2019-06-10 23:04:26,516 [main] INFO  o.s.w.s.m.m.a.RequestMappingHandlerMapping 547 - Mapped "{[/getSystemCount],methods=[GET]}" onto public int com.example.lostandfind.controller.LafController.getSystemCount(int,java.lang.String)
2019-06-10 23:04:26,516 [main] INFO  o.s.w.s.m.m.a.RequestMappingHandlerMapping 547 - Mapped "{[/getSystemInfo],methods=[GET]}" onto public java.util.List<com.example.lostandfind.mysql.SystemInformMysql> com.example.lostandfind.controller.LafController.getSystemInfo(int,java.lang.String)
2019-06-10 23:04:26,517 [main] INFO  o.s.w.s.m.m.a.RequestMappingHandlerMapping 547 - Mapped "{[/hasLookInfo],methods=[GET]}" onto public int com.example.lostandfind.controller.LafController.hasLookInfo(java.lang.String)
2019-06-10 23:04:26,517 [main] INFO  o.s.w.s.m.m.a.RequestMappingHandlerMapping 547 - Mapped "{[/addCollect],methods=[POST]}" onto public com.example.lostandfind.domain.Result com.example.lostandfind.controller.LafController.addCollect(com.alibaba.fastjson.JSONObject)
2019-06-10 23:04:26,517 [main] INFO  o.s.w.s.m.m.a.RequestMappingHandlerMapping 547 - Mapped "{[/removeCollect],methods=[GET]}" onto public com.example.lostandfind.domain.Result com.example.lostandfind.controller.LafController.reomveCollect(int,int)
2019-06-10 23:04:26,518 [main] INFO  o.s.w.s.m.m.a.RequestMappingHandlerMapping 547 - Mapped "{[/hasCollect],methods=[GET]}" onto public java.lang.Object com.example.lostandfind.controller.LafController.hasCollect(int,int)
2019-06-10 23:04:26,518 [main] INFO  o.s.w.s.m.m.a.RequestMappingHandlerMapping 547 - Mapped "{[/collectInfos],methods=[GET]}" onto public java.util.List<com.example.lostandfind.mysql.InfoMysql> com.example.lostandfind.controller.LafController.collectInfos(int)
2019-06-10 23:04:26,519 [main] INFO  o.s.w.s.m.m.a.RequestMappingHandlerMapping 547 - Mapped "{[/infoCount],methods=[GET]}" onto public com.alibaba.fastjson.JSONObject com.example.lostandfind.controller.LafController.infoCount(java.lang.String)
2019-06-10 23:04:26,519 [main] INFO  o.s.w.s.m.m.a.RequestMappingHandlerMapping 547 - Mapped "{[/writeFormId],methods=[POST]}" onto public com.example.lostandfind.domain.Result com.example.lostandfind.controller.LafController.writeFormId(com.alibaba.fastjson.JSONObject)
2019-06-10 23:04:26,520 [main] INFO  o.s.w.s.m.m.a.RequestMappingHandlerMapping 547 - Mapped "{[/deleteNews],methods=[DELETE]}" onto public com.example.lostandfind.domain.Result com.example.lostandfind.controller.LafController.deleteNews(com.example.lostandfind.mysql.NewsMysql)
2019-06-10 23:04:26,520 [main] INFO  o.s.w.s.m.m.a.RequestMappingHandlerMapping 547 - Mapped "{[/writeThanks],methods=[POST]}" onto public com.example.lostandfind.mysql.ThanksMysql com.example.lostandfind.controller.LafController.writeThanks(com.example.lostandfind.mysql.ThanksMysql)
2019-06-10 23:04:26,521 [main] INFO  o.s.w.s.m.m.a.RequestMappingHandlerMapping 547 - Mapped "{[/testname],methods=[GET]}" onto public void com.example.lostandfind.controller.LafController.testname(java.lang.String)
2019-06-10 23:04:26,521 [main] INFO  o.s.w.s.m.m.a.RequestMappingHandlerMapping 547 - Mapped "{[/testHTML],methods=[GET]}" onto public com.alibaba.fastjson.JSONObject com.example.lostandfind.controller.LafController.testHTML()
2019-06-10 23:04:26,524 [main] INFO  o.s.w.s.m.m.a.RequestMappingHandlerMapping 547 - Mapped "{[/manager/exit],methods=[GET]}" onto public boolean com.example.lostandfind.controller.ManagerController.exit(javax.servlet.http.HttpServletRequest,javax.servlet.http.HttpServletResponse)
2019-06-10 23:04:26,525 [main] INFO  o.s.w.s.m.m.a.RequestMappingHandlerMapping 547 - Mapped "{[/manager/getInfo],methods=[GET]}" onto public java.lang.Object com.example.lostandfind.controller.ManagerController.getInfo(java.lang.String)
2019-06-10 23:04:26,525 [main] INFO  o.s.w.s.m.m.a.RequestMappingHandlerMapping 547 - Mapped "{[/manager/look],methods=[GET]}" onto public java.util.List<com.example.lostandfind.mysql.PersonInfoMysql> com.example.lostandfind.controller.ManagerController.look()
2019-06-10 23:04:26,525 [main] INFO  o.s.w.s.m.m.a.RequestMappingHandlerMapping 547 - Mapped "{[/manager/addManager],methods=[GET]}" onto public java.lang.String com.example.lostandfind.controller.ManagerController.addManager(java.lang.String)
2019-06-10 23:04:26,526 [main] INFO  o.s.w.s.m.m.a.RequestMappingHandlerMapping 547 - Mapped "{[/manager/deleteManager],methods=[GET]}" onto public java.lang.String com.example.lostandfind.controller.ManagerController.deleteManager(java.lang.String)
2019-06-10 23:04:26,527 [main] INFO  o.s.w.s.m.m.a.RequestMappingHandlerMapping 547 - Mapped "{[/manager/getEva],methods=[GET]}" onto public com.alibaba.fastjson.JSONArray com.example.lostandfind.controller.ManagerController.getEva()
2019-06-10 23:04:26,527 [main] INFO  o.s.w.s.m.m.a.RequestMappingHandlerMapping 547 - Mapped "{[/manager/login],methods=[GET]}" onto public java.lang.String com.example.lostandfind.controller.ManagerController.login(java.lang.String,java.lang.String,javax.servlet.http.HttpServletResponse,javax.servlet.http.HttpServletRequest)
2019-06-10 23:04:26,527 [main] INFO  o.s.w.s.m.m.a.RequestMappingHandlerMapping 547 - Mapped "{[/manager/getLogin],methods=[GET]}" onto public boolean com.example.lostandfind.controller.ManagerController.getLogin(javax.servlet.http.HttpServletRequest,javax.servlet.http.HttpServletResponse)
2019-06-10 23:04:26,528 [main] INFO  o.s.w.s.m.m.a.RequestMappingHandlerMapping 547 - Mapped "{[/manager/getSchool],methods=[GET]}" onto public java.util.List<com.example.lostandfind.mysql.PersonInfoMysql> com.example.lostandfind.controller.ManagerController.getSchool()
2019-06-10 23:04:26,528 [main] INFO  o.s.w.s.m.m.a.RequestMappingHandlerMapping 547 - Mapped "{[/manager/getFinish],methods=[GET]}" onto public java.util.List<com.example.lostandfind.mysql.FinishMysql> com.example.lostandfind.controller.ManagerController.getFinish()
2019-06-10 23:04:26,529 [main] INFO  o.s.w.s.m.m.a.RequestMappingHandlerMapping 547 - Mapped "{[/manager/getSearchFinish/{start}/{end}],methods=[GET]}" onto public java.util.List<com.example.lostandfind.mysql.FinishMysql> com.example.lostandfind.controller.ManagerController.getSearchFinish(java.lang.String,java.lang.String)
2019-06-10 23:04:26,532 [main] INFO  o.s.w.s.m.m.a.RequestMappingHandlerMapping 547 - Mapped "{[/error]}" onto public org.springframework.http.ResponseEntity<java.util.Map<java.lang.String, java.lang.Object>> org.springframework.boot.autoconfigure.web.servlet.error.BasicErrorController.error(javax.servlet.http.HttpServletRequest)
2019-06-10 23:04:26,533 [main] INFO  o.s.w.s.m.m.a.RequestMappingHandlerMapping 547 - Mapped "{[/error],produces=[text/html]}" onto public org.springframework.web.servlet.ModelAndView org.springframework.boot.autoconfigure.web.servlet.error.BasicErrorController.errorHtml(javax.servlet.http.HttpServletRequest,javax.servlet.http.HttpServletResponse)
2019-06-10 23:04:26,571 [main] INFO  o.s.w.s.h.SimpleUrlHandlerMapping 373 - Mapped URL path [/webjars/**] onto handler of type [class org.springframework.web.servlet.resource.ResourceHttpRequestHandler]
2019-06-10 23:04:26,571 [main] INFO  o.s.w.s.h.SimpleUrlHandlerMapping 373 - Mapped URL path [/**] onto handler of type [class org.springframework.web.servlet.resource.ResourceHttpRequestHandler]
2019-06-10 23:04:27,365 [main] INFO  o.s.j.e.a.AnnotationMBeanExporter 433 - Registering beans for JMX exposure on startup
2019-06-10 23:04:27,370 [main] INFO  o.s.j.e.a.AnnotationMBeanExporter 895 - Bean with name 'dataSource' has been autodetected for JMX exposure
2019-06-10 23:04:27,380 [main] INFO  o.s.j.e.a.AnnotationMBeanExporter 668 - Located MBean 'dataSource': registering with JMX server as MBean [com.zaxxer.hikari:name=dataSource,type=HikariDataSource]
2019-06-10 23:04:27,385 [main] INFO  o.s.c.s.DefaultLifecycleProcessor 351 - Starting beans in phase 2147483647
2019-06-10 23:04:27,486 [container-1] INFO  io.lettuce.core.EpollProvider 101 - Starting without optional epoll library
2019-06-10 23:04:27,488 [container-1] INFO  io.lettuce.core.KqueueProvider 101 - Starting without optional kqueue library
2019-06-10 23:04:27,699 [main] INFO  o.s.s.a.ScheduledAnnotationBeanPostProcessor 275 - No TaskScheduler/ScheduledExecutorService bean found for scheduled processing
2019-06-10 23:04:27,709 [main] INFO  o.a.coyote.http11.Http11NioProtocol 180 - Starting ProtocolHandler ["http-nio-8080"]
2019-06-10 23:04:27,713 [main] INFO  o.a.tomcat.util.net.NioSelectorPool 180 - Using a shared selector for servlet write/read
2019-06-10 23:04:27,729 [main] INFO  o.s.b.w.e.tomcat.TomcatWebServer 206 - Tomcat started on port(s): 8080 (http) with context path ''
2019-06-10 23:04:27,734 [main] INFO  c.e.l.LostandfindApplication 59 - Started LostandfindApplication in 10.716 seconds (JVM running for 12.399)
2019-06-10 23:07:05,231 [http-nio-8080-exec-2] INFO  o.a.c.c.C.[Tomcat].[localhost].[/] 180 - Initializing Spring FrameworkServlet 'dispatcherServlet'
2019-06-10 23:07:05,233 [http-nio-8080-exec-2] INFO  o.s.web.servlet.DispatcherServlet 494 - FrameworkServlet 'dispatcherServlet': initialization started
2019-06-10 23:07:05,274 [http-nio-8080-exec-2] INFO  o.s.web.servlet.DispatcherServlet 509 - FrameworkServlet 'dispatcherServlet': initialization completed in 41 ms
2019-06-10 23:07:05,361 [http-nio-8080-exec-2] INFO  c.e.lostandfind.aspect.UserAspect 53 - url=http://localhost:8080/User;method=GET;ip=0:0:0:0:0:0:0:1;classMethod=com.example.lostandfind.controller.LafController.UserList;time=48ms;
2019-06-10 23:08:14,306 [http-nio-8080-exec-5] INFO  c.e.lostandfind.aspect.UserAspect 53 - url=http://localhost:8080/valuable;method=GET;ip=0:0:0:0:0:0:0:1;classMethod=com.example.lostandfind.controller.LafController.searchValuableInfo;time=70ms;
2019-06-10 23:11:48,432 [http-nio-8080-exec-8] WARN  o.s.web.servlet.PageNotFound 255 - Request method 'GET' not supported
2019-06-10 23:12:05,756 [http-nio-8080-exec-9] WARN  o.s.w.s.m.s.DefaultHandlerExceptionResolver 424 - Failed to read HTTP message: org.springframework.http.converter.HttpMessageNotReadableException: Required request body is missing: public com.example.lostandfind.mysql.PersonInfoMysql com.example.lostandfind.controller.LafController.writePersonInfo(com.example.lostandfind.mysql.PersonInfoMysql)
2019-06-10 23:12:35,768 [http-nio-8080-exec-1] WARN  o.s.w.s.m.s.DefaultHandlerExceptionResolver 424 - Failed to read HTTP message: org.springframework.http.converter.HttpMessageNotReadableException: Required request body is missing: public com.example.lostandfind.mysql.PersonInfoMysql com.example.lostandfind.controller.LafController.writePersonInfo(com.example.lostandfind.mysql.PersonInfoMysql)
2019-06-10 23:15:05,303 [http-nio-8080-exec-3] INFO  c.e.lostandfind.aspect.UserAspect 53 - url=http://localhost:8080/writePersonInfo;method=POST;ip=0:0:0:0:0:0:0:1;classMethod=com.example.lostandfind.controller.LafController.writePersonInfo;time=75ms;
2019-06-10 23:29:27,513 [Thread-25] INFO  o.s.b.w.s.c.AnnotationConfigServletWebServerApplicationContext 993 - Closing org.springframework.boot.web.servlet.context.AnnotationConfigServletWebServerApplicationContext@683dbc2c: startup date [Mon Jun 10 23:04:18 CST 2019]; root of context hierarchy
2019-06-10 23:29:27,521 [Thread-25] INFO  o.s.c.s.DefaultLifecycleProcessor 366 - Stopping beans in phase 2147483647
2019-06-10 23:29:27,533 [Thread-25] INFO  o.s.j.e.a.AnnotationMBeanExporter 451 - Unregistering JMX-exposed beans on shutdown
2019-06-10 23:29:27,535 [Thread-25] INFO  o.s.j.e.a.AnnotationMBeanExporter 185 - Unregistering JMX-exposed beans
2019-06-10 23:29:28,675 [Thread-25] INFO  o.s.o.j.LocalContainerEntityManagerFactoryBean 597 - Closing JPA EntityManagerFactory for persistence unit 'default'
2019-06-10 23:29:28,679 [Thread-25] INFO  com.zaxxer.hikari.HikariDataSource 381 - HikariPool-1 - Shutdown initiated...
2019-06-10 23:29:28,689 [Thread-25] INFO  com.zaxxer.hikari.HikariDataSource 383 - HikariPool-1 - Shutdown completed.
