2019-05-29 15:45:22,624 [main] INFO  c.e.l.LostandfindApplication 50 - Starting LostandfindApplication on zhangbingdeMacBook-Air.local with PID 1722 (/Users/zhangcong/IdeaProjects/lostandfind/target/classes started by zhangcong in /Users/zhangcong/IdeaProjects/lostandfind)
2019-05-29 15:45:22,691 [main] INFO  c.e.l.LostandfindApplication 662 - No active profile set, falling back to default profiles: default
2019-05-29 15:45:23,010 [main] INFO  o.s.b.w.s.c.AnnotationConfigServletWebServerApplicationContext 590 - Refreshing org.springframework.boot.web.servlet.context.AnnotationConfigServletWebServerApplicationContext@68267da0: startup date [Wed May 29 15:45:23 CST 2019]; root of context hierarchy
2019-05-29 15:45:27,524 [main] INFO  o.s.d.r.c.RepositoryConfigurationDelegate 163 - Multiple Spring Data modules found, entering strict repository configuration mode!
2019-05-29 15:45:28,115 [main] INFO  o.s.d.r.c.RepositoryConfigurationDelegate 163 - Multiple Spring Data modules found, entering strict repository configuration mode!
2019-05-29 15:45:28,234 [main] INFO  o.s.d.r.c.RepositoryConfigurationExtensionSupport 297 - Spring Data Redis - Could not safely identify store assignment for repository candidate interface com.example.lostandfind.repository.CommentRespository.
2019-05-29 15:45:28,246 [main] INFO  o.s.d.r.c.RepositoryConfigurationExtensionSupport 297 - Spring Data Redis - Could not safely identify store assignment for repository candidate interface com.example.lostandfind.repository.EvaluateRespository.
2019-05-29 15:45:28,248 [main] INFO  o.s.d.r.c.RepositoryConfigurationExtensionSupport 297 - Spring Data Redis - Could not safely identify store assignment for repository candidate interface com.example.lostandfind.repository.FinishRespository.
2019-05-29 15:45:28,249 [main] INFO  o.s.d.r.c.RepositoryConfigurationExtensionSupport 297 - Spring Data Redis - Could not safely identify store assignment for repository candidate interface com.example.lostandfind.repository.GradeRepository.
2019-05-29 15:45:28,251 [main] INFO  o.s.d.r.c.RepositoryConfigurationExtensionSupport 297 - Spring Data Redis - Could not safely identify store assignment for repository candidate interface com.example.lostandfind.repository.HistoryRepository.
2019-05-29 15:45:28,252 [main] INFO  o.s.d.r.c.RepositoryConfigurationExtensionSupport 297 - Spring Data Redis - Could not safely identify store assignment for repository candidate interface com.example.lostandfind.repository.InfoRepository.
2019-05-29 15:45:28,253 [main] INFO  o.s.d.r.c.RepositoryConfigurationExtensionSupport 297 - Spring Data Redis - Could not safely identify store assignment for repository candidate interface com.example.lostandfind.repository.ManageRepository.
2019-05-29 15:45:28,254 [main] INFO  o.s.d.r.c.RepositoryConfigurationExtensionSupport 297 - Spring Data Redis - Could not safely identify store assignment for repository candidate interface com.example.lostandfind.repository.NewsRepository.
2019-05-29 15:45:28,255 [main] INFO  o.s.d.r.c.RepositoryConfigurationExtensionSupport 297 - Spring Data Redis - Could not safely identify store assignment for repository candidate interface com.example.lostandfind.repository.PersonInfoRespository.
2019-05-29 15:45:28,257 [main] INFO  o.s.d.r.c.RepositoryConfigurationExtensionSupport 297 - Spring Data Redis - Could not safely identify store assignment for repository candidate interface com.example.lostandfind.repository.PushRepository.
2019-05-29 15:45:28,258 [main] INFO  o.s.d.r.c.RepositoryConfigurationExtensionSupport 297 - Spring Data Redis - Could not safely identify store assignment for repository candidate interface com.example.lostandfind.repository.ReportCommentRepository.
2019-05-29 15:45:28,259 [main] INFO  o.s.d.r.c.RepositoryConfigurationExtensionSupport 297 - Spring Data Redis - Could not safely identify store assignment for repository candidate interface com.example.lostandfind.repository.ReportRepository.
2019-05-29 15:45:28,260 [main] INFO  o.s.d.r.c.RepositoryConfigurationExtensionSupport 297 - Spring Data Redis - Could not safely identify store assignment for repository candidate interface com.example.lostandfind.repository.SuggestRepository.
2019-05-29 15:45:28,262 [main] INFO  o.s.d.r.c.RepositoryConfigurationExtensionSupport 297 - Spring Data Redis - Could not safely identify store assignment for repository candidate interface com.example.lostandfind.repository.SystemInformRepository.
2019-05-29 15:45:28,265 [main] INFO  o.s.d.r.c.RepositoryConfigurationExtensionSupport 297 - Spring Data Redis - Could not safely identify store assignment for repository candidate interface com.example.lostandfind.repository.ThanksRepository.
2019-05-29 15:45:28,268 [main] INFO  o.s.d.r.c.RepositoryConfigurationExtensionSupport 297 - Spring Data Redis - Could not safely identify store assignment for repository candidate interface com.example.lostandfind.repository.UserRepository.
2019-05-29 15:45:30,538 [main] INFO  o.s.c.s.PostProcessorRegistrationDelegate$BeanPostProcessorChecker 326 - Bean 'org.springframework.transaction.annotation.ProxyTransactionManagementConfiguration' of type [org.springframework.transaction.annotation.ProxyTransactionManagementConfiguration$$EnhancerBySpringCGLIB$$c6502739] is not eligible for getting processed by all BeanPostProcessors (for example: not eligible for auto-proxying)
2019-05-29 15:45:30,867 [main] INFO  o.s.c.s.PostProcessorRegistrationDelegate$BeanPostProcessorChecker 326 - Bean 'redisConfig' of type [com.example.lostandfind.redis.RedisConfig$$EnhancerBySpringCGLIB$$40a3b9d5] is not eligible for getting processed by all BeanPostProcessors (for example: not eligible for auto-proxying)
2019-05-29 15:45:31,887 [main] INFO  o.s.b.w.e.tomcat.TomcatWebServer 91 - Tomcat initialized with port(s): 8080 (http)
2019-05-29 15:45:31,918 [main] INFO  o.a.coyote.http11.Http11NioProtocol 180 - Initializing ProtocolHandler ["http-nio-8080"]
2019-05-29 15:45:31,935 [main] INFO  o.a.catalina.core.StandardService 180 - Starting service [Tomcat]
2019-05-29 15:45:31,936 [main] INFO  o.a.catalina.core.StandardEngine 180 - Starting Servlet Engine: Apache Tomcat/8.5.32
2019-05-29 15:45:31,941 [localhost-startStop-1] INFO  o.a.c.core.AprLifecycleListener 180 - The APR based Apache Tomcat Native library which allows optimal performance in production environments was not found on the java.library.path: [/Users/zhangcong/Library/Java/Extensions:/Library/Java/Extensions:/Network/Library/Java/Extensions:/System/Library/Java/Extensions:/usr/lib/java:.]
2019-05-29 15:45:32,376 [localhost-startStop-1] INFO  o.a.c.c.C.[Tomcat].[localhost].[/] 180 - Initializing Spring embedded WebApplicationContext
2019-05-29 15:45:32,378 [localhost-startStop-1] INFO  o.s.web.context.ContextLoader 285 - Root WebApplicationContext: initialization completed in 9368 ms
2019-05-29 15:45:32,502 [localhost-startStop-1] INFO  o.s.b.w.s.ServletRegistrationBean 187 - Servlet dispatcherServlet mapped to [/]
2019-05-29 15:45:32,508 [localhost-startStop-1] INFO  o.s.b.w.s.FilterRegistrationBean 245 - Mapping filter: 'characterEncodingFilter' to: [/*]
2019-05-29 15:45:32,509 [localhost-startStop-1] INFO  o.s.b.w.s.FilterRegistrationBean 245 - Mapping filter: 'hiddenHttpMethodFilter' to: [/*]
2019-05-29 15:45:32,509 [localhost-startStop-1] INFO  o.s.b.w.s.FilterRegistrationBean 245 - Mapping filter: 'httpPutFormContentFilter' to: [/*]
2019-05-29 15:45:32,509 [localhost-startStop-1] INFO  o.s.b.w.s.FilterRegistrationBean 245 - Mapping filter: 'requestContextFilter' to: [/*]
2019-05-29 15:45:32,905 [main] INFO  com.zaxxer.hikari.HikariDataSource 110 - HikariPool-1 - Starting...
2019-05-29 15:45:33,262 [main] INFO  com.zaxxer.hikari.HikariDataSource 123 - HikariPool-1 - Start completed.
2019-05-29 15:45:33,350 [main] INFO  o.s.o.j.LocalContainerEntityManagerFactoryBean 361 - Building JPA container EntityManagerFactory for persistence unit 'default'
2019-05-29 15:45:33,389 [main] INFO  o.h.jpa.internal.util.LogHelper 31 - HHH000204: Processing PersistenceUnitInfo [
	name: default
	...]
2019-05-29 15:45:33,645 [main] INFO  org.hibernate.Version 45 - HHH000412: Hibernate Core {5.2.17.Final}
2019-05-29 15:45:33,650 [main] INFO  org.hibernate.cfg.Environment 213 - HHH000206: hibernate.properties not found
2019-05-29 15:45:33,790 [main] INFO  o.h.annotations.common.Version 66 - HCANN000001: Hibernate Commons Annotations {5.0.1.Final}
2019-05-29 15:45:34,178 [main] INFO  org.hibernate.dialect.Dialect 157 - HHH000400: Using dialect: org.hibernate.dialect.MySQL5Dialect
2019-05-29 15:45:36,397 [main] INFO  o.s.o.j.LocalContainerEntityManagerFactoryBean 415 - Initialized JPA EntityManagerFactory for persistence unit 'default'
2019-05-29 15:45:37,215 [main] INFO  o.h.h.i.QueryTranslatorFactoryInitiator 47 - HHH000397: Using ASTQueryTranslatorFactory
2019-05-29 15:45:38,954 [main] INFO  c.e.lostandfind.service.Template 319 - Template加入了SpringIoc容器
2019-05-29 15:45:39,645 [main] INFO  c.e.l.i.CheckLoginInterceptor 60 - 这是拦截器
2019-05-29 15:45:39,767 [main] INFO  c.e.lostandfind.redis.RedisConfig 58 - redis被加入到bean
2019-05-29 15:45:40,015 [main] INFO  o.s.w.s.h.SimpleUrlHandlerMapping 373 - Mapped URL path [/**/favicon.ico] onto handler of type [class org.springframework.web.servlet.resource.ResourceHttpRequestHandler]
2019-05-29 15:45:40,264 [main] INFO  o.s.w.s.m.m.a.RequestMappingHandlerAdapter 574 - Looking for @ControllerAdvice: org.springframework.boot.web.servlet.context.AnnotationConfigServletWebServerApplicationContext@68267da0: startup date [Wed May 29 15:45:23 CST 2019]; root of context hierarchy
2019-05-29 15:45:40,344 [main] INFO  c.e.l.LostandfindApplication 60 - 初始化拦截器
2019-05-29 15:45:40,348 [main] WARN  o.s.b.a.o.j.JpaBaseConfiguration$JpaWebConfiguration$JpaWebMvcConfiguration 235 - spring.jpa.open-in-view is enabled by default. Therefore, database queries may be performed during view rendering. Explicitly configure spring.jpa.open-in-view to disable this warning
2019-05-29 15:45:40,421 [main] INFO  o.s.w.s.m.m.a.RequestMappingHandlerMapping 547 - Mapped "{[/identity],methods=[GET]}" onto public java.lang.Object com.example.lostandfind.controller.LafController.decode(java.lang.String,java.lang.String,java.lang.String)
2019-05-29 15:45:40,423 [main] INFO  o.s.w.s.m.m.a.RequestMappingHandlerMapping 547 - Mapped "{[/getUserInfo],methods=[GET]}" onto public java.lang.Object com.example.lostandfind.controller.LafController.getUserInfo(java.lang.String)
2019-05-29 15:45:40,423 [main] INFO  o.s.w.s.m.m.a.RequestMappingHandlerMapping 547 - Mapped "{[/test],methods=[GET]}" onto public java.util.List<com.example.lostandfind.mysql.PushMysql> com.example.lostandfind.controller.LafController.test(java.lang.String)
2019-05-29 15:45:40,424 [main] INFO  o.s.w.s.m.m.a.RequestMappingHandlerMapping 547 - Mapped "{[/addCount],methods=[POST]}" onto public int com.example.lostandfind.controller.LafController.addCount(com.alibaba.fastjson.JSONObject)
2019-05-29 15:45:40,424 [main] INFO  o.s.w.s.m.m.a.RequestMappingHandlerMapping 547 - Mapped "{[/report],methods=[POST]}" onto public java.lang.String com.example.lostandfind.controller.LafController.report(com.alibaba.fastjson.JSONObject)
2019-05-29 15:45:40,425 [main] INFO  o.s.w.s.m.m.a.RequestMappingHandlerMapping 547 - Mapped "{[/manager],methods=[GET]}" onto public com.github.pagehelper.Page<com.example.lostandfind.mysql.ManagerMysql> com.example.lostandfind.controller.LafController.getManager()
2019-05-29 15:45:40,425 [main] INFO  o.s.w.s.m.m.a.RequestMappingHandlerMapping 547 - Mapped "{[/getComment],methods=[GET]}" onto public com.alibaba.fastjson.JSONArray com.example.lostandfind.controller.LafController.getComment(int)
2019-05-29 15:45:40,426 [main] INFO  o.s.w.s.m.m.a.RequestMappingHandlerMapping 547 - Mapped "{[/timeout],methods=[GET]}" onto public java.util.List<com.example.lostandfind.mysql.FinishMysql> com.example.lostandfind.controller.LafController.getTimeout(java.lang.String)
2019-05-29 15:45:40,427 [main] INFO  o.s.w.s.m.m.a.RequestMappingHandlerMapping 547 - Mapped "{[/getVersion],methods=[GET]}" onto public double com.example.lostandfind.controller.LafController.getVersion()
2019-05-29 15:45:40,427 [main] INFO  o.s.w.s.m.m.a.RequestMappingHandlerMapping 547 - Mapped "{[/process],methods=[GET]}" onto public java.lang.String com.example.lostandfind.controller.LafController.process(boolean,int,int,java.lang.String)
2019-05-29 15:45:40,428 [main] INFO  o.s.w.s.m.m.a.RequestMappingHandlerMapping 547 - Mapped "{[/getInfo1],methods=[GET]}" onto public java.lang.Object com.example.lostandfind.controller.LafController.getInfo(java.lang.String,int) throws java.lang.Exception
2019-05-29 15:45:40,429 [main] INFO  o.s.w.s.m.m.a.RequestMappingHandlerMapping 547 - Mapped "{[/User],methods=[POST]}" onto public com.example.lostandfind.domain.Result com.example.lostandfind.controller.LafController.addUser(com.example.lostandfind.mysql.UserMysql,org.springframework.validation.BindingResult)
2019-05-29 15:45:40,429 [main] INFO  o.s.w.s.m.m.a.RequestMappingHandlerMapping 547 - Mapped "{[/user],methods=[POST]}" onto public com.example.lostandfind.domain.Result com.example.lostandfind.controller.LafController.addUser(com.example.lostandfind.mysql.UserMysql)
2019-05-29 15:45:40,430 [main] INFO  o.s.w.s.m.m.a.RequestMappingHandlerMapping 547 - Mapped "{[/search/detele/{openid}],methods=[DELETE]}" onto public com.example.lostandfind.mysql.HistoryMysql com.example.lostandfind.controller.LafController.doDelete(java.lang.String)
2019-05-29 15:45:40,431 [main] INFO  o.s.w.s.m.m.a.RequestMappingHandlerMapping 547 - Mapped "{[/User],methods=[GET]}" onto public java.util.List<com.example.lostandfind.mysql.UserMysql> com.example.lostandfind.controller.LafController.UserList()
2019-05-29 15:45:40,431 [main] INFO  o.s.w.s.m.m.a.RequestMappingHandlerMapping 547 - Mapped "{[/createIndex],methods=[GET]}" onto public java.lang.String com.example.lostandfind.controller.LafController.createIndex()
2019-05-29 15:45:40,431 [main] INFO  o.s.w.s.m.m.a.RequestMappingHandlerMapping 547 - Mapped "{[/getThanks],methods=[GET]}" onto public java.util.List<com.example.lostandfind.mysql.ThanksMysql> com.example.lostandfind.controller.LafController.getThanks()
2019-05-29 15:45:40,432 [main] INFO  o.s.w.s.m.m.a.RequestMappingHandlerMapping 547 - Mapped "{[/openid/{openid}],methods=[GET]}" onto public boolean com.example.lostandfind.controller.LafController.checkOpenId(java.lang.String)
2019-05-29 15:45:40,433 [main] INFO  o.s.w.s.m.m.a.RequestMappingHandlerMapping 547 - Mapped "{[/openid1/{openid}],methods=[GET]}" onto public java.util.List<com.example.lostandfind.mysql.UserMysql> com.example.lostandfind.controller.LafController.checkOpenId1(java.lang.String)
2019-05-29 15:45:40,434 [main] INFO  o.s.w.s.m.m.a.RequestMappingHandlerMapping 547 - Mapped "{[/valuable],methods=[GET]}" onto public java.util.List<com.example.lostandfind.mysql.InfoMysql> com.example.lostandfind.controller.LafController.searchValuableInfo(boolean)
2019-05-29 15:45:40,435 [main] INFO  o.s.w.s.m.m.a.RequestMappingHandlerMapping 547 - Mapped "{[/getValuable],methods=[GET]}" onto public java.util.List<com.example.lostandfind.mysql.InfoMysql> com.example.lostandfind.controller.LafController.getValuale()
2019-05-29 15:45:40,435 [main] INFO  o.s.w.s.m.m.a.RequestMappingHandlerMapping 547 - Mapped "{[/service/info],methods=[GET]}" onto public java.util.List<com.example.lostandfind.mysql.InfoMysql> com.example.lostandfind.controller.LafController.searchInfo(boolean,int)
2019-05-29 15:45:40,436 [main] INFO  o.s.w.s.m.m.a.RequestMappingHandlerMapping 547 - Mapped "{[/msg/{name}],methods=[POST]}" onto public com.example.lostandfind.domain.Result com.example.lostandfind.controller.LafController.addMsg(com.example.lostandfind.mysql.InfoMysql,java.lang.String) throws java.lang.Exception
2019-05-29 15:45:40,437 [main] INFO  o.s.w.s.m.m.a.RequestMappingHandlerMapping 547 - Mapped "{[/deleteInfo],methods=[DELETE]}" onto public boolean com.example.lostandfind.controller.LafController.deleteInfo(com.alibaba.fastjson.JSONObject)
2019-05-29 15:45:40,437 [main] INFO  o.s.w.s.m.m.a.RequestMappingHandlerMapping 547 - Mapped "{[/uploadNews],methods=[POST]}" onto public com.example.lostandfind.mysql.NewsMysql com.example.lostandfind.controller.LafController.uploadNews(org.springframework.web.multipart.MultipartFile,int,int,java.lang.String,java.lang.String,java.lang.String,java.lang.String,java.lang.String) throws java.lang.Exception
2019-05-29 15:45:40,438 [main] INFO  o.s.w.s.m.m.a.RequestMappingHandlerMapping 547 - Mapped "{[/getNews],methods=[GET]}" onto public java.util.List<com.example.lostandfind.mysql.NewsMysql> com.example.lostandfind.controller.LafController.getNews()
2019-05-29 15:45:40,438 [main] INFO  o.s.w.s.m.m.a.RequestMappingHandlerMapping 547 - Mapped "{[/uploadImage],methods=[POST]}" onto public java.lang.Object com.example.lostandfind.controller.LafController.uploadPicture(org.springframework.web.multipart.MultipartFile,int,int,java.lang.String,java.lang.String) throws java.lang.Exception
2019-05-29 15:45:40,439 [main] INFO  o.s.w.s.m.m.a.RequestMappingHandlerMapping 547 - Mapped "{[/confirm/{id}],methods=[PUT]}" onto public com.example.lostandfind.mysql.InfoMysql com.example.lostandfind.controller.LafController.doConfirm(java.lang.Integer,com.example.lostandfind.service.ConfirmService)
2019-05-29 15:45:40,439 [main] INFO  o.s.w.s.m.m.a.RequestMappingHandlerMapping 547 - Mapped "{[/manager/{openid}],methods=[POST]}" onto public java.lang.String com.example.lostandfind.controller.LafController.doManager(java.lang.String)
2019-05-29 15:45:40,440 [main] INFO  o.s.w.s.m.m.a.RequestMappingHandlerMapping 547 - Mapped "{[/addManagerFormId],methods=[POST]}" onto public com.example.lostandfind.domain.Result com.example.lostandfind.controller.LafController.addManagerFormId(com.alibaba.fastjson.JSONObject)
2019-05-29 15:45:40,440 [main] INFO  o.s.w.s.m.m.a.RequestMappingHandlerMapping 547 - Mapped "{[/check/{id}/{confirm}/{formId}/{openId}/{num}],methods=[PUT]}" onto public com.example.lostandfind.domain.Result com.example.lostandfind.controller.LafController.doCheck(java.lang.Integer,boolean,java.lang.String,java.lang.String,int)
2019-05-29 15:45:40,441 [main] INFO  o.s.w.s.m.m.a.RequestMappingHandlerMapping 547 - Mapped "{[/finish/{id}],methods=[DELETE]}" onto public java.lang.String com.example.lostandfind.controller.LafController.doFinish(java.lang.Integer)
2019-05-29 15:45:40,441 [main] INFO  o.s.w.s.m.m.a.RequestMappingHandlerMapping 547 - Mapped "{[/search/{index}/{string}/{count}],methods=[GET]}" onto public java.util.List<com.example.lostandfind.mysql.InfoMysql> com.example.lostandfind.controller.LafController.doSearch(java.lang.String,java.lang.Integer,java.lang.Integer) throws java.lang.Exception
2019-05-29 15:45:40,442 [main] INFO  o.s.w.s.m.m.a.RequestMappingHandlerMapping 547 - Mapped "{[/search/history],methods=[PUT]}" onto public com.example.lostandfind.mysql.HistoryMysql com.example.lostandfind.controller.LafController.doAddHistory(com.example.lostandfind.mysql.HistoryMysql)
2019-05-29 15:45:40,442 [main] INFO  o.s.w.s.m.m.a.RequestMappingHandlerMapping 547 - Mapped "{[/search/history/{openid}],methods=[GET]}" onto public com.example.lostandfind.mysql.HistoryMysql com.example.lostandfind.controller.LafController.doSearchHistory(java.lang.String)
2019-05-29 15:45:40,443 [main] INFO  o.s.w.s.m.m.a.RequestMappingHandlerMapping 547 - Mapped "{[/search/eye],methods=[PUT]}" onto public com.example.lostandfind.mysql.HistoryMysql com.example.lostandfind.controller.LafController.doaChangeEye(com.example.lostandfind.mysql.HistoryMysql)
2019-05-29 15:45:40,443 [main] INFO  o.s.w.s.m.m.a.RequestMappingHandlerMapping 547 - Mapped "{[/suggestion],methods=[POST]}" onto public com.example.lostandfind.mysql.SuggestMysql com.example.lostandfind.controller.LafController.WriteSuggestion(com.example.lostandfind.mysql.SuggestMysql)
2019-05-29 15:45:40,443 [main] INFO  o.s.w.s.m.m.a.RequestMappingHandlerMapping 547 - Mapped "{[/getSuggestion],methods=[GET]}" onto public com.alibaba.fastjson.JSONArray com.example.lostandfind.controller.LafController.GetSuggestion()
2019-05-29 15:45:40,444 [main] INFO  o.s.w.s.m.m.a.RequestMappingHandlerMapping 547 - Mapped "{[/get_access_token],methods=[GET]}" onto public com.alibaba.fastjson.JSONObject com.example.lostandfind.controller.LafController.getAccessToken()
2019-05-29 15:45:40,445 [main] INFO  o.s.w.s.m.m.a.RequestMappingHandlerMapping 547 - Mapped "{[/sendTemplateInfo],methods=[GET]}" onto public java.lang.Object com.example.lostandfind.controller.LafController.sendTemplateInfo(java.lang.String,java.lang.String,java.lang.String,java.lang.String,java.lang.String,java.lang.String,int,java.lang.String,java.lang.String,java.lang.String)
2019-05-29 15:45:40,446 [main] INFO  o.s.w.s.m.m.a.RequestMappingHandlerMapping 547 - Mapped "{[/aboutMeNot],methods=[GET]}" onto public java.util.List<com.example.lostandfind.mysql.InfoMysql> com.example.lostandfind.controller.LafController.getNotFinish(java.lang.String)
2019-05-29 15:45:40,446 [main] INFO  o.s.w.s.m.m.a.RequestMappingHandlerMapping 547 - Mapped "{[/aboutMeHas],methods=[GET]}" onto public java.util.List<com.example.lostandfind.mysql.FinishMysql> com.example.lostandfind.controller.LafController.getHasFinish(java.lang.String)
2019-05-29 15:45:40,447 [main] INFO  o.s.w.s.m.m.a.RequestMappingHandlerMapping 547 - Mapped "{[/Card],methods=[GET]}" onto public com.example.lostandfind.mysql.InfoMysql com.example.lostandfind.controller.LafController.getCardInfo(java.lang.String)
2019-05-29 15:45:40,448 [main] INFO  o.s.w.s.m.m.a.RequestMappingHandlerMapping 547 - Mapped "{[/writePersonInfo],methods=[POST]}" onto public com.example.lostandfind.mysql.PersonInfoMysql com.example.lostandfind.controller.LafController.writePersonInfo(com.example.lostandfind.mysql.PersonInfoMysql)
2019-05-29 15:45:40,448 [main] INFO  o.s.w.s.m.m.a.RequestMappingHandlerMapping 547 - Mapped "{[/getPersonInfo],methods=[GET]}" onto public com.example.lostandfind.mysql.PersonInfoMysql com.example.lostandfind.controller.LafController.getPersonInfo(int)
2019-05-29 15:45:40,449 [main] INFO  o.s.w.s.m.m.a.RequestMappingHandlerMapping 547 - Mapped "{[/writeEvaluate/{id}/{openid}/{level}],methods=[POST]}" onto public com.example.lostandfind.mysql.EvaluateMysql com.example.lostandfind.controller.LafController.writeEvaluate(java.lang.Integer,java.lang.Integer,java.lang.Integer)
2019-05-29 15:45:40,450 [main] INFO  o.s.w.s.m.m.a.RequestMappingHandlerMapping 547 - Mapped "{[/getEvaluate],methods=[GET]}" onto public com.example.lostandfind.mysql.EvaluateMysql com.example.lostandfind.controller.LafController.getEvaluate(int)
2019-05-29 15:45:40,451 [main] INFO  o.s.w.s.m.m.a.RequestMappingHandlerMapping 547 - Mapped "{[/getPersonComment],methods=[GET]}" onto public com.alibaba.fastjson.JSONObject com.example.lostandfind.controller.LafController.getPersonComment(java.lang.String)
2019-05-29 15:45:40,452 [main] INFO  o.s.w.s.m.m.a.RequestMappingHandlerMapping 547 - Mapped "{[/writeComment/{user_id}/{info_id}],methods=[POST]}" onto public com.example.lostandfind.mysql.CommentMysql com.example.lostandfind.controller.LafController.writeComment(java.lang.Integer,java.lang.Integer,com.example.lostandfind.mysql.CommentMysql)
2019-05-29 15:45:40,453 [main] INFO  o.s.w.s.m.m.a.RequestMappingHandlerMapping 547 - Mapped "{[/deleteComment/{id}],methods=[DELETE]}" onto public void com.example.lostandfind.controller.LafController.deleteComment(java.lang.Integer)
2019-05-29 15:45:40,453 [main] INFO  o.s.w.s.m.m.a.RequestMappingHandlerMapping 547 - Mapped "{[/changePersonComment/{openid}/{num}/{kind}],methods=[POST]}" onto public com.example.lostandfind.domain.Result com.example.lostandfind.controller.LafController.changePersonComment(java.lang.String,int,int)
2019-05-29 15:45:40,454 [main] INFO  o.s.w.s.m.m.a.RequestMappingHandlerMapping 547 - Mapped "{[/getReport],methods=[GET]}" onto public com.alibaba.fastjson.JSONArray com.example.lostandfind.controller.LafController.getReport()
2019-05-29 15:45:40,454 [main] INFO  o.s.w.s.m.m.a.RequestMappingHandlerMapping 547 - Mapped "{[/reportComment],methods=[POST]}" onto public java.lang.String com.example.lostandfind.controller.LafController.reportC(com.alibaba.fastjson.JSONObject)
2019-05-29 15:45:40,455 [main] INFO  o.s.w.s.m.m.a.RequestMappingHandlerMapping 547 - Mapped "{[/getReportComment],methods=[GET]}" onto public java.util.List<com.example.lostandfind.mysql.ReportCommentMysql> com.example.lostandfind.controller.LafController.getReportC()
2019-05-29 15:45:40,455 [main] INFO  o.s.w.s.m.m.a.RequestMappingHandlerMapping 547 - Mapped "{[/processComment],methods=[GET]}" onto public java.lang.String com.example.lostandfind.controller.LafController.processC(boolean,int,int,java.lang.String)
2019-05-29 15:45:40,455 [main] INFO  o.s.w.s.m.m.a.RequestMappingHandlerMapping 547 - Mapped "{[/getPushCount],methods=[GET]}" onto public int com.example.lostandfind.controller.LafController.getPushCount(java.lang.String,boolean)
2019-05-29 15:45:40,456 [main] INFO  o.s.w.s.m.m.a.RequestMappingHandlerMapping 547 - Mapped "{[/getPushInfo],methods=[GET]}" onto public java.util.List<com.example.lostandfind.mysql.PushMysql> com.example.lostandfind.controller.LafController.getPushInfo(java.lang.String,boolean)
2019-05-29 15:45:40,456 [main] INFO  o.s.w.s.m.m.a.RequestMappingHandlerMapping 547 - Mapped "{[/writePush],methods=[POST]}" onto public java.lang.String com.example.lostandfind.controller.LafController.writePush(com.alibaba.fastjson.JSONObject)
2019-05-29 15:45:40,457 [main] INFO  o.s.w.s.m.m.a.RequestMappingHandlerMapping 547 - Mapped "{[/test2],methods=[GET]}" onto public java.util.List<java.util.Map<java.lang.String, java.lang.Object>> com.example.lostandfind.controller.LafController.test2(java.lang.String)
2019-05-29 15:45:40,457 [main] INFO  o.s.w.s.m.m.a.RequestMappingHandlerMapping 547 - Mapped "{[/getSystemCount],methods=[GET]}" onto public int com.example.lostandfind.controller.LafController.getSystemCount(int,java.lang.String)
2019-05-29 15:45:40,457 [main] INFO  o.s.w.s.m.m.a.RequestMappingHandlerMapping 547 - Mapped "{[/getSystemInfo],methods=[GET]}" onto public java.util.List<com.example.lostandfind.mysql.SystemInformMysql> com.example.lostandfind.controller.LafController.getSystemInfo(int,java.lang.String)
2019-05-29 15:45:40,458 [main] INFO  o.s.w.s.m.m.a.RequestMappingHandlerMapping 547 - Mapped "{[/hasLookInfo],methods=[GET]}" onto public int com.example.lostandfind.controller.LafController.hasLookInfo(java.lang.String)
2019-05-29 15:45:40,458 [main] INFO  o.s.w.s.m.m.a.RequestMappingHandlerMapping 547 - Mapped "{[/addCollect],methods=[POST]}" onto public com.example.lostandfind.domain.Result com.example.lostandfind.controller.LafController.addCollect(com.alibaba.fastjson.JSONObject)
2019-05-29 15:45:40,459 [main] INFO  o.s.w.s.m.m.a.RequestMappingHandlerMapping 547 - Mapped "{[/removeCollect],methods=[GET]}" onto public com.example.lostandfind.domain.Result com.example.lostandfind.controller.LafController.reomveCollect(int,int)
2019-05-29 15:45:40,459 [main] INFO  o.s.w.s.m.m.a.RequestMappingHandlerMapping 547 - Mapped "{[/hasCollect],methods=[GET]}" onto public java.lang.Object com.example.lostandfind.controller.LafController.hasCollect(int,int)
2019-05-29 15:45:40,460 [main] INFO  o.s.w.s.m.m.a.RequestMappingHandlerMapping 547 - Mapped "{[/collectInfos],methods=[GET]}" onto public java.util.List<com.example.lostandfind.mysql.InfoMysql> com.example.lostandfind.controller.LafController.collectInfos(int)
2019-05-29 15:45:40,460 [main] INFO  o.s.w.s.m.m.a.RequestMappingHandlerMapping 547 - Mapped "{[/infoCount],methods=[GET]}" onto public com.alibaba.fastjson.JSONObject com.example.lostandfind.controller.LafController.infoCount(java.lang.String)
2019-05-29 15:45:40,461 [main] INFO  o.s.w.s.m.m.a.RequestMappingHandlerMapping 547 - Mapped "{[/writeFormId],methods=[POST]}" onto public com.example.lostandfind.domain.Result com.example.lostandfind.controller.LafController.writeFormId(com.alibaba.fastjson.JSONObject)
2019-05-29 15:45:40,461 [main] INFO  o.s.w.s.m.m.a.RequestMappingHandlerMapping 547 - Mapped "{[/deleteNews],methods=[DELETE]}" onto public com.example.lostandfind.domain.Result com.example.lostandfind.controller.LafController.deleteNews(com.example.lostandfind.mysql.NewsMysql)
2019-05-29 15:45:40,462 [main] INFO  o.s.w.s.m.m.a.RequestMappingHandlerMapping 547 - Mapped "{[/writeThanks],methods=[POST]}" onto public com.example.lostandfind.mysql.ThanksMysql com.example.lostandfind.controller.LafController.writeThanks(com.example.lostandfind.mysql.ThanksMysql)
2019-05-29 15:45:40,462 [main] INFO  o.s.w.s.m.m.a.RequestMappingHandlerMapping 547 - Mapped "{[/testname],methods=[GET]}" onto public void com.example.lostandfind.controller.LafController.testname(java.lang.String)
2019-05-29 15:45:40,467 [main] INFO  o.s.w.s.m.m.a.RequestMappingHandlerMapping 547 - Mapped "{[/error]}" onto public org.springframework.http.ResponseEntity<java.util.Map<java.lang.String, java.lang.Object>> org.springframework.boot.autoconfigure.web.servlet.error.BasicErrorController.error(javax.servlet.http.HttpServletRequest)
2019-05-29 15:45:40,469 [main] INFO  o.s.w.s.m.m.a.RequestMappingHandlerMapping 547 - Mapped "{[/error],produces=[text/html]}" onto public org.springframework.web.servlet.ModelAndView org.springframework.boot.autoconfigure.web.servlet.error.BasicErrorController.errorHtml(javax.servlet.http.HttpServletRequest,javax.servlet.http.HttpServletResponse)
2019-05-29 15:45:40,552 [main] INFO  o.s.w.s.h.SimpleUrlHandlerMapping 373 - Mapped URL path [/webjars/**] onto handler of type [class org.springframework.web.servlet.resource.ResourceHttpRequestHandler]
2019-05-29 15:45:40,552 [main] INFO  o.s.w.s.h.SimpleUrlHandlerMapping 373 - Mapped URL path [/**] onto handler of type [class org.springframework.web.servlet.resource.ResourceHttpRequestHandler]
2019-05-29 15:45:41,647 [main] INFO  o.s.j.e.a.AnnotationMBeanExporter 433 - Registering beans for JMX exposure on startup
2019-05-29 15:45:41,650 [main] INFO  o.s.j.e.a.AnnotationMBeanExporter 895 - Bean with name 'dataSource' has been autodetected for JMX exposure
2019-05-29 15:45:41,662 [main] INFO  o.s.j.e.a.AnnotationMBeanExporter 668 - Located MBean 'dataSource': registering with JMX server as MBean [com.zaxxer.hikari:name=dataSource,type=HikariDataSource]
2019-05-29 15:45:41,673 [main] INFO  o.s.c.s.DefaultLifecycleProcessor 351 - Starting beans in phase 2147483647
2019-05-29 15:45:41,861 [container-1] INFO  io.lettuce.core.EpollProvider 101 - Starting without optional epoll library
2019-05-29 15:45:41,865 [container-1] INFO  io.lettuce.core.KqueueProvider 101 - Starting without optional kqueue library
2019-05-29 15:45:46,696 [main] INFO  o.s.s.a.ScheduledAnnotationBeanPostProcessor 275 - No TaskScheduler/ScheduledExecutorService bean found for scheduled processing
2019-05-29 15:45:46,711 [main] INFO  o.a.coyote.http11.Http11NioProtocol 180 - Starting ProtocolHandler ["http-nio-8080"]
2019-05-29 15:45:46,719 [main] INFO  o.a.tomcat.util.net.NioSelectorPool 180 - Using a shared selector for servlet write/read
2019-05-29 15:45:46,748 [main] INFO  o.s.b.w.e.tomcat.TomcatWebServer 206 - Tomcat started on port(s): 8080 (http) with context path ''
2019-05-29 15:45:46,752 [main] INFO  c.e.l.LostandfindApplication 59 - Started LostandfindApplication in 26.93 seconds (JVM running for 29.863)
2019-05-29 17:11:23,770 [HikariPool-1 housekeeper] WARN  com.zaxxer.hikari.pool.HikariPool 758 - HikariPool-1 - Thread starvation or clock leap detected (housekeeper delta=1h10m20s243ms).
2019-05-29 17:28:41,379 [HikariPool-1 housekeeper] WARN  com.zaxxer.hikari.pool.HikariPool 758 - HikariPool-1 - Thread starvation or clock leap detected (housekeeper delta=16m17s592ms).
2019-05-29 17:56:31,500 [HikariPool-1 housekeeper] WARN  com.zaxxer.hikari.pool.HikariPool 758 - HikariPool-1 - Thread starvation or clock leap detected (housekeeper delta=26m20s96ms).
2019-05-29 18:34:31,631 [HikariPool-1 housekeeper] WARN  com.zaxxer.hikari.pool.HikariPool 750 - HikariPool-1 - Retrograde clock change detected (housekeeper delta=29s790ms), soft-evicting connections from pool.
2019-05-29 19:18:16,319 [HikariPool-1 housekeeper] WARN  com.zaxxer.hikari.pool.HikariPool 758 - HikariPool-1 - Thread starvation or clock leap detected (housekeeper delta=43m44s688ms).
2019-05-29 19:20:29,514 [Thread-54] INFO  o.s.b.w.s.c.AnnotationConfigServletWebServerApplicationContext 993 - Closing org.springframework.boot.web.servlet.context.AnnotationConfigServletWebServerApplicationContext@68267da0: startup date [Wed May 29 15:45:23 CST 2019]; root of context hierarchy
2019-05-29 19:20:29,518 [Thread-54] INFO  o.s.c.s.DefaultLifecycleProcessor 366 - Stopping beans in phase 2147483647
2019-05-29 19:20:29,521 [Thread-54] INFO  o.s.j.e.a.AnnotationMBeanExporter 451 - Unregistering JMX-exposed beans on shutdown
2019-05-29 19:20:29,523 [Thread-54] INFO  o.s.j.e.a.AnnotationMBeanExporter 185 - Unregistering JMX-exposed beans
2019-05-29 19:20:29,549 [Thread-54] INFO  o.s.o.j.LocalContainerEntityManagerFactoryBean 597 - Closing JPA EntityManagerFactory for persistence unit 'default'
2019-05-29 19:20:29,550 [Thread-54] INFO  com.zaxxer.hikari.HikariDataSource 381 - HikariPool-1 - Shutdown initiated...
2019-05-29 19:20:29,556 [Thread-54] INFO  com.zaxxer.hikari.HikariDataSource 383 - HikariPool-1 - Shutdown completed.
