2019-05-05 00:16:25,595 [http-nio-8080-exec-6] INFO  c.e.lostandfind.aspect.UserAspect 51 - url=http://localhost:8080/getUserInfo;method=GET;ip=0:0:0:0:0:0:0:1;classMethod=com.example.lostandfind.controller.LafController.getUserInfo;time=544ms;
2019-05-05 00:16:25,690 [http-nio-8080-exec-7] INFO  c.e.lostandfind.aspect.UserAspect 51 - url=http://localhost:8080/token;method=GET;ip=0:0:0:0:0:0:0:1;classMethod=com.example.lostandfind.controller.LafController.makeToken;time=28ms;
2019-05-05 00:16:25,759 [http-nio-8080-exec-10] INFO  c.e.lostandfind.aspect.UserAspect 51 - url=http://localhost:8080/openid1/orvxZ5LHevduXjiohzNmGuN3GW8o;method=GET;ip=0:0:0:0:0:0:0:1;classMethod=com.example.lostandfind.controller.LafController.checkOpenId1;time=25ms;
2019-05-05 00:16:25,795 [http-nio-8080-exec-8] INFO  c.e.lostandfind.aspect.UserAspect 51 - url=http://localhost:8080/manager/orvxZ5LHevduXjiohzNmGuN3GW8o;method=POST;ip=0:0:0:0:0:0:0:1;classMethod=com.example.lostandfind.controller.LafController.doManager;time=6ms;
2019-05-05 00:16:25,882 [http-nio-8080-exec-1] INFO  c.e.lostandfind.aspect.UserAspect 51 - url=http://localhost:8080/getPersonInfo;method=GET;ip=0:0:0:0:0:0:0:1;classMethod=com.example.lostandfind.controller.LafController.getPersonInfo;time=7ms;
2019-05-05 00:16:25,903 [http-nio-8080-exec-2] INFO  c.e.lostandfind.aspect.UserAspect 51 - url=http://localhost:8080/getSystemCount;method=GET;ip=0:0:0:0:0:0:0:1;classMethod=com.example.lostandfind.controller.LafController.getSystemCount;time=1556986585896ms;
2019-05-05 00:16:25,913 [http-nio-8080-exec-9] INFO  c.e.lostandfind.aspect.UserAspect 51 - url=http://localhost:8080/getPersonComment;method=GET;ip=0:0:0:0:0:0:0:1;classMethod=com.example.lostandfind.controller.LafController.getPersonComment;time=7ms;
2019-05-05 00:16:25,936 [http-nio-8080-exec-3] INFO  c.e.lostandfind.aspect.UserAspect 51 - url=http://localhost:8080/getValuable;method=GET;ip=0:0:0:0:0:0:0:1;classMethod=com.example.lostandfind.controller.LafController.getValuale;time=1556986585929ms;
2019-05-05 00:16:26,048 [http-nio-8080-exec-5] WARN  o.h.h.i.ast.QueryTranslatorImpl 381 - HHH000104: firstResult/maxResults specified with collection fetch; applying in memory!
2019-05-05 00:16:26,058 [http-nio-8080-exec-5] INFO  c.e.lostandfind.aspect.UserAspect 51 - url=http://localhost:8080/service/info;method=GET;ip=0:0:0:0:0:0:0:1;classMethod=com.example.lostandfind.controller.LafController.searchInfo;time=29ms;
2019-05-05 00:16:46,222 [http-nio-8080-exec-4] INFO  c.e.lostandfind.aspect.UserAspect 51 - url=http://localhost:8080/getUserInfo;method=GET;ip=0:0:0:0:0:0:0:1;classMethod=com.example.lostandfind.controller.LafController.getUserInfo;time=424ms;
2019-05-05 00:16:46,275 [http-nio-8080-exec-6] INFO  c.e.lostandfind.aspect.UserAspect 51 - url=http://localhost:8080/token;method=GET;ip=0:0:0:0:0:0:0:1;classMethod=com.example.lostandfind.controller.LafController.makeToken;time=7ms;
2019-05-05 00:16:46,322 [http-nio-8080-exec-7] INFO  c.e.lostandfind.aspect.UserAspect 51 - url=http://localhost:8080/openid1/orvxZ5LHevduXjiohzNmGuN3GW8o;method=GET;ip=0:0:0:0:0:0:0:1;classMethod=com.example.lostandfind.controller.LafController.checkOpenId1;time=4ms;
2019-05-05 00:16:46,360 [http-nio-8080-exec-10] INFO  c.e.lostandfind.aspect.UserAspect 51 - url=http://localhost:8080/manager/orvxZ5LHevduXjiohzNmGuN3GW8o;method=POST;ip=0:0:0:0:0:0:0:1;classMethod=com.example.lostandfind.controller.LafController.doManager;time=9ms;
2019-05-05 00:16:51,156 [http-nio-8080-exec-8] INFO  c.e.lostandfind.aspect.UserAspect 51 - url=http://localhost:8080/getUserInfo;method=GET;ip=0:0:0:0:0:0:0:1;classMethod=com.example.lostandfind.controller.LafController.getUserInfo;time=157ms;
2019-05-05 00:16:51,209 [http-nio-8080-exec-1] INFO  c.e.lostandfind.aspect.UserAspect 51 - url=http://localhost:8080/token;method=GET;ip=0:0:0:0:0:0:0:1;classMethod=com.example.lostandfind.controller.LafController.makeToken;time=7ms;
2019-05-05 00:16:51,244 [http-nio-8080-exec-2] INFO  c.e.lostandfind.aspect.UserAspect 51 - url=http://localhost:8080/openid1/orvxZ5LHevduXjiohzNmGuN3GW8o;method=GET;ip=0:0:0:0:0:0:0:1;classMethod=com.example.lostandfind.controller.LafController.checkOpenId1;time=4ms;
2019-05-05 00:16:51,275 [http-nio-8080-exec-9] INFO  c.e.lostandfind.aspect.UserAspect 51 - url=http://localhost:8080/manager/orvxZ5LHevduXjiohzNmGuN3GW8o;method=POST;ip=0:0:0:0:0:0:0:1;classMethod=com.example.lostandfind.controller.LafController.doManager;time=4ms;
2019-05-05 00:16:57,907 [http-nio-8080-exec-3] INFO  c.e.lostandfind.aspect.UserAspect 51 - url=http://localhost:8080/identity;method=GET;ip=0:0:0:0:0:0:0:1;classMethod=com.example.lostandfind.controller.LafController.decode;time=21ms;
2019-05-05 00:16:57,983 [http-nio-8080-exec-5] INFO  c.e.lostandfind.aspect.UserAspect 51 - url=http://localhost:8080/user;method=POST;ip=0:0:0:0:0:0:0:1;classMethod=com.example.lostandfind.controller.LafController.addUser;time=13ms;
2019-05-05 00:16:58,056 [http-nio-8080-exec-4] INFO  c.e.lostandfind.aspect.UserAspect 51 - url=http://localhost:8080/getPersonComment;method=GET;ip=0:0:0:0:0:0:0:1;classMethod=com.example.lostandfind.controller.LafController.getPersonComment;time=7ms;
2019-05-05 00:16:58,073 [http-nio-8080-exec-6] INFO  c.e.lostandfind.aspect.UserAspect 51 - url=http://localhost:8080/getPersonInfo;method=GET;ip=0:0:0:0:0:0:0:1;classMethod=com.example.lostandfind.controller.LafController.getPersonInfo;time=3ms;
2019-05-05 00:16:58,080 [http-nio-8080-exec-7] INFO  c.e.lostandfind.aspect.UserAspect 51 - url=http://localhost:8080/getSystemCount;method=GET;ip=0:0:0:0:0:0:0:1;classMethod=com.example.lostandfind.controller.LafController.getSystemCount;time=2ms;
2019-05-05 00:16:58,089 [http-nio-8080-exec-10] INFO  c.e.lostandfind.aspect.UserAspect 51 - url=http://localhost:8080/getValuable;method=GET;ip=0:0:0:0:0:0:0:1;classMethod=com.example.lostandfind.controller.LafController.getValuale;time=1556986618087ms;
2019-05-05 00:16:58,231 [http-nio-8080-exec-8] WARN  o.h.h.i.ast.QueryTranslatorImpl 381 - HHH000104: firstResult/maxResults specified with collection fetch; applying in memory!
2019-05-05 00:16:58,238 [http-nio-8080-exec-8] INFO  c.e.lostandfind.aspect.UserAspect 51 - url=http://localhost:8080/service/info;method=GET;ip=0:0:0:0:0:0:0:1;classMethod=com.example.lostandfind.controller.LafController.searchInfo;time=16ms;
2019-05-05 00:17:59,334 [http-nio-8080-exec-3] INFO  c.e.lostandfind.aspect.UserAspect 51 - url=http://localhost:8080/getUserInfo;method=GET;ip=0:0:0:0:0:0:0:1;classMethod=com.example.lostandfind.controller.LafController.getUserInfo;time=462ms;
2019-05-05 00:17:59,377 [http-nio-8080-exec-5] INFO  c.e.lostandfind.aspect.UserAspect 51 - url=http://localhost:8080/token;method=GET;ip=0:0:0:0:0:0:0:1;classMethod=com.example.lostandfind.controller.LafController.makeToken;time=6ms;
2019-05-05 00:17:59,418 [http-nio-8080-exec-4] INFO  c.e.lostandfind.aspect.UserAspect 51 - url=http://localhost:8080/openid1/orvxZ5LHevduXjiohzNmGuN3GW8o;method=GET;ip=0:0:0:0:0:0:0:1;classMethod=com.example.lostandfind.controller.LafController.checkOpenId1;time=6ms;
2019-05-05 00:17:59,451 [http-nio-8080-exec-6] INFO  c.e.lostandfind.aspect.UserAspect 51 - url=http://localhost:8080/manager/orvxZ5LHevduXjiohzNmGuN3GW8o;method=POST;ip=0:0:0:0:0:0:0:1;classMethod=com.example.lostandfind.controller.LafController.doManager;time=2ms;
2019-05-05 00:17:59,524 [http-nio-8080-exec-7] INFO  c.e.lostandfind.aspect.UserAspect 51 - url=http://localhost:8080/getPersonComment;method=GET;ip=0:0:0:0:0:0:0:1;classMethod=com.example.lostandfind.controller.LafController.getPersonComment;time=1556986679523ms;
2019-05-05 00:17:59,524 [http-nio-8080-exec-10] INFO  c.e.lostandfind.aspect.UserAspect 51 - url=http://localhost:8080/getSystemCount;method=GET;ip=0:0:0:0:0:0:0:1;classMethod=com.example.lostandfind.controller.LafController.getSystemCount;time=1ms;
2019-05-05 00:17:59,526 [http-nio-8080-exec-8] INFO  c.e.lostandfind.aspect.UserAspect 51 - url=http://localhost:8080/getPersonInfo;method=GET;ip=0:0:0:0:0:0:0:1;classMethod=com.example.lostandfind.controller.LafController.getPersonInfo;time=3ms;
2019-05-05 00:17:59,535 [http-nio-8080-exec-1] INFO  c.e.lostandfind.aspect.UserAspect 51 - url=http://localhost:8080/getValuable;method=GET;ip=0:0:0:0:0:0:0:1;classMethod=com.example.lostandfind.controller.LafController.getValuale;time=8ms;
2019-05-05 00:17:59,622 [http-nio-8080-exec-9] WARN  o.h.h.i.ast.QueryTranslatorImpl 381 - HHH000104: firstResult/maxResults specified with collection fetch; applying in memory!
2019-05-05 00:17:59,642 [http-nio-8080-exec-9] INFO  c.e.lostandfind.aspect.UserAspect 51 - url=http://localhost:8080/service/info;method=GET;ip=0:0:0:0:0:0:0:1;classMethod=com.example.lostandfind.controller.LafController.searchInfo;time=28ms;
2019-05-05 00:18:39,936 [http-nio-8080-exec-2] INFO  c.e.lostandfind.aspect.UserAspect 51 - url=http://localhost:8080/getUserInfo;method=GET;ip=0:0:0:0:0:0:0:1;classMethod=com.example.lostandfind.controller.LafController.getUserInfo;time=356ms;
2019-05-05 00:18:40,013 [http-nio-8080-exec-3] INFO  c.e.lostandfind.aspect.UserAspect 51 - url=http://localhost:8080/token;method=GET;ip=0:0:0:0:0:0:0:1;classMethod=com.example.lostandfind.controller.LafController.makeToken;time=35ms;
2019-05-05 00:18:40,051 [http-nio-8080-exec-5] INFO  c.e.lostandfind.aspect.UserAspect 51 - url=http://localhost:8080/openid1/orvxZ5LHevduXjiohzNmGuN3GW8o;method=GET;ip=0:0:0:0:0:0:0:1;classMethod=com.example.lostandfind.controller.LafController.checkOpenId1;time=3ms;
2019-05-05 00:18:40,081 [http-nio-8080-exec-4] INFO  c.e.lostandfind.aspect.UserAspect 51 - url=http://localhost:8080/manager/orvxZ5LHevduXjiohzNmGuN3GW8o;method=POST;ip=0:0:0:0:0:0:0:1;classMethod=com.example.lostandfind.controller.LafController.doManager;time=3ms;
2019-05-05 00:18:40,158 [http-nio-8080-exec-6] INFO  c.e.lostandfind.aspect.UserAspect 51 - url=http://localhost:8080/getPersonComment;method=GET;ip=0:0:0:0:0:0:0:1;classMethod=com.example.lostandfind.controller.LafController.getPersonComment;time=6ms;
2019-05-05 00:18:40,164 [http-nio-8080-exec-7] INFO  c.e.lostandfind.aspect.UserAspect 51 - url=http://localhost:8080/getPersonInfo;method=GET;ip=0:0:0:0:0:0:0:1;classMethod=com.example.lostandfind.controller.LafController.getPersonInfo;time=1556986720162ms;
2019-05-05 00:18:40,164 [http-nio-8080-exec-10] INFO  c.e.lostandfind.aspect.UserAspect 51 - url=http://localhost:8080/getSystemCount;method=GET;ip=0:0:0:0:0:0:0:1;classMethod=com.example.lostandfind.controller.LafController.getSystemCount;time=2ms;
2019-05-05 00:18:40,179 [http-nio-8080-exec-8] INFO  c.e.lostandfind.aspect.UserAspect 51 - url=http://localhost:8080/getValuable;method=GET;ip=0:0:0:0:0:0:0:1;classMethod=com.example.lostandfind.controller.LafController.getValuale;time=13ms;
2019-05-05 00:18:40,265 [http-nio-8080-exec-1] WARN  o.h.h.i.ast.QueryTranslatorImpl 381 - HHH000104: firstResult/maxResults specified with collection fetch; applying in memory!
2019-05-05 00:18:40,271 [http-nio-8080-exec-1] INFO  c.e.lostandfind.aspect.UserAspect 51 - url=http://localhost:8080/service/info;method=GET;ip=0:0:0:0:0:0:0:1;classMethod=com.example.lostandfind.controller.LafController.searchInfo;time=13ms;
2019-05-05 00:19:38,453 [http-nio-8080-exec-9] INFO  c.e.lostandfind.aspect.UserAspect 51 - url=http://localhost:8080/getUserInfo;method=GET;ip=0:0:0:0:0:0:0:1;classMethod=com.example.lostandfind.controller.LafController.getUserInfo;time=441ms;
2019-05-05 00:19:38,504 [http-nio-8080-exec-2] INFO  c.e.lostandfind.aspect.UserAspect 51 - url=http://localhost:8080/token;method=GET;ip=0:0:0:0:0:0:0:1;classMethod=com.example.lostandfind.controller.LafController.makeToken;time=13ms;
2019-05-05 00:19:38,547 [http-nio-8080-exec-3] INFO  c.e.lostandfind.aspect.UserAspect 51 - url=http://localhost:8080/openid1/orvxZ5LHevduXjiohzNmGuN3GW8o;method=GET;ip=0:0:0:0:0:0:0:1;classMethod=com.example.lostandfind.controller.LafController.checkOpenId1;time=4ms;
2019-05-05 00:19:38,603 [http-nio-8080-exec-5] INFO  c.e.lostandfind.aspect.UserAspect 51 - url=http://localhost:8080/manager/orvxZ5LHevduXjiohzNmGuN3GW8o;method=POST;ip=0:0:0:0:0:0:0:1;classMethod=com.example.lostandfind.controller.LafController.doManager;time=3ms;
2019-05-05 00:19:38,690 [http-nio-8080-exec-4] INFO  c.e.lostandfind.aspect.UserAspect 51 - url=http://localhost:8080/getPersonComment;method=GET;ip=0:0:0:0:0:0:0:1;classMethod=com.example.lostandfind.controller.LafController.getPersonComment;time=2ms;
2019-05-05 00:19:38,698 [http-nio-8080-exec-6] INFO  c.e.lostandfind.aspect.UserAspect 51 - url=http://localhost:8080/getPersonInfo;method=GET;ip=0:0:0:0:0:0:0:1;classMethod=com.example.lostandfind.controller.LafController.getPersonInfo;time=1556986778696ms;
2019-05-05 00:19:38,734 [http-nio-8080-exec-7] INFO  c.e.lostandfind.aspect.UserAspect 51 - url=http://localhost:8080/getSystemCount;method=GET;ip=0:0:0:0:0:0:0:1;classMethod=com.example.lostandfind.controller.LafController.getSystemCount;time=2ms;
2019-05-05 00:19:38,744 [http-nio-8080-exec-10] INFO  c.e.lostandfind.aspect.UserAspect 51 - url=http://localhost:8080/getValuable;method=GET;ip=0:0:0:0:0:0:0:1;classMethod=com.example.lostandfind.controller.LafController.getValuale;time=8ms;
2019-05-05 00:19:38,830 [http-nio-8080-exec-8] WARN  o.h.h.i.ast.QueryTranslatorImpl 381 - HHH000104: firstResult/maxResults specified with collection fetch; applying in memory!
2019-05-05 00:19:38,837 [http-nio-8080-exec-8] INFO  c.e.lostandfind.aspect.UserAspect 51 - url=http://localhost:8080/service/info;method=GET;ip=0:0:0:0:0:0:0:1;classMethod=com.example.lostandfind.controller.LafController.searchInfo;time=14ms;
2019-05-05 00:20:25,571 [http-nio-8080-exec-2] INFO  c.e.lostandfind.aspect.UserAspect 51 - url=http://localhost:8080/getUserInfo;method=GET;ip=0:0:0:0:0:0:0:1;classMethod=com.example.lostandfind.controller.LafController.getUserInfo;time=389ms;
2019-05-05 00:20:25,616 [http-nio-8080-exec-3] INFO  c.e.lostandfind.aspect.UserAspect 51 - url=http://localhost:8080/token;method=GET;ip=0:0:0:0:0:0:0:1;classMethod=com.example.lostandfind.controller.LafController.makeToken;time=5ms;
2019-05-05 00:20:25,653 [http-nio-8080-exec-5] INFO  c.e.lostandfind.aspect.UserAspect 51 - url=http://localhost:8080/openid1/orvxZ5LHevduXjiohzNmGuN3GW8o;method=GET;ip=0:0:0:0:0:0:0:1;classMethod=com.example.lostandfind.controller.LafController.checkOpenId1;time=3ms;
2019-05-05 00:20:25,693 [http-nio-8080-exec-4] INFO  c.e.lostandfind.aspect.UserAspect 51 - url=http://localhost:8080/manager/orvxZ5LHevduXjiohzNmGuN3GW8o;method=POST;ip=0:0:0:0:0:0:0:1;classMethod=com.example.lostandfind.controller.LafController.doManager;time=2ms;
2019-05-05 00:20:25,773 [http-nio-8080-exec-6] INFO  c.e.lostandfind.aspect.UserAspect 51 - url=http://localhost:8080/getPersonComment;method=GET;ip=0:0:0:0:0:0:0:1;classMethod=com.example.lostandfind.controller.LafController.getPersonComment;time=2ms;
2019-05-05 00:20:25,773 [http-nio-8080-exec-7] INFO  c.e.lostandfind.aspect.UserAspect 51 - url=http://localhost:8080/getPersonInfo;method=GET;ip=0:0:0:0:0:0:0:1;classMethod=com.example.lostandfind.controller.LafController.getPersonInfo;time=1556986825771ms;
2019-05-05 00:20:25,778 [http-nio-8080-exec-10] INFO  c.e.lostandfind.aspect.UserAspect 51 - url=http://localhost:8080/getSystemCount;method=GET;ip=0:0:0:0:0:0:0:1;classMethod=com.example.lostandfind.controller.LafController.getSystemCount;time=3ms;
2019-05-05 00:20:25,803 [http-nio-8080-exec-8] INFO  c.e.lostandfind.aspect.UserAspect 51 - url=http://localhost:8080/getValuable;method=GET;ip=0:0:0:0:0:0:0:1;classMethod=com.example.lostandfind.controller.LafController.getValuale;time=8ms;
2019-05-05 00:20:25,852 [http-nio-8080-exec-1] WARN  o.h.h.i.ast.QueryTranslatorImpl 381 - HHH000104: firstResult/maxResults specified with collection fetch; applying in memory!
2019-05-05 00:20:25,857 [http-nio-8080-exec-1] INFO  c.e.lostandfind.aspect.UserAspect 51 - url=http://localhost:8080/service/info;method=GET;ip=0:0:0:0:0:0:0:1;classMethod=com.example.lostandfind.controller.LafController.searchInfo;time=11ms;
2019-05-05 00:20:39,930 [http-nio-8080-exec-9] INFO  c.e.lostandfind.aspect.UserAspect 51 - url=http://localhost:8080/getUserInfo;method=GET;ip=0:0:0:0:0:0:0:1;classMethod=com.example.lostandfind.controller.LafController.getUserInfo;time=408ms;
2019-05-05 00:20:39,985 [http-nio-8080-exec-2] INFO  c.e.lostandfind.aspect.UserAspect 51 - url=http://localhost:8080/token;method=GET;ip=0:0:0:0:0:0:0:1;classMethod=com.example.lostandfind.controller.LafController.makeToken;time=5ms;
2019-05-05 00:20:40,034 [http-nio-8080-exec-3] INFO  c.e.lostandfind.aspect.UserAspect 51 - url=http://localhost:8080/openid1/orvxZ5LHevduXjiohzNmGuN3GW8o;method=GET;ip=0:0:0:0:0:0:0:1;classMethod=com.example.lostandfind.controller.LafController.checkOpenId1;time=4ms;
2019-05-05 00:20:40,066 [http-nio-8080-exec-5] INFO  c.e.lostandfind.aspect.UserAspect 51 - url=http://localhost:8080/manager/orvxZ5LHevduXjiohzNmGuN3GW8o;method=POST;ip=0:0:0:0:0:0:0:1;classMethod=com.example.lostandfind.controller.LafController.doManager;time=4ms;
2019-05-05 00:20:40,115 [http-nio-8080-exec-7] INFO  c.e.lostandfind.aspect.UserAspect 51 - url=http://localhost:8080/getPersonInfo;method=GET;ip=0:0:0:0:0:0:0:1;classMethod=com.example.lostandfind.controller.LafController.getPersonInfo;time=2ms;
2019-05-05 00:20:40,118 [http-nio-8080-exec-4] INFO  c.e.lostandfind.aspect.UserAspect 51 - url=http://localhost:8080/getPersonComment;method=GET;ip=0:0:0:0:0:0:0:1;classMethod=com.example.lostandfind.controller.LafController.getPersonComment;time=3ms;
2019-05-05 00:20:40,120 [http-nio-8080-exec-6] INFO  c.e.lostandfind.aspect.UserAspect 51 - url=http://localhost:8080/getSystemCount;method=GET;ip=0:0:0:0:0:0:0:1;classMethod=com.example.lostandfind.controller.LafController.getSystemCount;time=1556986840116ms;
2019-05-05 00:20:40,129 [http-nio-8080-exec-10] INFO  c.e.lostandfind.aspect.UserAspect 51 - url=http://localhost:8080/getValuable;method=GET;ip=0:0:0:0:0:0:0:1;classMethod=com.example.lostandfind.controller.LafController.getValuale;time=7ms;
2019-05-05 00:20:40,261 [http-nio-8080-exec-8] WARN  o.h.h.i.ast.QueryTranslatorImpl 381 - HHH000104: firstResult/maxResults specified with collection fetch; applying in memory!
2019-05-05 00:20:40,270 [http-nio-8080-exec-8] INFO  c.e.lostandfind.aspect.UserAspect 51 - url=http://localhost:8080/service/info;method=GET;ip=0:0:0:0:0:0:0:1;classMethod=com.example.lostandfind.controller.LafController.searchInfo;time=15ms;
2019-05-05 00:21:58,206 [http-nio-8080-exec-5] INFO  c.e.lostandfind.aspect.UserAspect 51 - url=http://localhost:8080/getUserInfo;method=GET;ip=0:0:0:0:0:0:0:1;classMethod=com.example.lostandfind.controller.LafController.getUserInfo;time=411ms;
2019-05-05 00:21:58,248 [http-nio-8080-exec-7] INFO  c.e.lostandfind.aspect.UserAspect 51 - url=http://localhost:8080/token;method=GET;ip=0:0:0:0:0:0:0:1;classMethod=com.example.lostandfind.controller.LafController.makeToken;time=6ms;
2019-05-05 00:21:58,285 [http-nio-8080-exec-4] INFO  c.e.lostandfind.aspect.UserAspect 51 - url=http://localhost:8080/openid1/orvxZ5LHevduXjiohzNmGuN3GW8o;method=GET;ip=0:0:0:0:0:0:0:1;classMethod=com.example.lostandfind.controller.LafController.checkOpenId1;time=8ms;
2019-05-05 00:21:58,317 [http-nio-8080-exec-6] INFO  c.e.lostandfind.aspect.UserAspect 51 - url=http://localhost:8080/manager/orvxZ5LHevduXjiohzNmGuN3GW8o;method=POST;ip=0:0:0:0:0:0:0:1;classMethod=com.example.lostandfind.controller.LafController.doManager;time=3ms;
2019-05-05 00:21:58,378 [http-nio-8080-exec-10] INFO  c.e.lostandfind.aspect.UserAspect 51 - url=http://localhost:8080/getPersonComment;method=GET;ip=0:0:0:0:0:0:0:1;classMethod=com.example.lostandfind.controller.LafController.getPersonComment;time=9ms;
2019-05-05 00:21:58,379 [http-nio-8080-exec-8] INFO  c.e.lostandfind.aspect.UserAspect 51 - url=http://localhost:8080/getPersonInfo;method=GET;ip=0:0:0:0:0:0:0:1;classMethod=com.example.lostandfind.controller.LafController.getPersonInfo;time=1556986918370ms;
2019-05-05 00:21:58,399 [http-nio-8080-exec-1] INFO  c.e.lostandfind.aspect.UserAspect 51 - url=http://localhost:8080/getSystemCount;method=GET;ip=0:0:0:0:0:0:0:1;classMethod=com.example.lostandfind.controller.LafController.getSystemCount;time=3ms;
2019-05-05 00:21:58,416 [http-nio-8080-exec-9] INFO  c.e.lostandfind.aspect.UserAspect 51 - url=http://localhost:8080/getValuable;method=GET;ip=0:0:0:0:0:0:0:1;classMethod=com.example.lostandfind.controller.LafController.getValuale;time=14ms;
2019-05-05 00:21:58,494 [http-nio-8080-exec-3] WARN  o.h.h.i.ast.QueryTranslatorImpl 381 - HHH000104: firstResult/maxResults specified with collection fetch; applying in memory!
2019-05-05 00:21:58,502 [http-nio-8080-exec-3] INFO  c.e.lostandfind.aspect.UserAspect 51 - url=http://localhost:8080/service/info;method=GET;ip=0:0:0:0:0:0:0:1;classMethod=com.example.lostandfind.controller.LafController.searchInfo;time=16ms;
2019-05-05 00:22:55,048 [http-nio-8080-exec-2] INFO  c.e.lostandfind.aspect.UserAspect 51 - url=http://localhost:8080/getUserInfo;method=GET;ip=0:0:0:0:0:0:0:1;classMethod=com.example.lostandfind.controller.LafController.getUserInfo;time=369ms;
2019-05-05 00:22:55,134 [http-nio-8080-exec-5] INFO  c.e.lostandfind.aspect.UserAspect 51 - url=http://localhost:8080/token;method=GET;ip=0:0:0:0:0:0:0:1;classMethod=com.example.lostandfind.controller.LafController.makeToken;time=11ms;
2019-05-05 00:22:55,184 [http-nio-8080-exec-7] INFO  c.e.lostandfind.aspect.UserAspect 51 - url=http://localhost:8080/openid1/orvxZ5LHevduXjiohzNmGuN3GW8o;method=GET;ip=0:0:0:0:0:0:0:1;classMethod=com.example.lostandfind.controller.LafController.checkOpenId1;time=3ms;
2019-05-05 00:22:55,230 [http-nio-8080-exec-4] INFO  c.e.lostandfind.aspect.UserAspect 51 - url=http://localhost:8080/manager/orvxZ5LHevduXjiohzNmGuN3GW8o;method=POST;ip=0:0:0:0:0:0:0:1;classMethod=com.example.lostandfind.controller.LafController.doManager;time=2ms;
2019-05-05 00:22:55,299 [http-nio-8080-exec-6] INFO  c.e.lostandfind.aspect.UserAspect 51 - url=http://localhost:8080/getPersonComment;method=GET;ip=0:0:0:0:0:0:0:1;classMethod=com.example.lostandfind.controller.LafController.getPersonComment;time=0ms;
2019-05-05 00:22:55,303 [http-nio-8080-exec-10] INFO  c.e.lostandfind.aspect.UserAspect 51 - url=http://localhost:8080/getSystemCount;method=GET;ip=0:0:0:0:0:0:0:1;classMethod=com.example.lostandfind.controller.LafController.getSystemCount;time=1556986975303ms;
2019-05-05 00:22:55,326 [http-nio-8080-exec-8] INFO  c.e.lostandfind.aspect.UserAspect 51 - url=http://localhost:8080/getPersonInfo;method=GET;ip=0:0:0:0:0:0:0:1;classMethod=com.example.lostandfind.controller.LafController.getPersonInfo;time=2ms;
2019-05-05 00:22:55,330 [http-nio-8080-exec-1] INFO  c.e.lostandfind.aspect.UserAspect 51 - url=http://localhost:8080/getValuable;method=GET;ip=0:0:0:0:0:0:0:1;classMethod=com.example.lostandfind.controller.LafController.getValuale;time=1556986975328ms;
2019-05-05 00:22:55,414 [http-nio-8080-exec-9] WARN  o.h.h.i.ast.QueryTranslatorImpl 381 - HHH000104: firstResult/maxResults specified with collection fetch; applying in memory!
2019-05-05 00:22:55,420 [http-nio-8080-exec-9] INFO  c.e.lostandfind.aspect.UserAspect 51 - url=http://localhost:8080/service/info;method=GET;ip=0:0:0:0:0:0:0:1;classMethod=com.example.lostandfind.controller.LafController.searchInfo;time=12ms;
2019-05-05 00:23:05,663 [http-nio-8080-exec-3] INFO  c.e.lostandfind.aspect.UserAspect 51 - url=http://localhost:8080/getUserInfo;method=GET;ip=0:0:0:0:0:0:0:1;classMethod=com.example.lostandfind.controller.LafController.getUserInfo;time=403ms;
2019-05-05 00:23:05,699 [http-nio-8080-exec-2] INFO  c.e.lostandfind.aspect.UserAspect 51 - url=http://localhost:8080/token;method=GET;ip=0:0:0:0:0:0:0:1;classMethod=com.example.lostandfind.controller.LafController.makeToken;time=4ms;
2019-05-05 00:23:05,734 [http-nio-8080-exec-5] INFO  c.e.lostandfind.aspect.UserAspect 51 - url=http://localhost:8080/openid1/orvxZ5LHevduXjiohzNmGuN3GW8o;method=GET;ip=0:0:0:0:0:0:0:1;classMethod=com.example.lostandfind.controller.LafController.checkOpenId1;time=3ms;
2019-05-05 00:23:05,765 [http-nio-8080-exec-7] INFO  c.e.lostandfind.aspect.UserAspect 51 - url=http://localhost:8080/manager/orvxZ5LHevduXjiohzNmGuN3GW8o;method=POST;ip=0:0:0:0:0:0:0:1;classMethod=com.example.lostandfind.controller.LafController.doManager;time=4ms;
2019-05-05 00:23:05,841 [http-nio-8080-exec-6] INFO  c.e.lostandfind.aspect.UserAspect 51 - url=http://localhost:8080/getPersonInfo;method=GET;ip=0:0:0:0:0:0:0:1;classMethod=com.example.lostandfind.controller.LafController.getPersonInfo;time=4ms;
2019-05-05 00:23:05,842 [http-nio-8080-exec-4] INFO  c.e.lostandfind.aspect.UserAspect 51 - url=http://localhost:8080/getPersonComment;method=GET;ip=0:0:0:0:0:0:0:1;classMethod=com.example.lostandfind.controller.LafController.getPersonComment;time=1556986985838ms;
2019-05-05 00:23:05,877 [http-nio-8080-exec-10] INFO  c.e.lostandfind.aspect.UserAspect 51 - url=http://localhost:8080/getSystemCount;method=GET;ip=0:0:0:0:0:0:0:1;classMethod=com.example.lostandfind.controller.LafController.getSystemCount;time=2ms;
2019-05-05 00:23:05,896 [http-nio-8080-exec-8] INFO  c.e.lostandfind.aspect.UserAspect 51 - url=http://localhost:8080/getValuable;method=GET;ip=0:0:0:0:0:0:0:1;classMethod=com.example.lostandfind.controller.LafController.getValuale;time=18ms;
2019-05-05 00:23:05,980 [http-nio-8080-exec-1] WARN  o.h.h.i.ast.QueryTranslatorImpl 381 - HHH000104: firstResult/maxResults specified with collection fetch; applying in memory!
2019-05-05 00:23:05,986 [http-nio-8080-exec-1] INFO  c.e.lostandfind.aspect.UserAspect 51 - url=http://localhost:8080/service/info;method=GET;ip=0:0:0:0:0:0:0:1;classMethod=com.example.lostandfind.controller.LafController.searchInfo;time=12ms;
2019-05-05 00:24:55,518 [http-nio-8080-exec-7] INFO  c.e.lostandfind.aspect.UserAspect 51 - url=http://localhost:8080/getUserInfo;method=GET;ip=0:0:0:0:0:0:0:1;classMethod=com.example.lostandfind.controller.LafController.getUserInfo;time=454ms;
2019-05-05 00:24:55,581 [http-nio-8080-exec-6] INFO  c.e.lostandfind.aspect.UserAspect 51 - url=http://localhost:8080/token;method=GET;ip=0:0:0:0:0:0:0:1;classMethod=com.example.lostandfind.controller.LafController.makeToken;time=4ms;
2019-05-05 00:24:55,613 [http-nio-8080-exec-4] INFO  c.e.lostandfind.aspect.UserAspect 51 - url=http://localhost:8080/openid1/orvxZ5LHevduXjiohzNmGuN3GW8o;method=GET;ip=0:0:0:0:0:0:0:1;classMethod=com.example.lostandfind.controller.LafController.checkOpenId1;time=3ms;
2019-05-05 00:24:55,648 [http-nio-8080-exec-10] INFO  c.e.lostandfind.aspect.UserAspect 51 - url=http://localhost:8080/manager/orvxZ5LHevduXjiohzNmGuN3GW8o;method=POST;ip=0:0:0:0:0:0:0:1;classMethod=com.example.lostandfind.controller.LafController.doManager;time=3ms;
2019-05-05 00:24:55,718 [http-nio-8080-exec-8] INFO  c.e.lostandfind.aspect.UserAspect 51 - url=http://localhost:8080/getPersonComment;method=GET;ip=0:0:0:0:0:0:0:1;classMethod=com.example.lostandfind.controller.LafController.getPersonComment;time=1556987095718ms;
2019-05-05 00:24:55,724 [http-nio-8080-exec-1] INFO  c.e.lostandfind.aspect.UserAspect 51 - url=http://localhost:8080/getPersonInfo;method=GET;ip=0:0:0:0:0:0:0:1;classMethod=com.example.lostandfind.controller.LafController.getPersonInfo;time=6ms;
2019-05-05 00:24:55,724 [http-nio-8080-exec-9] INFO  c.e.lostandfind.aspect.UserAspect 51 - url=http://localhost:8080/getSystemCount;method=GET;ip=0:0:0:0:0:0:0:1;classMethod=com.example.lostandfind.controller.LafController.getSystemCount;time=6ms;
2019-05-05 00:24:55,752 [http-nio-8080-exec-3] INFO  c.e.lostandfind.aspect.UserAspect 51 - url=http://localhost:8080/getValuable;method=GET;ip=0:0:0:0:0:0:0:1;classMethod=com.example.lostandfind.controller.LafController.getValuale;time=6ms;
2019-05-05 00:24:55,825 [http-nio-8080-exec-2] WARN  o.h.h.i.ast.QueryTranslatorImpl 381 - HHH000104: firstResult/maxResults specified with collection fetch; applying in memory!
2019-05-05 00:24:55,830 [http-nio-8080-exec-2] INFO  c.e.lostandfind.aspect.UserAspect 51 - url=http://localhost:8080/service/info;method=GET;ip=0:0:0:0:0:0:0:1;classMethod=com.example.lostandfind.controller.LafController.searchInfo;time=11ms;
2019-05-05 00:25:49,085 [http-nio-8080-exec-5] INFO  c.e.lostandfind.aspect.UserAspect 51 - url=http://localhost:8080/getUserInfo;method=GET;ip=0:0:0:0:0:0:0:1;classMethod=com.example.lostandfind.controller.LafController.getUserInfo;time=382ms;
2019-05-05 00:25:49,120 [http-nio-8080-exec-7] INFO  c.e.lostandfind.aspect.UserAspect 51 - url=http://localhost:8080/token;method=GET;ip=0:0:0:0:0:0:0:1;classMethod=com.example.lostandfind.controller.LafController.makeToken;time=3ms;
2019-05-05 00:25:49,152 [http-nio-8080-exec-6] INFO  c.e.lostandfind.aspect.UserAspect 51 - url=http://localhost:8080/openid1/orvxZ5LHevduXjiohzNmGuN3GW8o;method=GET;ip=0:0:0:0:0:0:0:1;classMethod=com.example.lostandfind.controller.LafController.checkOpenId1;time=3ms;
2019-05-05 00:25:49,181 [http-nio-8080-exec-4] INFO  c.e.lostandfind.aspect.UserAspect 51 - url=http://localhost:8080/manager/orvxZ5LHevduXjiohzNmGuN3GW8o;method=POST;ip=0:0:0:0:0:0:0:1;classMethod=com.example.lostandfind.controller.LafController.doManager;time=3ms;
2019-05-05 00:25:49,245 [http-nio-8080-exec-10] INFO  c.e.lostandfind.aspect.UserAspect 51 - url=http://localhost:8080/getPersonComment;method=GET;ip=0:0:0:0:0:0:0:1;classMethod=com.example.lostandfind.controller.LafController.getPersonComment;time=6ms;
2019-05-05 00:25:49,251 [http-nio-8080-exec-8] INFO  c.e.lostandfind.aspect.UserAspect 51 - url=http://localhost:8080/getPersonInfo;method=GET;ip=0:0:0:0:0:0:0:1;classMethod=com.example.lostandfind.controller.LafController.getPersonInfo;time=2ms;
2019-05-05 00:25:49,264 [http-nio-8080-exec-1] INFO  c.e.lostandfind.aspect.UserAspect 51 - url=http://localhost:8080/getSystemCount;method=GET;ip=0:0:0:0:0:0:0:1;classMethod=com.example.lostandfind.controller.LafController.getSystemCount;time=2ms;
2019-05-05 00:25:49,300 [http-nio-8080-exec-9] INFO  c.e.lostandfind.aspect.UserAspect 51 - url=http://localhost:8080/getValuable;method=GET;ip=0:0:0:0:0:0:0:1;classMethod=com.example.lostandfind.controller.LafController.getValuale;time=18ms;
2019-05-05 00:25:49,352 [http-nio-8080-exec-3] WARN  o.h.h.i.ast.QueryTranslatorImpl 381 - HHH000104: firstResult/maxResults specified with collection fetch; applying in memory!
2019-05-05 00:25:49,358 [http-nio-8080-exec-3] INFO  c.e.lostandfind.aspect.UserAspect 51 - url=http://localhost:8080/service/info;method=GET;ip=0:0:0:0:0:0:0:1;classMethod=com.example.lostandfind.controller.LafController.searchInfo;time=14ms;
2019-05-05 00:27:01,850 [http-nio-8080-exec-4] INFO  c.e.lostandfind.aspect.UserAspect 51 - url=http://localhost:8080/getUserInfo;method=GET;ip=0:0:0:0:0:0:0:1;classMethod=com.example.lostandfind.controller.LafController.getUserInfo;time=358ms;
2019-05-05 00:27:01,892 [http-nio-8080-exec-10] INFO  c.e.lostandfind.aspect.UserAspect 51 - url=http://localhost:8080/token;method=GET;ip=0:0:0:0:0:0:0:1;classMethod=com.example.lostandfind.controller.LafController.makeToken;time=4ms;
2019-05-05 00:27:01,929 [http-nio-8080-exec-8] INFO  c.e.lostandfind.aspect.UserAspect 51 - url=http://localhost:8080/openid1/orvxZ5LHevduXjiohzNmGuN3GW8o;method=GET;ip=0:0:0:0:0:0:0:1;classMethod=com.example.lostandfind.controller.LafController.checkOpenId1;time=2ms;
2019-05-05 00:27:01,990 [http-nio-8080-exec-1] INFO  c.e.lostandfind.aspect.UserAspect 51 - url=http://localhost:8080/manager/orvxZ5LHevduXjiohzNmGuN3GW8o;method=POST;ip=0:0:0:0:0:0:0:1;classMethod=com.example.lostandfind.controller.LafController.doManager;time=2ms;
2019-05-05 00:27:02,071 [http-nio-8080-exec-9] INFO  c.e.lostandfind.aspect.UserAspect 51 - url=http://localhost:8080/getPersonComment;method=GET;ip=0:0:0:0:0:0:0:1;classMethod=com.example.lostandfind.controller.LafController.getPersonComment;time=6ms;
2019-05-05 00:27:02,076 [http-nio-8080-exec-3] INFO  c.e.lostandfind.aspect.UserAspect 51 - url=http://localhost:8080/getPersonInfo;method=GET;ip=0:0:0:0:0:0:0:1;classMethod=com.example.lostandfind.controller.LafController.getPersonInfo;time=1ms;
2019-05-05 00:27:02,077 [http-nio-8080-exec-2] INFO  c.e.lostandfind.aspect.UserAspect 51 - url=http://localhost:8080/getSystemCount;method=GET;ip=0:0:0:0:0:0:0:1;classMethod=com.example.lostandfind.controller.LafController.getSystemCount;time=1556987222076ms;
2019-05-05 00:27:02,099 [http-nio-8080-exec-5] INFO  c.e.lostandfind.aspect.UserAspect 51 - url=http://localhost:8080/getValuable;method=GET;ip=0:0:0:0:0:0:0:1;classMethod=com.example.lostandfind.controller.LafController.getValuale;time=6ms;
2019-05-05 00:27:02,172 [http-nio-8080-exec-6] WARN  o.h.h.i.ast.QueryTranslatorImpl 381 - HHH000104: firstResult/maxResults specified with collection fetch; applying in memory!
2019-05-05 00:27:02,178 [http-nio-8080-exec-6] INFO  c.e.lostandfind.aspect.UserAspect 51 - url=http://localhost:8080/service/info;method=GET;ip=0:0:0:0:0:0:0:1;classMethod=com.example.lostandfind.controller.LafController.searchInfo;time=13ms;
2019-05-05 00:27:09,813 [http-nio-8080-exec-7] INFO  c.e.lostandfind.aspect.UserAspect 51 - url=http://localhost:8080/getUserInfo;method=GET;ip=0:0:0:0:0:0:0:1;classMethod=com.example.lostandfind.controller.LafController.getUserInfo;time=602ms;
2019-05-05 00:27:09,846 [http-nio-8080-exec-4] INFO  c.e.lostandfind.aspect.UserAspect 51 - url=http://localhost:8080/token;method=GET;ip=0:0:0:0:0:0:0:1;classMethod=com.example.lostandfind.controller.LafController.makeToken;time=6ms;
2019-05-05 00:27:09,876 [http-nio-8080-exec-10] INFO  c.e.lostandfind.aspect.UserAspect 51 - url=http://localhost:8080/openid1/orvxZ5LHevduXjiohzNmGuN3GW8o;method=GET;ip=0:0:0:0:0:0:0:1;classMethod=com.example.lostandfind.controller.LafController.checkOpenId1;time=3ms;
2019-05-05 00:27:09,901 [http-nio-8080-exec-8] INFO  c.e.lostandfind.aspect.UserAspect 51 - url=http://localhost:8080/manager/orvxZ5LHevduXjiohzNmGuN3GW8o;method=POST;ip=0:0:0:0:0:0:0:1;classMethod=com.example.lostandfind.controller.LafController.doManager;time=3ms;
2019-05-05 00:27:09,945 [http-nio-8080-exec-3] INFO  c.e.lostandfind.aspect.UserAspect 51 - url=http://localhost:8080/getSystemCount;method=GET;ip=0:0:0:0:0:0:0:1;classMethod=com.example.lostandfind.controller.LafController.getSystemCount;time=4ms;
2019-05-05 00:27:09,948 [http-nio-8080-exec-1] INFO  c.e.lostandfind.aspect.UserAspect 51 - url=http://localhost:8080/getPersonComment;method=GET;ip=0:0:0:0:0:0:0:1;classMethod=com.example.lostandfind.controller.LafController.getPersonComment;time=1ms;
2019-05-05 00:27:09,952 [http-nio-8080-exec-9] INFO  c.e.lostandfind.aspect.UserAspect 51 - url=http://localhost:8080/getPersonInfo;method=GET;ip=0:0:0:0:0:0:0:1;classMethod=com.example.lostandfind.controller.LafController.getPersonInfo;time=1556987229951ms;
2019-05-05 00:27:09,953 [http-nio-8080-exec-2] INFO  c.e.lostandfind.aspect.UserAspect 51 - url=http://localhost:8080/getValuable;method=GET;ip=0:0:0:0:0:0:0:1;classMethod=com.example.lostandfind.controller.LafController.getValuale;time=2ms;
2019-05-05 00:27:10,052 [http-nio-8080-exec-5] WARN  o.h.h.i.ast.QueryTranslatorImpl 381 - HHH000104: firstResult/maxResults specified with collection fetch; applying in memory!
2019-05-05 00:27:10,057 [http-nio-8080-exec-5] INFO  c.e.lostandfind.aspect.UserAspect 51 - url=http://localhost:8080/service/info;method=GET;ip=0:0:0:0:0:0:0:1;classMethod=com.example.lostandfind.controller.LafController.searchInfo;time=11ms;
2019-05-05 00:27:34,518 [http-nio-8080-exec-6] INFO  c.e.lostandfind.aspect.UserAspect 51 - url=http://localhost:8080/getUserInfo;method=GET;ip=0:0:0:0:0:0:0:1;classMethod=com.example.lostandfind.controller.LafController.getUserInfo;time=391ms;
2019-05-05 00:27:34,576 [http-nio-8080-exec-7] INFO  c.e.lostandfind.aspect.UserAspect 51 - url=http://localhost:8080/token;method=GET;ip=0:0:0:0:0:0:0:1;classMethod=com.example.lostandfind.controller.LafController.makeToken;time=7ms;
2019-05-05 00:27:34,623 [http-nio-8080-exec-4] INFO  c.e.lostandfind.aspect.UserAspect 51 - url=http://localhost:8080/openid1/orvxZ5LHevduXjiohzNmGuN3GW8o;method=GET;ip=0:0:0:0:0:0:0:1;classMethod=com.example.lostandfind.controller.LafController.checkOpenId1;time=3ms;
2019-05-05 00:27:34,657 [http-nio-8080-exec-10] INFO  c.e.lostandfind.aspect.UserAspect 51 - url=http://localhost:8080/manager/orvxZ5LHevduXjiohzNmGuN3GW8o;method=POST;ip=0:0:0:0:0:0:0:1;classMethod=com.example.lostandfind.controller.LafController.doManager;time=2ms;
2019-05-05 00:27:34,721 [http-nio-8080-exec-8] INFO  c.e.lostandfind.aspect.UserAspect 51 - url=http://localhost:8080/getPersonComment;method=GET;ip=0:0:0:0:0:0:0:1;classMethod=com.example.lostandfind.controller.LafController.getPersonComment;time=2ms;
2019-05-05 00:27:34,721 [http-nio-8080-exec-3] INFO  c.e.lostandfind.aspect.UserAspect 51 - url=http://localhost:8080/getPersonInfo;method=GET;ip=0:0:0:0:0:0:0:1;classMethod=com.example.lostandfind.controller.LafController.getPersonInfo;time=1556987254719ms;
2019-05-05 00:27:34,746 [http-nio-8080-exec-1] INFO  c.e.lostandfind.aspect.UserAspect 51 - url=http://localhost:8080/getSystemCount;method=GET;ip=0:0:0:0:0:0:0:1;classMethod=com.example.lostandfind.controller.LafController.getSystemCount;time=3ms;
2019-05-05 00:27:34,761 [http-nio-8080-exec-9] INFO  c.e.lostandfind.aspect.UserAspect 51 - url=http://localhost:8080/getValuable;method=GET;ip=0:0:0:0:0:0:0:1;classMethod=com.example.lostandfind.controller.LafController.getValuale;time=9ms;
2019-05-05 00:27:34,864 [http-nio-8080-exec-2] WARN  o.h.h.i.ast.QueryTranslatorImpl 381 - HHH000104: firstResult/maxResults specified with collection fetch; applying in memory!
2019-05-05 00:27:34,870 [http-nio-8080-exec-2] INFO  c.e.lostandfind.aspect.UserAspect 51 - url=http://localhost:8080/service/info;method=GET;ip=0:0:0:0:0:0:0:1;classMethod=com.example.lostandfind.controller.LafController.searchInfo;time=12ms;
2019-05-05 00:28:03,108 [http-nio-8080-exec-5] INFO  c.e.lostandfind.aspect.UserAspect 51 - url=http://localhost:8080/getUserInfo;method=GET;ip=0:0:0:0:0:0:0:1;classMethod=com.example.lostandfind.controller.LafController.getUserInfo;time=414ms;
2019-05-05 00:28:03,151 [http-nio-8080-exec-6] INFO  c.e.lostandfind.aspect.UserAspect 51 - url=http://localhost:8080/token;method=GET;ip=0:0:0:0:0:0:0:1;classMethod=com.example.lostandfind.controller.LafController.makeToken;time=6ms;
2019-05-05 00:28:03,187 [http-nio-8080-exec-7] INFO  c.e.lostandfind.aspect.UserAspect 51 - url=http://localhost:8080/openid1/orvxZ5LHevduXjiohzNmGuN3GW8o;method=GET;ip=0:0:0:0:0:0:0:1;classMethod=com.example.lostandfind.controller.LafController.checkOpenId1;time=4ms;
2019-05-05 00:28:03,219 [http-nio-8080-exec-4] INFO  c.e.lostandfind.aspect.UserAspect 51 - url=http://localhost:8080/manager/orvxZ5LHevduXjiohzNmGuN3GW8o;method=POST;ip=0:0:0:0:0:0:0:1;classMethod=com.example.lostandfind.controller.LafController.doManager;time=2ms;
2019-05-05 00:28:03,271 [http-nio-8080-exec-8] INFO  c.e.lostandfind.aspect.UserAspect 51 - url=http://localhost:8080/getPersonInfo;method=GET;ip=0:0:0:0:0:0:0:1;classMethod=com.example.lostandfind.controller.LafController.getPersonInfo;time=2ms;
2019-05-05 00:28:03,275 [http-nio-8080-exec-10] INFO  c.e.lostandfind.aspect.UserAspect 51 - url=http://localhost:8080/getPersonComment;method=GET;ip=0:0:0:0:0:0:0:1;classMethod=com.example.lostandfind.controller.LafController.getPersonComment;time=1556987283273ms;
2019-05-05 00:28:03,286 [http-nio-8080-exec-3] INFO  c.e.lostandfind.aspect.UserAspect 51 - url=http://localhost:8080/getSystemCount;method=GET;ip=0:0:0:0:0:0:0:1;classMethod=com.example.lostandfind.controller.LafController.getSystemCount;time=3ms;
2019-05-05 00:28:03,302 [http-nio-8080-exec-1] INFO  c.e.lostandfind.aspect.UserAspect 51 - url=http://localhost:8080/getValuable;method=GET;ip=0:0:0:0:0:0:0:1;classMethod=com.example.lostandfind.controller.LafController.getValuale;time=6ms;
2019-05-05 00:28:03,363 [http-nio-8080-exec-9] WARN  o.h.h.i.ast.QueryTranslatorImpl 381 - HHH000104: firstResult/maxResults specified with collection fetch; applying in memory!
2019-05-05 00:28:03,368 [http-nio-8080-exec-9] INFO  c.e.lostandfind.aspect.UserAspect 51 - url=http://localhost:8080/service/info;method=GET;ip=0:0:0:0:0:0:0:1;classMethod=com.example.lostandfind.controller.LafController.searchInfo;time=10ms;
2019-05-05 00:28:34,220 [http-nio-8080-exec-5] INFO  c.e.lostandfind.aspect.UserAspect 51 - url=http://localhost:8080/getUserInfo;method=GET;ip=0:0:0:0:0:0:0:1;classMethod=com.example.lostandfind.controller.LafController.getUserInfo;time=452ms;
2019-05-05 00:28:34,285 [http-nio-8080-exec-6] INFO  c.e.lostandfind.aspect.UserAspect 51 - url=http://localhost:8080/token;method=GET;ip=0:0:0:0:0:0:0:1;classMethod=com.example.lostandfind.controller.LafController.makeToken;time=5ms;
2019-05-05 00:28:34,317 [http-nio-8080-exec-7] INFO  c.e.lostandfind.aspect.UserAspect 51 - url=http://localhost:8080/openid1/orvxZ5LHevduXjiohzNmGuN3GW8o;method=GET;ip=0:0:0:0:0:0:0:1;classMethod=com.example.lostandfind.controller.LafController.checkOpenId1;time=3ms;
2019-05-05 00:28:34,346 [http-nio-8080-exec-4] INFO  c.e.lostandfind.aspect.UserAspect 51 - url=http://localhost:8080/manager/orvxZ5LHevduXjiohzNmGuN3GW8o;method=POST;ip=0:0:0:0:0:0:0:1;classMethod=com.example.lostandfind.controller.LafController.doManager;time=2ms;
2019-05-05 00:28:34,386 [http-nio-8080-exec-8] INFO  c.e.lostandfind.aspect.UserAspect 51 - url=http://localhost:8080/getPersonComment;method=GET;ip=0:0:0:0:0:0:0:1;classMethod=com.example.lostandfind.controller.LafController.getPersonComment;time=0ms;
2019-05-05 00:28:34,388 [http-nio-8080-exec-10] INFO  c.e.lostandfind.aspect.UserAspect 51 - url=http://localhost:8080/getPersonInfo;method=GET;ip=0:0:0:0:0:0:0:1;classMethod=com.example.lostandfind.controller.LafController.getPersonInfo;time=1556987314388ms;
2019-05-05 00:28:34,399 [http-nio-8080-exec-3] INFO  c.e.lostandfind.aspect.UserAspect 51 - url=http://localhost:8080/getSystemCount;method=GET;ip=0:0:0:0:0:0:0:1;classMethod=com.example.lostandfind.controller.LafController.getSystemCount;time=2ms;
2019-05-05 00:28:34,408 [http-nio-8080-exec-1] INFO  c.e.lostandfind.aspect.UserAspect 51 - url=http://localhost:8080/getValuable;method=GET;ip=0:0:0:0:0:0:0:1;classMethod=com.example.lostandfind.controller.LafController.getValuale;time=7ms;
2019-05-05 00:28:34,464 [http-nio-8080-exec-9] WARN  o.h.h.i.ast.QueryTranslatorImpl 381 - HHH000104: firstResult/maxResults specified with collection fetch; applying in memory!
2019-05-05 00:28:34,469 [http-nio-8080-exec-9] INFO  c.e.lostandfind.aspect.UserAspect 51 - url=http://localhost:8080/service/info;method=GET;ip=0:0:0:0:0:0:0:1;classMethod=com.example.lostandfind.controller.LafController.searchInfo;time=11ms;
2019-05-05 00:29:36,504 [http-nio-8080-exec-7] INFO  c.e.lostandfind.aspect.UserAspect 51 - url=http://localhost:8080/getUserInfo;method=GET;ip=0:0:0:0:0:0:0:1;classMethod=com.example.lostandfind.controller.LafController.getUserInfo;time=425ms;
2019-05-05 00:29:36,602 [http-nio-8080-exec-4] INFO  c.e.lostandfind.aspect.UserAspect 51 - url=http://localhost:8080/token;method=GET;ip=0:0:0:0:0:0:0:1;classMethod=com.example.lostandfind.controller.LafController.makeToken;time=8ms;
2019-05-05 00:29:36,656 [http-nio-8080-exec-8] INFO  c.e.lostandfind.aspect.UserAspect 51 - url=http://localhost:8080/openid1/orvxZ5LHevduXjiohzNmGuN3GW8o;method=GET;ip=0:0:0:0:0:0:0:1;classMethod=com.example.lostandfind.controller.LafController.checkOpenId1;time=4ms;
2019-05-05 00:29:36,713 [http-nio-8080-exec-10] INFO  c.e.lostandfind.aspect.UserAspect 51 - url=http://localhost:8080/manager/orvxZ5LHevduXjiohzNmGuN3GW8o;method=POST;ip=0:0:0:0:0:0:0:1;classMethod=com.example.lostandfind.controller.LafController.doManager;time=4ms;
2019-05-05 00:29:36,794 [http-nio-8080-exec-3] INFO  c.e.lostandfind.aspect.UserAspect 51 - url=http://localhost:8080/getPersonComment;method=GET;ip=0:0:0:0:0:0:0:1;classMethod=com.example.lostandfind.controller.LafController.getPersonComment;time=5ms;
2019-05-05 00:29:36,819 [http-nio-8080-exec-1] INFO  c.e.lostandfind.aspect.UserAspect 51 - url=http://localhost:8080/getPersonInfo;method=GET;ip=0:0:0:0:0:0:0:1;classMethod=com.example.lostandfind.controller.LafController.getPersonInfo;time=2ms;
2019-05-05 00:29:36,824 [http-nio-8080-exec-9] INFO  c.e.lostandfind.aspect.UserAspect 51 - url=http://localhost:8080/getSystemCount;method=GET;ip=0:0:0:0:0:0:0:1;classMethod=com.example.lostandfind.controller.LafController.getSystemCount;time=2ms;
2019-05-05 00:29:36,836 [http-nio-8080-exec-5] INFO  c.e.lostandfind.aspect.UserAspect 51 - url=http://localhost:8080/getValuable;method=GET;ip=0:0:0:0:0:0:0:1;classMethod=com.example.lostandfind.controller.LafController.getValuale;time=5ms;
2019-05-05 00:29:36,971 [http-nio-8080-exec-2] WARN  o.h.h.i.ast.QueryTranslatorImpl 381 - HHH000104: firstResult/maxResults specified with collection fetch; applying in memory!
2019-05-05 00:29:36,977 [http-nio-8080-exec-2] INFO  c.e.lostandfind.aspect.UserAspect 51 - url=http://localhost:8080/service/info;method=GET;ip=0:0:0:0:0:0:0:1;classMethod=com.example.lostandfind.controller.LafController.searchInfo;time=12ms;
2019-05-05 00:29:47,431 [http-nio-8080-exec-6] INFO  c.e.lostandfind.aspect.UserAspect 51 - url=http://localhost:8080/getUserInfo;method=GET;ip=0:0:0:0:0:0:0:1;classMethod=com.example.lostandfind.controller.LafController.getUserInfo;time=393ms;
2019-05-05 00:29:47,500 [http-nio-8080-exec-7] INFO  c.e.lostandfind.aspect.UserAspect 51 - url=http://localhost:8080/token;method=GET;ip=0:0:0:0:0:0:0:1;classMethod=com.example.lostandfind.controller.LafController.makeToken;time=6ms;
2019-05-05 00:29:47,540 [http-nio-8080-exec-4] INFO  c.e.lostandfind.aspect.UserAspect 51 - url=http://localhost:8080/openid1/orvxZ5LHevduXjiohzNmGuN3GW8o;method=GET;ip=0:0:0:0:0:0:0:1;classMethod=com.example.lostandfind.controller.LafController.checkOpenId1;time=3ms;
2019-05-05 00:29:47,570 [http-nio-8080-exec-8] INFO  c.e.lostandfind.aspect.UserAspect 51 - url=http://localhost:8080/manager/orvxZ5LHevduXjiohzNmGuN3GW8o;method=POST;ip=0:0:0:0:0:0:0:1;classMethod=com.example.lostandfind.controller.LafController.doManager;time=3ms;
2019-05-05 00:29:47,638 [http-nio-8080-exec-3] INFO  c.e.lostandfind.aspect.UserAspect 51 - url=http://localhost:8080/getPersonInfo;method=GET;ip=0:0:0:0:0:0:0:1;classMethod=com.example.lostandfind.controller.LafController.getPersonInfo;time=8ms;
2019-05-05 00:29:47,644 [http-nio-8080-exec-1] INFO  c.e.lostandfind.aspect.UserAspect 51 - url=http://localhost:8080/getSystemCount;method=GET;ip=0:0:0:0:0:0:0:1;classMethod=com.example.lostandfind.controller.LafController.getSystemCount;time=2ms;
2019-05-05 00:29:47,653 [http-nio-8080-exec-10] INFO  c.e.lostandfind.aspect.UserAspect 51 - url=http://localhost:8080/getPersonComment;method=GET;ip=0:0:0:0:0:0:0:1;classMethod=com.example.lostandfind.controller.LafController.getPersonComment;time=1556987387651ms;
2019-05-05 00:29:47,659 [http-nio-8080-exec-3] INFO  c.e.lostandfind.aspect.UserAspect 51 - url=http://localhost:8080/getValuable;method=GET;ip=0:0:0:0:0:0:0:1;classMethod=com.example.lostandfind.controller.LafController.getValuale;time=8ms;
2019-05-05 00:29:47,756 [http-nio-8080-exec-5] WARN  o.h.h.i.ast.QueryTranslatorImpl 381 - HHH000104: firstResult/maxResults specified with collection fetch; applying in memory!
2019-05-05 00:29:47,761 [http-nio-8080-exec-5] INFO  c.e.lostandfind.aspect.UserAspect 51 - url=http://localhost:8080/service/info;method=GET;ip=0:0:0:0:0:0:0:1;classMethod=com.example.lostandfind.controller.LafController.searchInfo;time=10ms;
2019-05-05 00:30:17,580 [http-nio-8080-exec-2] INFO  c.e.lostandfind.aspect.UserAspect 51 - url=http://localhost:8080/getUserInfo;method=GET;ip=0:0:0:0:0:0:0:1;classMethod=com.example.lostandfind.controller.LafController.getUserInfo;time=401ms;
2019-05-05 00:30:17,615 [http-nio-8080-exec-6] INFO  c.e.lostandfind.aspect.UserAspect 51 - url=http://localhost:8080/token;method=GET;ip=0:0:0:0:0:0:0:1;classMethod=com.example.lostandfind.controller.LafController.makeToken;time=4ms;
2019-05-05 00:30:17,643 [http-nio-8080-exec-7] INFO  c.e.lostandfind.aspect.UserAspect 51 - url=http://localhost:8080/openid1/orvxZ5LHevduXjiohzNmGuN3GW8o;method=GET;ip=0:0:0:0:0:0:0:1;classMethod=com.example.lostandfind.controller.LafController.checkOpenId1;time=2ms;
2019-05-05 00:30:17,669 [http-nio-8080-exec-4] INFO  c.e.lostandfind.aspect.UserAspect 51 - url=http://localhost:8080/manager/orvxZ5LHevduXjiohzNmGuN3GW8o;method=POST;ip=0:0:0:0:0:0:0:1;classMethod=com.example.lostandfind.controller.LafController.doManager;time=2ms;
2019-05-05 00:30:17,748 [http-nio-8080-exec-8] INFO  c.e.lostandfind.aspect.UserAspect 51 - url=http://localhost:8080/getPersonComment;method=GET;ip=0:0:0:0:0:0:0:1;classMethod=com.example.lostandfind.controller.LafController.getPersonComment;time=5ms;
2019-05-05 00:30:17,759 [http-nio-8080-exec-9] INFO  c.e.lostandfind.aspect.UserAspect 51 - url=http://localhost:8080/getPersonInfo;method=GET;ip=0:0:0:0:0:0:0:1;classMethod=com.example.lostandfind.controller.LafController.getPersonInfo;time=2ms;
2019-05-05 00:30:17,762 [http-nio-8080-exec-1] INFO  c.e.lostandfind.aspect.UserAspect 51 - url=http://localhost:8080/getSystemCount;method=GET;ip=0:0:0:0:0:0:0:1;classMethod=com.example.lostandfind.controller.LafController.getSystemCount;time=2ms;
2019-05-05 00:30:17,773 [http-nio-8080-exec-10] INFO  c.e.lostandfind.aspect.UserAspect 51 - url=http://localhost:8080/getValuable;method=GET;ip=0:0:0:0:0:0:0:1;classMethod=com.example.lostandfind.controller.LafController.getValuale;time=7ms;
2019-05-05 00:30:17,890 [http-nio-8080-exec-3] WARN  o.h.h.i.ast.QueryTranslatorImpl 381 - HHH000104: firstResult/maxResults specified with collection fetch; applying in memory!
2019-05-05 00:30:17,895 [http-nio-8080-exec-3] INFO  c.e.lostandfind.aspect.UserAspect 51 - url=http://localhost:8080/service/info;method=GET;ip=0:0:0:0:0:0:0:1;classMethod=com.example.lostandfind.controller.LafController.searchInfo;time=13ms;
2019-05-05 00:30:28,635 [http-nio-8080-exec-5] INFO  c.e.lostandfind.aspect.UserAspect 51 - url=http://localhost:8080/getUserInfo;method=GET;ip=0:0:0:0:0:0:0:1;classMethod=com.example.lostandfind.controller.LafController.getUserInfo;time=371ms;
2019-05-05 00:30:28,667 [http-nio-8080-exec-2] INFO  c.e.lostandfind.aspect.UserAspect 51 - url=http://localhost:8080/token;method=GET;ip=0:0:0:0:0:0:0:1;classMethod=com.example.lostandfind.controller.LafController.makeToken;time=4ms;
2019-05-05 00:30:28,691 [http-nio-8080-exec-6] INFO  c.e.lostandfind.aspect.UserAspect 51 - url=http://localhost:8080/openid1/orvxZ5LHevduXjiohzNmGuN3GW8o;method=GET;ip=0:0:0:0:0:0:0:1;classMethod=com.example.lostandfind.controller.LafController.checkOpenId1;time=2ms;
2019-05-05 00:30:28,717 [http-nio-8080-exec-7] INFO  c.e.lostandfind.aspect.UserAspect 51 - url=http://localhost:8080/manager/orvxZ5LHevduXjiohzNmGuN3GW8o;method=POST;ip=0:0:0:0:0:0:0:1;classMethod=com.example.lostandfind.controller.LafController.doManager;time=3ms;
2019-05-05 00:30:28,763 [http-nio-8080-exec-8] INFO  c.e.lostandfind.aspect.UserAspect 51 - url=http://localhost:8080/getPersonInfo;method=GET;ip=0:0:0:0:0:0:0:1;classMethod=com.example.lostandfind.controller.LafController.getPersonInfo;time=1ms;
2019-05-05 00:30:28,764 [http-nio-8080-exec-9] INFO  c.e.lostandfind.aspect.UserAspect 51 - url=http://localhost:8080/getSystemCount;method=GET;ip=0:0:0:0:0:0:0:1;classMethod=com.example.lostandfind.controller.LafController.getSystemCount;time=1556987428763ms;
2019-05-05 00:30:28,766 [http-nio-8080-exec-4] INFO  c.e.lostandfind.aspect.UserAspect 51 - url=http://localhost:8080/getPersonComment;method=GET;ip=0:0:0:0:0:0:0:1;classMethod=com.example.lostandfind.controller.LafController.getPersonComment;time=3ms;
2019-05-05 00:30:28,785 [http-nio-8080-exec-1] INFO  c.e.lostandfind.aspect.UserAspect 51 - url=http://localhost:8080/getValuable;method=GET;ip=0:0:0:0:0:0:0:1;classMethod=com.example.lostandfind.controller.LafController.getValuale;time=5ms;
2019-05-05 00:30:28,873 [http-nio-8080-exec-10] WARN  o.h.h.i.ast.QueryTranslatorImpl 381 - HHH000104: firstResult/maxResults specified with collection fetch; applying in memory!
2019-05-05 00:30:28,879 [http-nio-8080-exec-10] INFO  c.e.lostandfind.aspect.UserAspect 51 - url=http://localhost:8080/service/info;method=GET;ip=0:0:0:0:0:0:0:1;classMethod=com.example.lostandfind.controller.LafController.searchInfo;time=12ms;
2019-05-05 00:30:58,791 [Thread-43] INFO  o.s.b.w.s.c.AnnotationConfigServletWebServerApplicationContext 993 - Closing org.springframework.boot.web.servlet.context.AnnotationConfigServletWebServerApplicationContext@2d2ffcb7: startup date [Sat May 04 23:51:44 CST 2019]; root of context hierarchy
2019-05-05 00:30:58,807 [Thread-43] INFO  o.s.c.s.DefaultLifecycleProcessor 366 - Stopping beans in phase 2147483647
2019-05-05 00:30:58,822 [Thread-43] INFO  o.s.j.e.a.AnnotationMBeanExporter 451 - Unregistering JMX-exposed beans on shutdown
2019-05-05 00:30:58,825 [Thread-43] INFO  o.s.j.e.a.AnnotationMBeanExporter 185 - Unregistering JMX-exposed beans
2019-05-05 00:30:59,961 [Thread-43] INFO  o.s.o.j.LocalContainerEntityManagerFactoryBean 597 - Closing JPA EntityManagerFactory for persistence unit 'default'
2019-05-05 00:30:59,963 [Thread-43] INFO  com.zaxxer.hikari.HikariDataSource 381 - HikariPool-1 - Shutdown initiated...
2019-05-05 00:30:59,970 [Thread-43] INFO  com.zaxxer.hikari.HikariDataSource 383 - HikariPool-1 - Shutdown completed.
2019-05-05 22:48:02,990 [main] INFO  c.e.l.LostandfindApplication 50 - Starting LostandfindApplication on zhangcongdeMacBook-Air.local with PID 88237 (/Users/zhangcong/IdeaProjects/lostandfind/target/classes started by zhangcong in /Users/zhangcong/IdeaProjects/lostandfind)
2019-05-05 22:48:03,006 [main] INFO  c.e.l.LostandfindApplication 662 - No active profile set, falling back to default profiles: default
2019-05-05 22:48:03,175 [main] INFO  o.s.b.w.s.c.AnnotationConfigServletWebServerApplicationContext 590 - Refreshing org.springframework.boot.web.servlet.context.AnnotationConfigServletWebServerApplicationContext@5f8edcc5: startup date [Sun May 05 22:48:03 CST 2019]; root of context hierarchy
2019-05-05 22:48:05,767 [main] INFO  o.s.d.r.c.RepositoryConfigurationDelegate 163 - Multiple Spring Data modules found, entering strict repository configuration mode!
2019-05-05 22:48:06,007 [main] INFO  o.s.d.r.c.RepositoryConfigurationDelegate 163 - Multiple Spring Data modules found, entering strict repository configuration mode!
2019-05-05 22:48:06,052 [main] INFO  o.s.d.r.c.RepositoryConfigurationExtensionSupport 297 - Spring Data Redis - Could not safely identify store assignment for repository candidate interface com.example.lostandfind.repository.CommentRespository.
2019-05-05 22:48:06,056 [main] INFO  o.s.d.r.c.RepositoryConfigurationExtensionSupport 297 - Spring Data Redis - Could not safely identify store assignment for repository candidate interface com.example.lostandfind.repository.EvaluateRespository.
2019-05-05 22:48:06,057 [main] INFO  o.s.d.r.c.RepositoryConfigurationExtensionSupport 297 - Spring Data Redis - Could not safely identify store assignment for repository candidate interface com.example.lostandfind.repository.FinishRespository.
2019-05-05 22:48:06,057 [main] INFO  o.s.d.r.c.RepositoryConfigurationExtensionSupport 297 - Spring Data Redis - Could not safely identify store assignment for repository candidate interface com.example.lostandfind.repository.GradeRepository.
2019-05-05 22:48:06,058 [main] INFO  o.s.d.r.c.RepositoryConfigurationExtensionSupport 297 - Spring Data Redis - Could not safely identify store assignment for repository candidate interface com.example.lostandfind.repository.HistoryRepository.
2019-05-05 22:48:06,060 [main] INFO  o.s.d.r.c.RepositoryConfigurationExtensionSupport 297 - Spring Data Redis - Could not safely identify store assignment for repository candidate interface com.example.lostandfind.repository.InfoRepository.
2019-05-05 22:48:06,061 [main] INFO  o.s.d.r.c.RepositoryConfigurationExtensionSupport 297 - Spring Data Redis - Could not safely identify store assignment for repository candidate interface com.example.lostandfind.repository.ManageRepository.
2019-05-05 22:48:06,062 [main] INFO  o.s.d.r.c.RepositoryConfigurationExtensionSupport 297 - Spring Data Redis - Could not safely identify store assignment for repository candidate interface com.example.lostandfind.repository.NewsRepository.
2019-05-05 22:48:06,063 [main] INFO  o.s.d.r.c.RepositoryConfigurationExtensionSupport 297 - Spring Data Redis - Could not safely identify store assignment for repository candidate interface com.example.lostandfind.repository.PersonInfoRespository.
2019-05-05 22:48:06,064 [main] INFO  o.s.d.r.c.RepositoryConfigurationExtensionSupport 297 - Spring Data Redis - Could not safely identify store assignment for repository candidate interface com.example.lostandfind.repository.PushRepository.
2019-05-05 22:48:06,064 [main] INFO  o.s.d.r.c.RepositoryConfigurationExtensionSupport 297 - Spring Data Redis - Could not safely identify store assignment for repository candidate interface com.example.lostandfind.repository.ReportCommentRepository.
2019-05-05 22:48:06,065 [main] INFO  o.s.d.r.c.RepositoryConfigurationExtensionSupport 297 - Spring Data Redis - Could not safely identify store assignment for repository candidate interface com.example.lostandfind.repository.ReportRepository.
2019-05-05 22:48:06,066 [main] INFO  o.s.d.r.c.RepositoryConfigurationExtensionSupport 297 - Spring Data Redis - Could not safely identify store assignment for repository candidate interface com.example.lostandfind.repository.SuggestRepository.
2019-05-05 22:48:06,067 [main] INFO  o.s.d.r.c.RepositoryConfigurationExtensionSupport 297 - Spring Data Redis - Could not safely identify store assignment for repository candidate interface com.example.lostandfind.repository.SystemInformRepository.
2019-05-05 22:48:06,068 [main] INFO  o.s.d.r.c.RepositoryConfigurationExtensionSupport 297 - Spring Data Redis - Could not safely identify store assignment for repository candidate interface com.example.lostandfind.repository.ThanksRepository.
2019-05-05 22:48:06,069 [main] INFO  o.s.d.r.c.RepositoryConfigurationExtensionSupport 297 - Spring Data Redis - Could not safely identify store assignment for repository candidate interface com.example.lostandfind.repository.UserRepository.
2019-05-05 22:48:06,928 [main] INFO  o.s.c.s.PostProcessorRegistrationDelegate$BeanPostProcessorChecker 326 - Bean 'org.springframework.transaction.annotation.ProxyTransactionManagementConfiguration' of type [org.springframework.transaction.annotation.ProxyTransactionManagementConfiguration$$EnhancerBySpringCGLIB$$3dbbcfee] is not eligible for getting processed by all BeanPostProcessors (for example: not eligible for auto-proxying)
2019-05-05 22:48:07,247 [main] INFO  o.s.c.s.PostProcessorRegistrationDelegate$BeanPostProcessorChecker 326 - Bean 'redisConfig' of type [com.example.lostandfind.redis.RedisConfig$$EnhancerBySpringCGLIB$$b80f628a] is not eligible for getting processed by all BeanPostProcessors (for example: not eligible for auto-proxying)
2019-05-05 22:48:08,167 [main] INFO  o.s.b.w.e.tomcat.TomcatWebServer 91 - Tomcat initialized with port(s): 8080 (http)
2019-05-05 22:48:08,198 [main] INFO  o.a.coyote.http11.Http11NioProtocol 180 - Initializing ProtocolHandler ["http-nio-8080"]
2019-05-05 22:48:08,218 [main] INFO  o.a.catalina.core.StandardService 180 - Starting service [Tomcat]
2019-05-05 22:48:08,218 [main] INFO  o.a.catalina.core.StandardEngine 180 - Starting Servlet Engine: Apache Tomcat/8.5.32
2019-05-05 22:48:08,224 [localhost-startStop-1] INFO  o.a.c.core.AprLifecycleListener 180 - The APR based Apache Tomcat Native library which allows optimal performance in production environments was not found on the java.library.path: [/Users/zhangcong/Library/Java/Extensions:/Library/Java/Extensions:/Network/Library/Java/Extensions:/System/Library/Java/Extensions:/usr/lib/java:.]
2019-05-05 22:48:08,720 [localhost-startStop-1] INFO  o.a.c.c.C.[Tomcat].[localhost].[/] 180 - Initializing Spring embedded WebApplicationContext
2019-05-05 22:48:08,722 [localhost-startStop-1] INFO  o.s.web.context.ContextLoader 285 - Root WebApplicationContext: initialization completed in 5546 ms
2019-05-05 22:48:08,852 [localhost-startStop-1] INFO  o.s.b.w.s.ServletRegistrationBean 187 - Servlet dispatcherServlet mapped to [/]
2019-05-05 22:48:08,861 [localhost-startStop-1] INFO  o.s.b.w.s.FilterRegistrationBean 245 - Mapping filter: 'characterEncodingFilter' to: [/*]
2019-05-05 22:48:08,862 [localhost-startStop-1] INFO  o.s.b.w.s.FilterRegistrationBean 245 - Mapping filter: 'hiddenHttpMethodFilter' to: [/*]
2019-05-05 22:48:08,863 [localhost-startStop-1] INFO  o.s.b.w.s.FilterRegistrationBean 245 - Mapping filter: 'httpPutFormContentFilter' to: [/*]
2019-05-05 22:48:08,864 [localhost-startStop-1] INFO  o.s.b.w.s.FilterRegistrationBean 245 - Mapping filter: 'requestContextFilter' to: [/*]
2019-05-05 22:48:09,329 [main] INFO  com.zaxxer.hikari.HikariDataSource 110 - HikariPool-1 - Starting...
2019-05-05 22:48:09,742 [main] INFO  com.zaxxer.hikari.HikariDataSource 123 - HikariPool-1 - Start completed.
2019-05-05 22:48:09,822 [main] INFO  o.s.o.j.LocalContainerEntityManagerFactoryBean 361 - Building JPA container EntityManagerFactory for persistence unit 'default'
2019-05-05 22:48:09,855 [main] INFO  o.h.jpa.internal.util.LogHelper 31 - HHH000204: Processing PersistenceUnitInfo [
	name: default
	...]
2019-05-05 22:48:10,110 [main] INFO  org.hibernate.Version 45 - HHH000412: Hibernate Core {5.2.17.Final}
2019-05-05 22:48:10,113 [main] INFO  org.hibernate.cfg.Environment 213 - HHH000206: hibernate.properties not found
2019-05-05 22:48:10,259 [main] INFO  o.h.annotations.common.Version 66 - HCANN000001: Hibernate Commons Annotations {5.0.1.Final}
2019-05-05 22:48:10,664 [main] INFO  org.hibernate.dialect.Dialect 157 - HHH000400: Using dialect: org.hibernate.dialect.MySQL5Dialect
2019-05-05 22:48:12,944 [main] INFO  o.h.h.i.QueryTranslatorFactoryInitiator 47 - HHH000397: Using ASTQueryTranslatorFactory
2019-05-05 22:48:13,107 [main] INFO  o.s.o.j.LocalContainerEntityManagerFactoryBean 415 - Initialized JPA EntityManagerFactory for persistence unit 'default'
2019-05-05 22:48:15,683 [main] INFO  c.e.lostandfind.service.Template 213 - TemplateSpringIoc
2019-05-05 22:48:16,246 [main] INFO  c.e.l.i.CheckLoginInterceptor 61 - 
2019-05-05 22:48:16,343 [main] INFO  c.e.lostandfind.redis.RedisConfig 58 - redisbean
2019-05-05 22:48:16,614 [main] INFO  o.s.w.s.h.SimpleUrlHandlerMapping 373 - Mapped URL path [/**/favicon.ico] onto handler of type [class org.springframework.web.servlet.resource.ResourceHttpRequestHandler]
2019-05-05 22:48:16,867 [main] INFO  o.s.w.s.m.m.a.RequestMappingHandlerAdapter 574 - Looking for @ControllerAdvice: org.springframework.boot.web.servlet.context.AnnotationConfigServletWebServerApplicationContext@5f8edcc5: startup date [Sun May 05 22:48:03 CST 2019]; root of context hierarchy
2019-05-05 22:48:16,941 [main] INFO  c.e.l.LostandfindApplication 60 - 
2019-05-05 22:48:16,945 [main] WARN  o.s.b.a.o.j.JpaBaseConfiguration$JpaWebConfiguration$JpaWebMvcConfiguration 235 - spring.jpa.open-in-view is enabled by default. Therefore, database queries may be performed during view rendering. Explicitly configure spring.jpa.open-in-view to disable this warning
2019-05-05 22:48:17,033 [main] INFO  o.s.w.s.m.m.a.RequestMappingHandlerMapping 547 - Mapped "{[/identity],methods=[GET]}" onto public java.lang.Object com.example.lostandfind.controller.LafController.decode(java.lang.String,java.lang.String,java.lang.String)
2019-05-05 22:48:17,034 [main] INFO  o.s.w.s.m.m.a.RequestMappingHandlerMapping 547 - Mapped "{[/getUserInfo],methods=[GET]}" onto public java.lang.Object com.example.lostandfind.controller.LafController.getUserInfo(java.lang.String)
2019-05-05 22:48:17,035 [main] INFO  o.s.w.s.m.m.a.RequestMappingHandlerMapping 547 - Mapped "{[/test],methods=[GET]}" onto public java.util.List<com.example.lostandfind.mysql.PushMysql> com.example.lostandfind.controller.LafController.test(java.lang.String)
2019-05-05 22:48:17,036 [main] INFO  o.s.w.s.m.m.a.RequestMappingHandlerMapping 547 - Mapped "{[/addCount],methods=[POST]}" onto public int com.example.lostandfind.controller.LafController.addCount(com.alibaba.fastjson.JSONObject)
2019-05-05 22:48:17,036 [main] INFO  o.s.w.s.m.m.a.RequestMappingHandlerMapping 547 - Mapped "{[/report],methods=[POST]}" onto public java.lang.String com.example.lostandfind.controller.LafController.report(com.alibaba.fastjson.JSONObject)
2019-05-05 22:48:17,037 [main] INFO  o.s.w.s.m.m.a.RequestMappingHandlerMapping 547 - Mapped "{[/process],methods=[GET]}" onto public java.lang.String com.example.lostandfind.controller.LafController.process(boolean,int,int,java.lang.String)
2019-05-05 22:48:17,038 [main] INFO  o.s.w.s.m.m.a.RequestMappingHandlerMapping 547 - Mapped "{[/getInfo1],methods=[GET]}" onto public java.lang.Object com.example.lostandfind.controller.LafController.getInfo(java.lang.String,int) throws java.lang.Exception
2019-05-05 22:48:17,039 [main] INFO  o.s.w.s.m.m.a.RequestMappingHandlerMapping 547 - Mapped "{[/timeout],methods=[GET]}" onto public java.util.List<com.example.lostandfind.mysql.FinishMysql> com.example.lostandfind.controller.LafController.getTimeout(java.lang.String)
2019-05-05 22:48:17,041 [main] INFO  o.s.w.s.m.m.a.RequestMappingHandlerMapping 547 - Mapped "{[/getComment],methods=[GET]}" onto public com.alibaba.fastjson.JSONArray com.example.lostandfind.controller.LafController.getComment(int)
2019-05-05 22:48:17,042 [main] INFO  o.s.w.s.m.m.a.RequestMappingHandlerMapping 547 - Mapped "{[/manager],methods=[GET]}" onto public com.github.pagehelper.Page<com.example.lostandfind.mysql.ManagerMysql> com.example.lostandfind.controller.LafController.getManager()
2019-05-05 22:48:17,043 [main] INFO  o.s.w.s.m.m.a.RequestMappingHandlerMapping 547 - Mapped "{[/search/detele/{openid}],methods=[DELETE]}" onto public com.example.lostandfind.mysql.HistoryMysql com.example.lostandfind.controller.LafController.doDelete(java.lang.String)
2019-05-05 22:48:17,043 [main] INFO  o.s.w.s.m.m.a.RequestMappingHandlerMapping 547 - Mapped "{[/createIndex],methods=[GET]}" onto public java.lang.String com.example.lostandfind.controller.LafController.createIndex()
2019-05-05 22:48:17,044 [main] INFO  o.s.w.s.m.m.a.RequestMappingHandlerMapping 547 - Mapped "{[/getThanks],methods=[GET]}" onto public java.util.List<com.example.lostandfind.mysql.ThanksMysql> com.example.lostandfind.controller.LafController.getThanks()
2019-05-05 22:48:17,045 [main] INFO  o.s.w.s.m.m.a.RequestMappingHandlerMapping 547 - Mapped "{[/User],methods=[GET]}" onto public java.util.List<com.example.lostandfind.mysql.UserMysql> com.example.lostandfind.controller.LafController.UserList()
2019-05-05 22:48:17,045 [main] INFO  o.s.w.s.m.m.a.RequestMappingHandlerMapping 547 - Mapped "{[/openid/{openid}],methods=[GET]}" onto public boolean com.example.lostandfind.controller.LafController.checkOpenId(java.lang.String)
2019-05-05 22:48:17,046 [main] INFO  o.s.w.s.m.m.a.RequestMappingHandlerMapping 547 - Mapped "{[/openid1/{openid}],methods=[GET]}" onto public java.util.List<com.example.lostandfind.mysql.UserMysql> com.example.lostandfind.controller.LafController.checkOpenId1(java.lang.String)
2019-05-05 22:48:17,046 [main] INFO  o.s.w.s.m.m.a.RequestMappingHandlerMapping 547 - Mapped "{[/valuable],methods=[GET]}" onto public java.util.List<com.example.lostandfind.mysql.InfoMysql> com.example.lostandfind.controller.LafController.searchValuableInfo(boolean)
2019-05-05 22:48:17,047 [main] INFO  o.s.w.s.m.m.a.RequestMappingHandlerMapping 547 - Mapped "{[/getValuable],methods=[GET]}" onto public java.util.List<com.example.lostandfind.mysql.InfoMysql> com.example.lostandfind.controller.LafController.getValuale()
2019-05-05 22:48:17,047 [main] INFO  o.s.w.s.m.m.a.RequestMappingHandlerMapping 547 - Mapped "{[/service/info],methods=[GET]}" onto public java.util.List<com.example.lostandfind.mysql.InfoMysql> com.example.lostandfind.controller.LafController.searchInfo(boolean,int)
2019-05-05 22:48:17,048 [main] INFO  o.s.w.s.m.m.a.RequestMappingHandlerMapping 547 - Mapped "{[/msg/{name}],methods=[POST]}" onto public com.example.lostandfind.domain.Result com.example.lostandfind.controller.LafController.addMsg(com.example.lostandfind.mysql.InfoMysql,java.lang.String) throws java.lang.Exception
2019-05-05 22:48:17,048 [main] INFO  o.s.w.s.m.m.a.RequestMappingHandlerMapping 547 - Mapped "{[/deleteInfo],methods=[DELETE]}" onto public boolean com.example.lostandfind.controller.LafController.deleteInfo(com.alibaba.fastjson.JSONObject)
2019-05-05 22:48:17,049 [main] INFO  o.s.w.s.m.m.a.RequestMappingHandlerMapping 547 - Mapped "{[/msg],methods=[GET]}" onto public java.util.List<com.example.lostandfind.mysql.InfoMysql> com.example.lostandfind.controller.LafController.msgList()
2019-05-05 22:48:17,049 [main] INFO  o.s.w.s.m.m.a.RequestMappingHandlerMapping 547 - Mapped "{[/uploadNews],methods=[POST]}" onto public com.example.lostandfind.mysql.NewsMysql com.example.lostandfind.controller.LafController.uploadNews(org.springframework.web.multipart.MultipartFile,int,int,java.lang.String,java.lang.String,java.lang.String,java.lang.String,java.lang.String) throws java.lang.Exception
2019-05-05 22:48:17,050 [main] INFO  o.s.w.s.m.m.a.RequestMappingHandlerMapping 547 - Mapped "{[/getNews],methods=[GET]}" onto public java.util.List<com.example.lostandfind.mysql.NewsMysql> com.example.lostandfind.controller.LafController.getNews()
2019-05-05 22:48:17,050 [main] INFO  o.s.w.s.m.m.a.RequestMappingHandlerMapping 547 - Mapped "{[/uploadImage],methods=[POST]}" onto public java.lang.Object com.example.lostandfind.controller.LafController.uploadPicture(org.springframework.web.multipart.MultipartFile,int,int,java.lang.String,java.lang.String) throws java.lang.Exception
2019-05-05 22:48:17,051 [main] INFO  o.s.w.s.m.m.a.RequestMappingHandlerMapping 547 - Mapped "{[/confirm/{id}],methods=[PUT]}" onto public com.example.lostandfind.mysql.InfoMysql com.example.lostandfind.controller.LafController.doConfirm(java.lang.Integer,com.example.lostandfind.service.ConfirmService)
2019-05-05 22:48:17,052 [main] INFO  o.s.w.s.m.m.a.RequestMappingHandlerMapping 547 - Mapped "{[/manager/{openid}],methods=[POST]}" onto public java.lang.Boolean com.example.lostandfind.controller.LafController.doManager(java.lang.String)
2019-05-05 22:48:17,052 [main] INFO  o.s.w.s.m.m.a.RequestMappingHandlerMapping 547 - Mapped "{[/check/{id}/{confirm}],methods=[PUT]}" onto public com.example.lostandfind.domain.Result com.example.lostandfind.controller.LafController.doCheck(java.lang.Integer,boolean)
2019-05-05 22:48:17,053 [main] INFO  o.s.w.s.m.m.a.RequestMappingHandlerMapping 547 - Mapped "{[/finish/{id}],methods=[DELETE]}" onto public java.lang.String com.example.lostandfind.controller.LafController.doFinish(java.lang.Integer)
2019-05-05 22:48:17,054 [main] INFO  o.s.w.s.m.m.a.RequestMappingHandlerMapping 547 - Mapped "{[/search/{index}/{string}/{count}],methods=[GET]}" onto public java.util.List<com.example.lostandfind.mysql.InfoMysql> com.example.lostandfind.controller.LafController.doSearch(java.lang.String,java.lang.Integer,java.lang.Integer) throws java.lang.Exception
2019-05-05 22:48:17,054 [main] INFO  o.s.w.s.m.m.a.RequestMappingHandlerMapping 547 - Mapped "{[/search/history],methods=[PUT]}" onto public com.example.lostandfind.mysql.HistoryMysql com.example.lostandfind.controller.LafController.doAddHistory(com.example.lostandfind.mysql.HistoryMysql)
2019-05-05 22:48:17,056 [main] INFO  o.s.w.s.m.m.a.RequestMappingHandlerMapping 547 - Mapped "{[/search/history/{openid}],methods=[GET]}" onto public com.example.lostandfind.mysql.HistoryMysql com.example.lostandfind.controller.LafController.doSearchHistory(java.lang.String)
2019-05-05 22:48:17,057 [main] INFO  o.s.w.s.m.m.a.RequestMappingHandlerMapping 547 - Mapped "{[/search/eye],methods=[PUT]}" onto public com.example.lostandfind.mysql.HistoryMysql com.example.lostandfind.controller.LafController.doaChangeEye(com.example.lostandfind.mysql.HistoryMysql)
2019-05-05 22:48:17,058 [main] INFO  o.s.w.s.m.m.a.RequestMappingHandlerMapping 547 - Mapped "{[/token],methods=[GET]}" onto public com.alibaba.fastjson.JSONObject com.example.lostandfind.controller.LafController.makeToken(java.lang.String)
2019-05-05 22:48:17,061 [main] INFO  o.s.w.s.m.m.a.RequestMappingHandlerMapping 547 - Mapped "{[/suggestion],methods=[POST]}" onto public com.example.lostandfind.mysql.SuggestMysql com.example.lostandfind.controller.LafController.WriteSuggestion(com.example.lostandfind.mysql.SuggestMysql)
2019-05-05 22:48:17,062 [main] INFO  o.s.w.s.m.m.a.RequestMappingHandlerMapping 547 - Mapped "{[/getSuggestion],methods=[GET]}" onto public com.alibaba.fastjson.JSONArray com.example.lostandfind.controller.LafController.GetSuggestion()
2019-05-05 22:48:17,064 [main] INFO  o.s.w.s.m.m.a.RequestMappingHandlerMapping 547 - Mapped "{[/get_access_token],methods=[GET]}" onto public com.alibaba.fastjson.JSONObject com.example.lostandfind.controller.LafController.getAccessToken()
2019-05-05 22:48:17,065 [main] INFO  o.s.w.s.m.m.a.RequestMappingHandlerMapping 547 - Mapped "{[/sendTemplateInfo],methods=[GET]}" onto public java.lang.Object com.example.lostandfind.controller.LafController.sendTemplateInfo(java.lang.String,java.lang.String,java.lang.String,java.lang.String,java.lang.String,java.lang.String,int,java.lang.String,java.lang.String,java.lang.String)
2019-05-05 22:48:17,066 [main] INFO  o.s.w.s.m.m.a.RequestMappingHandlerMapping 547 - Mapped "{[/aboutMeNot],methods=[GET]}" onto public java.util.List<com.example.lostandfind.mysql.InfoMysql> com.example.lostandfind.controller.LafController.getNotFinish(java.lang.String)
2019-05-05 22:48:17,067 [main] INFO  o.s.w.s.m.m.a.RequestMappingHandlerMapping 547 - Mapped "{[/aboutMeHas],methods=[GET]}" onto public java.util.List<com.example.lostandfind.mysql.FinishMysql> com.example.lostandfind.controller.LafController.getHasFinish(java.lang.String)
2019-05-05 22:48:17,068 [main] INFO  o.s.w.s.m.m.a.RequestMappingHandlerMapping 547 - Mapped "{[/Card],methods=[GET]}" onto public com.example.lostandfind.mysql.InfoMysql com.example.lostandfind.controller.LafController.getCardInfo(java.lang.String)
2019-05-05 22:48:17,069 [main] INFO  o.s.w.s.m.m.a.RequestMappingHandlerMapping 547 - Mapped "{[/writePersonInfo],methods=[POST]}" onto public com.example.lostandfind.mysql.PersonInfoMysql com.example.lostandfind.controller.LafController.writePersonInfo(com.example.lostandfind.mysql.PersonInfoMysql)
2019-05-05 22:48:17,073 [main] INFO  o.s.w.s.m.m.a.RequestMappingHandlerMapping 547 - Mapped "{[/getPersonInfo],methods=[GET]}" onto public com.example.lostandfind.mysql.PersonInfoMysql com.example.lostandfind.controller.LafController.getPersonInfo(int)
2019-05-05 22:48:17,074 [main] INFO  o.s.w.s.m.m.a.RequestMappingHandlerMapping 547 - Mapped "{[/writeEvaluate/{id}/{openid}/{level}],methods=[POST]}" onto public com.example.lostandfind.mysql.EvaluateMysql com.example.lostandfind.controller.LafController.writeEvaluate(java.lang.Integer,java.lang.Integer,java.lang.Integer)
2019-05-05 22:48:17,074 [main] INFO  o.s.w.s.m.m.a.RequestMappingHandlerMapping 547 - Mapped "{[/getEvaluate],methods=[GET]}" onto public com.example.lostandfind.mysql.EvaluateMysql com.example.lostandfind.controller.LafController.getEvaluate(int)
2019-05-05 22:48:17,075 [main] INFO  o.s.w.s.m.m.a.RequestMappingHandlerMapping 547 - Mapped "{[/getPersonComment],methods=[GET]}" onto public com.alibaba.fastjson.JSONObject com.example.lostandfind.controller.LafController.getPersonComment(java.lang.String)
2019-05-05 22:48:17,076 [main] INFO  o.s.w.s.m.m.a.RequestMappingHandlerMapping 547 - Mapped "{[/writeComment/{user_id}/{info_id}],methods=[POST]}" onto public com.example.lostandfind.mysql.CommentMysql com.example.lostandfind.controller.LafController.writeComment(java.lang.Integer,java.lang.Integer,com.example.lostandfind.mysql.CommentMysql)
2019-05-05 22:48:17,076 [main] INFO  o.s.w.s.m.m.a.RequestMappingHandlerMapping 547 - Mapped "{[/deleteComment/{id}],methods=[DELETE]}" onto public void com.example.lostandfind.controller.LafController.deleteComment(java.lang.Integer)
2019-05-05 22:48:17,077 [main] INFO  o.s.w.s.m.m.a.RequestMappingHandlerMapping 547 - Mapped "{[/changePersonComment/{openid}/{num}/{kind}],methods=[POST]}" onto public com.example.lostandfind.domain.Result com.example.lostandfind.controller.LafController.changePersonComment(java.lang.String,int,int)
2019-05-05 22:48:17,078 [main] INFO  o.s.w.s.m.m.a.RequestMappingHandlerMapping 547 - Mapped "{[/getReport],methods=[GET]}" onto public com.alibaba.fastjson.JSONArray com.example.lostandfind.controller.LafController.getReport()
2019-05-05 22:48:17,078 [main] INFO  o.s.w.s.m.m.a.RequestMappingHandlerMapping 547 - Mapped "{[/reportComment],methods=[POST]}" onto public java.lang.String com.example.lostandfind.controller.LafController.reportC(com.alibaba.fastjson.JSONObject)
2019-05-05 22:48:17,079 [main] INFO  o.s.w.s.m.m.a.RequestMappingHandlerMapping 547 - Mapped "{[/getReportComment],methods=[GET]}" onto public com.alibaba.fastjson.JSONArray com.example.lostandfind.controller.LafController.getReportC()
2019-05-05 22:48:17,080 [main] INFO  o.s.w.s.m.m.a.RequestMappingHandlerMapping 547 - Mapped "{[/processComment],methods=[GET]}" onto public java.lang.String com.example.lostandfind.controller.LafController.processC(boolean,int,int,java.lang.String)
2019-05-05 22:48:17,087 [main] INFO  o.s.w.s.m.m.a.RequestMappingHandlerMapping 547 - Mapped "{[/getPushCount],methods=[GET]}" onto public int com.example.lostandfind.controller.LafController.getPushCount(java.lang.String,boolean)
2019-05-05 22:48:17,093 [main] INFO  o.s.w.s.m.m.a.RequestMappingHandlerMapping 547 - Mapped "{[/getPushInfo],methods=[GET]}" onto public java.util.List<com.example.lostandfind.sqlInterface.PushInterface> com.example.lostandfind.controller.LafController.getPushInfo(java.lang.String,boolean)
2019-05-05 22:48:17,111 [main] INFO  o.s.w.s.m.m.a.RequestMappingHandlerMapping 547 - Mapped "{[/writePush],methods=[POST]}" onto public java.lang.String com.example.lostandfind.controller.LafController.writePush(com.alibaba.fastjson.JSONObject)
2019-05-05 22:48:17,113 [main] INFO  o.s.w.s.m.m.a.RequestMappingHandlerMapping 547 - Mapped "{[/test2],methods=[GET]}" onto public java.util.List<java.util.Map<java.lang.String, java.lang.Object>> com.example.lostandfind.controller.LafController.test2(java.lang.String)
2019-05-05 22:48:17,125 [main] INFO  o.s.w.s.m.m.a.RequestMappingHandlerMapping 547 - Mapped "{[/getSystemCount],methods=[GET]}" onto public int com.example.lostandfind.controller.LafController.getSystemCount(int,java.lang.String)
2019-05-05 22:48:17,126 [main] INFO  o.s.w.s.m.m.a.RequestMappingHandlerMapping 547 - Mapped "{[/getSystemInfo],methods=[GET]}" onto public java.util.List<com.example.lostandfind.mysql.SystemInformMysql> com.example.lostandfind.controller.LafController.getSystemInfo(int,java.lang.String)
2019-05-05 22:48:17,129 [main] INFO  o.s.w.s.m.m.a.RequestMappingHandlerMapping 547 - Mapped "{[/hasLookInfo],methods=[GET]}" onto public int com.example.lostandfind.controller.LafController.hasLookInfo(java.lang.String)
2019-05-05 22:48:17,131 [main] INFO  o.s.w.s.m.m.a.RequestMappingHandlerMapping 547 - Mapped "{[/addCollect],methods=[POST]}" onto public com.example.lostandfind.domain.Result com.example.lostandfind.controller.LafController.addCollect(com.alibaba.fastjson.JSONObject)
2019-05-05 22:48:17,135 [main] INFO  o.s.w.s.m.m.a.RequestMappingHandlerMapping 547 - Mapped "{[/removeCollect],methods=[GET]}" onto public com.example.lostandfind.domain.Result com.example.lostandfind.controller.LafController.reomveCollect(int,int)
2019-05-05 22:48:17,136 [main] INFO  o.s.w.s.m.m.a.RequestMappingHandlerMapping 547 - Mapped "{[/hasCollect],methods=[GET]}" onto public java.lang.Object com.example.lostandfind.controller.LafController.hasCollect(int,int)
2019-05-05 22:48:17,140 [main] INFO  o.s.w.s.m.m.a.RequestMappingHandlerMapping 547 - Mapped "{[/collectInfos],methods=[GET]}" onto public java.util.List<com.example.lostandfind.mysql.InfoMysql> com.example.lostandfind.controller.LafController.collectInfos(int)
2019-05-05 22:48:17,150 [main] INFO  o.s.w.s.m.m.a.RequestMappingHandlerMapping 547 - Mapped "{[/infoCount],methods=[GET]}" onto public com.alibaba.fastjson.JSONObject com.example.lostandfind.controller.LafController.infoCount(java.lang.String)
2019-05-05 22:48:17,153 [main] INFO  o.s.w.s.m.m.a.RequestMappingHandlerMapping 547 - Mapped "{[/writeFormId],methods=[POST]}" onto public com.example.lostandfind.domain.Result com.example.lostandfind.controller.LafController.writeFormId(com.alibaba.fastjson.JSONObject)
2019-05-05 22:48:17,159 [main] INFO  o.s.w.s.m.m.a.RequestMappingHandlerMapping 547 - Mapped "{[/user],methods=[POST]}" onto public com.example.lostandfind.domain.Result com.example.lostandfind.controller.LafController.addUser(com.example.lostandfind.mysql.UserMysql)
2019-05-05 22:48:17,160 [main] INFO  o.s.w.s.m.m.a.RequestMappingHandlerMapping 547 - Mapped "{[/User],methods=[POST]}" onto public com.example.lostandfind.domain.Result com.example.lostandfind.controller.LafController.addUser(com.example.lostandfind.mysql.UserMysql,org.springframework.validation.BindingResult)
2019-05-05 22:48:17,210 [main] INFO  o.s.w.s.m.m.a.RequestMappingHandlerMapping 547 - Mapped "{[/error]}" onto public org.springframework.http.ResponseEntity<java.util.Map<java.lang.String, java.lang.Object>> org.springframework.boot.autoconfigure.web.servlet.error.BasicErrorController.error(javax.servlet.http.HttpServletRequest)
2019-05-05 22:48:17,212 [main] INFO  o.s.w.s.m.m.a.RequestMappingHandlerMapping 547 - Mapped "{[/error],produces=[text/html]}" onto public org.springframework.web.servlet.ModelAndView org.springframework.boot.autoconfigure.web.servlet.error.BasicErrorController.errorHtml(javax.servlet.http.HttpServletRequest,javax.servlet.http.HttpServletResponse)
2019-05-05 22:48:17,306 [main] INFO  o.s.w.s.h.SimpleUrlHandlerMapping 373 - Mapped URL path [/webjars/**] onto handler of type [class org.springframework.web.servlet.resource.ResourceHttpRequestHandler]
2019-05-05 22:48:17,307 [main] INFO  o.s.w.s.h.SimpleUrlHandlerMapping 373 - Mapped URL path [/**] onto handler of type [class org.springframework.web.servlet.resource.ResourceHttpRequestHandler]
2019-05-05 22:48:18,390 [main] INFO  o.s.j.e.a.AnnotationMBeanExporter 433 - Registering beans for JMX exposure on startup
2019-05-05 22:48:18,393 [main] INFO  o.s.j.e.a.AnnotationMBeanExporter 895 - Bean with name 'dataSource' has been autodetected for JMX exposure
2019-05-05 22:48:18,402 [main] INFO  o.s.j.e.a.AnnotationMBeanExporter 668 - Located MBean 'dataSource': registering with JMX server as MBean [com.zaxxer.hikari:name=dataSource,type=HikariDataSource]
2019-05-05 22:48:18,411 [main] INFO  o.s.c.s.DefaultLifecycleProcessor 351 - Starting beans in phase 2147483647
2019-05-05 22:48:18,574 [container-1] INFO  io.lettuce.core.EpollProvider 101 - Starting without optional epoll library
2019-05-05 22:48:18,576 [container-1] INFO  io.lettuce.core.KqueueProvider 101 - Starting without optional kqueue library
2019-05-05 22:48:18,958 [main] INFO  o.s.s.a.ScheduledAnnotationBeanPostProcessor 275 - No TaskScheduler/ScheduledExecutorService bean found for scheduled processing
2019-05-05 22:48:18,974 [main] INFO  o.a.coyote.http11.Http11NioProtocol 180 - Starting ProtocolHandler ["http-nio-8080"]
2019-05-05 22:48:18,982 [main] INFO  o.a.tomcat.util.net.NioSelectorPool 180 - Using a shared selector for servlet write/read
2019-05-05 22:48:19,011 [main] INFO  o.s.b.w.e.tomcat.TomcatWebServer 206 - Tomcat started on port(s): 8080 (http) with context path ''
2019-05-05 22:48:19,019 [main] INFO  c.e.l.LostandfindApplication 59 - Started LostandfindApplication in 18.415 seconds (JVM running for 21.186)
2019-05-05 22:52:03,534 [http-nio-8080-exec-1] INFO  o.a.c.c.C.[Tomcat].[localhost].[/] 180 - Initializing Spring FrameworkServlet 'dispatcherServlet'
2019-05-05 22:52:03,546 [http-nio-8080-exec-1] INFO  o.s.web.servlet.DispatcherServlet 494 - FrameworkServlet 'dispatcherServlet': initialization started
2019-05-05 22:52:03,621 [http-nio-8080-exec-1] INFO  o.s.web.servlet.DispatcherServlet 509 - FrameworkServlet 'dispatcherServlet': initialization completed in 75 ms
2019-05-05 22:52:04,895 [http-nio-8080-exec-1] INFO  c.e.lostandfind.aspect.UserAspect 51 - url=http://localhost:8080/getUserInfo;method=GET;ip=0:0:0:0:0:0:0:1;classMethod=com.example.lostandfind.controller.LafController.getUserInfo;time=1198ms;
2019-05-05 22:52:05,050 [http-nio-8080-exec-2] INFO  c.e.lostandfind.aspect.UserAspect 51 - url=http://localhost:8080/token;method=GET;ip=0:0:0:0:0:0:0:1;classMethod=com.example.lostandfind.controller.LafController.makeToken;time=91ms;
2019-05-05 22:52:05,243 [http-nio-8080-exec-3] INFO  c.e.lostandfind.aspect.UserAspect 51 - url=http://localhost:8080/openid1/undefined;method=GET;ip=0:0:0:0:0:0:0:1;classMethod=com.example.lostandfind.controller.LafController.checkOpenId1;time=53ms;
2019-05-05 22:52:05,293 [http-nio-8080-exec-4] INFO  c.e.lostandfind.aspect.UserAspect 51 - url=http://localhost:8080/manager/undefined;method=POST;ip=0:0:0:0:0:0:0:1;classMethod=com.example.lostandfind.controller.LafController.doManager;time=9ms;
2019-05-05 23:21:11,698 [HikariPool-1 housekeeper] WARN  com.zaxxer.hikari.pool.HikariPool 750 - HikariPool-1 - Retrograde clock change detected (housekeeper delta=-58s389ms), soft-evicting connections from pool.
2019-05-05 23:25:33,329 [http-nio-8080-exec-6] INFO  c.e.lostandfind.aspect.UserAspect 51 - url=http://localhost:8080/getUserInfo;method=GET;ip=0:0:0:0:0:0:0:1;classMethod=com.example.lostandfind.controller.LafController.getUserInfo;time=299ms;
2019-05-05 23:25:33,376 [http-nio-8080-exec-7] INFO  c.e.lostandfind.aspect.UserAspect 51 - url=http://localhost:8080/token;method=GET;ip=0:0:0:0:0:0:0:1;classMethod=com.example.lostandfind.controller.LafController.makeToken;time=13ms;
2019-05-05 23:25:33,477 [http-nio-8080-exec-8] INFO  c.e.lostandfind.aspect.UserAspect 51 - url=http://localhost:8080/openid1/orvxZ5LHevduXjiohzNmGuN3GW8o;method=GET;ip=0:0:0:0:0:0:0:1;classMethod=com.example.lostandfind.controller.LafController.checkOpenId1;time=71ms;
2019-05-05 23:25:33,640 [http-nio-8080-exec-9] INFO  c.e.lostandfind.aspect.UserAspect 51 - url=http://localhost:8080/manager/orvxZ5LHevduXjiohzNmGuN3GW8o;method=POST;ip=0:0:0:0:0:0:0:1;classMethod=com.example.lostandfind.controller.LafController.doManager;time=6ms;
2019-05-05 23:25:35,078 [http-nio-8080-exec-1] INFO  c.e.lostandfind.aspect.UserAspect 51 - url=http://localhost:8080/getPersonInfo;method=GET;ip=0:0:0:0:0:0:0:1;classMethod=com.example.lostandfind.controller.LafController.getPersonInfo;time=21ms;
2019-05-05 23:25:35,126 [http-nio-8080-exec-2] INFO  c.e.lostandfind.aspect.UserAspect 51 - url=http://localhost:8080/getSystemCount;method=GET;ip=0:0:0:0:0:0:0:1;classMethod=com.example.lostandfind.controller.LafController.getSystemCount;time=17ms;
2019-05-05 23:25:35,139 [http-nio-8080-exec-10] INFO  c.e.lostandfind.aspect.UserAspect 51 - url=http://localhost:8080/getPersonComment;method=GET;ip=0:0:0:0:0:0:0:1;classMethod=com.example.lostandfind.controller.LafController.getPersonComment;time=1557069935122ms;
2019-05-05 23:25:35,183 [http-nio-8080-exec-3] INFO  c.e.lostandfind.aspect.UserAspect 51 - url=http://localhost:8080/getValuable;method=GET;ip=0:0:0:0:0:0:0:1;classMethod=com.example.lostandfind.controller.LafController.getValuale;time=30ms;
2019-05-05 23:25:35,274 [http-nio-8080-exec-4] WARN  o.h.h.i.ast.QueryTranslatorImpl 381 - HHH000104: firstResult/maxResults specified with collection fetch; applying in memory!
2019-05-05 23:25:35,329 [http-nio-8080-exec-4] INFO  c.e.lostandfind.aspect.UserAspect 51 - url=http://localhost:8080/service/info;method=GET;ip=0:0:0:0:0:0:0:1;classMethod=com.example.lostandfind.controller.LafController.searchInfo;time=88ms;
2019-05-05 23:50:45,661 [http-nio-8080-exec-9] INFO  c.e.lostandfind.aspect.UserAspect 51 - url=http://localhost:8080/getUserInfo;method=GET;ip=0:0:0:0:0:0:0:1;classMethod=com.example.lostandfind.controller.LafController.getUserInfo;time=474ms;
2019-05-05 23:50:45,707 [http-nio-8080-exec-1] INFO  c.e.lostandfind.aspect.UserAspect 51 - url=http://localhost:8080/token;method=GET;ip=0:0:0:0:0:0:0:1;classMethod=com.example.lostandfind.controller.LafController.makeToken;time=15ms;
2019-05-05 23:50:45,746 [http-nio-8080-exec-2] INFO  c.e.lostandfind.aspect.UserAspect 51 - url=http://localhost:8080/openid1/orvxZ5LHevduXjiohzNmGuN3GW8o;method=GET;ip=0:0:0:0:0:0:0:1;classMethod=com.example.lostandfind.controller.LafController.checkOpenId1;time=7ms;
2019-05-05 23:50:45,779 [http-nio-8080-exec-10] INFO  c.e.lostandfind.aspect.UserAspect 51 - url=http://localhost:8080/manager/orvxZ5LHevduXjiohzNmGuN3GW8o;method=POST;ip=0:0:0:0:0:0:0:1;classMethod=com.example.lostandfind.controller.LafController.doManager;time=4ms;
2019-05-05 23:50:45,827 [http-nio-8080-exec-3] INFO  c.e.lostandfind.aspect.UserAspect 51 - url=http://localhost:8080/getPersonInfo;method=GET;ip=0:0:0:0:0:0:0:1;classMethod=com.example.lostandfind.controller.LafController.getPersonInfo;time=3ms;
2019-05-05 23:50:45,834 [http-nio-8080-exec-6] INFO  c.e.lostandfind.aspect.UserAspect 51 - url=http://localhost:8080/getSystemCount;method=GET;ip=0:0:0:0:0:0:0:1;classMethod=com.example.lostandfind.controller.LafController.getSystemCount;time=5ms;
2019-05-05 23:50:45,834 [http-nio-8080-exec-4] INFO  c.e.lostandfind.aspect.UserAspect 51 - url=http://localhost:8080/getPersonComment;method=GET;ip=0:0:0:0:0:0:0:1;classMethod=com.example.lostandfind.controller.LafController.getPersonComment;time=1557071445829ms;
2019-05-05 23:50:45,839 [http-nio-8080-exec-5] INFO  c.e.lostandfind.aspect.UserAspect 51 - url=http://localhost:8080/getValuable;method=GET;ip=0:0:0:0:0:0:0:1;classMethod=com.example.lostandfind.controller.LafController.getValuale;time=10ms;
2019-05-05 23:50:45,954 [http-nio-8080-exec-7] WARN  o.h.h.i.ast.QueryTranslatorImpl 381 - HHH000104: firstResult/maxResults specified with collection fetch; applying in memory!
2019-05-05 23:50:45,961 [http-nio-8080-exec-7] INFO  c.e.lostandfind.aspect.UserAspect 51 - url=http://localhost:8080/service/info;method=GET;ip=0:0:0:0:0:0:0:1;classMethod=com.example.lostandfind.controller.LafController.searchInfo;time=15ms;
2019-05-05 23:50:57,832 [http-nio-8080-exec-8] INFO  c.e.lostandfind.aspect.UserAspect 51 - url=http://localhost:8080/getUserInfo;method=GET;ip=0:0:0:0:0:0:0:1;classMethod=com.example.lostandfind.controller.LafController.getUserInfo;time=409ms;
2019-05-05 23:50:57,864 [http-nio-8080-exec-9] INFO  c.e.lostandfind.aspect.UserAspect 51 - url=http://localhost:8080/token;method=GET;ip=0:0:0:0:0:0:0:1;classMethod=com.example.lostandfind.controller.LafController.makeToken;time=6ms;
2019-05-05 23:50:57,894 [http-nio-8080-exec-1] INFO  c.e.lostandfind.aspect.UserAspect 51 - url=http://localhost:8080/openid1/orvxZ5LHevduXjiohzNmGuN3GW8o;method=GET;ip=0:0:0:0:0:0:0:1;classMethod=com.example.lostandfind.controller.LafController.checkOpenId1;time=6ms;
2019-05-05 23:50:57,921 [http-nio-8080-exec-2] INFO  c.e.lostandfind.aspect.UserAspect 51 - url=http://localhost:8080/manager/orvxZ5LHevduXjiohzNmGuN3GW8o;method=POST;ip=0:0:0:0:0:0:0:1;classMethod=com.example.lostandfind.controller.LafController.doManager;time=3ms;
2019-05-05 23:50:58,177 [http-nio-8080-exec-10] INFO  c.e.lostandfind.aspect.UserAspect 51 - url=http://localhost:8080/getPersonComment;method=GET;ip=0:0:0:0:0:0:0:1;classMethod=com.example.lostandfind.controller.LafController.getPersonComment;time=1ms;
2019-05-05 23:50:58,182 [http-nio-8080-exec-3] INFO  c.e.lostandfind.aspect.UserAspect 51 - url=http://localhost:8080/getPersonInfo;method=GET;ip=0:0:0:0:0:0:0:1;classMethod=com.example.lostandfind.controller.LafController.getPersonInfo;time=1557071458181ms;
2019-05-05 23:50:58,198 [http-nio-8080-exec-6] INFO  c.e.lostandfind.aspect.UserAspect 51 - url=http://localhost:8080/getSystemCount;method=GET;ip=0:0:0:0:0:0:0:1;classMethod=com.example.lostandfind.controller.LafController.getSystemCount;time=3ms;
2019-05-05 23:50:58,223 [http-nio-8080-exec-4] INFO  c.e.lostandfind.aspect.UserAspect 51 - url=http://localhost:8080/getValuable;method=GET;ip=0:0:0:0:0:0:0:1;classMethod=com.example.lostandfind.controller.LafController.getValuale;time=8ms;
2019-05-05 23:50:58,263 [http-nio-8080-exec-5] WARN  o.h.h.i.ast.QueryTranslatorImpl 381 - HHH000104: firstResult/maxResults specified with collection fetch; applying in memory!
2019-05-05 23:50:58,270 [http-nio-8080-exec-5] INFO  c.e.lostandfind.aspect.UserAspect 51 - url=http://localhost:8080/service/info;method=GET;ip=0:0:0:0:0:0:0:1;classMethod=com.example.lostandfind.controller.LafController.searchInfo;time=14ms;
2019-05-05 23:51:11,416 [http-nio-8080-exec-7] INFO  c.e.lostandfind.aspect.UserAspect 51 - url=http://localhost:8080/getUserInfo;method=GET;ip=0:0:0:0:0:0:0:1;classMethod=com.example.lostandfind.controller.LafController.getUserInfo;time=407ms;
2019-05-05 23:51:11,460 [http-nio-8080-exec-8] INFO  c.e.lostandfind.aspect.UserAspect 51 - url=http://localhost:8080/token;method=GET;ip=0:0:0:0:0:0:0:1;classMethod=com.example.lostandfind.controller.LafController.makeToken;time=5ms;
2019-05-05 23:51:11,498 [http-nio-8080-exec-9] INFO  c.e.lostandfind.aspect.UserAspect 51 - url=http://localhost:8080/openid1/orvxZ5LHevduXjiohzNmGuN3GW8o;method=GET;ip=0:0:0:0:0:0:0:1;classMethod=com.example.lostandfind.controller.LafController.checkOpenId1;time=3ms;
2019-05-05 23:51:11,524 [http-nio-8080-exec-1] INFO  c.e.lostandfind.aspect.UserAspect 51 - url=http://localhost:8080/manager/orvxZ5LHevduXjiohzNmGuN3GW8o;method=POST;ip=0:0:0:0:0:0:0:1;classMethod=com.example.lostandfind.controller.LafController.doManager;time=2ms;
2019-05-05 23:51:12,040 [http-nio-8080-exec-3] INFO  c.e.lostandfind.aspect.UserAspect 51 - url=http://localhost:8080/getSystemCount;method=GET;ip=0:0:0:0:0:0:0:1;classMethod=com.example.lostandfind.controller.LafController.getSystemCount;time=6ms;
2019-05-05 23:51:12,042 [http-nio-8080-exec-10] INFO  c.e.lostandfind.aspect.UserAspect 51 - url=http://localhost:8080/getPersonInfo;method=GET;ip=0:0:0:0:0:0:0:1;classMethod=com.example.lostandfind.controller.LafController.getPersonInfo;time=1557071472036ms;
2019-05-05 23:51:12,055 [http-nio-8080-exec-2] INFO  c.e.lostandfind.aspect.UserAspect 51 - url=http://localhost:8080/getPersonComment;method=GET;ip=0:0:0:0:0:0:0:1;classMethod=com.example.lostandfind.controller.LafController.getPersonComment;time=19ms;
2019-05-05 23:51:12,063 [http-nio-8080-exec-6] INFO  c.e.lostandfind.aspect.UserAspect 51 - url=http://localhost:8080/getValuable;method=GET;ip=0:0:0:0:0:0:0:1;classMethod=com.example.lostandfind.controller.LafController.getValuale;time=1557071472044ms;
2019-05-05 23:51:12,105 [http-nio-8080-exec-4] WARN  o.h.h.i.ast.QueryTranslatorImpl 381 - HHH000104: firstResult/maxResults specified with collection fetch; applying in memory!
2019-05-05 23:51:12,115 [http-nio-8080-exec-4] INFO  c.e.lostandfind.aspect.UserAspect 51 - url=http://localhost:8080/service/info;method=GET;ip=0:0:0:0:0:0:0:1;classMethod=com.example.lostandfind.controller.LafController.searchInfo;time=18ms;
2019-05-05 23:54:11,863 [http-nio-8080-exec-1] INFO  c.e.lostandfind.aspect.UserAspect 51 - url=http://localhost:8080/report;method=POST;ip=0:0:0:0:0:0:0:1;classMethod=com.example.lostandfind.controller.LafController.report;time=116ms;
2019-05-05 23:54:16,056 [http-nio-8080-exec-6] INFO  c.e.lostandfind.aspect.UserAspect 51 - url=http://localhost:8080/getReportComment;method=GET;ip=0:0:0:0:0:0:0:1;classMethod=com.example.lostandfind.controller.LafController.getReportC;time=18ms;
2019-05-05 23:54:16,057 [http-nio-8080-exec-10] INFO  c.e.lostandfind.aspect.UserAspect 51 - url=http://localhost:8080/valuable;method=GET;ip=0:0:0:0:0:0:0:1;classMethod=com.example.lostandfind.controller.LafController.searchValuableInfo;time=1557071656039ms;
2019-05-05 23:54:16,065 [http-nio-8080-exec-3] INFO  c.e.lostandfind.aspect.UserAspect 51 - url=http://localhost:8080/getSuggestion;method=GET;ip=0:0:0:0:0:0:0:1;classMethod=com.example.lostandfind.controller.LafController.GetSuggestion;time=26ms;
2019-05-05 23:54:16,079 [http-nio-8080-exec-2] INFO  c.e.lostandfind.aspect.UserAspect 51 - url=http://localhost:8080/getReport;method=GET;ip=0:0:0:0:0:0:0:1;classMethod=com.example.lostandfind.controller.LafController.getReport;time=1557071656053ms;
2019-05-05 23:54:17,382 [http-nio-8080-exec-4] INFO  c.e.lostandfind.aspect.UserAspect 51 - url=http://localhost:8080/getReport;method=GET;ip=0:0:0:0:0:0:0:1;classMethod=com.example.lostandfind.controller.LafController.getReport;time=21ms;
2019-05-05 23:56:47,840 [http-nio-8080-exec-1] INFO  c.e.lostandfind.aspect.UserAspect 51 - url=http://localhost:8080/getReport;method=GET;ip=0:0:0:0:0:0:0:1;classMethod=com.example.lostandfind.controller.LafController.getReport;time=19ms;
