2019-05-28 14:30:16,393 [main] INFO  c.e.l.LostandfindApplication 50 - Starting LostandfindApplication on zhangbingdeMacBook-Air.local with PID 1866 (/Users/zhangcong/IdeaProjects/lostandfind/target/classes started by zhangcong in /Users/zhangcong/IdeaProjects/lostandfind)
2019-05-28 14:30:16,401 [main] INFO  c.e.l.LostandfindApplication 662 - No active profile set, falling back to default profiles: default
2019-05-28 14:30:16,592 [main] INFO  o.s.b.w.s.c.AnnotationConfigServletWebServerApplicationContext 590 - Refreshing org.springframework.boot.web.servlet.context.AnnotationConfigServletWebServerApplicationContext@d21a74c: startup date [Tue May 28 14:30:16 CST 2019]; root of context hierarchy
2019-05-28 14:30:19,450 [main] INFO  o.s.d.r.c.RepositoryConfigurationDelegate 163 - Multiple Spring Data modules found, entering strict repository configuration mode!
2019-05-28 14:30:19,723 [main] INFO  o.s.d.r.c.RepositoryConfigurationDelegate 163 - Multiple Spring Data modules found, entering strict repository configuration mode!
2019-05-28 14:30:19,779 [main] INFO  o.s.d.r.c.RepositoryConfigurationExtensionSupport 297 - Spring Data Redis - Could not safely identify store assignment for repository candidate interface com.example.lostandfind.repository.CommentRespository.
2019-05-28 14:30:19,784 [main] INFO  o.s.d.r.c.RepositoryConfigurationExtensionSupport 297 - Spring Data Redis - Could not safely identify store assignment for repository candidate interface com.example.lostandfind.repository.EvaluateRespository.
2019-05-28 14:30:19,786 [main] INFO  o.s.d.r.c.RepositoryConfigurationExtensionSupport 297 - Spring Data Redis - Could not safely identify store assignment for repository candidate interface com.example.lostandfind.repository.FinishRespository.
2019-05-28 14:30:19,787 [main] INFO  o.s.d.r.c.RepositoryConfigurationExtensionSupport 297 - Spring Data Redis - Could not safely identify store assignment for repository candidate interface com.example.lostandfind.repository.GradeRepository.
2019-05-28 14:30:19,788 [main] INFO  o.s.d.r.c.RepositoryConfigurationExtensionSupport 297 - Spring Data Redis - Could not safely identify store assignment for repository candidate interface com.example.lostandfind.repository.HistoryRepository.
2019-05-28 14:30:19,789 [main] INFO  o.s.d.r.c.RepositoryConfigurationExtensionSupport 297 - Spring Data Redis - Could not safely identify store assignment for repository candidate interface com.example.lostandfind.repository.InfoRepository.
2019-05-28 14:30:19,790 [main] INFO  o.s.d.r.c.RepositoryConfigurationExtensionSupport 297 - Spring Data Redis - Could not safely identify store assignment for repository candidate interface com.example.lostandfind.repository.ManageRepository.
2019-05-28 14:30:19,791 [main] INFO  o.s.d.r.c.RepositoryConfigurationExtensionSupport 297 - Spring Data Redis - Could not safely identify store assignment for repository candidate interface com.example.lostandfind.repository.NewsRepository.
2019-05-28 14:30:19,795 [main] INFO  o.s.d.r.c.RepositoryConfigurationExtensionSupport 297 - Spring Data Redis - Could not safely identify store assignment for repository candidate interface com.example.lostandfind.repository.PersonInfoRespository.
2019-05-28 14:30:19,797 [main] INFO  o.s.d.r.c.RepositoryConfigurationExtensionSupport 297 - Spring Data Redis - Could not safely identify store assignment for repository candidate interface com.example.lostandfind.repository.PushRepository.
2019-05-28 14:30:19,798 [main] INFO  o.s.d.r.c.RepositoryConfigurationExtensionSupport 297 - Spring Data Redis - Could not safely identify store assignment for repository candidate interface com.example.lostandfind.repository.ReportCommentRepository.
2019-05-28 14:30:19,799 [main] INFO  o.s.d.r.c.RepositoryConfigurationExtensionSupport 297 - Spring Data Redis - Could not safely identify store assignment for repository candidate interface com.example.lostandfind.repository.ReportRepository.
2019-05-28 14:30:19,800 [main] INFO  o.s.d.r.c.RepositoryConfigurationExtensionSupport 297 - Spring Data Redis - Could not safely identify store assignment for repository candidate interface com.example.lostandfind.repository.SuggestRepository.
2019-05-28 14:30:19,801 [main] INFO  o.s.d.r.c.RepositoryConfigurationExtensionSupport 297 - Spring Data Redis - Could not safely identify store assignment for repository candidate interface com.example.lostandfind.repository.SystemInformRepository.
2019-05-28 14:30:19,802 [main] INFO  o.s.d.r.c.RepositoryConfigurationExtensionSupport 297 - Spring Data Redis - Could not safely identify store assignment for repository candidate interface com.example.lostandfind.repository.ThanksRepository.
2019-05-28 14:30:19,804 [main] INFO  o.s.d.r.c.RepositoryConfigurationExtensionSupport 297 - Spring Data Redis - Could not safely identify store assignment for repository candidate interface com.example.lostandfind.repository.UserRepository.
2019-05-28 14:30:20,719 [main] INFO  o.s.c.s.PostProcessorRegistrationDelegate$BeanPostProcessorChecker 326 - Bean 'org.springframework.transaction.annotation.ProxyTransactionManagementConfiguration' of type [org.springframework.transaction.annotation.ProxyTransactionManagementConfiguration$$EnhancerBySpringCGLIB$$3dbbcfee] is not eligible for getting processed by all BeanPostProcessors (for example: not eligible for auto-proxying)
2019-05-28 14:30:20,999 [main] INFO  o.s.c.s.PostProcessorRegistrationDelegate$BeanPostProcessorChecker 326 - Bean 'redisConfig' of type [com.example.lostandfind.redis.RedisConfig$$EnhancerBySpringCGLIB$$b80f628a] is not eligible for getting processed by all BeanPostProcessors (for example: not eligible for auto-proxying)
2019-05-28 14:30:21,871 [main] INFO  o.s.b.w.e.tomcat.TomcatWebServer 91 - Tomcat initialized with port(s): 8080 (http)
2019-05-28 14:30:21,903 [main] INFO  o.a.coyote.http11.Http11NioProtocol 180 - Initializing ProtocolHandler ["http-nio-8080"]
2019-05-28 14:30:21,920 [main] INFO  o.a.catalina.core.StandardService 180 - Starting service [Tomcat]
2019-05-28 14:30:21,920 [main] INFO  o.a.catalina.core.StandardEngine 180 - Starting Servlet Engine: Apache Tomcat/8.5.32
2019-05-28 14:30:21,925 [localhost-startStop-1] INFO  o.a.c.core.AprLifecycleListener 180 - The APR based Apache Tomcat Native library which allows optimal performance in production environments was not found on the java.library.path: [/Users/zhangcong/Library/Java/Extensions:/Library/Java/Extensions:/Network/Library/Java/Extensions:/System/Library/Java/Extensions:/usr/lib/java:.]
2019-05-28 14:30:22,301 [localhost-startStop-1] INFO  o.a.c.c.C.[Tomcat].[localhost].[/] 180 - Initializing Spring embedded WebApplicationContext
2019-05-28 14:30:22,303 [localhost-startStop-1] INFO  o.s.web.context.ContextLoader 285 - Root WebApplicationContext: initialization completed in 5711 ms
2019-05-28 14:30:22,420 [localhost-startStop-1] INFO  o.s.b.w.s.ServletRegistrationBean 187 - Servlet dispatcherServlet mapped to [/]
2019-05-28 14:30:22,427 [localhost-startStop-1] INFO  o.s.b.w.s.FilterRegistrationBean 245 - Mapping filter: 'characterEncodingFilter' to: [/*]
2019-05-28 14:30:22,427 [localhost-startStop-1] INFO  o.s.b.w.s.FilterRegistrationBean 245 - Mapping filter: 'hiddenHttpMethodFilter' to: [/*]
2019-05-28 14:30:22,427 [localhost-startStop-1] INFO  o.s.b.w.s.FilterRegistrationBean 245 - Mapping filter: 'httpPutFormContentFilter' to: [/*]
2019-05-28 14:30:22,428 [localhost-startStop-1] INFO  o.s.b.w.s.FilterRegistrationBean 245 - Mapping filter: 'requestContextFilter' to: [/*]
2019-05-28 14:30:22,779 [main] INFO  com.zaxxer.hikari.HikariDataSource 110 - HikariPool-1 - Starting...
2019-05-28 14:30:23,095 [main] INFO  com.zaxxer.hikari.HikariDataSource 123 - HikariPool-1 - Start completed.
2019-05-28 14:30:23,186 [main] INFO  o.s.o.j.LocalContainerEntityManagerFactoryBean 361 - Building JPA container EntityManagerFactory for persistence unit 'default'
2019-05-28 14:30:23,215 [main] INFO  o.h.jpa.internal.util.LogHelper 31 - HHH000204: Processing PersistenceUnitInfo [
	name: default
	...]
2019-05-28 14:30:23,442 [main] INFO  org.hibernate.Version 45 - HHH000412: Hibernate Core {5.2.17.Final}
2019-05-28 14:30:23,446 [main] INFO  org.hibernate.cfg.Environment 213 - HHH000206: hibernate.properties not found
2019-05-28 14:30:23,567 [main] INFO  o.h.annotations.common.Version 66 - HCANN000001: Hibernate Commons Annotations {5.0.1.Final}
2019-05-28 14:30:23,929 [main] INFO  org.hibernate.dialect.Dialect 157 - HHH000400: Using dialect: org.hibernate.dialect.MySQL5Dialect
2019-05-28 14:30:25,887 [main] INFO  o.s.o.j.LocalContainerEntityManagerFactoryBean 415 - Initialized JPA EntityManagerFactory for persistence unit 'default'
2019-05-28 14:30:26,630 [main] INFO  o.h.h.i.QueryTranslatorFactoryInitiator 47 - HHH000397: Using ASTQueryTranslatorFactory
2019-05-28 14:30:28,169 [main] INFO  c.e.lostandfind.service.Template 311 - Template加入了SpringIoc容器
2019-05-28 14:30:28,790 [main] INFO  c.e.l.i.CheckLoginInterceptor 61 - 这是拦截器
2019-05-28 14:30:28,895 [main] INFO  c.e.lostandfind.redis.RedisConfig 58 - redis被加入到bean
2019-05-28 14:30:29,194 [main] INFO  o.s.w.s.h.SimpleUrlHandlerMapping 373 - Mapped URL path [/**/favicon.ico] onto handler of type [class org.springframework.web.servlet.resource.ResourceHttpRequestHandler]
2019-05-28 14:30:29,447 [main] INFO  o.s.w.s.m.m.a.RequestMappingHandlerAdapter 574 - Looking for @ControllerAdvice: org.springframework.boot.web.servlet.context.AnnotationConfigServletWebServerApplicationContext@d21a74c: startup date [Tue May 28 14:30:16 CST 2019]; root of context hierarchy
2019-05-28 14:30:29,519 [main] INFO  c.e.l.LostandfindApplication 60 - 初始化拦截器
2019-05-28 14:30:29,522 [main] WARN  o.s.b.a.o.j.JpaBaseConfiguration$JpaWebConfiguration$JpaWebMvcConfiguration 235 - spring.jpa.open-in-view is enabled by default. Therefore, database queries may be performed during view rendering. Explicitly configure spring.jpa.open-in-view to disable this warning
2019-05-28 14:30:29,594 [main] INFO  o.s.w.s.m.m.a.RequestMappingHandlerMapping 547 - Mapped "{[/identity],methods=[GET]}" onto public java.lang.Object com.example.lostandfind.controller.LafController.decode(java.lang.String,java.lang.String,java.lang.String)
2019-05-28 14:30:29,596 [main] INFO  o.s.w.s.m.m.a.RequestMappingHandlerMapping 547 - Mapped "{[/getUserInfo],methods=[GET]}" onto public java.lang.Object com.example.lostandfind.controller.LafController.getUserInfo(java.lang.String)
2019-05-28 14:30:29,597 [main] INFO  o.s.w.s.m.m.a.RequestMappingHandlerMapping 547 - Mapped "{[/test],methods=[GET]}" onto public java.util.List<com.example.lostandfind.mysql.PushMysql> com.example.lostandfind.controller.LafController.test(java.lang.String)
2019-05-28 14:30:29,597 [main] INFO  o.s.w.s.m.m.a.RequestMappingHandlerMapping 547 - Mapped "{[/addCount],methods=[POST]}" onto public int com.example.lostandfind.controller.LafController.addCount(com.alibaba.fastjson.JSONObject)
2019-05-28 14:30:29,598 [main] INFO  o.s.w.s.m.m.a.RequestMappingHandlerMapping 547 - Mapped "{[/search/detele/{openid}],methods=[DELETE]}" onto public com.example.lostandfind.mysql.HistoryMysql com.example.lostandfind.controller.LafController.doDelete(java.lang.String)
2019-05-28 14:30:29,598 [main] INFO  o.s.w.s.m.m.a.RequestMappingHandlerMapping 547 - Mapped "{[/report],methods=[POST]}" onto public java.lang.String com.example.lostandfind.controller.LafController.report(com.alibaba.fastjson.JSONObject)
2019-05-28 14:30:29,599 [main] INFO  o.s.w.s.m.m.a.RequestMappingHandlerMapping 547 - Mapped "{[/getInfo1],methods=[GET]}" onto public java.lang.Object com.example.lostandfind.controller.LafController.getInfo(java.lang.String,int) throws java.lang.Exception
2019-05-28 14:30:29,600 [main] INFO  o.s.w.s.m.m.a.RequestMappingHandlerMapping 547 - Mapped "{[/getVersion],methods=[GET]}" onto public double com.example.lostandfind.controller.LafController.getVersion()
2019-05-28 14:30:29,601 [main] INFO  o.s.w.s.m.m.a.RequestMappingHandlerMapping 547 - Mapped "{[/getComment],methods=[GET]}" onto public com.alibaba.fastjson.JSONArray com.example.lostandfind.controller.LafController.getComment(int)
2019-05-28 14:30:29,601 [main] INFO  o.s.w.s.m.m.a.RequestMappingHandlerMapping 547 - Mapped "{[/timeout],methods=[GET]}" onto public java.util.List<com.example.lostandfind.mysql.FinishMysql> com.example.lostandfind.controller.LafController.getTimeout(java.lang.String)
2019-05-28 14:30:29,602 [main] INFO  o.s.w.s.m.m.a.RequestMappingHandlerMapping 547 - Mapped "{[/process],methods=[GET]}" onto public java.lang.String com.example.lostandfind.controller.LafController.process(boolean,int,int,java.lang.String)
2019-05-28 14:30:29,603 [main] INFO  o.s.w.s.m.m.a.RequestMappingHandlerMapping 547 - Mapped "{[/manager],methods=[GET]}" onto public com.github.pagehelper.Page<com.example.lostandfind.mysql.ManagerMysql> com.example.lostandfind.controller.LafController.getManager()
2019-05-28 14:30:29,603 [main] INFO  o.s.w.s.m.m.a.RequestMappingHandlerMapping 547 - Mapped "{[/User],methods=[GET]}" onto public java.util.List<com.example.lostandfind.mysql.UserMysql> com.example.lostandfind.controller.LafController.UserList()
2019-05-28 14:30:29,604 [main] INFO  o.s.w.s.m.m.a.RequestMappingHandlerMapping 547 - Mapped "{[/createIndex],methods=[GET]}" onto public java.lang.String com.example.lostandfind.controller.LafController.createIndex()
2019-05-28 14:30:29,604 [main] INFO  o.s.w.s.m.m.a.RequestMappingHandlerMapping 547 - Mapped "{[/getThanks],methods=[GET]}" onto public java.util.List<com.example.lostandfind.mysql.ThanksMysql> com.example.lostandfind.controller.LafController.getThanks()
2019-05-28 14:30:29,605 [main] INFO  o.s.w.s.m.m.a.RequestMappingHandlerMapping 547 - Mapped "{[/openid/{openid}],methods=[GET]}" onto public boolean com.example.lostandfind.controller.LafController.checkOpenId(java.lang.String)
2019-05-28 14:30:29,605 [main] INFO  o.s.w.s.m.m.a.RequestMappingHandlerMapping 547 - Mapped "{[/openid1/{openid}],methods=[GET]}" onto public java.util.List<com.example.lostandfind.mysql.UserMysql> com.example.lostandfind.controller.LafController.checkOpenId1(java.lang.String)
2019-05-28 14:30:29,606 [main] INFO  o.s.w.s.m.m.a.RequestMappingHandlerMapping 547 - Mapped "{[/valuable],methods=[GET]}" onto public java.util.List<com.example.lostandfind.mysql.InfoMysql> com.example.lostandfind.controller.LafController.searchValuableInfo(boolean)
2019-05-28 14:30:29,606 [main] INFO  o.s.w.s.m.m.a.RequestMappingHandlerMapping 547 - Mapped "{[/getValuable],methods=[GET]}" onto public java.util.List<com.example.lostandfind.mysql.InfoMysql> com.example.lostandfind.controller.LafController.getValuale()
2019-05-28 14:30:29,607 [main] INFO  o.s.w.s.m.m.a.RequestMappingHandlerMapping 547 - Mapped "{[/service/info],methods=[GET]}" onto public java.util.List<com.example.lostandfind.mysql.InfoMysql> com.example.lostandfind.controller.LafController.searchInfo(boolean,int)
2019-05-28 14:30:29,607 [main] INFO  o.s.w.s.m.m.a.RequestMappingHandlerMapping 547 - Mapped "{[/msg/{name}],methods=[POST]}" onto public com.example.lostandfind.domain.Result com.example.lostandfind.controller.LafController.addMsg(com.example.lostandfind.mysql.InfoMysql,java.lang.String) throws java.lang.Exception
2019-05-28 14:30:29,608 [main] INFO  o.s.w.s.m.m.a.RequestMappingHandlerMapping 547 - Mapped "{[/deleteInfo],methods=[DELETE]}" onto public boolean com.example.lostandfind.controller.LafController.deleteInfo(com.alibaba.fastjson.JSONObject)
2019-05-28 14:30:29,609 [main] INFO  o.s.w.s.m.m.a.RequestMappingHandlerMapping 547 - Mapped "{[/uploadNews],methods=[POST]}" onto public com.example.lostandfind.mysql.NewsMysql com.example.lostandfind.controller.LafController.uploadNews(org.springframework.web.multipart.MultipartFile,int,int,java.lang.String,java.lang.String,java.lang.String,java.lang.String,java.lang.String) throws java.lang.Exception
2019-05-28 14:30:29,609 [main] INFO  o.s.w.s.m.m.a.RequestMappingHandlerMapping 547 - Mapped "{[/getNews],methods=[GET]}" onto public java.util.List<com.example.lostandfind.mysql.NewsMysql> com.example.lostandfind.controller.LafController.getNews()
2019-05-28 14:30:29,610 [main] INFO  o.s.w.s.m.m.a.RequestMappingHandlerMapping 547 - Mapped "{[/uploadImage],methods=[POST]}" onto public java.lang.Object com.example.lostandfind.controller.LafController.uploadPicture(org.springframework.web.multipart.MultipartFile,int,int,java.lang.String,java.lang.String) throws java.lang.Exception
2019-05-28 14:30:29,610 [main] INFO  o.s.w.s.m.m.a.RequestMappingHandlerMapping 547 - Mapped "{[/confirm/{id}],methods=[PUT]}" onto public com.example.lostandfind.mysql.InfoMysql com.example.lostandfind.controller.LafController.doConfirm(java.lang.Integer,com.example.lostandfind.service.ConfirmService)
2019-05-28 14:30:29,611 [main] INFO  o.s.w.s.m.m.a.RequestMappingHandlerMapping 547 - Mapped "{[/manager/{openid}],methods=[POST]}" onto public java.lang.String com.example.lostandfind.controller.LafController.doManager(java.lang.String)
2019-05-28 14:30:29,611 [main] INFO  o.s.w.s.m.m.a.RequestMappingHandlerMapping 547 - Mapped "{[/addManagerFormId],methods=[POST]}" onto public com.example.lostandfind.domain.Result com.example.lostandfind.controller.LafController.addManagerFormId(com.alibaba.fastjson.JSONObject)
2019-05-28 14:30:29,612 [main] INFO  o.s.w.s.m.m.a.RequestMappingHandlerMapping 547 - Mapped "{[/check/{id}/{confirm}/{formId}/{openId}/{num}],methods=[PUT]}" onto public com.example.lostandfind.domain.Result com.example.lostandfind.controller.LafController.doCheck(java.lang.Integer,boolean,java.lang.String,java.lang.String,int)
2019-05-28 14:30:29,612 [main] INFO  o.s.w.s.m.m.a.RequestMappingHandlerMapping 547 - Mapped "{[/finish/{id}],methods=[DELETE]}" onto public java.lang.String com.example.lostandfind.controller.LafController.doFinish(java.lang.Integer)
2019-05-28 14:30:29,613 [main] INFO  o.s.w.s.m.m.a.RequestMappingHandlerMapping 547 - Mapped "{[/search/{index}/{string}/{count}],methods=[GET]}" onto public java.util.List<com.example.lostandfind.mysql.InfoMysql> com.example.lostandfind.controller.LafController.doSearch(java.lang.String,java.lang.Integer,java.lang.Integer) throws java.lang.Exception
2019-05-28 14:30:29,614 [main] INFO  o.s.w.s.m.m.a.RequestMappingHandlerMapping 547 - Mapped "{[/search/history],methods=[PUT]}" onto public com.example.lostandfind.mysql.HistoryMysql com.example.lostandfind.controller.LafController.doAddHistory(com.example.lostandfind.mysql.HistoryMysql)
2019-05-28 14:30:29,614 [main] INFO  o.s.w.s.m.m.a.RequestMappingHandlerMapping 547 - Mapped "{[/search/history/{openid}],methods=[GET]}" onto public com.example.lostandfind.mysql.HistoryMysql com.example.lostandfind.controller.LafController.doSearchHistory(java.lang.String)
2019-05-28 14:30:29,615 [main] INFO  o.s.w.s.m.m.a.RequestMappingHandlerMapping 547 - Mapped "{[/search/eye],methods=[PUT]}" onto public com.example.lostandfind.mysql.HistoryMysql com.example.lostandfind.controller.LafController.doaChangeEye(com.example.lostandfind.mysql.HistoryMysql)
2019-05-28 14:30:29,616 [main] INFO  o.s.w.s.m.m.a.RequestMappingHandlerMapping 547 - Mapped "{[/token],methods=[GET]}" onto public com.alibaba.fastjson.JSONObject com.example.lostandfind.controller.LafController.makeToken(java.lang.String)
2019-05-28 14:30:29,616 [main] INFO  o.s.w.s.m.m.a.RequestMappingHandlerMapping 547 - Mapped "{[/suggestion],methods=[POST]}" onto public com.example.lostandfind.mysql.SuggestMysql com.example.lostandfind.controller.LafController.WriteSuggestion(com.example.lostandfind.mysql.SuggestMysql)
2019-05-28 14:30:29,617 [main] INFO  o.s.w.s.m.m.a.RequestMappingHandlerMapping 547 - Mapped "{[/getSuggestion],methods=[GET]}" onto public com.alibaba.fastjson.JSONArray com.example.lostandfind.controller.LafController.GetSuggestion()
2019-05-28 14:30:29,618 [main] INFO  o.s.w.s.m.m.a.RequestMappingHandlerMapping 547 - Mapped "{[/get_access_token],methods=[GET]}" onto public com.alibaba.fastjson.JSONObject com.example.lostandfind.controller.LafController.getAccessToken()
2019-05-28 14:30:29,618 [main] INFO  o.s.w.s.m.m.a.RequestMappingHandlerMapping 547 - Mapped "{[/sendTemplateInfo],methods=[GET]}" onto public java.lang.Object com.example.lostandfind.controller.LafController.sendTemplateInfo(java.lang.String,java.lang.String,java.lang.String,java.lang.String,java.lang.String,java.lang.String,int,java.lang.String,java.lang.String,java.lang.String)
2019-05-28 14:30:29,619 [main] INFO  o.s.w.s.m.m.a.RequestMappingHandlerMapping 547 - Mapped "{[/aboutMeNot],methods=[GET]}" onto public java.util.List<com.example.lostandfind.mysql.InfoMysql> com.example.lostandfind.controller.LafController.getNotFinish(java.lang.String)
2019-05-28 14:30:29,619 [main] INFO  o.s.w.s.m.m.a.RequestMappingHandlerMapping 547 - Mapped "{[/aboutMeHas],methods=[GET]}" onto public java.util.List<com.example.lostandfind.mysql.FinishMysql> com.example.lostandfind.controller.LafController.getHasFinish(java.lang.String)
2019-05-28 14:30:29,620 [main] INFO  o.s.w.s.m.m.a.RequestMappingHandlerMapping 547 - Mapped "{[/Card],methods=[GET]}" onto public com.example.lostandfind.mysql.InfoMysql com.example.lostandfind.controller.LafController.getCardInfo(java.lang.String)
2019-05-28 14:30:29,620 [main] INFO  o.s.w.s.m.m.a.RequestMappingHandlerMapping 547 - Mapped "{[/writePersonInfo],methods=[POST]}" onto public com.example.lostandfind.mysql.PersonInfoMysql com.example.lostandfind.controller.LafController.writePersonInfo(com.example.lostandfind.mysql.PersonInfoMysql)
2019-05-28 14:30:29,621 [main] INFO  o.s.w.s.m.m.a.RequestMappingHandlerMapping 547 - Mapped "{[/getPersonInfo],methods=[GET]}" onto public com.example.lostandfind.mysql.PersonInfoMysql com.example.lostandfind.controller.LafController.getPersonInfo(int)
2019-05-28 14:30:29,622 [main] INFO  o.s.w.s.m.m.a.RequestMappingHandlerMapping 547 - Mapped "{[/writeEvaluate/{id}/{openid}/{level}],methods=[POST]}" onto public com.example.lostandfind.mysql.EvaluateMysql com.example.lostandfind.controller.LafController.writeEvaluate(java.lang.Integer,java.lang.Integer,java.lang.Integer)
2019-05-28 14:30:29,622 [main] INFO  o.s.w.s.m.m.a.RequestMappingHandlerMapping 547 - Mapped "{[/getEvaluate],methods=[GET]}" onto public com.example.lostandfind.mysql.EvaluateMysql com.example.lostandfind.controller.LafController.getEvaluate(int)
2019-05-28 14:30:29,623 [main] INFO  o.s.w.s.m.m.a.RequestMappingHandlerMapping 547 - Mapped "{[/getPersonComment],methods=[GET]}" onto public com.alibaba.fastjson.JSONObject com.example.lostandfind.controller.LafController.getPersonComment(java.lang.String)
2019-05-28 14:30:29,624 [main] INFO  o.s.w.s.m.m.a.RequestMappingHandlerMapping 547 - Mapped "{[/writeComment/{user_id}/{info_id}],methods=[POST]}" onto public com.example.lostandfind.mysql.CommentMysql com.example.lostandfind.controller.LafController.writeComment(java.lang.Integer,java.lang.Integer,com.example.lostandfind.mysql.CommentMysql)
2019-05-28 14:30:29,624 [main] INFO  o.s.w.s.m.m.a.RequestMappingHandlerMapping 547 - Mapped "{[/deleteComment/{id}],methods=[DELETE]}" onto public void com.example.lostandfind.controller.LafController.deleteComment(java.lang.Integer)
2019-05-28 14:30:29,625 [main] INFO  o.s.w.s.m.m.a.RequestMappingHandlerMapping 547 - Mapped "{[/changePersonComment/{openid}/{num}/{kind}],methods=[POST]}" onto public com.example.lostandfind.domain.Result com.example.lostandfind.controller.LafController.changePersonComment(java.lang.String,int,int)
2019-05-28 14:30:29,625 [main] INFO  o.s.w.s.m.m.a.RequestMappingHandlerMapping 547 - Mapped "{[/getReport],methods=[GET]}" onto public com.alibaba.fastjson.JSONArray com.example.lostandfind.controller.LafController.getReport()
2019-05-28 14:30:29,626 [main] INFO  o.s.w.s.m.m.a.RequestMappingHandlerMapping 547 - Mapped "{[/reportComment],methods=[POST]}" onto public java.lang.String com.example.lostandfind.controller.LafController.reportC(com.alibaba.fastjson.JSONObject)
2019-05-28 14:30:29,627 [main] INFO  o.s.w.s.m.m.a.RequestMappingHandlerMapping 547 - Mapped "{[/getReportComment],methods=[GET]}" onto public java.util.List<com.example.lostandfind.mysql.ReportCommentMysql> com.example.lostandfind.controller.LafController.getReportC()
2019-05-28 14:30:29,627 [main] INFO  o.s.w.s.m.m.a.RequestMappingHandlerMapping 547 - Mapped "{[/processComment],methods=[GET]}" onto public java.lang.String com.example.lostandfind.controller.LafController.processC(boolean,int,int,java.lang.String)
2019-05-28 14:30:29,628 [main] INFO  o.s.w.s.m.m.a.RequestMappingHandlerMapping 547 - Mapped "{[/getPushCount],methods=[GET]}" onto public int com.example.lostandfind.controller.LafController.getPushCount(java.lang.String,boolean)
2019-05-28 14:30:29,628 [main] INFO  o.s.w.s.m.m.a.RequestMappingHandlerMapping 547 - Mapped "{[/getPushInfo],methods=[GET]}" onto public java.util.List<com.example.lostandfind.mysql.PushMysql> com.example.lostandfind.controller.LafController.getPushInfo(java.lang.String,boolean)
2019-05-28 14:30:29,629 [main] INFO  o.s.w.s.m.m.a.RequestMappingHandlerMapping 547 - Mapped "{[/writePush],methods=[POST]}" onto public java.lang.String com.example.lostandfind.controller.LafController.writePush(com.alibaba.fastjson.JSONObject)
2019-05-28 14:30:29,630 [main] INFO  o.s.w.s.m.m.a.RequestMappingHandlerMapping 547 - Mapped "{[/test2],methods=[GET]}" onto public java.util.List<java.util.Map<java.lang.String, java.lang.Object>> com.example.lostandfind.controller.LafController.test2(java.lang.String)
2019-05-28 14:30:29,630 [main] INFO  o.s.w.s.m.m.a.RequestMappingHandlerMapping 547 - Mapped "{[/getSystemCount],methods=[GET]}" onto public int com.example.lostandfind.controller.LafController.getSystemCount(int,java.lang.String)
2019-05-28 14:30:29,631 [main] INFO  o.s.w.s.m.m.a.RequestMappingHandlerMapping 547 - Mapped "{[/getSystemInfo],methods=[GET]}" onto public java.util.List<com.example.lostandfind.mysql.SystemInformMysql> com.example.lostandfind.controller.LafController.getSystemInfo(int,java.lang.String)
2019-05-28 14:30:29,632 [main] INFO  o.s.w.s.m.m.a.RequestMappingHandlerMapping 547 - Mapped "{[/hasLookInfo],methods=[GET]}" onto public int com.example.lostandfind.controller.LafController.hasLookInfo(java.lang.String)
2019-05-28 14:30:29,632 [main] INFO  o.s.w.s.m.m.a.RequestMappingHandlerMapping 547 - Mapped "{[/addCollect],methods=[POST]}" onto public com.example.lostandfind.domain.Result com.example.lostandfind.controller.LafController.addCollect(com.alibaba.fastjson.JSONObject)
2019-05-28 14:30:29,633 [main] INFO  o.s.w.s.m.m.a.RequestMappingHandlerMapping 547 - Mapped "{[/removeCollect],methods=[GET]}" onto public com.example.lostandfind.domain.Result com.example.lostandfind.controller.LafController.reomveCollect(int,int)
2019-05-28 14:30:29,633 [main] INFO  o.s.w.s.m.m.a.RequestMappingHandlerMapping 547 - Mapped "{[/hasCollect],methods=[GET]}" onto public java.lang.Object com.example.lostandfind.controller.LafController.hasCollect(int,int)
2019-05-28 14:30:29,635 [main] INFO  o.s.w.s.m.m.a.RequestMappingHandlerMapping 547 - Mapped "{[/collectInfos],methods=[GET]}" onto public java.util.List<com.example.lostandfind.mysql.InfoMysql> com.example.lostandfind.controller.LafController.collectInfos(int)
2019-05-28 14:30:29,635 [main] INFO  o.s.w.s.m.m.a.RequestMappingHandlerMapping 547 - Mapped "{[/infoCount],methods=[GET]}" onto public com.alibaba.fastjson.JSONObject com.example.lostandfind.controller.LafController.infoCount(java.lang.String)
2019-05-28 14:30:29,636 [main] INFO  o.s.w.s.m.m.a.RequestMappingHandlerMapping 547 - Mapped "{[/writeFormId],methods=[POST]}" onto public com.example.lostandfind.domain.Result com.example.lostandfind.controller.LafController.writeFormId(com.alibaba.fastjson.JSONObject)
2019-05-28 14:30:29,636 [main] INFO  o.s.w.s.m.m.a.RequestMappingHandlerMapping 547 - Mapped "{[/deleteNews],methods=[DELETE]}" onto public com.example.lostandfind.domain.Result com.example.lostandfind.controller.LafController.deleteNews(com.example.lostandfind.mysql.NewsMysql)
2019-05-28 14:30:29,637 [main] INFO  o.s.w.s.m.m.a.RequestMappingHandlerMapping 547 - Mapped "{[/writeThanks],methods=[POST]}" onto public com.example.lostandfind.mysql.ThanksMysql com.example.lostandfind.controller.LafController.writeThanks(com.example.lostandfind.mysql.ThanksMysql)
2019-05-28 14:30:29,637 [main] INFO  o.s.w.s.m.m.a.RequestMappingHandlerMapping 547 - Mapped "{[/testname],methods=[GET]}" onto public void com.example.lostandfind.controller.LafController.testname(java.lang.String)
2019-05-28 14:30:29,638 [main] INFO  o.s.w.s.m.m.a.RequestMappingHandlerMapping 547 - Mapped "{[/user],methods=[POST]}" onto public com.example.lostandfind.domain.Result com.example.lostandfind.controller.LafController.addUser(com.example.lostandfind.mysql.UserMysql)
2019-05-28 14:30:29,639 [main] INFO  o.s.w.s.m.m.a.RequestMappingHandlerMapping 547 - Mapped "{[/User],methods=[POST]}" onto public com.example.lostandfind.domain.Result com.example.lostandfind.controller.LafController.addUser(com.example.lostandfind.mysql.UserMysql,org.springframework.validation.BindingResult)
2019-05-28 14:30:29,643 [main] INFO  o.s.w.s.m.m.a.RequestMappingHandlerMapping 547 - Mapped "{[/error]}" onto public org.springframework.http.ResponseEntity<java.util.Map<java.lang.String, java.lang.Object>> org.springframework.boot.autoconfigure.web.servlet.error.BasicErrorController.error(javax.servlet.http.HttpServletRequest)
2019-05-28 14:30:29,644 [main] INFO  o.s.w.s.m.m.a.RequestMappingHandlerMapping 547 - Mapped "{[/error],produces=[text/html]}" onto public org.springframework.web.servlet.ModelAndView org.springframework.boot.autoconfigure.web.servlet.error.BasicErrorController.errorHtml(javax.servlet.http.HttpServletRequest,javax.servlet.http.HttpServletResponse)
2019-05-28 14:30:29,755 [main] INFO  o.s.w.s.h.SimpleUrlHandlerMapping 373 - Mapped URL path [/webjars/**] onto handler of type [class org.springframework.web.servlet.resource.ResourceHttpRequestHandler]
2019-05-28 14:30:29,756 [main] INFO  o.s.w.s.h.SimpleUrlHandlerMapping 373 - Mapped URL path [/**] onto handler of type [class org.springframework.web.servlet.resource.ResourceHttpRequestHandler]
2019-05-28 14:30:30,881 [main] INFO  o.s.j.e.a.AnnotationMBeanExporter 433 - Registering beans for JMX exposure on startup
2019-05-28 14:30:30,883 [main] INFO  o.s.j.e.a.AnnotationMBeanExporter 895 - Bean with name 'dataSource' has been autodetected for JMX exposure
2019-05-28 14:30:30,894 [main] INFO  o.s.j.e.a.AnnotationMBeanExporter 668 - Located MBean 'dataSource': registering with JMX server as MBean [com.zaxxer.hikari:name=dataSource,type=HikariDataSource]
2019-05-28 14:30:30,902 [main] INFO  o.s.c.s.DefaultLifecycleProcessor 351 - Starting beans in phase 2147483647
2019-05-28 14:30:31,151 [container-1] INFO  io.lettuce.core.EpollProvider 101 - Starting without optional epoll library
2019-05-28 14:30:31,153 [container-1] INFO  io.lettuce.core.KqueueProvider 101 - Starting without optional kqueue library
2019-05-28 14:30:35,925 [main] INFO  o.s.s.a.ScheduledAnnotationBeanPostProcessor 275 - No TaskScheduler/ScheduledExecutorService bean found for scheduled processing
2019-05-28 14:30:35,944 [main] INFO  o.a.coyote.http11.Http11NioProtocol 180 - Starting ProtocolHandler ["http-nio-8080"]
2019-05-28 14:30:35,954 [main] INFO  o.a.tomcat.util.net.NioSelectorPool 180 - Using a shared selector for servlet write/read
2019-05-28 14:30:35,998 [main] INFO  o.s.b.w.e.tomcat.TomcatWebServer 206 - Tomcat started on port(s): 8080 (http) with context path ''
2019-05-28 14:30:36,009 [main] INFO  c.e.l.LostandfindApplication 59 - Started LostandfindApplication in 21.815 seconds (JVM running for 24.063)
2019-05-28 14:30:44,999 [http-nio-8080-exec-1] INFO  o.a.c.c.C.[Tomcat].[localhost].[/] 180 - Initializing Spring FrameworkServlet 'dispatcherServlet'
2019-05-28 14:30:45,000 [http-nio-8080-exec-1] INFO  o.s.web.servlet.DispatcherServlet 494 - FrameworkServlet 'dispatcherServlet': initialization started
2019-05-28 14:30:45,048 [http-nio-8080-exec-1] INFO  o.s.web.servlet.DispatcherServlet 509 - FrameworkServlet 'dispatcherServlet': initialization completed in 47 ms
2019-05-28 14:30:45,448 [http-nio-8080-exec-1] INFO  c.e.lostandfind.aspect.UserAspect 51 - url=http://localhost:8080/getUserInfo;method=GET;ip=0:0:0:0:0:0:0:1;classMethod=com.example.lostandfind.controller.LafController.getUserInfo;time=334ms;
2019-05-28 14:30:45,577 [http-nio-8080-exec-2] INFO  c.e.lostandfind.aspect.UserAspect 51 - url=http://localhost:8080/token;method=GET;ip=0:0:0:0:0:0:0:1;classMethod=com.example.lostandfind.controller.LafController.makeToken;time=3ms;
2019-05-28 14:30:45,633 [http-nio-8080-exec-3] INFO  c.e.lostandfind.aspect.UserAspect 51 - url=http://localhost:8080/openid1/undefined;method=GET;ip=0:0:0:0:0:0:0:1;classMethod=com.example.lostandfind.controller.LafController.checkOpenId1;time=17ms;
2019-05-28 14:30:45,687 [http-nio-8080-exec-4] INFO  c.e.lostandfind.aspect.UserAspect 51 - url=http://localhost:8080/manager/undefined;method=POST;ip=0:0:0:0:0:0:0:1;classMethod=com.example.lostandfind.controller.LafController.doManager;time=7ms;
2019-05-28 14:31:39,024 [http-nio-8080-exec-5] INFO  c.e.lostandfind.aspect.UserAspect 51 - url=http://localhost:8080/getUserInfo;method=GET;ip=0:0:0:0:0:0:0:1;classMethod=com.example.lostandfind.controller.LafController.getUserInfo;time=260ms;
2019-05-28 14:31:39,068 [http-nio-8080-exec-6] INFO  c.e.lostandfind.aspect.UserAspect 51 - url=http://localhost:8080/token;method=GET;ip=0:0:0:0:0:0:0:1;classMethod=com.example.lostandfind.controller.LafController.makeToken;time=6ms;
2019-05-28 14:31:39,113 [http-nio-8080-exec-7] INFO  c.e.lostandfind.aspect.UserAspect 51 - url=http://localhost:8080/openid1/obeOH5FOPJGgnJbfiOPzyyNGFyFg;method=GET;ip=0:0:0:0:0:0:0:1;classMethod=com.example.lostandfind.controller.LafController.checkOpenId1;time=18ms;
2019-05-28 14:31:39,183 [http-nio-8080-exec-8] INFO  c.e.lostandfind.aspect.UserAspect 51 - url=http://localhost:8080/manager/obeOH5FOPJGgnJbfiOPzyyNGFyFg;method=POST;ip=0:0:0:0:0:0:0:1;classMethod=com.example.lostandfind.controller.LafController.doManager;time=2ms;
2019-05-28 14:31:39,660 [http-nio-8080-exec-10] INFO  c.e.lostandfind.aspect.UserAspect 51 - url=http://localhost:8080/getPersonInfo;method=GET;ip=0:0:0:0:0:0:0:1;classMethod=com.example.lostandfind.controller.LafController.getPersonInfo;time=7ms;
2019-05-28 14:31:39,662 [http-nio-8080-exec-1] INFO  c.e.lostandfind.aspect.UserAspect 51 - url=http://localhost:8080/getSystemCount;method=GET;ip=0:0:0:0:0:0:0:1;classMethod=com.example.lostandfind.controller.LafController.getSystemCount;time=1559025099655ms;
2019-05-28 14:31:39,667 [http-nio-8080-exec-9] INFO  c.e.lostandfind.aspect.UserAspect 51 - url=http://localhost:8080/getPersonComment;method=GET;ip=0:0:0:0:0:0:0:1;classMethod=com.example.lostandfind.controller.LafController.getPersonComment;time=12ms;
2019-05-28 14:31:39,716 [http-nio-8080-exec-2] INFO  c.e.lostandfind.aspect.UserAspect 51 - url=http://localhost:8080/getValuable;method=GET;ip=0:0:0:0:0:0:0:1;classMethod=com.example.lostandfind.controller.LafController.getValuale;time=21ms;
2019-05-28 14:31:39,733 [http-nio-8080-exec-3] INFO  c.e.lostandfind.aspect.UserAspect 51 - url=http://localhost:8080/getPushCount;method=GET;ip=0:0:0:0:0:0:0:1;classMethod=com.example.lostandfind.controller.LafController.getPushCount;time=3ms;
2019-05-28 14:31:39,788 [http-nio-8080-exec-4] WARN  o.h.h.i.ast.QueryTranslatorImpl 381 - HHH000104: firstResult/maxResults specified with collection fetch; applying in memory!
2019-05-28 14:31:39,869 [http-nio-8080-exec-4] INFO  c.e.lostandfind.aspect.UserAspect 51 - url=http://localhost:8080/service/info;method=GET;ip=0:0:0:0:0:0:0:1;classMethod=com.example.lostandfind.controller.LafController.searchInfo;time=101ms;
2019-05-28 14:36:32,584 [http-nio-8080-exec-8] INFO  c.e.lostandfind.aspect.UserAspect 51 - url=http://localhost:8080/getUserInfo;method=GET;ip=0:0:0:0:0:0:0:1;classMethod=com.example.lostandfind.controller.LafController.getUserInfo;time=512ms;
2019-05-28 14:36:32,715 [http-nio-8080-exec-1] INFO  c.e.lostandfind.aspect.UserAspect 51 - url=http://localhost:8080/openid1/obeOH5FOPJGgnJbfiOPzyyNGFyFg;method=GET;ip=0:0:0:0:0:0:0:1;classMethod=com.example.lostandfind.controller.LafController.checkOpenId1;time=4ms;
2019-05-28 14:36:32,743 [http-nio-8080-exec-10] INFO  c.e.lostandfind.aspect.UserAspect 51 - url=http://localhost:8080/manager/obeOH5FOPJGgnJbfiOPzyyNGFyFg;method=POST;ip=0:0:0:0:0:0:0:1;classMethod=com.example.lostandfind.controller.LafController.doManager;time=3ms;
2019-05-28 14:36:32,801 [http-nio-8080-exec-9] INFO  c.e.lostandfind.aspect.UserAspect 51 - url=http://localhost:8080/getPersonComment;method=GET;ip=0:0:0:0:0:0:0:1;classMethod=com.example.lostandfind.controller.LafController.getPersonComment;time=6ms;
2019-05-28 14:36:32,807 [http-nio-8080-exec-2] INFO  c.e.lostandfind.aspect.UserAspect 51 - url=http://localhost:8080/getPersonInfo;method=GET;ip=0:0:0:0:0:0:0:1;classMethod=com.example.lostandfind.controller.LafController.getPersonInfo;time=5ms;
2019-05-28 14:36:32,827 [http-nio-8080-exec-3] INFO  c.e.lostandfind.aspect.UserAspect 51 - url=http://localhost:8080/getSystemCount;method=GET;ip=0:0:0:0:0:0:0:1;classMethod=com.example.lostandfind.controller.LafController.getSystemCount;time=3ms;
2019-05-28 14:36:32,831 [http-nio-8080-exec-4] INFO  c.e.lostandfind.aspect.UserAspect 51 - url=http://localhost:8080/getValuable;method=GET;ip=0:0:0:0:0:0:0:1;classMethod=com.example.lostandfind.controller.LafController.getValuale;time=1559025392828ms;
2019-05-28 14:36:32,881 [http-nio-8080-exec-5] INFO  c.e.lostandfind.aspect.UserAspect 51 - url=http://localhost:8080/getPushCount;method=GET;ip=0:0:0:0:0:0:0:1;classMethod=com.example.lostandfind.controller.LafController.getPushCount;time=2ms;
2019-05-28 14:36:32,918 [http-nio-8080-exec-6] WARN  o.h.h.i.ast.QueryTranslatorImpl 381 - HHH000104: firstResult/maxResults specified with collection fetch; applying in memory!
2019-05-28 14:36:32,946 [http-nio-8080-exec-6] INFO  c.e.lostandfind.aspect.UserAspect 51 - url=http://localhost:8080/service/info;method=GET;ip=0:0:0:0:0:0:0:1;classMethod=com.example.lostandfind.controller.LafController.searchInfo;time=33ms;
2019-05-28 14:37:04,924 [http-nio-8080-exec-7] INFO  c.e.lostandfind.aspect.UserAspect 51 - url=http://localhost:8080/getUserInfo;method=GET;ip=0:0:0:0:0:0:0:1;classMethod=com.example.lostandfind.controller.LafController.getUserInfo;time=256ms;
2019-05-28 14:37:04,965 [http-nio-8080-exec-8] INFO  c.e.lostandfind.aspect.UserAspect 51 - url=http://localhost:8080/openid1/obeOH5FOPJGgnJbfiOPzyyNGFyFg;method=GET;ip=0:0:0:0:0:0:0:1;classMethod=com.example.lostandfind.controller.LafController.checkOpenId1;time=2ms;
2019-05-28 14:37:04,994 [http-nio-8080-exec-1] INFO  c.e.lostandfind.aspect.UserAspect 51 - url=http://localhost:8080/manager/obeOH5FOPJGgnJbfiOPzyyNGFyFg;method=POST;ip=0:0:0:0:0:0:0:1;classMethod=com.example.lostandfind.controller.LafController.doManager;time=3ms;
2019-05-28 14:37:05,617 [http-nio-8080-exec-10] INFO  c.e.lostandfind.aspect.UserAspect 51 - url=http://localhost:8080/getPersonComment;method=GET;ip=0:0:0:0:0:0:0:1;classMethod=com.example.lostandfind.controller.LafController.getPersonComment;time=2ms;
2019-05-28 14:37:05,621 [http-nio-8080-exec-9] INFO  c.e.lostandfind.aspect.UserAspect 51 - url=http://localhost:8080/getPersonInfo;method=GET;ip=0:0:0:0:0:0:0:1;classMethod=com.example.lostandfind.controller.LafController.getPersonInfo;time=1559025425619ms;
2019-05-28 14:37:05,640 [http-nio-8080-exec-2] INFO  c.e.lostandfind.aspect.UserAspect 51 - url=http://localhost:8080/getSystemCount;method=GET;ip=0:0:0:0:0:0:0:1;classMethod=com.example.lostandfind.controller.LafController.getSystemCount;time=2ms;
2019-05-28 14:37:05,647 [http-nio-8080-exec-3] INFO  c.e.lostandfind.aspect.UserAspect 51 - url=http://localhost:8080/getValuable;method=GET;ip=0:0:0:0:0:0:0:1;classMethod=com.example.lostandfind.controller.LafController.getValuale;time=1559025425645ms;
2019-05-28 14:37:05,689 [http-nio-8080-exec-4] INFO  c.e.lostandfind.aspect.UserAspect 51 - url=http://localhost:8080/getPushCount;method=GET;ip=0:0:0:0:0:0:0:1;classMethod=com.example.lostandfind.controller.LafController.getPushCount;time=2ms;
2019-05-28 14:37:05,754 [http-nio-8080-exec-5] WARN  o.h.h.i.ast.QueryTranslatorImpl 381 - HHH000104: firstResult/maxResults specified with collection fetch; applying in memory!
2019-05-28 14:37:05,786 [http-nio-8080-exec-5] INFO  c.e.lostandfind.aspect.UserAspect 51 - url=http://localhost:8080/service/info;method=GET;ip=0:0:0:0:0:0:0:1;classMethod=com.example.lostandfind.controller.LafController.searchInfo;time=40ms;
2019-05-28 14:37:29,809 [http-nio-8080-exec-6] INFO  c.e.lostandfind.aspect.UserAspect 51 - url=http://localhost:8080/getUserInfo;method=GET;ip=0:0:0:0:0:0:0:1;classMethod=com.example.lostandfind.controller.LafController.getUserInfo;time=225ms;
2019-05-28 14:37:29,857 [http-nio-8080-exec-7] INFO  c.e.lostandfind.aspect.UserAspect 51 - url=http://localhost:8080/openid1/obeOH5FOPJGgnJbfiOPzyyNGFyFg;method=GET;ip=0:0:0:0:0:0:0:1;classMethod=com.example.lostandfind.controller.LafController.checkOpenId1;time=5ms;
2019-05-28 14:37:29,890 [http-nio-8080-exec-8] INFO  c.e.lostandfind.aspect.UserAspect 51 - url=http://localhost:8080/manager/obeOH5FOPJGgnJbfiOPzyyNGFyFg;method=POST;ip=0:0:0:0:0:0:0:1;classMethod=com.example.lostandfind.controller.LafController.doManager;time=2ms;
2019-05-28 14:37:30,481 [http-nio-8080-exec-1] INFO  c.e.lostandfind.aspect.UserAspect 51 - url=http://localhost:8080/getPersonComment;method=GET;ip=0:0:0:0:0:0:0:1;classMethod=com.example.lostandfind.controller.LafController.getPersonComment;time=4ms;
2019-05-28 14:37:30,482 [http-nio-8080-exec-10] INFO  c.e.lostandfind.aspect.UserAspect 51 - url=http://localhost:8080/getPersonInfo;method=GET;ip=0:0:0:0:0:0:0:1;classMethod=com.example.lostandfind.controller.LafController.getPersonInfo;time=1559025450478ms;
2019-05-28 14:37:30,495 [http-nio-8080-exec-9] INFO  c.e.lostandfind.aspect.UserAspect 51 - url=http://localhost:8080/getSystemCount;method=GET;ip=0:0:0:0:0:0:0:1;classMethod=com.example.lostandfind.controller.LafController.getSystemCount;time=3ms;
2019-05-28 14:37:30,523 [http-nio-8080-exec-2] INFO  c.e.lostandfind.aspect.UserAspect 51 - url=http://localhost:8080/getValuable;method=GET;ip=0:0:0:0:0:0:0:1;classMethod=com.example.lostandfind.controller.LafController.getValuale;time=8ms;
2019-05-28 14:37:30,546 [http-nio-8080-exec-3] INFO  c.e.lostandfind.aspect.UserAspect 51 - url=http://localhost:8080/getPushCount;method=GET;ip=0:0:0:0:0:0:0:1;classMethod=com.example.lostandfind.controller.LafController.getPushCount;time=2ms;
2019-05-28 14:37:30,583 [http-nio-8080-exec-4] WARN  o.h.h.i.ast.QueryTranslatorImpl 381 - HHH000104: firstResult/maxResults specified with collection fetch; applying in memory!
2019-05-28 14:37:30,613 [http-nio-8080-exec-4] INFO  c.e.lostandfind.aspect.UserAspect 51 - url=http://localhost:8080/service/info;method=GET;ip=0:0:0:0:0:0:0:1;classMethod=com.example.lostandfind.controller.LafController.searchInfo;time=36ms;
2019-05-28 14:37:34,467 [http-nio-8080-exec-5] INFO  c.e.lostandfind.aspect.UserAspect 51 - url=http://localhost:8080/getEvaluate;method=GET;ip=0:0:0:0:0:0:0:1;classMethod=com.example.lostandfind.controller.LafController.getEvaluate;time=10ms;
2019-05-28 14:37:53,591 [http-nio-8080-exec-6] INFO  c.e.lostandfind.aspect.UserAspect 51 - url=http://localhost:8080/getUserInfo;method=GET;ip=0:0:0:0:0:0:0:1;classMethod=com.example.lostandfind.controller.LafController.getUserInfo;time=227ms;
2019-05-28 14:37:53,619 [http-nio-8080-exec-7] INFO  c.e.lostandfind.aspect.UserAspect 51 - url=http://localhost:8080/openid1/obeOH5FOPJGgnJbfiOPzyyNGFyFg;method=GET;ip=0:0:0:0:0:0:0:1;classMethod=com.example.lostandfind.controller.LafController.checkOpenId1;time=2ms;
2019-05-28 14:37:53,644 [http-nio-8080-exec-8] INFO  c.e.lostandfind.aspect.UserAspect 51 - url=http://localhost:8080/manager/obeOH5FOPJGgnJbfiOPzyyNGFyFg;method=POST;ip=0:0:0:0:0:0:0:1;classMethod=com.example.lostandfind.controller.LafController.doManager;time=1ms;
2019-05-28 14:37:54,166 [http-nio-8080-exec-9] INFO  c.e.lostandfind.aspect.UserAspect 51 - url=http://localhost:8080/getSystemCount;method=GET;ip=0:0:0:0:0:0:0:1;classMethod=com.example.lostandfind.controller.LafController.getSystemCount;time=2ms;
2019-05-28 14:37:54,171 [http-nio-8080-exec-10] INFO  c.e.lostandfind.aspect.UserAspect 51 - url=http://localhost:8080/getPersonInfo;method=GET;ip=0:0:0:0:0:0:0:1;classMethod=com.example.lostandfind.controller.LafController.getPersonInfo;time=2ms;
2019-05-28 14:37:54,171 [http-nio-8080-exec-1] INFO  c.e.lostandfind.aspect.UserAspect 51 - url=http://localhost:8080/getPersonComment;method=GET;ip=0:0:0:0:0:0:0:1;classMethod=com.example.lostandfind.controller.LafController.getPersonComment;time=1559025474169ms;
2019-05-28 14:37:54,188 [http-nio-8080-exec-2] INFO  c.e.lostandfind.aspect.UserAspect 51 - url=http://localhost:8080/getValuable;method=GET;ip=0:0:0:0:0:0:0:1;classMethod=com.example.lostandfind.controller.LafController.getValuale;time=6ms;
2019-05-28 14:37:54,238 [http-nio-8080-exec-3] INFO  c.e.lostandfind.aspect.UserAspect 51 - url=http://localhost:8080/getPushCount;method=GET;ip=0:0:0:0:0:0:0:1;classMethod=com.example.lostandfind.controller.LafController.getPushCount;time=3ms;
2019-05-28 14:37:54,263 [http-nio-8080-exec-4] WARN  o.h.h.i.ast.QueryTranslatorImpl 381 - HHH000104: firstResult/maxResults specified with collection fetch; applying in memory!
2019-05-28 14:37:54,285 [http-nio-8080-exec-4] INFO  c.e.lostandfind.aspect.UserAspect 51 - url=http://localhost:8080/service/info;method=GET;ip=0:0:0:0:0:0:0:1;classMethod=com.example.lostandfind.controller.LafController.searchInfo;time=28ms;
2019-05-28 14:37:58,591 [http-nio-8080-exec-5] INFO  c.e.lostandfind.aspect.UserAspect 51 - url=http://localhost:8080/getEvaluate;method=GET;ip=0:0:0:0:0:0:0:1;classMethod=com.example.lostandfind.controller.LafController.getEvaluate;time=5ms;
2019-05-28 14:38:00,278 [http-nio-8080-exec-6] INFO  c.e.lostandfind.aspect.UserAspect 51 - url=http://localhost:8080/getThanks;method=GET;ip=0:0:0:0:0:0:0:1;classMethod=com.example.lostandfind.controller.LafController.getThanks;time=9ms;
2019-05-28 15:02:06,970 [Thread-45] INFO  o.s.b.w.s.c.AnnotationConfigServletWebServerApplicationContext 993 - Closing org.springframework.boot.web.servlet.context.AnnotationConfigServletWebServerApplicationContext@d21a74c: startup date [Tue May 28 14:30:16 CST 2019]; root of context hierarchy
2019-05-28 15:02:06,973 [Thread-45] INFO  o.s.c.s.DefaultLifecycleProcessor 366 - Stopping beans in phase 2147483647
2019-05-28 15:02:06,980 [Thread-45] INFO  o.s.j.e.a.AnnotationMBeanExporter 451 - Unregistering JMX-exposed beans on shutdown
2019-05-28 15:02:06,982 [Thread-45] INFO  o.s.j.e.a.AnnotationMBeanExporter 185 - Unregistering JMX-exposed beans
2019-05-28 15:02:08,118 [Thread-45] INFO  o.s.o.j.LocalContainerEntityManagerFactoryBean 597 - Closing JPA EntityManagerFactory for persistence unit 'default'
2019-05-28 15:02:08,120 [Thread-45] INFO  com.zaxxer.hikari.HikariDataSource 381 - HikariPool-1 - Shutdown initiated...
2019-05-28 15:02:08,125 [Thread-45] INFO  com.zaxxer.hikari.HikariDataSource 383 - HikariPool-1 - Shutdown completed.
