2019-02-01 17:23:54,652 [main] INFO  c.e.l.LostandfindApplication 50 - Starting LostandfindApplication on zhangcongdeMacBook-Air.local with PID 39772 (/Users/zhangcong/IdeaProjects/lostandfind/target/classes started by zhangcong in /Users/zhangcong/IdeaProjects/lostandfind)
2019-02-01 17:23:54,675 [main] INFO  c.e.l.LostandfindApplication 662 - No active profile set, falling back to default profiles: default
2019-02-01 17:23:54,869 [main] INFO  o.s.b.w.s.c.AnnotationConfigServletWebServerApplicationContext 590 - Refreshing org.springframework.boot.web.servlet.context.AnnotationConfigServletWebServerApplicationContext@399c4be1: startup date [Fri Feb 01 17:23:54 CST 2019]; root of context hierarchy
2019-02-01 17:23:57,111 [main] INFO  o.s.d.r.c.RepositoryConfigurationDelegate 163 - Multiple Spring Data modules found, entering strict repository configuration mode!
2019-02-01 17:23:57,294 [main] INFO  o.s.d.r.c.RepositoryConfigurationDelegate 163 - Multiple Spring Data modules found, entering strict repository configuration mode!
2019-02-01 17:23:57,359 [main] INFO  o.s.d.r.c.RepositoryConfigurationExtensionSupport 297 - Spring Data Redis - Could not safely identify store assignment for repository candidate interface com.example.lostandfind.repository.CommentRespository.
2019-02-01 17:23:57,364 [main] INFO  o.s.d.r.c.RepositoryConfigurationExtensionSupport 297 - Spring Data Redis - Could not safely identify store assignment for repository candidate interface com.example.lostandfind.repository.CommentViewRespository.
2019-02-01 17:23:57,365 [main] INFO  o.s.d.r.c.RepositoryConfigurationExtensionSupport 297 - Spring Data Redis - Could not safely identify store assignment for repository candidate interface com.example.lostandfind.repository.EvaluateRespository.
2019-02-01 17:23:57,366 [main] INFO  o.s.d.r.c.RepositoryConfigurationExtensionSupport 297 - Spring Data Redis - Could not safely identify store assignment for repository candidate interface com.example.lostandfind.repository.FinishRespository.
2019-02-01 17:23:57,367 [main] INFO  o.s.d.r.c.RepositoryConfigurationExtensionSupport 297 - Spring Data Redis - Could not safely identify store assignment for repository candidate interface com.example.lostandfind.repository.HistoryRepository.
2019-02-01 17:23:57,370 [main] INFO  o.s.d.r.c.RepositoryConfigurationExtensionSupport 297 - Spring Data Redis - Could not safely identify store assignment for repository candidate interface com.example.lostandfind.repository.InfoRepository.
2019-02-01 17:23:57,371 [main] INFO  o.s.d.r.c.RepositoryConfigurationExtensionSupport 297 - Spring Data Redis - Could not safely identify store assignment for repository candidate interface com.example.lostandfind.repository.InfoViewRepository.
2019-02-01 17:23:57,373 [main] INFO  o.s.d.r.c.RepositoryConfigurationExtensionSupport 297 - Spring Data Redis - Could not safely identify store assignment for repository candidate interface com.example.lostandfind.repository.ManageRepository.
2019-02-01 17:23:57,374 [main] INFO  o.s.d.r.c.RepositoryConfigurationExtensionSupport 297 - Spring Data Redis - Could not safely identify store assignment for repository candidate interface com.example.lostandfind.repository.PersonInfoRespository.
2019-02-01 17:23:57,375 [main] INFO  o.s.d.r.c.RepositoryConfigurationExtensionSupport 297 - Spring Data Redis - Could not safely identify store assignment for repository candidate interface com.example.lostandfind.repository.SuggestRepository.
2019-02-01 17:23:57,376 [main] INFO  o.s.d.r.c.RepositoryConfigurationExtensionSupport 297 - Spring Data Redis - Could not safely identify store assignment for repository candidate interface com.example.lostandfind.repository.UserRepository.
2019-02-01 17:23:58,362 [main] INFO  o.s.c.s.PostProcessorRegistrationDelegate$BeanPostProcessorChecker 326 - Bean 'org.springframework.transaction.annotation.ProxyTransactionManagementConfiguration' of type [org.springframework.transaction.annotation.ProxyTransactionManagementConfiguration$$EnhancerBySpringCGLIB$$a60a2caa] is not eligible for getting processed by all BeanPostProcessors (for example: not eligible for auto-proxying)
2019-02-01 17:23:58,613 [main] INFO  o.s.c.s.PostProcessorRegistrationDelegate$BeanPostProcessorChecker 326 - Bean 'redisConfig' of type [com.example.lostandfind.redis.RedisConfig$$EnhancerBySpringCGLIB$$205dbf46] is not eligible for getting processed by all BeanPostProcessors (for example: not eligible for auto-proxying)
2019-02-01 17:23:59,495 [main] INFO  o.s.b.w.e.tomcat.TomcatWebServer 91 - Tomcat initialized with port(s): 8080 (http)
2019-02-01 17:23:59,525 [main] INFO  o.a.coyote.http11.Http11NioProtocol 180 - Initializing ProtocolHandler ["http-nio-8080"]
2019-02-01 17:23:59,543 [main] INFO  o.a.catalina.core.StandardService 180 - Starting service [Tomcat]
2019-02-01 17:23:59,543 [main] INFO  o.a.catalina.core.StandardEngine 180 - Starting Servlet Engine: Apache Tomcat/8.5.32
2019-02-01 17:23:59,548 [localhost-startStop-1] INFO  o.a.c.core.AprLifecycleListener 180 - The APR based Apache Tomcat Native library which allows optimal performance in production environments was not found on the java.library.path: [/Users/zhangcong/Library/Java/Extensions:/Library/Java/Extensions:/Network/Library/Java/Extensions:/System/Library/Java/Extensions:/usr/lib/java:.]
2019-02-01 17:24:00,004 [localhost-startStop-1] INFO  o.a.c.c.C.[Tomcat].[localhost].[/] 180 - Initializing Spring embedded WebApplicationContext
2019-02-01 17:24:00,005 [localhost-startStop-1] INFO  o.s.web.context.ContextLoader 285 - Root WebApplicationContext: initialization completed in 5136 ms
2019-02-01 17:24:00,129 [localhost-startStop-1] INFO  o.s.b.w.s.ServletRegistrationBean 187 - Servlet dispatcherServlet mapped to [/]
2019-02-01 17:24:00,143 [localhost-startStop-1] INFO  o.s.b.w.s.FilterRegistrationBean 245 - Mapping filter: 'characterEncodingFilter' to: [/*]
2019-02-01 17:24:00,144 [localhost-startStop-1] INFO  o.s.b.w.s.FilterRegistrationBean 245 - Mapping filter: 'hiddenHttpMethodFilter' to: [/*]
2019-02-01 17:24:00,144 [localhost-startStop-1] INFO  o.s.b.w.s.FilterRegistrationBean 245 - Mapping filter: 'httpPutFormContentFilter' to: [/*]
2019-02-01 17:24:00,144 [localhost-startStop-1] INFO  o.s.b.w.s.FilterRegistrationBean 245 - Mapping filter: 'requestContextFilter' to: [/*]
2019-02-01 17:24:00,493 [main] INFO  com.zaxxer.hikari.HikariDataSource 110 - HikariPool-1 - Starting...
2019-02-01 17:24:00,826 [main] INFO  com.zaxxer.hikari.HikariDataSource 123 - HikariPool-1 - Start completed.
2019-02-01 17:24:00,900 [main] INFO  o.s.o.j.LocalContainerEntityManagerFactoryBean 361 - Building JPA container EntityManagerFactory for persistence unit 'default'
2019-02-01 17:24:00,925 [main] INFO  o.h.jpa.internal.util.LogHelper 31 - HHH000204: Processing PersistenceUnitInfo [
	name: default
	...]
2019-02-01 17:24:01,139 [main] INFO  org.hibernate.Version 45 - HHH000412: Hibernate Core {5.2.17.Final}
2019-02-01 17:24:01,144 [main] INFO  org.hibernate.cfg.Environment 213 - HHH000206: hibernate.properties not found
2019-02-01 17:24:01,258 [main] INFO  o.h.annotations.common.Version 66 - HCANN000001: Hibernate Commons Annotations {5.0.1.Final}
2019-02-01 17:24:01,584 [main] INFO  org.hibernate.dialect.Dialect 157 - HHH000400: Using dialect: org.hibernate.dialect.MySQL5Dialect
2019-02-01 17:24:03,017 [main] INFO  o.h.h.i.QueryTranslatorFactoryInitiator 47 - HHH000397: Using ASTQueryTranslatorFactory
2019-02-01 17:24:03,220 [main] INFO  o.s.o.j.LocalContainerEntityManagerFactoryBean 415 - Initialized JPA EntityManagerFactory for persistence unit 'default'
2019-02-01 17:24:05,677 [main] INFO  o.s.w.s.h.SimpleUrlHandlerMapping 373 - Mapped URL path [/**/favicon.ico] onto handler of type [class org.springframework.web.servlet.resource.ResourceHttpRequestHandler]
2019-02-01 17:24:06,458 [main] INFO  o.s.w.s.m.m.a.RequestMappingHandlerAdapter 574 - Looking for @ControllerAdvice: org.springframework.boot.web.servlet.context.AnnotationConfigServletWebServerApplicationContext@399c4be1: startup date [Fri Feb 01 17:23:54 CST 2019]; root of context hierarchy
2019-02-01 17:24:06,537 [main] WARN  o.s.b.a.o.j.JpaBaseConfiguration$JpaWebConfiguration$JpaWebMvcConfiguration 235 - spring.jpa.open-in-view is enabled by default. Therefore, database queries may be performed during view rendering. Explicitly configure spring.jpa.open-in-view to disable this warning
2019-02-01 17:24:06,603 [main] INFO  o.s.w.s.m.m.a.RequestMappingHandlerMapping 547 - Mapped "{[/identity],methods=[GET]}" onto public java.lang.Object com.example.lostandfind.controller.LafController.decode(java.lang.String,java.lang.String,java.lang.String)
2019-02-01 17:24:06,604 [main] INFO  o.s.w.s.m.m.a.RequestMappingHandlerMapping 547 - Mapped "{[/getValue]}" onto public java.util.List<com.example.lostandfind.mysql.InfoMysql> com.example.lostandfind.controller.LafController.getValue()
2019-02-01 17:24:06,605 [main] INFO  o.s.w.s.m.m.a.RequestMappingHandlerMapping 547 - Mapped "{[/setValue]}" onto public java.lang.String com.example.lostandfind.controller.LafController.setValue()
2019-02-01 17:24:06,606 [main] INFO  o.s.w.s.m.m.a.RequestMappingHandlerMapping 547 - Mapped "{[/getUserInfo],methods=[GET]}" onto public java.lang.Object com.example.lostandfind.controller.LafController.getUserInfo(java.lang.String)
2019-02-01 17:24:06,606 [main] INFO  o.s.w.s.m.m.a.RequestMappingHandlerMapping 547 - Mapped "{[/getComment],methods=[GET]}" onto public java.util.List<com.example.lostandfind.view.CommentView> com.example.lostandfind.controller.LafController.getComment(java.lang.Integer)
2019-02-01 17:24:06,607 [main] INFO  o.s.w.s.m.m.a.RequestMappingHandlerMapping 547 - Mapped "{[/manager],methods=[GET]}" onto public com.github.pagehelper.Page<com.example.lostandfind.mysql.ManagerMysql> com.example.lostandfind.controller.LafController.getManager()
2019-02-01 17:24:06,607 [main] INFO  o.s.w.s.m.m.a.RequestMappingHandlerMapping 547 - Mapped "{[/getPersonInfo],methods=[GET]}" onto public com.example.lostandfind.mysql.PersonInfoMysql com.example.lostandfind.controller.LafController.getPersonInfo(java.lang.String)
2019-02-01 17:24:06,608 [main] INFO  o.s.w.s.m.m.a.RequestMappingHandlerMapping 547 - Mapped "{[/writeEvaluate/{id}/{openid}/{level}],methods=[POST]}" onto public com.example.lostandfind.mysql.EvaluateMysql com.example.lostandfind.controller.LafController.writeEvaluate(java.lang.Integer,java.lang.String,java.lang.Integer)
2019-02-01 17:24:06,608 [main] INFO  o.s.w.s.m.m.a.RequestMappingHandlerMapping 547 - Mapped "{[/getEvaluate],methods=[GET]}" onto public com.example.lostandfind.mysql.EvaluateMysql com.example.lostandfind.controller.LafController.getEvaluate(java.lang.String)
2019-02-01 17:24:06,609 [main] INFO  o.s.w.s.m.m.a.RequestMappingHandlerMapping 547 - Mapped "{[/getInfoView],methods=[GET]}" onto public java.util.List<com.example.lostandfind.view.InfoView> com.example.lostandfind.controller.LafController.getInfoView()
2019-02-01 17:24:06,609 [main] INFO  o.s.w.s.m.m.a.RequestMappingHandlerMapping 547 - Mapped "{[/getPersonComment],methods=[GET]}" onto public com.alibaba.fastjson.JSONObject com.example.lostandfind.controller.LafController.getPersonComment(java.lang.String)
2019-02-01 17:24:06,610 [main] INFO  o.s.w.s.m.m.a.RequestMappingHandlerMapping 547 - Mapped "{[/writeComment],methods=[POST]}" onto public com.example.lostandfind.mysql.CommentMysql com.example.lostandfind.controller.LafController.writeComment(com.example.lostandfind.mysql.CommentMysql)
2019-02-01 17:24:06,610 [main] INFO  o.s.w.s.m.m.a.RequestMappingHandlerMapping 547 - Mapped "{[/deleteComment/{id}],methods=[DELETE]}" onto public void com.example.lostandfind.controller.LafController.deleteComment(java.lang.Integer)
2019-02-01 17:24:06,611 [main] INFO  o.s.w.s.m.m.a.RequestMappingHandlerMapping 547 - Mapped "{[/changePersonComment/{openid}/{num}/{kind}],methods=[POST]}" onto public void com.example.lostandfind.controller.LafController.changePersonComment(java.lang.String,int,int)
2019-02-01 17:24:06,611 [main] INFO  o.s.w.s.m.m.a.RequestMappingHandlerMapping 547 - Mapped "{[/search/detele/{openid}],methods=[DELETE]}" onto public com.example.lostandfind.mysql.HistoryMysql com.example.lostandfind.controller.LafController.doDelete(java.lang.String)
2019-02-01 17:24:06,612 [main] INFO  o.s.w.s.m.m.a.RequestMappingHandlerMapping 547 - Mapped "{[/user],methods=[POST]}" onto public com.example.lostandfind.domain.Result com.example.lostandfind.controller.LafController.addUser(com.example.lostandfind.mysql.UserMysql)
2019-02-01 17:24:06,613 [main] INFO  o.s.w.s.m.m.a.RequestMappingHandlerMapping 547 - Mapped "{[/User],methods=[POST]}" onto public com.example.lostandfind.domain.Result com.example.lostandfind.controller.LafController.addUser(com.example.lostandfind.mysql.UserMysql,org.springframework.validation.BindingResult)
2019-02-01 17:24:06,614 [main] INFO  o.s.w.s.m.m.a.RequestMappingHandlerMapping 547 - Mapped "{[/User],methods=[GET]}" onto public java.util.List<com.example.lostandfind.mysql.UserMysql> com.example.lostandfind.controller.LafController.UserList()
2019-02-01 17:24:06,614 [main] INFO  o.s.w.s.m.m.a.RequestMappingHandlerMapping 547 - Mapped "{[/openid/{openid}],methods=[GET]}" onto public boolean com.example.lostandfind.controller.LafController.checkOpenId(java.lang.String)
2019-02-01 17:24:06,615 [main] INFO  o.s.w.s.m.m.a.RequestMappingHandlerMapping 547 - Mapped "{[/openid1/{openid}],methods=[GET]}" onto public java.util.List<com.example.lostandfind.mysql.UserMysql> com.example.lostandfind.controller.LafController.checkOpenId1(java.lang.String)
2019-02-01 17:24:06,616 [main] INFO  o.s.w.s.m.m.a.RequestMappingHandlerMapping 547 - Mapped "{[/valuable],methods=[GET]}" onto public java.util.List<com.example.lostandfind.mysql.InfoMysql> com.example.lostandfind.controller.LafController.searchValuableInfo(boolean)
2019-02-01 17:24:06,616 [main] INFO  o.s.w.s.m.m.a.RequestMappingHandlerMapping 547 - Mapped "{[/service/info],methods=[GET]}" onto public java.util.List<com.example.lostandfind.mysql.InfoMysql> com.example.lostandfind.controller.LafController.searchInfo(boolean,int)
2019-02-01 17:24:06,617 [main] INFO  o.s.w.s.m.m.a.RequestMappingHandlerMapping 547 - Mapped "{[/msg],methods=[POST]}" onto public com.example.lostandfind.domain.Result com.example.lostandfind.controller.LafController.addMsg(com.example.lostandfind.mysql.InfoMysql) throws java.lang.Exception
2019-02-01 17:24:06,617 [main] INFO  o.s.w.s.m.m.a.RequestMappingHandlerMapping 547 - Mapped "{[/msg],methods=[GET]}" onto public java.util.List<com.example.lostandfind.mysql.InfoMysql> com.example.lostandfind.controller.LafController.msgList()
2019-02-01 17:24:06,618 [main] INFO  o.s.w.s.m.m.a.RequestMappingHandlerMapping 547 - Mapped "{[/uploadImage],methods=[POST]}" onto public java.lang.Object com.example.lostandfind.controller.LafController.uploadPicture(org.springframework.web.multipart.MultipartFile,int,int,java.lang.String,java.lang.String) throws java.lang.Exception
2019-02-01 17:24:06,619 [main] INFO  o.s.w.s.m.m.a.RequestMappingHandlerMapping 547 - Mapped "{[/confirm/{id}],methods=[PUT]}" onto public com.example.lostandfind.mysql.InfoMysql com.example.lostandfind.controller.LafController.doConfirm(java.lang.Integer,com.example.lostandfind.service.ConfirmService)
2019-02-01 17:24:06,620 [main] INFO  o.s.w.s.m.m.a.RequestMappingHandlerMapping 547 - Mapped "{[/manager/{openid}],methods=[POST]}" onto public java.lang.Boolean com.example.lostandfind.controller.LafController.doManager(java.lang.String)
2019-02-01 17:24:06,620 [main] INFO  o.s.w.s.m.m.a.RequestMappingHandlerMapping 547 - Mapped "{[/check/{id}],methods=[PUT]}" onto public java.lang.String com.example.lostandfind.controller.LafController.doCheck(java.lang.Integer,com.example.lostandfind.service.ConfirmService)
2019-02-01 17:24:06,621 [main] INFO  o.s.w.s.m.m.a.RequestMappingHandlerMapping 547 - Mapped "{[/finish/{id}],methods=[DELETE]}" onto public java.lang.String com.example.lostandfind.controller.LafController.doFinish(java.lang.Integer)
2019-02-01 17:24:06,621 [main] INFO  o.s.w.s.m.m.a.RequestMappingHandlerMapping 547 - Mapped "{[/search/{index}/{string}/{count}],methods=[GET]}" onto public java.util.List<com.example.lostandfind.mysql.InfoMysql> com.example.lostandfind.controller.LafController.doSearch(java.lang.String,java.lang.Integer,java.lang.Integer) throws java.lang.Exception
2019-02-01 17:24:06,622 [main] INFO  o.s.w.s.m.m.a.RequestMappingHandlerMapping 547 - Mapped "{[/search/history],methods=[PUT]}" onto public com.example.lostandfind.mysql.HistoryMysql com.example.lostandfind.controller.LafController.doAddHistory(com.example.lostandfind.mysql.HistoryMysql)
2019-02-01 17:24:06,622 [main] INFO  o.s.w.s.m.m.a.RequestMappingHandlerMapping 547 - Mapped "{[/search/history/{openid}],methods=[GET]}" onto public com.example.lostandfind.mysql.HistoryMysql com.example.lostandfind.controller.LafController.doSearchHistory(java.lang.String)
2019-02-01 17:24:06,623 [main] INFO  o.s.w.s.m.m.a.RequestMappingHandlerMapping 547 - Mapped "{[/search/eye],methods=[PUT]}" onto public com.example.lostandfind.mysql.HistoryMysql com.example.lostandfind.controller.LafController.doaChangeEye(com.example.lostandfind.mysql.HistoryMysql)
2019-02-01 17:24:06,624 [main] INFO  o.s.w.s.m.m.a.RequestMappingHandlerMapping 547 - Mapped "{[/token],methods=[GET]}" onto public com.example.lostandfind.service.TokenService com.example.lostandfind.controller.LafController.makeToken(javax.servlet.http.HttpServletRequest)
2019-02-01 17:24:06,624 [main] INFO  o.s.w.s.m.m.a.RequestMappingHandlerMapping 547 - Mapped "{[/suggestion],methods=[POST]}" onto public com.example.lostandfind.mysql.SuggestMysql com.example.lostandfind.controller.LafController.WriteSuggestion(com.example.lostandfind.mysql.SuggestMysql)
2019-02-01 17:24:06,625 [main] INFO  o.s.w.s.m.m.a.RequestMappingHandlerMapping 547 - Mapped "{[/suggestion],methods=[GET]}" onto public java.util.List<com.example.lostandfind.mysql.SuggestMysql> com.example.lostandfind.controller.LafController.GetSuggestion()
2019-02-01 17:24:06,625 [main] INFO  o.s.w.s.m.m.a.RequestMappingHandlerMapping 547 - Mapped "{[/get_access_token],methods=[GET]}" onto public java.lang.Object com.example.lostandfind.controller.LafController.getAccessToken()
2019-02-01 17:24:06,626 [main] INFO  o.s.w.s.m.m.a.RequestMappingHandlerMapping 547 - Mapped "{[/sendTemplateInfo],methods=[GET]}" onto public java.lang.Object com.example.lostandfind.controller.LafController.sendTemplateInfo(java.lang.String,java.lang.String,java.lang.String,java.lang.String,java.lang.String,java.lang.String,int)
2019-02-01 17:24:06,626 [main] INFO  o.s.w.s.m.m.a.RequestMappingHandlerMapping 547 - Mapped "{[/aboutMeNot],methods=[GET]}" onto public java.util.List<com.example.lostandfind.mysql.InfoMysql> com.example.lostandfind.controller.LafController.getNotFinish(java.lang.String)
2019-02-01 17:24:06,627 [main] INFO  o.s.w.s.m.m.a.RequestMappingHandlerMapping 547 - Mapped "{[/aboutMeHas],methods=[GET]}" onto public java.util.List<com.example.lostandfind.mysql.FinishMysql> com.example.lostandfind.controller.LafController.getHasFinish(java.lang.String)
2019-02-01 17:24:06,627 [main] INFO  o.s.w.s.m.m.a.RequestMappingHandlerMapping 547 - Mapped "{[/Card],methods=[GET]}" onto public com.example.lostandfind.mysql.InfoMysql com.example.lostandfind.controller.LafController.getCardInfo(java.lang.String)
2019-02-01 17:24:06,628 [main] INFO  o.s.w.s.m.m.a.RequestMappingHandlerMapping 547 - Mapped "{[/deleteValue]}" onto public void com.example.lostandfind.controller.LafController.deleteValue()
2019-02-01 17:24:06,628 [main] INFO  o.s.w.s.m.m.a.RequestMappingHandlerMapping 547 - Mapped "{[/writePersonInfo],methods=[POST]}" onto public com.example.lostandfind.mysql.PersonInfoMysql com.example.lostandfind.controller.LafController.writePersonInfo(com.example.lostandfind.mysql.PersonInfoMysql)
2019-02-01 17:24:06,632 [main] INFO  o.s.w.s.m.m.a.RequestMappingHandlerMapping 547 - Mapped "{[/error]}" onto public org.springframework.http.ResponseEntity<java.util.Map<java.lang.String, java.lang.Object>> org.springframework.boot.autoconfigure.web.servlet.error.BasicErrorController.error(javax.servlet.http.HttpServletRequest)
2019-02-01 17:24:06,633 [main] INFO  o.s.w.s.m.m.a.RequestMappingHandlerMapping 547 - Mapped "{[/error],produces=[text/html]}" onto public org.springframework.web.servlet.ModelAndView org.springframework.boot.autoconfigure.web.servlet.error.BasicErrorController.errorHtml(javax.servlet.http.HttpServletRequest,javax.servlet.http.HttpServletResponse)
2019-02-01 17:24:06,688 [main] INFO  o.s.w.s.h.SimpleUrlHandlerMapping 373 - Mapped URL path [/webjars/**] onto handler of type [class org.springframework.web.servlet.resource.ResourceHttpRequestHandler]
2019-02-01 17:24:06,690 [main] INFO  o.s.w.s.h.SimpleUrlHandlerMapping 373 - Mapped URL path [/**] onto handler of type [class org.springframework.web.servlet.resource.ResourceHttpRequestHandler]
2019-02-01 17:24:07,422 [main] INFO  o.s.j.e.a.AnnotationMBeanExporter 433 - Registering beans for JMX exposure on startup
2019-02-01 17:24:07,425 [main] INFO  o.s.j.e.a.AnnotationMBeanExporter 895 - Bean with name 'dataSource' has been autodetected for JMX exposure
2019-02-01 17:24:07,435 [main] INFO  o.s.j.e.a.AnnotationMBeanExporter 668 - Located MBean 'dataSource': registering with JMX server as MBean [com.zaxxer.hikari:name=dataSource,type=HikariDataSource]
2019-02-01 17:24:07,443 [main] INFO  o.s.c.s.DefaultLifecycleProcessor 351 - Starting beans in phase 2147483647
2019-02-01 17:24:07,615 [container-1] INFO  io.lettuce.core.EpollProvider 101 - Starting without optional epoll library
2019-02-01 17:24:07,617 [container-1] INFO  io.lettuce.core.KqueueProvider 101 - Starting without optional kqueue library
2019-02-01 17:24:07,990 [main] INFO  o.s.s.a.ScheduledAnnotationBeanPostProcessor 275 - No TaskScheduler/ScheduledExecutorService bean found for scheduled processing
2019-02-01 17:24:08,004 [main] INFO  o.a.coyote.http11.Http11NioProtocol 180 - Starting ProtocolHandler ["http-nio-8080"]
2019-02-01 17:24:08,012 [main] INFO  o.a.tomcat.util.net.NioSelectorPool 180 - Using a shared selector for servlet write/read
2019-02-01 17:24:08,045 [main] INFO  o.s.b.w.e.tomcat.TomcatWebServer 206 - Tomcat started on port(s): 8080 (http) with context path ''
2019-02-01 17:24:08,053 [main] INFO  c.e.l.LostandfindApplication 59 - Started LostandfindApplication in 15.534 seconds (JVM running for 18.09)
2019-02-01 17:24:26,994 [http-nio-8080-exec-1] INFO  o.a.c.c.C.[Tomcat].[localhost].[/] 180 - Initializing Spring FrameworkServlet 'dispatcherServlet'
2019-02-01 17:24:26,996 [http-nio-8080-exec-1] INFO  o.s.web.servlet.DispatcherServlet 494 - FrameworkServlet 'dispatcherServlet': initialization started
2019-02-01 17:24:27,070 [http-nio-8080-exec-1] INFO  o.s.web.servlet.DispatcherServlet 509 - FrameworkServlet 'dispatcherServlet': initialization completed in 73 ms
2019-02-01 17:24:31,618 [http-nio-8080-exec-3] INFO  c.e.lostandfind.aspect.UserAspect 51 - url=http://localhost:8080/token;method=GET;ip=0:0:0:0:0:0:0:1;classMethod=com.example.lostandfind.controller.LafController.makeToken;time=37ms;
2019-02-01 17:24:33,384 [http-nio-8080-exec-4] INFO  c.e.lostandfind.aspect.UserAspect 51 - url=http://localhost:8080/getUserInfo;method=GET;ip=0:0:0:0:0:0:0:1;classMethod=com.example.lostandfind.controller.LafController.getUserInfo;time=1682ms;
2019-02-01 17:24:33,474 [http-nio-8080-exec-5] INFO  c.e.lostandfind.aspect.UserAspect 51 - url=http://localhost:8080/manager/oCQY3418OXiAziUyF2pBHNkTdbKY;method=POST;ip=0:0:0:0:0:0:0:1;classMethod=com.example.lostandfind.controller.LafController.doManager;time=52ms;
2019-02-01 17:24:33,562 [http-nio-8080-exec-6] INFO  c.e.lostandfind.aspect.UserAspect 51 - url=http://localhost:8080/getPersonComment;method=GET;ip=0:0:0:0:0:0:0:1;classMethod=com.example.lostandfind.controller.LafController.getPersonComment;time=49ms;
2019-02-01 17:24:33,613 [http-nio-8080-exec-7] INFO  c.e.lostandfind.aspect.UserAspect 51 - url=http://localhost:8080/getPersonInfo;method=GET;ip=0:0:0:0:0:0:0:1;classMethod=com.example.lostandfind.controller.LafController.getPersonInfo;time=3ms;
2019-02-01 17:24:33,620 [http-nio-8080-exec-9] INFO  c.e.lostandfind.aspect.UserAspect 51 - url=http://localhost:8080/getEvaluate;method=GET;ip=0:0:0:0:0:0:0:1;classMethod=com.example.lostandfind.controller.LafController.getEvaluate;time=1549013073616ms;
2019-02-01 17:24:33,723 [http-nio-8080-exec-8] INFO  c.e.lostandfind.aspect.UserAspect 51 - url=http://localhost:8080/service/info;method=GET;ip=0:0:0:0:0:0:0:1;classMethod=com.example.lostandfind.controller.LafController.searchInfo;time=107ms;
2019-02-01 17:24:35,850 [http-nio-8080-exec-10] INFO  c.e.lostandfind.aspect.UserAspect 51 - url=http://localhost:8080/service/info;method=GET;ip=0:0:0:0:0:0:0:1;classMethod=com.example.lostandfind.controller.LafController.searchInfo;time=19ms;
2019-02-01 17:24:50,881 [http-nio-8080-exec-1] INFO  c.e.lostandfind.aspect.UserAspect 51 - url=http://localhost:8080/getComment;method=GET;ip=0:0:0:0:0:0:0:1;classMethod=com.example.lostandfind.controller.LafController.getComment;time=3ms;
2019-02-01 17:24:50,949 [http-nio-8080-exec-2] INFO  c.e.lostandfind.aspect.UserAspect 51 - url=http://localhost:8080/confirm/58;method=PUT;ip=0:0:0:0:0:0:0:1;classMethod=com.example.lostandfind.controller.LafController.doConfirm;time=1549013090946ms;
2019-02-01 17:26:50,514 [http-nio-8080-exec-9] INFO  c.e.lostandfind.aspect.UserAspect 51 - url=http://localhost:8080/token;method=GET;ip=0:0:0:0:0:0:0:1;classMethod=com.example.lostandfind.controller.LafController.makeToken;time=1ms;
2019-02-01 17:26:51,369 [http-nio-8080-exec-8] INFO  c.e.lostandfind.aspect.UserAspect 51 - url=http://localhost:8080/getUserInfo;method=GET;ip=0:0:0:0:0:0:0:1;classMethod=com.example.lostandfind.controller.LafController.getUserInfo;time=822ms;
2019-02-01 17:26:51,412 [http-nio-8080-exec-6] INFO  c.e.lostandfind.aspect.UserAspect 51 - url=http://localhost:8080/manager/oCQY3418OXiAziUyF2pBHNkTdbKY;method=POST;ip=0:0:0:0:0:0:0:1;classMethod=com.example.lostandfind.controller.LafController.doManager;time=5ms;
2019-02-01 17:26:51,456 [http-nio-8080-exec-10] INFO  c.e.lostandfind.aspect.UserAspect 51 - url=http://localhost:8080/getPersonInfo;method=GET;ip=0:0:0:0:0:0:0:1;classMethod=com.example.lostandfind.controller.LafController.getPersonInfo;time=5ms;
2019-02-01 17:26:51,462 [http-nio-8080-exec-1] INFO  c.e.lostandfind.aspect.UserAspect 51 - url=http://localhost:8080/getEvaluate;method=GET;ip=0:0:0:0:0:0:0:1;classMethod=com.example.lostandfind.controller.LafController.getEvaluate;time=6ms;
2019-02-01 17:26:51,485 [http-nio-8080-exec-2] INFO  c.e.lostandfind.aspect.UserAspect 51 - url=http://localhost:8080/service/info;method=GET;ip=0:0:0:0:0:0:0:1;classMethod=com.example.lostandfind.controller.LafController.searchInfo;time=4ms;
2019-02-01 17:26:51,500 [http-nio-8080-exec-3] INFO  c.e.lostandfind.aspect.UserAspect 51 - url=http://localhost:8080/getPersonComment;method=GET;ip=0:0:0:0:0:0:0:1;classMethod=com.example.lostandfind.controller.LafController.getPersonComment;time=9ms;
2019-02-01 17:26:54,564 [http-nio-8080-exec-4] INFO  c.e.lostandfind.aspect.UserAspect 51 - url=http://localhost:8080/service/info;method=GET;ip=0:0:0:0:0:0:0:1;classMethod=com.example.lostandfind.controller.LafController.searchInfo;time=10ms;
2019-02-01 17:27:12,533 [http-nio-8080-exec-5] INFO  c.e.lostandfind.aspect.UserAspect 51 - url=http://localhost:8080/getPersonComment;method=GET;ip=0:0:0:0:0:0:0:1;classMethod=com.example.lostandfind.controller.LafController.getPersonComment;time=10ms;
2019-02-01 19:39:18,489 [HikariPool-1 housekeeper] WARN  com.zaxxer.hikari.pool.HikariPool 758 - HikariPool-1 - Thread starvation or clock leap detected (housekeeper delta=1h35m47s101ms).
2019-02-01 19:54:38,546 [HikariPool-1 housekeeper] WARN  com.zaxxer.hikari.pool.HikariPool 750 - HikariPool-1 - Retrograde clock change detected (housekeeper delta=19s656ms), soft-evicting connections from pool.
2019-02-01 23:21:23,407 [Thread-33] INFO  o.s.b.w.s.c.AnnotationConfigServletWebServerApplicationContext 993 - Closing org.springframework.boot.web.servlet.context.AnnotationConfigServletWebServerApplicationContext@399c4be1: startup date [Fri Feb 01 17:23:54 CST 2019]; root of context hierarchy
2019-02-01 23:21:23,452 [Thread-33] INFO  o.s.c.s.DefaultLifecycleProcessor 366 - Stopping beans in phase 2147483647
2019-02-01 23:21:23,490 [Thread-33] INFO  o.s.j.e.a.AnnotationMBeanExporter 451 - Unregistering JMX-exposed beans on shutdown
2019-02-01 23:21:23,494 [Thread-33] INFO  o.s.j.e.a.AnnotationMBeanExporter 185 - Unregistering JMX-exposed beans
2019-02-01 23:21:24,655 [Thread-33] INFO  o.s.o.j.LocalContainerEntityManagerFactoryBean 597 - Closing JPA EntityManagerFactory for persistence unit 'default'
2019-02-01 23:21:24,660 [Thread-33] INFO  com.zaxxer.hikari.HikariDataSource 381 - HikariPool-1 - Shutdown initiated...
2019-02-01 23:21:24,670 [Thread-33] INFO  com.zaxxer.hikari.HikariDataSource 383 - HikariPool-1 - Shutdown completed.
