2019-06-11 22:11:46,612 [main] INFO  c.e.l.LostandfindApplication 50 - Starting LostandfindApplication on zhangbingdeMacBook-Air.local with PID 5452 (/Users/zhangcong/IdeaProjects/lostandfind/target/classes started by zhangcong in /Users/zhangcong/IdeaProjects/lostandfind)
2019-06-11 22:11:46,626 [main] INFO  c.e.l.LostandfindApplication 662 - No active profile set, falling back to default profiles: default
2019-06-11 22:11:46,999 [main] INFO  o.s.b.w.s.c.AnnotationConfigServletWebServerApplicationContext 590 - Refreshing org.springframework.boot.web.servlet.context.AnnotationConfigServletWebServerApplicationContext@683dbc2c: startup date [Tue Jun 11 22:11:46 CST 2019]; root of context hierarchy
2019-06-11 22:11:50,001 [main] INFO  o.s.d.r.c.RepositoryConfigurationDelegate 163 - Multiple Spring Data modules found, entering strict repository configuration mode!
2019-06-11 22:11:50,441 [main] INFO  o.s.d.r.c.RepositoryConfigurationDelegate 163 - Multiple Spring Data modules found, entering strict repository configuration mode!
2019-06-11 22:11:50,539 [main] INFO  o.s.d.r.c.RepositoryConfigurationExtensionSupport 297 - Spring Data Redis - Could not safely identify store assignment for repository candidate interface com.example.lostandfind.repository.CommentRespository.
2019-06-11 22:11:50,545 [main] INFO  o.s.d.r.c.RepositoryConfigurationExtensionSupport 297 - Spring Data Redis - Could not safely identify store assignment for repository candidate interface com.example.lostandfind.repository.EvaluateRespository.
2019-06-11 22:11:50,549 [main] INFO  o.s.d.r.c.RepositoryConfigurationExtensionSupport 297 - Spring Data Redis - Could not safely identify store assignment for repository candidate interface com.example.lostandfind.repository.FinishRespository.
2019-06-11 22:11:50,550 [main] INFO  o.s.d.r.c.RepositoryConfigurationExtensionSupport 297 - Spring Data Redis - Could not safely identify store assignment for repository candidate interface com.example.lostandfind.repository.GradeRepository.
2019-06-11 22:11:50,551 [main] INFO  o.s.d.r.c.RepositoryConfigurationExtensionSupport 297 - Spring Data Redis - Could not safely identify store assignment for repository candidate interface com.example.lostandfind.repository.HistoryRepository.
2019-06-11 22:11:50,553 [main] INFO  o.s.d.r.c.RepositoryConfigurationExtensionSupport 297 - Spring Data Redis - Could not safely identify store assignment for repository candidate interface com.example.lostandfind.repository.InfoRepository.
2019-06-11 22:11:50,555 [main] INFO  o.s.d.r.c.RepositoryConfigurationExtensionSupport 297 - Spring Data Redis - Could not safely identify store assignment for repository candidate interface com.example.lostandfind.repository.ManageRepository.
2019-06-11 22:11:50,557 [main] INFO  o.s.d.r.c.RepositoryConfigurationExtensionSupport 297 - Spring Data Redis - Could not safely identify store assignment for repository candidate interface com.example.lostandfind.repository.NewsRepository.
2019-06-11 22:11:50,559 [main] INFO  o.s.d.r.c.RepositoryConfigurationExtensionSupport 297 - Spring Data Redis - Could not safely identify store assignment for repository candidate interface com.example.lostandfind.repository.PersonInfoRespository.
2019-06-11 22:11:50,561 [main] INFO  o.s.d.r.c.RepositoryConfigurationExtensionSupport 297 - Spring Data Redis - Could not safely identify store assignment for repository candidate interface com.example.lostandfind.repository.PushRepository.
2019-06-11 22:11:50,567 [main] INFO  o.s.d.r.c.RepositoryConfigurationExtensionSupport 297 - Spring Data Redis - Could not safely identify store assignment for repository candidate interface com.example.lostandfind.repository.ReportCommentRepository.
2019-06-11 22:11:50,568 [main] INFO  o.s.d.r.c.RepositoryConfigurationExtensionSupport 297 - Spring Data Redis - Could not safely identify store assignment for repository candidate interface com.example.lostandfind.repository.ReportRepository.
2019-06-11 22:11:50,570 [main] INFO  o.s.d.r.c.RepositoryConfigurationExtensionSupport 297 - Spring Data Redis - Could not safely identify store assignment for repository candidate interface com.example.lostandfind.repository.SuggestRepository.
2019-06-11 22:11:50,571 [main] INFO  o.s.d.r.c.RepositoryConfigurationExtensionSupport 297 - Spring Data Redis - Could not safely identify store assignment for repository candidate interface com.example.lostandfind.repository.SystemInformRepository.
2019-06-11 22:11:50,573 [main] INFO  o.s.d.r.c.RepositoryConfigurationExtensionSupport 297 - Spring Data Redis - Could not safely identify store assignment for repository candidate interface com.example.lostandfind.repository.ThanksRepository.
2019-06-11 22:11:50,575 [main] INFO  o.s.d.r.c.RepositoryConfigurationExtensionSupport 297 - Spring Data Redis - Could not safely identify store assignment for repository candidate interface com.example.lostandfind.repository.UserRepository.
2019-06-11 22:11:51,978 [main] INFO  o.s.c.s.PostProcessorRegistrationDelegate$BeanPostProcessorChecker 326 - Bean 'org.springframework.transaction.annotation.ProxyTransactionManagementConfiguration' of type [org.springframework.transaction.annotation.ProxyTransactionManagementConfiguration$$EnhancerBySpringCGLIB$$3ed7fc27] is not eligible for getting processed by all BeanPostProcessors (for example: not eligible for auto-proxying)
2019-06-11 22:11:52,367 [main] INFO  o.s.c.s.PostProcessorRegistrationDelegate$BeanPostProcessorChecker 326 - Bean 'redisConfig' of type [com.example.lostandfind.redis.RedisConfig$$EnhancerBySpringCGLIB$$b92b8ec3] is not eligible for getting processed by all BeanPostProcessors (for example: not eligible for auto-proxying)
2019-06-11 22:11:53,305 [main] INFO  o.s.b.w.e.tomcat.TomcatWebServer 91 - Tomcat initialized with port(s): 8080 (http)
2019-06-11 22:11:53,341 [main] INFO  o.a.coyote.http11.Http11NioProtocol 180 - Initializing ProtocolHandler ["http-nio-8080"]
2019-06-11 22:11:53,359 [main] INFO  o.a.catalina.core.StandardService 180 - Starting service [Tomcat]
2019-06-11 22:11:53,359 [main] INFO  o.a.catalina.core.StandardEngine 180 - Starting Servlet Engine: Apache Tomcat/8.5.32
2019-06-11 22:11:53,365 [localhost-startStop-1] INFO  o.a.c.core.AprLifecycleListener 180 - The APR based Apache Tomcat Native library which allows optimal performance in production environments was not found on the java.library.path: [/Users/zhangcong/Library/Java/Extensions:/Library/Java/Extensions:/Network/Library/Java/Extensions:/System/Library/Java/Extensions:/usr/lib/java:.]
2019-06-11 22:11:53,762 [localhost-startStop-1] INFO  o.a.c.c.C.[Tomcat].[localhost].[/] 180 - Initializing Spring embedded WebApplicationContext
2019-06-11 22:11:53,766 [localhost-startStop-1] INFO  o.s.web.context.ContextLoader 285 - Root WebApplicationContext: initialization completed in 6767 ms
2019-06-11 22:11:53,922 [localhost-startStop-1] INFO  o.s.b.w.s.ServletRegistrationBean 187 - Servlet dispatcherServlet mapped to [/]
2019-06-11 22:11:53,929 [localhost-startStop-1] INFO  o.s.b.w.s.FilterRegistrationBean 245 - Mapping filter: 'characterEncodingFilter' to: [/*]
2019-06-11 22:11:53,930 [localhost-startStop-1] INFO  o.s.b.w.s.FilterRegistrationBean 245 - Mapping filter: 'hiddenHttpMethodFilter' to: [/*]
2019-06-11 22:11:53,930 [localhost-startStop-1] INFO  o.s.b.w.s.FilterRegistrationBean 245 - Mapping filter: 'httpPutFormContentFilter' to: [/*]
2019-06-11 22:11:53,931 [localhost-startStop-1] INFO  o.s.b.w.s.FilterRegistrationBean 245 - Mapping filter: 'requestContextFilter' to: [/*]
2019-06-11 22:11:54,254 [main] INFO  com.zaxxer.hikari.HikariDataSource 110 - HikariPool-1 - Starting...
2019-06-11 22:11:54,568 [main] INFO  com.zaxxer.hikari.HikariDataSource 123 - HikariPool-1 - Start completed.
2019-06-11 22:11:54,645 [main] INFO  o.s.o.j.LocalContainerEntityManagerFactoryBean 361 - Building JPA container EntityManagerFactory for persistence unit 'default'
2019-06-11 22:11:54,671 [main] INFO  o.h.jpa.internal.util.LogHelper 31 - HHH000204: Processing PersistenceUnitInfo [
	name: default
	...]
2019-06-11 22:11:54,904 [main] INFO  org.hibernate.Version 45 - HHH000412: Hibernate Core {5.2.17.Final}
2019-06-11 22:11:54,907 [main] INFO  org.hibernate.cfg.Environment 213 - HHH000206: hibernate.properties not found
2019-06-11 22:11:55,080 [main] INFO  o.h.annotations.common.Version 66 - HCANN000001: Hibernate Commons Annotations {5.0.1.Final}
2019-06-11 22:11:55,629 [main] INFO  org.hibernate.dialect.Dialect 157 - HHH000400: Using dialect: org.hibernate.dialect.MySQL5Dialect
2019-06-11 22:11:58,108 [main] INFO  o.s.o.j.LocalContainerEntityManagerFactoryBean 415 - Initialized JPA EntityManagerFactory for persistence unit 'default'
2019-06-11 22:11:59,035 [main] INFO  o.h.h.i.QueryTranslatorFactoryInitiator 47 - HHH000397: Using ASTQueryTranslatorFactory
2019-06-11 22:12:01,288 [main] INFO  c.e.lostandfind.service.Template 322 - Template加入了SpringIoc容器
2019-06-11 22:12:02,011 [main] INFO  c.e.l.i.CheckLoginInterceptor 67 - 这是拦截器
2019-06-11 22:12:02,129 [main] INFO  c.e.lostandfind.redis.RedisConfig 58 - redis被加入到bean
2019-06-11 22:12:02,523 [main] INFO  o.s.w.s.h.SimpleUrlHandlerMapping 373 - Mapped URL path [/**/favicon.ico] onto handler of type [class org.springframework.web.servlet.resource.ResourceHttpRequestHandler]
2019-06-11 22:12:02,765 [main] INFO  o.s.w.s.m.m.a.RequestMappingHandlerAdapter 574 - Looking for @ControllerAdvice: org.springframework.boot.web.servlet.context.AnnotationConfigServletWebServerApplicationContext@683dbc2c: startup date [Tue Jun 11 22:11:46 CST 2019]; root of context hierarchy
2019-06-11 22:12:02,869 [main] INFO  c.e.l.LostandfindApplication 54 - 初始化拦截器
2019-06-11 22:12:02,875 [main] WARN  o.s.b.a.o.j.JpaBaseConfiguration$JpaWebConfiguration$JpaWebMvcConfiguration 235 - spring.jpa.open-in-view is enabled by default. Therefore, database queries may be performed during view rendering. Explicitly configure spring.jpa.open-in-view to disable this warning
2019-06-11 22:12:03,059 [main] INFO  o.s.w.s.m.m.a.RequestMappingHandlerMapping 547 - Mapped "{[/identity],methods=[GET]}" onto public java.lang.Object com.example.lostandfind.controller.LafController.decode(java.lang.String,java.lang.String,java.lang.String)
2019-06-11 22:12:03,060 [main] INFO  o.s.w.s.m.m.a.RequestMappingHandlerMapping 547 - Mapped "{[/getUserInfo],methods=[GET]}" onto public java.lang.Object com.example.lostandfind.controller.LafController.getUserInfo(java.lang.String)
2019-06-11 22:12:03,061 [main] INFO  o.s.w.s.m.m.a.RequestMappingHandlerMapping 547 - Mapped "{[/test],methods=[GET]}" onto public java.util.List<com.example.lostandfind.mysql.PushMysql> com.example.lostandfind.controller.LafController.test(java.lang.String)
2019-06-11 22:12:03,061 [main] INFO  o.s.w.s.m.m.a.RequestMappingHandlerMapping 547 - Mapped "{[/addCount],methods=[POST]}" onto public int com.example.lostandfind.controller.LafController.addCount(com.alibaba.fastjson.JSONObject)
2019-06-11 22:12:03,062 [main] INFO  o.s.w.s.m.m.a.RequestMappingHandlerMapping 547 - Mapped "{[/report],methods=[POST]}" onto public java.lang.String com.example.lostandfind.controller.LafController.report(com.alibaba.fastjson.JSONObject)
2019-06-11 22:12:03,062 [main] INFO  o.s.w.s.m.m.a.RequestMappingHandlerMapping 547 - Mapped "{[/getComment],methods=[GET]}" onto public com.alibaba.fastjson.JSONArray com.example.lostandfind.controller.LafController.getComment(int)
2019-06-11 22:12:03,063 [main] INFO  o.s.w.s.m.m.a.RequestMappingHandlerMapping 547 - Mapped "{[/getInfo1],methods=[GET]}" onto public java.lang.Object com.example.lostandfind.controller.LafController.getInfo(java.lang.String,int) throws java.lang.Exception
2019-06-11 22:12:03,065 [main] INFO  o.s.w.s.m.m.a.RequestMappingHandlerMapping 547 - Mapped "{[/getVersion],methods=[GET]}" onto public double com.example.lostandfind.controller.LafController.getVersion()
2019-06-11 22:12:03,069 [main] INFO  o.s.w.s.m.m.a.RequestMappingHandlerMapping 547 - Mapped "{[/timeout],methods=[GET]}" onto public java.util.List<com.example.lostandfind.mysql.FinishMysql> com.example.lostandfind.controller.LafController.getTimeout(java.lang.String)
2019-06-11 22:12:03,070 [main] INFO  o.s.w.s.m.m.a.RequestMappingHandlerMapping 547 - Mapped "{[/process],methods=[GET]}" onto public java.lang.String com.example.lostandfind.controller.LafController.process(boolean,int,int,java.lang.String)
2019-06-11 22:12:03,072 [main] INFO  o.s.w.s.m.m.a.RequestMappingHandlerMapping 547 - Mapped "{[/manager],methods=[GET]}" onto public com.github.pagehelper.Page<com.example.lostandfind.mysql.ManagerMysql> com.example.lostandfind.controller.LafController.getManager()
2019-06-11 22:12:03,073 [main] INFO  o.s.w.s.m.m.a.RequestMappingHandlerMapping 547 - Mapped "{[/search/detele/{openid}],methods=[DELETE]}" onto public com.example.lostandfind.mysql.HistoryMysql com.example.lostandfind.controller.LafController.doDelete(java.lang.String)
2019-06-11 22:12:03,075 [main] INFO  o.s.w.s.m.m.a.RequestMappingHandlerMapping 547 - Mapped "{[/User],methods=[GET]}" onto public java.util.List<com.example.lostandfind.mysql.UserMysql> com.example.lostandfind.controller.LafController.UserList()
2019-06-11 22:12:03,076 [main] INFO  o.s.w.s.m.m.a.RequestMappingHandlerMapping 547 - Mapped "{[/createIndex],methods=[GET]}" onto public java.lang.String com.example.lostandfind.controller.LafController.createIndex()
2019-06-11 22:12:03,076 [main] INFO  o.s.w.s.m.m.a.RequestMappingHandlerMapping 547 - Mapped "{[/getThanks],methods=[GET]}" onto public java.util.List<com.example.lostandfind.mysql.ThanksMysql> com.example.lostandfind.controller.LafController.getThanks()
2019-06-11 22:12:03,077 [main] INFO  o.s.w.s.m.m.a.RequestMappingHandlerMapping 547 - Mapped "{[/openid/{openid}],methods=[GET]}" onto public boolean com.example.lostandfind.controller.LafController.checkOpenId(java.lang.String)
2019-06-11 22:12:03,078 [main] INFO  o.s.w.s.m.m.a.RequestMappingHandlerMapping 547 - Mapped "{[/openid1/{openid}],methods=[GET]}" onto public java.util.List<com.example.lostandfind.mysql.UserMysql> com.example.lostandfind.controller.LafController.checkOpenId1(java.lang.String)
2019-06-11 22:12:03,078 [main] INFO  o.s.w.s.m.m.a.RequestMappingHandlerMapping 547 - Mapped "{[/valuable],methods=[GET]}" onto public java.util.List<com.example.lostandfind.mysql.InfoMysql> com.example.lostandfind.controller.LafController.searchValuableInfo(boolean)
2019-06-11 22:12:03,085 [main] INFO  o.s.w.s.m.m.a.RequestMappingHandlerMapping 547 - Mapped "{[/getValuable],methods=[GET]}" onto public java.util.List<com.example.lostandfind.mysql.InfoMysql> com.example.lostandfind.controller.LafController.getValuale()
2019-06-11 22:12:03,086 [main] INFO  o.s.w.s.m.m.a.RequestMappingHandlerMapping 547 - Mapped "{[/service/info],methods=[GET]}" onto public java.util.List<com.example.lostandfind.mysql.InfoMysql> com.example.lostandfind.controller.LafController.searchInfo(boolean,int)
2019-06-11 22:12:03,087 [main] INFO  o.s.w.s.m.m.a.RequestMappingHandlerMapping 547 - Mapped "{[/msg/{name}],methods=[POST]}" onto public com.example.lostandfind.domain.Result com.example.lostandfind.controller.LafController.addMsg(com.example.lostandfind.mysql.InfoMysql,java.lang.String) throws java.lang.Exception
2019-06-11 22:12:03,088 [main] INFO  o.s.w.s.m.m.a.RequestMappingHandlerMapping 547 - Mapped "{[/deleteInfo],methods=[DELETE]}" onto public boolean com.example.lostandfind.controller.LafController.deleteInfo(com.alibaba.fastjson.JSONObject)
2019-06-11 22:12:03,089 [main] INFO  o.s.w.s.m.m.a.RequestMappingHandlerMapping 547 - Mapped "{[/uploadNews],methods=[POST]}" onto public com.example.lostandfind.mysql.NewsMysql com.example.lostandfind.controller.LafController.uploadNews(org.springframework.web.multipart.MultipartFile,int,int,java.lang.String,java.lang.String,java.lang.String,java.lang.String,java.lang.String) throws java.lang.Exception
2019-06-11 22:12:03,090 [main] INFO  o.s.w.s.m.m.a.RequestMappingHandlerMapping 547 - Mapped "{[/getNews],methods=[GET]}" onto public java.util.List<com.example.lostandfind.mysql.NewsMysql> com.example.lostandfind.controller.LafController.getNews()
2019-06-11 22:12:03,090 [main] INFO  o.s.w.s.m.m.a.RequestMappingHandlerMapping 547 - Mapped "{[/uploadImage],methods=[POST]}" onto public java.lang.Object com.example.lostandfind.controller.LafController.uploadPicture(org.springframework.web.multipart.MultipartFile,int,int,java.lang.String,java.lang.String) throws java.lang.Exception
2019-06-11 22:12:03,091 [main] INFO  o.s.w.s.m.m.a.RequestMappingHandlerMapping 547 - Mapped "{[/confirm/{id}/{confirm}],methods=[POST]}" onto public com.example.lostandfind.mysql.InfoMysql com.example.lostandfind.controller.LafController.doConfirm(java.lang.Integer,boolean)
2019-06-11 22:12:03,092 [main] INFO  o.s.w.s.m.m.a.RequestMappingHandlerMapping 547 - Mapped "{[/manager/{openid}],methods=[POST]}" onto public java.lang.String com.example.lostandfind.controller.LafController.doManager(java.lang.String)
2019-06-11 22:12:03,092 [main] INFO  o.s.w.s.m.m.a.RequestMappingHandlerMapping 547 - Mapped "{[/addManagerFormId],methods=[POST]}" onto public com.example.lostandfind.domain.Result com.example.lostandfind.controller.LafController.addManagerFormId(com.alibaba.fastjson.JSONObject)
2019-06-11 22:12:03,093 [main] INFO  o.s.w.s.m.m.a.RequestMappingHandlerMapping 547 - Mapped "{[/check/{id}/{confirm}/{formId}/{openId}/{num}],methods=[PUT]}" onto public com.example.lostandfind.domain.Result com.example.lostandfind.controller.LafController.doCheck(java.lang.Integer,boolean,java.lang.String,java.lang.String,int)
2019-06-11 22:12:03,094 [main] INFO  o.s.w.s.m.m.a.RequestMappingHandlerMapping 547 - Mapped "{[/finish/{id}],methods=[DELETE]}" onto public java.lang.String com.example.lostandfind.controller.LafController.doFinish(java.lang.Integer)
2019-06-11 22:12:03,096 [main] INFO  o.s.w.s.m.m.a.RequestMappingHandlerMapping 547 - Mapped "{[/search/{index}/{string}/{count}],methods=[GET]}" onto public java.util.List<com.example.lostandfind.mysql.InfoMysql> com.example.lostandfind.controller.LafController.doSearch(java.lang.String,java.lang.Integer,java.lang.Integer) throws java.lang.Exception
2019-06-11 22:12:03,097 [main] INFO  o.s.w.s.m.m.a.RequestMappingHandlerMapping 547 - Mapped "{[/search/history],methods=[PUT]}" onto public com.example.lostandfind.mysql.HistoryMysql com.example.lostandfind.controller.LafController.doAddHistory(com.example.lostandfind.mysql.HistoryMysql)
2019-06-11 22:12:03,099 [main] INFO  o.s.w.s.m.m.a.RequestMappingHandlerMapping 547 - Mapped "{[/search/history/{openid}],methods=[GET]}" onto public com.example.lostandfind.mysql.HistoryMysql com.example.lostandfind.controller.LafController.doSearchHistory(java.lang.String)
2019-06-11 22:12:03,100 [main] INFO  o.s.w.s.m.m.a.RequestMappingHandlerMapping 547 - Mapped "{[/search/eye],methods=[PUT]}" onto public com.example.lostandfind.mysql.HistoryMysql com.example.lostandfind.controller.LafController.doaChangeEye(com.example.lostandfind.mysql.HistoryMysql)
2019-06-11 22:12:03,101 [main] INFO  o.s.w.s.m.m.a.RequestMappingHandlerMapping 547 - Mapped "{[/suggestion],methods=[POST]}" onto public com.example.lostandfind.mysql.SuggestMysql com.example.lostandfind.controller.LafController.WriteSuggestion(com.example.lostandfind.mysql.SuggestMysql)
2019-06-11 22:12:03,101 [main] INFO  o.s.w.s.m.m.a.RequestMappingHandlerMapping 547 - Mapped "{[/getSuggestion],methods=[GET]}" onto public com.alibaba.fastjson.JSONArray com.example.lostandfind.controller.LafController.GetSuggestion()
2019-06-11 22:12:03,102 [main] INFO  o.s.w.s.m.m.a.RequestMappingHandlerMapping 547 - Mapped "{[/get_access_token],methods=[GET]}" onto public com.alibaba.fastjson.JSONObject com.example.lostandfind.controller.LafController.getAccessToken()
2019-06-11 22:12:03,102 [main] INFO  o.s.w.s.m.m.a.RequestMappingHandlerMapping 547 - Mapped "{[/sendTemplateInfo],methods=[GET]}" onto public java.lang.Object com.example.lostandfind.controller.LafController.sendTemplateInfo(java.lang.String,java.lang.String,java.lang.String,java.lang.String,java.lang.String,java.lang.String,int,java.lang.String,java.lang.String,java.lang.String)
2019-06-11 22:12:03,103 [main] INFO  o.s.w.s.m.m.a.RequestMappingHandlerMapping 547 - Mapped "{[/aboutMeNot],methods=[GET]}" onto public java.util.List<com.example.lostandfind.mysql.InfoMysql> com.example.lostandfind.controller.LafController.getNotFinish(java.lang.String)
2019-06-11 22:12:03,104 [main] INFO  o.s.w.s.m.m.a.RequestMappingHandlerMapping 547 - Mapped "{[/aboutMeHas],methods=[GET]}" onto public java.util.List<com.example.lostandfind.mysql.FinishMysql> com.example.lostandfind.controller.LafController.getHasFinish(java.lang.String)
2019-06-11 22:12:03,105 [main] INFO  o.s.w.s.m.m.a.RequestMappingHandlerMapping 547 - Mapped "{[/Card],methods=[GET]}" onto public com.example.lostandfind.mysql.InfoMysql com.example.lostandfind.controller.LafController.getCardInfo(java.lang.String)
2019-06-11 22:12:03,106 [main] INFO  o.s.w.s.m.m.a.RequestMappingHandlerMapping 547 - Mapped "{[/getPersonInfo],methods=[POST]}" onto public com.example.lostandfind.domain.Result com.example.lostandfind.controller.LafController.writePersonInfo(long)
2019-06-11 22:12:03,106 [main] INFO  o.s.w.s.m.m.a.RequestMappingHandlerMapping 547 - Mapped "{[/writePersonInfo],methods=[POST]}" onto public com.example.lostandfind.mysql.PersonInfoMysql com.example.lostandfind.controller.LafController.writePersonInfo(com.example.lostandfind.mysql.PersonInfoMysql)
2019-06-11 22:12:03,107 [main] INFO  o.s.w.s.m.m.a.RequestMappingHandlerMapping 547 - Mapped "{[/getPersonInfo],methods=[GET]}" onto public com.example.lostandfind.mysql.PersonInfoMysql com.example.lostandfind.controller.LafController.getPersonInfo(int)
2019-06-11 22:12:03,108 [main] INFO  o.s.w.s.m.m.a.RequestMappingHandlerMapping 547 - Mapped "{[/writeEvaluate/{id}/{openid}/{level}],methods=[POST]}" onto public com.example.lostandfind.mysql.EvaluateMysql com.example.lostandfind.controller.LafController.writeEvaluate(java.lang.Integer,java.lang.Integer,java.lang.Integer)
2019-06-11 22:12:03,108 [main] INFO  o.s.w.s.m.m.a.RequestMappingHandlerMapping 547 - Mapped "{[/getEvaluate],methods=[GET]}" onto public com.example.lostandfind.mysql.EvaluateMysql com.example.lostandfind.controller.LafController.getEvaluate(int)
2019-06-11 22:12:03,109 [main] INFO  o.s.w.s.m.m.a.RequestMappingHandlerMapping 547 - Mapped "{[/getPersonComment],methods=[GET]}" onto public com.alibaba.fastjson.JSONObject com.example.lostandfind.controller.LafController.getPersonComment(java.lang.String)
2019-06-11 22:12:03,109 [main] INFO  o.s.w.s.m.m.a.RequestMappingHandlerMapping 547 - Mapped "{[/writeComment/{user_id}/{info_id}],methods=[POST]}" onto public com.example.lostandfind.mysql.CommentMysql com.example.lostandfind.controller.LafController.writeComment(java.lang.Integer,java.lang.Integer,com.example.lostandfind.mysql.CommentMysql)
2019-06-11 22:12:03,109 [main] INFO  o.s.w.s.m.m.a.RequestMappingHandlerMapping 547 - Mapped "{[/deleteComment/{id}],methods=[DELETE]}" onto public void com.example.lostandfind.controller.LafController.deleteComment(java.lang.Integer)
2019-06-11 22:12:03,110 [main] INFO  o.s.w.s.m.m.a.RequestMappingHandlerMapping 547 - Mapped "{[/changePersonComment/{openid}/{num}/{kind}],methods=[POST]}" onto public com.example.lostandfind.domain.Result com.example.lostandfind.controller.LafController.changePersonComment(java.lang.String,int,int)
2019-06-11 22:12:03,110 [main] INFO  o.s.w.s.m.m.a.RequestMappingHandlerMapping 547 - Mapped "{[/getReport],methods=[GET]}" onto public com.alibaba.fastjson.JSONArray com.example.lostandfind.controller.LafController.getReport()
2019-06-11 22:12:03,111 [main] INFO  o.s.w.s.m.m.a.RequestMappingHandlerMapping 547 - Mapped "{[/reportComment],methods=[POST]}" onto public java.lang.String com.example.lostandfind.controller.LafController.reportC(com.alibaba.fastjson.JSONObject)
2019-06-11 22:12:03,111 [main] INFO  o.s.w.s.m.m.a.RequestMappingHandlerMapping 547 - Mapped "{[/getReportComment],methods=[GET]}" onto public com.alibaba.fastjson.JSONArray com.example.lostandfind.controller.LafController.getReportC()
2019-06-11 22:12:03,112 [main] INFO  o.s.w.s.m.m.a.RequestMappingHandlerMapping 547 - Mapped "{[/processComment],methods=[GET]}" onto public java.lang.String com.example.lostandfind.controller.LafController.processC(boolean,int,int,java.lang.String)
2019-06-11 22:12:03,112 [main] INFO  o.s.w.s.m.m.a.RequestMappingHandlerMapping 547 - Mapped "{[/getPushCount],methods=[GET]}" onto public int com.example.lostandfind.controller.LafController.getPushCount(java.lang.String,boolean)
2019-06-11 22:12:03,113 [main] INFO  o.s.w.s.m.m.a.RequestMappingHandlerMapping 547 - Mapped "{[/getPushInfo],methods=[GET]}" onto public java.util.List<com.example.lostandfind.mysql.PushMysql> com.example.lostandfind.controller.LafController.getPushInfo(java.lang.String,boolean)
2019-06-11 22:12:03,115 [main] INFO  o.s.w.s.m.m.a.RequestMappingHandlerMapping 547 - Mapped "{[/writePush],methods=[POST]}" onto public java.lang.String com.example.lostandfind.controller.LafController.writePush(com.alibaba.fastjson.JSONObject)
2019-06-11 22:12:03,116 [main] INFO  o.s.w.s.m.m.a.RequestMappingHandlerMapping 547 - Mapped "{[/test2],methods=[GET]}" onto public java.util.List<java.util.Map<java.lang.String, java.lang.Object>> com.example.lostandfind.controller.LafController.test2(java.lang.String)
2019-06-11 22:12:03,117 [main] INFO  o.s.w.s.m.m.a.RequestMappingHandlerMapping 547 - Mapped "{[/getSystemCount],methods=[GET]}" onto public int com.example.lostandfind.controller.LafController.getSystemCount(int,java.lang.String)
2019-06-11 22:12:03,117 [main] INFO  o.s.w.s.m.m.a.RequestMappingHandlerMapping 547 - Mapped "{[/getSystemInfo],methods=[GET]}" onto public java.util.List<com.example.lostandfind.mysql.SystemInformMysql> com.example.lostandfind.controller.LafController.getSystemInfo(int,java.lang.String)
2019-06-11 22:12:03,118 [main] INFO  o.s.w.s.m.m.a.RequestMappingHandlerMapping 547 - Mapped "{[/hasLookInfo],methods=[GET]}" onto public int com.example.lostandfind.controller.LafController.hasLookInfo(java.lang.String)
2019-06-11 22:12:03,118 [main] INFO  o.s.w.s.m.m.a.RequestMappingHandlerMapping 547 - Mapped "{[/addCollect],methods=[POST]}" onto public com.example.lostandfind.domain.Result com.example.lostandfind.controller.LafController.addCollect(com.alibaba.fastjson.JSONObject)
2019-06-11 22:12:03,118 [main] INFO  o.s.w.s.m.m.a.RequestMappingHandlerMapping 547 - Mapped "{[/removeCollect],methods=[GET]}" onto public com.example.lostandfind.domain.Result com.example.lostandfind.controller.LafController.reomveCollect(int,int)
2019-06-11 22:12:03,119 [main] INFO  o.s.w.s.m.m.a.RequestMappingHandlerMapping 547 - Mapped "{[/hasCollect],methods=[GET]}" onto public java.lang.Object com.example.lostandfind.controller.LafController.hasCollect(int,int)
2019-06-11 22:12:03,120 [main] INFO  o.s.w.s.m.m.a.RequestMappingHandlerMapping 547 - Mapped "{[/collectInfos],methods=[GET]}" onto public java.util.List<com.example.lostandfind.mysql.InfoMysql> com.example.lostandfind.controller.LafController.collectInfos(int)
2019-06-11 22:12:03,120 [main] INFO  o.s.w.s.m.m.a.RequestMappingHandlerMapping 547 - Mapped "{[/infoCount],methods=[GET]}" onto public com.alibaba.fastjson.JSONObject com.example.lostandfind.controller.LafController.infoCount(java.lang.String)
2019-06-11 22:12:03,121 [main] INFO  o.s.w.s.m.m.a.RequestMappingHandlerMapping 547 - Mapped "{[/writeFormId],methods=[POST]}" onto public com.example.lostandfind.domain.Result com.example.lostandfind.controller.LafController.writeFormId(com.alibaba.fastjson.JSONObject)
2019-06-11 22:12:03,121 [main] INFO  o.s.w.s.m.m.a.RequestMappingHandlerMapping 547 - Mapped "{[/deleteNews],methods=[DELETE]}" onto public com.example.lostandfind.domain.Result com.example.lostandfind.controller.LafController.deleteNews(com.example.lostandfind.mysql.NewsMysql)
2019-06-11 22:12:03,122 [main] INFO  o.s.w.s.m.m.a.RequestMappingHandlerMapping 547 - Mapped "{[/writeThanks],methods=[POST]}" onto public com.example.lostandfind.mysql.ThanksMysql com.example.lostandfind.controller.LafController.writeThanks(com.example.lostandfind.mysql.ThanksMysql)
2019-06-11 22:12:03,122 [main] INFO  o.s.w.s.m.m.a.RequestMappingHandlerMapping 547 - Mapped "{[/testname],methods=[GET]}" onto public void com.example.lostandfind.controller.LafController.testname(java.lang.String)
2019-06-11 22:12:03,122 [main] INFO  o.s.w.s.m.m.a.RequestMappingHandlerMapping 547 - Mapped "{[/testHTML],methods=[GET]}" onto public com.alibaba.fastjson.JSONObject com.example.lostandfind.controller.LafController.testHTML()
2019-06-11 22:12:03,123 [main] INFO  o.s.w.s.m.m.a.RequestMappingHandlerMapping 547 - Mapped "{[/User],methods=[POST]}" onto public com.example.lostandfind.domain.Result com.example.lostandfind.controller.LafController.addUser(com.example.lostandfind.mysql.UserMysql,org.springframework.validation.BindingResult)
2019-06-11 22:12:03,123 [main] INFO  o.s.w.s.m.m.a.RequestMappingHandlerMapping 547 - Mapped "{[/user],methods=[POST]}" onto public com.example.lostandfind.domain.Result com.example.lostandfind.controller.LafController.addUser(com.example.lostandfind.mysql.UserMysql)
2019-06-11 22:12:03,126 [main] INFO  o.s.w.s.m.m.a.RequestMappingHandlerMapping 547 - Mapped "{[/manager/exit],methods=[GET]}" onto public boolean com.example.lostandfind.controller.ManagerController.exit(javax.servlet.http.HttpServletRequest,javax.servlet.http.HttpServletResponse)
2019-06-11 22:12:03,127 [main] INFO  o.s.w.s.m.m.a.RequestMappingHandlerMapping 547 - Mapped "{[/manager/getInfo],methods=[GET]}" onto public java.lang.Object com.example.lostandfind.controller.ManagerController.getInfo(java.lang.String)
2019-06-11 22:12:03,127 [main] INFO  o.s.w.s.m.m.a.RequestMappingHandlerMapping 547 - Mapped "{[/manager/look],methods=[GET]}" onto public java.util.List<com.example.lostandfind.mysql.PersonInfoMysql> com.example.lostandfind.controller.ManagerController.look()
2019-06-11 22:12:03,128 [main] INFO  o.s.w.s.m.m.a.RequestMappingHandlerMapping 547 - Mapped "{[/manager/addManager],methods=[GET]}" onto public java.lang.String com.example.lostandfind.controller.ManagerController.addManager(java.lang.String)
2019-06-11 22:12:03,129 [main] INFO  o.s.w.s.m.m.a.RequestMappingHandlerMapping 547 - Mapped "{[/manager/deleteManager],methods=[GET]}" onto public java.lang.String com.example.lostandfind.controller.ManagerController.deleteManager(java.lang.String)
2019-06-11 22:12:03,129 [main] INFO  o.s.w.s.m.m.a.RequestMappingHandlerMapping 547 - Mapped "{[/manager/getEva],methods=[GET]}" onto public com.alibaba.fastjson.JSONArray com.example.lostandfind.controller.ManagerController.getEva()
2019-06-11 22:12:03,130 [main] INFO  o.s.w.s.m.m.a.RequestMappingHandlerMapping 547 - Mapped "{[/manager/login],methods=[GET]}" onto public java.lang.String com.example.lostandfind.controller.ManagerController.login(java.lang.String,java.lang.String,javax.servlet.http.HttpServletResponse,javax.servlet.http.HttpServletRequest)
2019-06-11 22:12:03,130 [main] INFO  o.s.w.s.m.m.a.RequestMappingHandlerMapping 547 - Mapped "{[/manager/getLogin],methods=[GET]}" onto public boolean com.example.lostandfind.controller.ManagerController.getLogin(javax.servlet.http.HttpServletRequest,javax.servlet.http.HttpServletResponse)
2019-06-11 22:12:03,131 [main] INFO  o.s.w.s.m.m.a.RequestMappingHandlerMapping 547 - Mapped "{[/manager/getSchool],methods=[GET]}" onto public java.util.List<com.example.lostandfind.mysql.PersonInfoMysql> com.example.lostandfind.controller.ManagerController.getSchool()
2019-06-11 22:12:03,131 [main] INFO  o.s.w.s.m.m.a.RequestMappingHandlerMapping 547 - Mapped "{[/manager/getFinish],methods=[GET]}" onto public java.util.List<com.example.lostandfind.mysql.FinishMysql> com.example.lostandfind.controller.ManagerController.getFinish()
2019-06-11 22:12:03,132 [main] INFO  o.s.w.s.m.m.a.RequestMappingHandlerMapping 547 - Mapped "{[/manager/getSearchFinish/{start}/{end}],methods=[GET]}" onto public java.util.List<com.example.lostandfind.mysql.FinishMysql> com.example.lostandfind.controller.ManagerController.getSearchFinish(java.lang.String,java.lang.String)
2019-06-11 22:12:03,136 [main] INFO  o.s.w.s.m.m.a.RequestMappingHandlerMapping 547 - Mapped "{[/error]}" onto public org.springframework.http.ResponseEntity<java.util.Map<java.lang.String, java.lang.Object>> org.springframework.boot.autoconfigure.web.servlet.error.BasicErrorController.error(javax.servlet.http.HttpServletRequest)
2019-06-11 22:12:03,137 [main] INFO  o.s.w.s.m.m.a.RequestMappingHandlerMapping 547 - Mapped "{[/error],produces=[text/html]}" onto public org.springframework.web.servlet.ModelAndView org.springframework.boot.autoconfigure.web.servlet.error.BasicErrorController.errorHtml(javax.servlet.http.HttpServletRequest,javax.servlet.http.HttpServletResponse)
2019-06-11 22:12:03,183 [main] INFO  o.s.w.s.h.SimpleUrlHandlerMapping 373 - Mapped URL path [/webjars/**] onto handler of type [class org.springframework.web.servlet.resource.ResourceHttpRequestHandler]
2019-06-11 22:12:03,183 [main] INFO  o.s.w.s.h.SimpleUrlHandlerMapping 373 - Mapped URL path [/**] onto handler of type [class org.springframework.web.servlet.resource.ResourceHttpRequestHandler]
2019-06-11 22:12:04,522 [main] INFO  o.s.j.e.a.AnnotationMBeanExporter 433 - Registering beans for JMX exposure on startup
2019-06-11 22:12:04,527 [main] INFO  o.s.j.e.a.AnnotationMBeanExporter 895 - Bean with name 'dataSource' has been autodetected for JMX exposure
2019-06-11 22:12:04,536 [main] INFO  o.s.j.e.a.AnnotationMBeanExporter 668 - Located MBean 'dataSource': registering with JMX server as MBean [com.zaxxer.hikari:name=dataSource,type=HikariDataSource]
2019-06-11 22:12:04,546 [main] INFO  o.s.c.s.DefaultLifecycleProcessor 351 - Starting beans in phase 2147483647
2019-06-11 22:12:04,724 [container-1] INFO  io.lettuce.core.EpollProvider 101 - Starting without optional epoll library
2019-06-11 22:12:04,726 [container-1] INFO  io.lettuce.core.KqueueProvider 101 - Starting without optional kqueue library
2019-06-11 22:12:09,570 [main] INFO  o.s.s.a.ScheduledAnnotationBeanPostProcessor 275 - No TaskScheduler/ScheduledExecutorService bean found for scheduled processing
2019-06-11 22:12:09,592 [main] INFO  o.a.coyote.http11.Http11NioProtocol 180 - Starting ProtocolHandler ["http-nio-8080"]
2019-06-11 22:12:09,605 [main] INFO  o.a.tomcat.util.net.NioSelectorPool 180 - Using a shared selector for servlet write/read
2019-06-11 22:12:09,639 [main] INFO  o.s.b.w.e.tomcat.TomcatWebServer 206 - Tomcat started on port(s): 8080 (http) with context path ''
2019-06-11 22:12:09,644 [main] INFO  c.e.l.LostandfindApplication 59 - Started LostandfindApplication in 25.077 seconds (JVM running for 27.506)
2019-06-11 23:49:21,162 [http-nio-8080-exec-2] INFO  o.a.c.c.C.[Tomcat].[localhost].[/] 180 - Initializing Spring FrameworkServlet 'dispatcherServlet'
2019-06-11 23:49:21,167 [http-nio-8080-exec-2] INFO  o.s.web.servlet.DispatcherServlet 494 - FrameworkServlet 'dispatcherServlet': initialization started
2019-06-11 23:49:21,221 [http-nio-8080-exec-2] INFO  o.s.web.servlet.DispatcherServlet 509 - FrameworkServlet 'dispatcherServlet': initialization completed in 54 ms
2019-06-11 23:49:21,325 [http-nio-8080-exec-2] INFO  c.e.lostandfind.aspect.UserAspect 53 - url=http://localhost:8080/getPersonInfo;method=POST;ip=0:0:0:0:0:0:0:1;classMethod=com.example.lostandfind.controller.LafController.writePersonInfo;time=33ms;
2019-06-11 23:56:55,069 [Thread-54] INFO  o.s.b.w.s.c.AnnotationConfigServletWebServerApplicationContext 993 - Closing org.springframework.boot.web.servlet.context.AnnotationConfigServletWebServerApplicationContext@683dbc2c: startup date [Tue Jun 11 22:11:46 CST 2019]; root of context hierarchy
2019-06-11 23:56:55,080 [Thread-54] INFO  o.s.c.s.DefaultLifecycleProcessor 366 - Stopping beans in phase 2147483647
2019-06-11 23:56:55,096 [Thread-54] INFO  o.s.j.e.a.AnnotationMBeanExporter 451 - Unregistering JMX-exposed beans on shutdown
2019-06-11 23:56:55,097 [Thread-54] INFO  o.s.j.e.a.AnnotationMBeanExporter 185 - Unregistering JMX-exposed beans
2019-06-11 23:56:56,235 [Thread-54] INFO  o.s.o.j.LocalContainerEntityManagerFactoryBean 597 - Closing JPA EntityManagerFactory for persistence unit 'default'
2019-06-11 23:56:56,241 [Thread-54] INFO  com.zaxxer.hikari.HikariDataSource 381 - HikariPool-1 - Shutdown initiated...
2019-06-11 23:56:56,250 [Thread-54] INFO  com.zaxxer.hikari.HikariDataSource 383 - HikariPool-1 - Shutdown completed.
2019-06-11 23:57:10,488 [main] INFO  c.e.l.LostandfindApplication 50 - Starting LostandfindApplication on zhangbingdeMacBook-Air.local with PID 6247 (/Users/zhangcong/IdeaProjects/lostandfind/target/classes started by zhangcong in /Users/zhangcong/IdeaProjects/lostandfind)
2019-06-11 23:57:10,495 [main] INFO  c.e.l.LostandfindApplication 662 - No active profile set, falling back to default profiles: default
2019-06-11 23:57:10,729 [main] INFO  o.s.b.w.s.c.AnnotationConfigServletWebServerApplicationContext 590 - Refreshing org.springframework.boot.web.servlet.context.AnnotationConfigServletWebServerApplicationContext@31f9b85e: startup date [Tue Jun 11 23:57:10 CST 2019]; root of context hierarchy
2019-06-11 23:57:12,897 [main] INFO  o.s.d.r.c.RepositoryConfigurationDelegate 163 - Multiple Spring Data modules found, entering strict repository configuration mode!
2019-06-11 23:57:13,226 [main] INFO  o.s.d.r.c.RepositoryConfigurationDelegate 163 - Multiple Spring Data modules found, entering strict repository configuration mode!
2019-06-11 23:57:13,266 [main] INFO  o.s.d.r.c.RepositoryConfigurationExtensionSupport 297 - Spring Data Redis - Could not safely identify store assignment for repository candidate interface com.example.lostandfind.repository.CommentRespository.
2019-06-11 23:57:13,269 [main] INFO  o.s.d.r.c.RepositoryConfigurationExtensionSupport 297 - Spring Data Redis - Could not safely identify store assignment for repository candidate interface com.example.lostandfind.repository.EvaluateRespository.
2019-06-11 23:57:13,270 [main] INFO  o.s.d.r.c.RepositoryConfigurationExtensionSupport 297 - Spring Data Redis - Could not safely identify store assignment for repository candidate interface com.example.lostandfind.repository.FinishRespository.
2019-06-11 23:57:13,271 [main] INFO  o.s.d.r.c.RepositoryConfigurationExtensionSupport 297 - Spring Data Redis - Could not safely identify store assignment for repository candidate interface com.example.lostandfind.repository.GradeRepository.
2019-06-11 23:57:13,282 [main] INFO  o.s.d.r.c.RepositoryConfigurationExtensionSupport 297 - Spring Data Redis - Could not safely identify store assignment for repository candidate interface com.example.lostandfind.repository.HistoryRepository.
2019-06-11 23:57:13,283 [main] INFO  o.s.d.r.c.RepositoryConfigurationExtensionSupport 297 - Spring Data Redis - Could not safely identify store assignment for repository candidate interface com.example.lostandfind.repository.InfoRepository.
2019-06-11 23:57:13,284 [main] INFO  o.s.d.r.c.RepositoryConfigurationExtensionSupport 297 - Spring Data Redis - Could not safely identify store assignment for repository candidate interface com.example.lostandfind.repository.ManageRepository.
2019-06-11 23:57:13,285 [main] INFO  o.s.d.r.c.RepositoryConfigurationExtensionSupport 297 - Spring Data Redis - Could not safely identify store assignment for repository candidate interface com.example.lostandfind.repository.NewsRepository.
2019-06-11 23:57:13,286 [main] INFO  o.s.d.r.c.RepositoryConfigurationExtensionSupport 297 - Spring Data Redis - Could not safely identify store assignment for repository candidate interface com.example.lostandfind.repository.PersonInfoRespository.
2019-06-11 23:57:13,288 [main] INFO  o.s.d.r.c.RepositoryConfigurationExtensionSupport 297 - Spring Data Redis - Could not safely identify store assignment for repository candidate interface com.example.lostandfind.repository.PushRepository.
2019-06-11 23:57:13,289 [main] INFO  o.s.d.r.c.RepositoryConfigurationExtensionSupport 297 - Spring Data Redis - Could not safely identify store assignment for repository candidate interface com.example.lostandfind.repository.ReportCommentRepository.
2019-06-11 23:57:13,290 [main] INFO  o.s.d.r.c.RepositoryConfigurationExtensionSupport 297 - Spring Data Redis - Could not safely identify store assignment for repository candidate interface com.example.lostandfind.repository.ReportRepository.
2019-06-11 23:57:13,291 [main] INFO  o.s.d.r.c.RepositoryConfigurationExtensionSupport 297 - Spring Data Redis - Could not safely identify store assignment for repository candidate interface com.example.lostandfind.repository.SuggestRepository.
2019-06-11 23:57:13,298 [main] INFO  o.s.d.r.c.RepositoryConfigurationExtensionSupport 297 - Spring Data Redis - Could not safely identify store assignment for repository candidate interface com.example.lostandfind.repository.SystemInformRepository.
2019-06-11 23:57:13,300 [main] INFO  o.s.d.r.c.RepositoryConfigurationExtensionSupport 297 - Spring Data Redis - Could not safely identify store assignment for repository candidate interface com.example.lostandfind.repository.ThanksRepository.
2019-06-11 23:57:13,302 [main] INFO  o.s.d.r.c.RepositoryConfigurationExtensionSupport 297 - Spring Data Redis - Could not safely identify store assignment for repository candidate interface com.example.lostandfind.repository.UserRepository.
2019-06-11 23:57:14,439 [main] INFO  o.s.c.s.PostProcessorRegistrationDelegate$BeanPostProcessorChecker 326 - Bean 'org.springframework.transaction.annotation.ProxyTransactionManagementConfiguration' of type [org.springframework.transaction.annotation.ProxyTransactionManagementConfiguration$$EnhancerBySpringCGLIB$$1baa84dd] is not eligible for getting processed by all BeanPostProcessors (for example: not eligible for auto-proxying)
2019-06-11 23:57:14,591 [main] INFO  o.s.c.s.PostProcessorRegistrationDelegate$BeanPostProcessorChecker 326 - Bean 'redisConfig' of type [com.example.lostandfind.redis.RedisConfig$$EnhancerBySpringCGLIB$$95fe1779] is not eligible for getting processed by all BeanPostProcessors (for example: not eligible for auto-proxying)
2019-06-11 23:57:15,109 [main] INFO  o.s.b.w.e.tomcat.TomcatWebServer 91 - Tomcat initialized with port(s): 8080 (http)
2019-06-11 23:57:15,124 [main] INFO  o.a.coyote.http11.Http11NioProtocol 180 - Initializing ProtocolHandler ["http-nio-8080"]
2019-06-11 23:57:15,135 [main] INFO  o.a.catalina.core.StandardService 180 - Starting service [Tomcat]
2019-06-11 23:57:15,136 [main] INFO  o.a.catalina.core.StandardEngine 180 - Starting Servlet Engine: Apache Tomcat/8.5.32
2019-06-11 23:57:15,141 [localhost-startStop-1] INFO  o.a.c.core.AprLifecycleListener 180 - The APR based Apache Tomcat Native library which allows optimal performance in production environments was not found on the java.library.path: [/Users/zhangcong/Library/Java/Extensions:/Library/Java/Extensions:/Network/Library/Java/Extensions:/System/Library/Java/Extensions:/usr/lib/java:.]
2019-06-11 23:57:15,415 [localhost-startStop-1] INFO  o.a.c.c.C.[Tomcat].[localhost].[/] 180 - Initializing Spring embedded WebApplicationContext
2019-06-11 23:57:15,415 [localhost-startStop-1] INFO  o.s.web.context.ContextLoader 285 - Root WebApplicationContext: initialization completed in 4687 ms
2019-06-11 23:57:15,507 [localhost-startStop-1] INFO  o.s.b.w.s.ServletRegistrationBean 187 - Servlet dispatcherServlet mapped to [/]
2019-06-11 23:57:15,511 [localhost-startStop-1] INFO  o.s.b.w.s.FilterRegistrationBean 245 - Mapping filter: 'characterEncodingFilter' to: [/*]
2019-06-11 23:57:15,512 [localhost-startStop-1] INFO  o.s.b.w.s.FilterRegistrationBean 245 - Mapping filter: 'hiddenHttpMethodFilter' to: [/*]
2019-06-11 23:57:15,512 [localhost-startStop-1] INFO  o.s.b.w.s.FilterRegistrationBean 245 - Mapping filter: 'httpPutFormContentFilter' to: [/*]
2019-06-11 23:57:15,512 [localhost-startStop-1] INFO  o.s.b.w.s.FilterRegistrationBean 245 - Mapping filter: 'requestContextFilter' to: [/*]
2019-06-11 23:57:15,705 [main] INFO  com.zaxxer.hikari.HikariDataSource 110 - HikariPool-1 - Starting...
2019-06-11 23:57:15,906 [main] INFO  com.zaxxer.hikari.HikariDataSource 123 - HikariPool-1 - Start completed.
2019-06-11 23:57:15,951 [main] INFO  o.s.o.j.LocalContainerEntityManagerFactoryBean 361 - Building JPA container EntityManagerFactory for persistence unit 'default'
2019-06-11 23:57:15,963 [main] INFO  o.h.jpa.internal.util.LogHelper 31 - HHH000204: Processing PersistenceUnitInfo [
	name: default
	...]
2019-06-11 23:57:16,056 [main] INFO  org.hibernate.Version 45 - HHH000412: Hibernate Core {5.2.17.Final}
2019-06-11 23:57:16,057 [main] INFO  org.hibernate.cfg.Environment 213 - HHH000206: hibernate.properties not found
2019-06-11 23:57:16,091 [main] INFO  o.h.annotations.common.Version 66 - HCANN000001: Hibernate Commons Annotations {5.0.1.Final}
2019-06-11 23:57:16,233 [main] INFO  org.hibernate.dialect.Dialect 157 - HHH000400: Using dialect: org.hibernate.dialect.MySQL5Dialect
2019-06-11 23:57:17,485 [main] INFO  o.s.o.j.LocalContainerEntityManagerFactoryBean 415 - Initialized JPA EntityManagerFactory for persistence unit 'default'
2019-06-11 23:57:17,905 [main] INFO  o.h.h.i.QueryTranslatorFactoryInitiator 47 - HHH000397: Using ASTQueryTranslatorFactory
2019-06-11 23:57:18,740 [main] INFO  c.e.lostandfind.service.Template 322 - Template加入了SpringIoc容器
2019-06-11 23:57:19,244 [main] INFO  c.e.l.i.CheckLoginInterceptor 67 - 这是拦截器
2019-06-11 23:57:19,329 [main] INFO  c.e.lostandfind.redis.RedisConfig 58 - redis被加入到bean
2019-06-11 23:57:19,505 [main] INFO  o.s.w.s.h.SimpleUrlHandlerMapping 373 - Mapped URL path [/**/favicon.ico] onto handler of type [class org.springframework.web.servlet.resource.ResourceHttpRequestHandler]
2019-06-11 23:57:19,674 [main] INFO  o.s.w.s.m.m.a.RequestMappingHandlerAdapter 574 - Looking for @ControllerAdvice: org.springframework.boot.web.servlet.context.AnnotationConfigServletWebServerApplicationContext@31f9b85e: startup date [Tue Jun 11 23:57:10 CST 2019]; root of context hierarchy
2019-06-11 23:57:19,706 [main] INFO  c.e.l.LostandfindApplication 54 - 初始化拦截器
2019-06-11 23:57:19,711 [main] WARN  o.s.b.a.o.j.JpaBaseConfiguration$JpaWebConfiguration$JpaWebMvcConfiguration 235 - spring.jpa.open-in-view is enabled by default. Therefore, database queries may be performed during view rendering. Explicitly configure spring.jpa.open-in-view to disable this warning
2019-06-11 23:57:19,770 [main] INFO  o.s.w.s.m.m.a.RequestMappingHandlerMapping 547 - Mapped "{[/identity],methods=[GET]}" onto public java.lang.Object com.example.lostandfind.controller.LafController.decode(java.lang.String,java.lang.String,java.lang.String)
2019-06-11 23:57:19,771 [main] INFO  o.s.w.s.m.m.a.RequestMappingHandlerMapping 547 - Mapped "{[/getUserInfo],methods=[GET]}" onto public java.lang.Object com.example.lostandfind.controller.LafController.getUserInfo(java.lang.String)
2019-06-11 23:57:19,772 [main] INFO  o.s.w.s.m.m.a.RequestMappingHandlerMapping 547 - Mapped "{[/test],methods=[GET]}" onto public java.util.List<com.example.lostandfind.mysql.PushMysql> com.example.lostandfind.controller.LafController.test(java.lang.String)
2019-06-11 23:57:19,773 [main] INFO  o.s.w.s.m.m.a.RequestMappingHandlerMapping 547 - Mapped "{[/addCount],methods=[POST]}" onto public int com.example.lostandfind.controller.LafController.addCount(com.alibaba.fastjson.JSONObject)
2019-06-11 23:57:19,773 [main] INFO  o.s.w.s.m.m.a.RequestMappingHandlerMapping 547 - Mapped "{[/report],methods=[POST]}" onto public java.lang.String com.example.lostandfind.controller.LafController.report(com.alibaba.fastjson.JSONObject)
2019-06-11 23:57:19,773 [main] INFO  o.s.w.s.m.m.a.RequestMappingHandlerMapping 547 - Mapped "{[/process],methods=[GET]}" onto public java.lang.String com.example.lostandfind.controller.LafController.process(boolean,int,int,java.lang.String)
2019-06-11 23:57:19,774 [main] INFO  o.s.w.s.m.m.a.RequestMappingHandlerMapping 547 - Mapped "{[/getInfo1],methods=[GET]}" onto public java.lang.Object com.example.lostandfind.controller.LafController.getInfo(java.lang.String,int) throws java.lang.Exception
2019-06-11 23:57:19,775 [main] INFO  o.s.w.s.m.m.a.RequestMappingHandlerMapping 547 - Mapped "{[/getVersion],methods=[GET]}" onto public double com.example.lostandfind.controller.LafController.getVersion()
2019-06-11 23:57:19,775 [main] INFO  o.s.w.s.m.m.a.RequestMappingHandlerMapping 547 - Mapped "{[/timeout],methods=[GET]}" onto public java.util.List<com.example.lostandfind.mysql.FinishMysql> com.example.lostandfind.controller.LafController.getTimeout(java.lang.String)
2019-06-11 23:57:19,775 [main] INFO  o.s.w.s.m.m.a.RequestMappingHandlerMapping 547 - Mapped "{[/getComment],methods=[GET]}" onto public com.alibaba.fastjson.JSONArray com.example.lostandfind.controller.LafController.getComment(int)
2019-06-11 23:57:19,776 [main] INFO  o.s.w.s.m.m.a.RequestMappingHandlerMapping 547 - Mapped "{[/User],methods=[POST]}" onto public com.example.lostandfind.domain.Result com.example.lostandfind.controller.LafController.addUser(com.example.lostandfind.mysql.UserMysql,org.springframework.validation.BindingResult)
2019-06-11 23:57:19,776 [main] INFO  o.s.w.s.m.m.a.RequestMappingHandlerMapping 547 - Mapped "{[/user],methods=[POST]}" onto public com.example.lostandfind.domain.Result com.example.lostandfind.controller.LafController.addUser(com.example.lostandfind.mysql.UserMysql)
2019-06-11 23:57:19,777 [main] INFO  o.s.w.s.m.m.a.RequestMappingHandlerMapping 547 - Mapped "{[/msg/{name}],methods=[POST]}" onto public com.example.lostandfind.domain.Result com.example.lostandfind.controller.LafController.addMsg(com.example.lostandfind.mysql.InfoMysql,java.lang.String) throws java.lang.Exception
2019-06-11 23:57:19,777 [main] INFO  o.s.w.s.m.m.a.RequestMappingHandlerMapping 547 - Mapped "{[/User],methods=[GET]}" onto public java.util.List<com.example.lostandfind.mysql.UserMysql> com.example.lostandfind.controller.LafController.UserList()
2019-06-11 23:57:19,778 [main] INFO  o.s.w.s.m.m.a.RequestMappingHandlerMapping 547 - Mapped "{[/createIndex],methods=[GET]}" onto public java.lang.String com.example.lostandfind.controller.LafController.createIndex()
2019-06-11 23:57:19,778 [main] INFO  o.s.w.s.m.m.a.RequestMappingHandlerMapping 547 - Mapped "{[/getThanks],methods=[GET]}" onto public java.util.List<com.example.lostandfind.mysql.ThanksMysql> com.example.lostandfind.controller.LafController.getThanks()
2019-06-11 23:57:19,778 [main] INFO  o.s.w.s.m.m.a.RequestMappingHandlerMapping 547 - Mapped "{[/openid/{openid}],methods=[GET]}" onto public boolean com.example.lostandfind.controller.LafController.checkOpenId(java.lang.String)
2019-06-11 23:57:19,779 [main] INFO  o.s.w.s.m.m.a.RequestMappingHandlerMapping 547 - Mapped "{[/openid1/{openid}],methods=[GET]}" onto public java.util.List<com.example.lostandfind.mysql.UserMysql> com.example.lostandfind.controller.LafController.checkOpenId1(java.lang.String)
2019-06-11 23:57:19,779 [main] INFO  o.s.w.s.m.m.a.RequestMappingHandlerMapping 547 - Mapped "{[/valuable],methods=[GET]}" onto public java.util.List<com.example.lostandfind.mysql.InfoMysql> com.example.lostandfind.controller.LafController.searchValuableInfo(boolean)
2019-06-11 23:57:19,780 [main] INFO  o.s.w.s.m.m.a.RequestMappingHandlerMapping 547 - Mapped "{[/getValuable],methods=[GET]}" onto public java.util.List<com.example.lostandfind.mysql.InfoMysql> com.example.lostandfind.controller.LafController.getValuale()
2019-06-11 23:57:19,780 [main] INFO  o.s.w.s.m.m.a.RequestMappingHandlerMapping 547 - Mapped "{[/service/info],methods=[GET]}" onto public java.util.List<com.example.lostandfind.mysql.InfoMysql> com.example.lostandfind.controller.LafController.searchInfo(boolean,int)
2019-06-11 23:57:19,781 [main] INFO  o.s.w.s.m.m.a.RequestMappingHandlerMapping 547 - Mapped "{[/deleteInfo],methods=[DELETE]}" onto public boolean com.example.lostandfind.controller.LafController.deleteInfo(com.alibaba.fastjson.JSONObject)
2019-06-11 23:57:19,781 [main] INFO  o.s.w.s.m.m.a.RequestMappingHandlerMapping 547 - Mapped "{[/uploadNews],methods=[POST]}" onto public com.example.lostandfind.mysql.NewsMysql com.example.lostandfind.controller.LafController.uploadNews(org.springframework.web.multipart.MultipartFile,int,int,java.lang.String,java.lang.String,java.lang.String,java.lang.String,java.lang.String) throws java.lang.Exception
2019-06-11 23:57:19,782 [main] INFO  o.s.w.s.m.m.a.RequestMappingHandlerMapping 547 - Mapped "{[/getNews],methods=[GET]}" onto public java.util.List<com.example.lostandfind.mysql.NewsMysql> com.example.lostandfind.controller.LafController.getNews()
2019-06-11 23:57:19,784 [main] INFO  o.s.w.s.m.m.a.RequestMappingHandlerMapping 547 - Mapped "{[/uploadImage],methods=[POST]}" onto public java.lang.Object com.example.lostandfind.controller.LafController.uploadPicture(org.springframework.web.multipart.MultipartFile,int,int,java.lang.String,java.lang.String) throws java.lang.Exception
2019-06-11 23:57:19,784 [main] INFO  o.s.w.s.m.m.a.RequestMappingHandlerMapping 547 - Mapped "{[/confirm/{id}/{confirm}],methods=[POST]}" onto public com.example.lostandfind.mysql.InfoMysql com.example.lostandfind.controller.LafController.doConfirm(java.lang.Integer,boolean)
2019-06-11 23:57:19,785 [main] INFO  o.s.w.s.m.m.a.RequestMappingHandlerMapping 547 - Mapped "{[/manager/{openid}],methods=[POST]}" onto public java.lang.String com.example.lostandfind.controller.LafController.doManager(java.lang.String)
2019-06-11 23:57:19,785 [main] INFO  o.s.w.s.m.m.a.RequestMappingHandlerMapping 547 - Mapped "{[/addManagerFormId],methods=[POST]}" onto public com.example.lostandfind.domain.Result com.example.lostandfind.controller.LafController.addManagerFormId(com.alibaba.fastjson.JSONObject)
2019-06-11 23:57:19,786 [main] INFO  o.s.w.s.m.m.a.RequestMappingHandlerMapping 547 - Mapped "{[/check/{id}/{confirm}/{formId}/{openId}/{num}],methods=[PUT]}" onto public com.example.lostandfind.domain.Result com.example.lostandfind.controller.LafController.doCheck(java.lang.Integer,boolean,java.lang.String,java.lang.String,int)
2019-06-11 23:57:19,786 [main] INFO  o.s.w.s.m.m.a.RequestMappingHandlerMapping 547 - Mapped "{[/finish/{id}],methods=[DELETE]}" onto public java.lang.String com.example.lostandfind.controller.LafController.doFinish(java.lang.Integer)
2019-06-11 23:57:19,787 [main] INFO  o.s.w.s.m.m.a.RequestMappingHandlerMapping 547 - Mapped "{[/search/{index}/{string}/{count}],methods=[GET]}" onto public java.util.List<com.example.lostandfind.mysql.InfoMysql> com.example.lostandfind.controller.LafController.doSearch(java.lang.String,java.lang.Integer,java.lang.Integer) throws java.lang.Exception
2019-06-11 23:57:19,787 [main] INFO  o.s.w.s.m.m.a.RequestMappingHandlerMapping 547 - Mapped "{[/search/history],methods=[PUT]}" onto public com.example.lostandfind.mysql.HistoryMysql com.example.lostandfind.controller.LafController.doAddHistory(com.example.lostandfind.mysql.HistoryMysql)
2019-06-11 23:57:19,787 [main] INFO  o.s.w.s.m.m.a.RequestMappingHandlerMapping 547 - Mapped "{[/search/history/{openid}],methods=[GET]}" onto public com.example.lostandfind.mysql.HistoryMysql com.example.lostandfind.controller.LafController.doSearchHistory(java.lang.String)
2019-06-11 23:57:19,788 [main] INFO  o.s.w.s.m.m.a.RequestMappingHandlerMapping 547 - Mapped "{[/search/eye],methods=[PUT]}" onto public com.example.lostandfind.mysql.HistoryMysql com.example.lostandfind.controller.LafController.doaChangeEye(com.example.lostandfind.mysql.HistoryMysql)
2019-06-11 23:57:19,788 [main] INFO  o.s.w.s.m.m.a.RequestMappingHandlerMapping 547 - Mapped "{[/suggestion],methods=[POST]}" onto public com.example.lostandfind.mysql.SuggestMysql com.example.lostandfind.controller.LafController.WriteSuggestion(com.example.lostandfind.mysql.SuggestMysql)
2019-06-11 23:57:19,789 [main] INFO  o.s.w.s.m.m.a.RequestMappingHandlerMapping 547 - Mapped "{[/getSuggestion],methods=[GET]}" onto public com.alibaba.fastjson.JSONArray com.example.lostandfind.controller.LafController.GetSuggestion()
2019-06-11 23:57:19,789 [main] INFO  o.s.w.s.m.m.a.RequestMappingHandlerMapping 547 - Mapped "{[/get_access_token],methods=[GET]}" onto public com.alibaba.fastjson.JSONObject com.example.lostandfind.controller.LafController.getAccessToken()
2019-06-11 23:57:19,789 [main] INFO  o.s.w.s.m.m.a.RequestMappingHandlerMapping 547 - Mapped "{[/sendTemplateInfo],methods=[GET]}" onto public java.lang.Object com.example.lostandfind.controller.LafController.sendTemplateInfo(java.lang.String,java.lang.String,java.lang.String,java.lang.String,java.lang.String,java.lang.String,int,java.lang.String,java.lang.String,java.lang.String)
2019-06-11 23:57:19,790 [main] INFO  o.s.w.s.m.m.a.RequestMappingHandlerMapping 547 - Mapped "{[/aboutMeNot],methods=[GET]}" onto public java.util.List<com.example.lostandfind.mysql.InfoMysql> com.example.lostandfind.controller.LafController.getNotFinish(java.lang.String)
2019-06-11 23:57:19,791 [main] INFO  o.s.w.s.m.m.a.RequestMappingHandlerMapping 547 - Mapped "{[/aboutMeHas],methods=[GET]}" onto public java.util.List<com.example.lostandfind.mysql.FinishMysql> com.example.lostandfind.controller.LafController.getHasFinish(java.lang.String)
2019-06-11 23:57:19,791 [main] INFO  o.s.w.s.m.m.a.RequestMappingHandlerMapping 547 - Mapped "{[/Card],methods=[GET]}" onto public com.example.lostandfind.mysql.InfoMysql com.example.lostandfind.controller.LafController.getCardInfo(java.lang.String)
2019-06-11 23:57:19,792 [main] INFO  o.s.w.s.m.m.a.RequestMappingHandlerMapping 547 - Mapped "{[/deletePersonInfo],methods=[POST]}" onto public com.example.lostandfind.domain.Result com.example.lostandfind.controller.LafController.writePersonInfo(int)
2019-06-11 23:57:19,793 [main] INFO  o.s.w.s.m.m.a.RequestMappingHandlerMapping 547 - Mapped "{[/writePersonInfo],methods=[POST]}" onto public com.example.lostandfind.mysql.PersonInfoMysql com.example.lostandfind.controller.LafController.writePersonInfo(com.example.lostandfind.mysql.PersonInfoMysql)
2019-06-11 23:57:19,794 [main] INFO  o.s.w.s.m.m.a.RequestMappingHandlerMapping 547 - Mapped "{[/getPersonInfo],methods=[GET]}" onto public com.example.lostandfind.mysql.PersonInfoMysql com.example.lostandfind.controller.LafController.getPersonInfo(int)
2019-06-11 23:57:19,795 [main] INFO  o.s.w.s.m.m.a.RequestMappingHandlerMapping 547 - Mapped "{[/writeEvaluate/{id}/{openid}/{level}],methods=[POST]}" onto public com.example.lostandfind.mysql.EvaluateMysql com.example.lostandfind.controller.LafController.writeEvaluate(java.lang.Integer,java.lang.Integer,java.lang.Integer)
2019-06-11 23:57:19,796 [main] INFO  o.s.w.s.m.m.a.RequestMappingHandlerMapping 547 - Mapped "{[/getEvaluate],methods=[GET]}" onto public com.example.lostandfind.mysql.EvaluateMysql com.example.lostandfind.controller.LafController.getEvaluate(int)
2019-06-11 23:57:19,796 [main] INFO  o.s.w.s.m.m.a.RequestMappingHandlerMapping 547 - Mapped "{[/getPersonComment],methods=[GET]}" onto public com.alibaba.fastjson.JSONObject com.example.lostandfind.controller.LafController.getPersonComment(java.lang.String)
2019-06-11 23:57:19,796 [main] INFO  o.s.w.s.m.m.a.RequestMappingHandlerMapping 547 - Mapped "{[/writeComment/{user_id}/{info_id}],methods=[POST]}" onto public com.example.lostandfind.mysql.CommentMysql com.example.lostandfind.controller.LafController.writeComment(java.lang.Integer,java.lang.Integer,com.example.lostandfind.mysql.CommentMysql)
2019-06-11 23:57:19,797 [main] INFO  o.s.w.s.m.m.a.RequestMappingHandlerMapping 547 - Mapped "{[/deleteComment/{id}],methods=[DELETE]}" onto public void com.example.lostandfind.controller.LafController.deleteComment(java.lang.Integer)
2019-06-11 23:57:19,797 [main] INFO  o.s.w.s.m.m.a.RequestMappingHandlerMapping 547 - Mapped "{[/changePersonComment/{openid}/{num}/{kind}],methods=[POST]}" onto public com.example.lostandfind.domain.Result com.example.lostandfind.controller.LafController.changePersonComment(java.lang.String,int,int)
2019-06-11 23:57:19,798 [main] INFO  o.s.w.s.m.m.a.RequestMappingHandlerMapping 547 - Mapped "{[/getReport],methods=[GET]}" onto public com.alibaba.fastjson.JSONArray com.example.lostandfind.controller.LafController.getReport()
2019-06-11 23:57:19,798 [main] INFO  o.s.w.s.m.m.a.RequestMappingHandlerMapping 547 - Mapped "{[/reportComment],methods=[POST]}" onto public java.lang.String com.example.lostandfind.controller.LafController.reportC(com.alibaba.fastjson.JSONObject)
2019-06-11 23:57:19,798 [main] INFO  o.s.w.s.m.m.a.RequestMappingHandlerMapping 547 - Mapped "{[/getReportComment],methods=[GET]}" onto public com.alibaba.fastjson.JSONArray com.example.lostandfind.controller.LafController.getReportC()
2019-06-11 23:57:19,799 [main] INFO  o.s.w.s.m.m.a.RequestMappingHandlerMapping 547 - Mapped "{[/processComment],methods=[GET]}" onto public java.lang.String com.example.lostandfind.controller.LafController.processC(boolean,int,int,java.lang.String)
2019-06-11 23:57:19,799 [main] INFO  o.s.w.s.m.m.a.RequestMappingHandlerMapping 547 - Mapped "{[/getPushCount],methods=[GET]}" onto public int com.example.lostandfind.controller.LafController.getPushCount(java.lang.String,boolean)
2019-06-11 23:57:19,799 [main] INFO  o.s.w.s.m.m.a.RequestMappingHandlerMapping 547 - Mapped "{[/getPushInfo],methods=[GET]}" onto public java.util.List<com.example.lostandfind.mysql.PushMysql> com.example.lostandfind.controller.LafController.getPushInfo(java.lang.String,boolean)
2019-06-11 23:57:19,800 [main] INFO  o.s.w.s.m.m.a.RequestMappingHandlerMapping 547 - Mapped "{[/writePush],methods=[POST]}" onto public java.lang.String com.example.lostandfind.controller.LafController.writePush(com.alibaba.fastjson.JSONObject)
2019-06-11 23:57:19,800 [main] INFO  o.s.w.s.m.m.a.RequestMappingHandlerMapping 547 - Mapped "{[/test2],methods=[GET]}" onto public java.util.List<java.util.Map<java.lang.String, java.lang.Object>> com.example.lostandfind.controller.LafController.test2(java.lang.String)
2019-06-11 23:57:19,801 [main] INFO  o.s.w.s.m.m.a.RequestMappingHandlerMapping 547 - Mapped "{[/getSystemCount],methods=[GET]}" onto public int com.example.lostandfind.controller.LafController.getSystemCount(int,java.lang.String)
2019-06-11 23:57:19,801 [main] INFO  o.s.w.s.m.m.a.RequestMappingHandlerMapping 547 - Mapped "{[/getSystemInfo],methods=[GET]}" onto public java.util.List<com.example.lostandfind.mysql.SystemInformMysql> com.example.lostandfind.controller.LafController.getSystemInfo(int,java.lang.String)
2019-06-11 23:57:19,801 [main] INFO  o.s.w.s.m.m.a.RequestMappingHandlerMapping 547 - Mapped "{[/hasLookInfo],methods=[GET]}" onto public int com.example.lostandfind.controller.LafController.hasLookInfo(java.lang.String)
2019-06-11 23:57:19,802 [main] INFO  o.s.w.s.m.m.a.RequestMappingHandlerMapping 547 - Mapped "{[/addCollect],methods=[POST]}" onto public com.example.lostandfind.domain.Result com.example.lostandfind.controller.LafController.addCollect(com.alibaba.fastjson.JSONObject)
2019-06-11 23:57:19,802 [main] INFO  o.s.w.s.m.m.a.RequestMappingHandlerMapping 547 - Mapped "{[/removeCollect],methods=[GET]}" onto public com.example.lostandfind.domain.Result com.example.lostandfind.controller.LafController.reomveCollect(int,int)
2019-06-11 23:57:19,802 [main] INFO  o.s.w.s.m.m.a.RequestMappingHandlerMapping 547 - Mapped "{[/hasCollect],methods=[GET]}" onto public java.lang.Object com.example.lostandfind.controller.LafController.hasCollect(int,int)
2019-06-11 23:57:19,803 [main] INFO  o.s.w.s.m.m.a.RequestMappingHandlerMapping 547 - Mapped "{[/collectInfos],methods=[GET]}" onto public java.util.List<com.example.lostandfind.mysql.InfoMysql> com.example.lostandfind.controller.LafController.collectInfos(int)
2019-06-11 23:57:19,803 [main] INFO  o.s.w.s.m.m.a.RequestMappingHandlerMapping 547 - Mapped "{[/infoCount],methods=[GET]}" onto public com.alibaba.fastjson.JSONObject com.example.lostandfind.controller.LafController.infoCount(java.lang.String)
2019-06-11 23:57:19,804 [main] INFO  o.s.w.s.m.m.a.RequestMappingHandlerMapping 547 - Mapped "{[/writeFormId],methods=[POST]}" onto public com.example.lostandfind.domain.Result com.example.lostandfind.controller.LafController.writeFormId(com.alibaba.fastjson.JSONObject)
2019-06-11 23:57:19,804 [main] INFO  o.s.w.s.m.m.a.RequestMappingHandlerMapping 547 - Mapped "{[/deleteNews],methods=[DELETE]}" onto public com.example.lostandfind.domain.Result com.example.lostandfind.controller.LafController.deleteNews(com.example.lostandfind.mysql.NewsMysql)
2019-06-11 23:57:19,805 [main] INFO  o.s.w.s.m.m.a.RequestMappingHandlerMapping 547 - Mapped "{[/writeThanks],methods=[POST]}" onto public com.example.lostandfind.mysql.ThanksMysql com.example.lostandfind.controller.LafController.writeThanks(com.example.lostandfind.mysql.ThanksMysql)
2019-06-11 23:57:19,805 [main] INFO  o.s.w.s.m.m.a.RequestMappingHandlerMapping 547 - Mapped "{[/testname],methods=[GET]}" onto public void com.example.lostandfind.controller.LafController.testname(java.lang.String)
2019-06-11 23:57:19,805 [main] INFO  o.s.w.s.m.m.a.RequestMappingHandlerMapping 547 - Mapped "{[/testHTML],methods=[GET]}" onto public com.alibaba.fastjson.JSONObject com.example.lostandfind.controller.LafController.testHTML()
2019-06-11 23:57:19,806 [main] INFO  o.s.w.s.m.m.a.RequestMappingHandlerMapping 547 - Mapped "{[/manager],methods=[GET]}" onto public com.github.pagehelper.Page<com.example.lostandfind.mysql.ManagerMysql> com.example.lostandfind.controller.LafController.getManager()
2019-06-11 23:57:19,806 [main] INFO  o.s.w.s.m.m.a.RequestMappingHandlerMapping 547 - Mapped "{[/search/detele/{openid}],methods=[DELETE]}" onto public com.example.lostandfind.mysql.HistoryMysql com.example.lostandfind.controller.LafController.doDelete(java.lang.String)
2019-06-11 23:57:19,810 [main] INFO  o.s.w.s.m.m.a.RequestMappingHandlerMapping 547 - Mapped "{[/manager/exit],methods=[GET]}" onto public boolean com.example.lostandfind.controller.ManagerController.exit(javax.servlet.http.HttpServletRequest,javax.servlet.http.HttpServletResponse)
2019-06-11 23:57:19,810 [main] INFO  o.s.w.s.m.m.a.RequestMappingHandlerMapping 547 - Mapped "{[/manager/getInfo],methods=[GET]}" onto public java.lang.Object com.example.lostandfind.controller.ManagerController.getInfo(java.lang.String)
2019-06-11 23:57:19,811 [main] INFO  o.s.w.s.m.m.a.RequestMappingHandlerMapping 547 - Mapped "{[/manager/look],methods=[GET]}" onto public java.util.List<com.example.lostandfind.mysql.PersonInfoMysql> com.example.lostandfind.controller.ManagerController.look()
2019-06-11 23:57:19,812 [main] INFO  o.s.w.s.m.m.a.RequestMappingHandlerMapping 547 - Mapped "{[/manager/addManager],methods=[GET]}" onto public java.lang.String com.example.lostandfind.controller.ManagerController.addManager(java.lang.String)
2019-06-11 23:57:19,812 [main] INFO  o.s.w.s.m.m.a.RequestMappingHandlerMapping 547 - Mapped "{[/manager/deleteManager],methods=[GET]}" onto public java.lang.String com.example.lostandfind.controller.ManagerController.deleteManager(java.lang.String)
2019-06-11 23:57:19,813 [main] INFO  o.s.w.s.m.m.a.RequestMappingHandlerMapping 547 - Mapped "{[/manager/getEva],methods=[GET]}" onto public com.alibaba.fastjson.JSONArray com.example.lostandfind.controller.ManagerController.getEva()
2019-06-11 23:57:19,813 [main] INFO  o.s.w.s.m.m.a.RequestMappingHandlerMapping 547 - Mapped "{[/manager/login],methods=[GET]}" onto public java.lang.String com.example.lostandfind.controller.ManagerController.login(java.lang.String,java.lang.String,javax.servlet.http.HttpServletResponse,javax.servlet.http.HttpServletRequest)
2019-06-11 23:57:19,814 [main] INFO  o.s.w.s.m.m.a.RequestMappingHandlerMapping 547 - Mapped "{[/manager/getLogin],methods=[GET]}" onto public boolean com.example.lostandfind.controller.ManagerController.getLogin(javax.servlet.http.HttpServletRequest,javax.servlet.http.HttpServletResponse)
2019-06-11 23:57:19,814 [main] INFO  o.s.w.s.m.m.a.RequestMappingHandlerMapping 547 - Mapped "{[/manager/getSchool],methods=[GET]}" onto public java.util.List<com.example.lostandfind.mysql.PersonInfoMysql> com.example.lostandfind.controller.ManagerController.getSchool()
2019-06-11 23:57:19,815 [main] INFO  o.s.w.s.m.m.a.RequestMappingHandlerMapping 547 - Mapped "{[/manager/getFinish],methods=[GET]}" onto public java.util.List<com.example.lostandfind.mysql.FinishMysql> com.example.lostandfind.controller.ManagerController.getFinish()
2019-06-11 23:57:19,816 [main] INFO  o.s.w.s.m.m.a.RequestMappingHandlerMapping 547 - Mapped "{[/manager/getSearchFinish/{start}/{end}],methods=[GET]}" onto public java.util.List<com.example.lostandfind.mysql.FinishMysql> com.example.lostandfind.controller.ManagerController.getSearchFinish(java.lang.String,java.lang.String)
2019-06-11 23:57:19,819 [main] INFO  o.s.w.s.m.m.a.RequestMappingHandlerMapping 547 - Mapped "{[/error]}" onto public org.springframework.http.ResponseEntity<java.util.Map<java.lang.String, java.lang.Object>> org.springframework.boot.autoconfigure.web.servlet.error.BasicErrorController.error(javax.servlet.http.HttpServletRequest)
2019-06-11 23:57:19,820 [main] INFO  o.s.w.s.m.m.a.RequestMappingHandlerMapping 547 - Mapped "{[/error],produces=[text/html]}" onto public org.springframework.web.servlet.ModelAndView org.springframework.boot.autoconfigure.web.servlet.error.BasicErrorController.errorHtml(javax.servlet.http.HttpServletRequest,javax.servlet.http.HttpServletResponse)
2019-06-11 23:57:19,859 [main] INFO  o.s.w.s.h.SimpleUrlHandlerMapping 373 - Mapped URL path [/webjars/**] onto handler of type [class org.springframework.web.servlet.resource.ResourceHttpRequestHandler]
2019-06-11 23:57:19,859 [main] INFO  o.s.w.s.h.SimpleUrlHandlerMapping 373 - Mapped URL path [/**] onto handler of type [class org.springframework.web.servlet.resource.ResourceHttpRequestHandler]
2019-06-11 23:57:20,598 [main] INFO  o.s.j.e.a.AnnotationMBeanExporter 433 - Registering beans for JMX exposure on startup
2019-06-11 23:57:20,600 [main] INFO  o.s.j.e.a.AnnotationMBeanExporter 895 - Bean with name 'dataSource' has been autodetected for JMX exposure
2019-06-11 23:57:20,608 [main] INFO  o.s.j.e.a.AnnotationMBeanExporter 668 - Located MBean 'dataSource': registering with JMX server as MBean [com.zaxxer.hikari:name=dataSource,type=HikariDataSource]
2019-06-11 23:57:20,613 [main] INFO  o.s.c.s.DefaultLifecycleProcessor 351 - Starting beans in phase 2147483647
2019-06-11 23:57:20,690 [container-1] INFO  io.lettuce.core.EpollProvider 101 - Starting without optional epoll library
2019-06-11 23:57:20,692 [container-1] INFO  io.lettuce.core.KqueueProvider 101 - Starting without optional kqueue library
2019-06-11 23:57:20,893 [main] INFO  o.s.s.a.ScheduledAnnotationBeanPostProcessor 275 - No TaskScheduler/ScheduledExecutorService bean found for scheduled processing
2019-06-11 23:57:20,903 [main] INFO  o.a.coyote.http11.Http11NioProtocol 180 - Starting ProtocolHandler ["http-nio-8080"]
2019-06-11 23:57:20,909 [main] INFO  o.a.tomcat.util.net.NioSelectorPool 180 - Using a shared selector for servlet write/read
2019-06-11 23:57:20,926 [main] INFO  o.s.b.w.e.tomcat.TomcatWebServer 206 - Tomcat started on port(s): 8080 (http) with context path ''
2019-06-11 23:57:20,930 [main] INFO  c.e.l.LostandfindApplication 59 - Started LostandfindApplication in 11.491 seconds (JVM running for 13.454)
2019-06-11 23:57:26,630 [http-nio-8080-exec-2] INFO  o.a.c.c.C.[Tomcat].[localhost].[/] 180 - Initializing Spring FrameworkServlet 'dispatcherServlet'
2019-06-11 23:57:26,632 [http-nio-8080-exec-2] INFO  o.s.web.servlet.DispatcherServlet 494 - FrameworkServlet 'dispatcherServlet': initialization started
2019-06-11 23:57:26,663 [http-nio-8080-exec-2] INFO  o.s.web.servlet.DispatcherServlet 509 - FrameworkServlet 'dispatcherServlet': initialization completed in 31 ms
2019-06-11 23:57:26,702 [http-nio-8080-exec-2] WARN  o.s.web.servlet.PageNotFound 255 - Request method 'POST' not supported
2019-06-11 23:57:34,553 [http-nio-8080-exec-3] INFO  c.e.lostandfind.aspect.UserAspect 53 - url=http://localhost:8080/getPersonInfo;method=GET;ip=0:0:0:0:0:0:0:1;classMethod=com.example.lostandfind.controller.LafController.getPersonInfo;time=36ms;
2019-06-11 23:58:39,227 [http-nio-8080-exec-6] WARN  o.s.web.servlet.PageNotFound 255 - Request method 'GET' not supported
2019-06-11 23:58:44,689 [http-nio-8080-exec-7] INFO  c.e.lostandfind.aspect.UserAspect 53 - url=http://localhost:8080/deletePersonInfo;method=POST;ip=0:0:0:0:0:0:0:1;classMethod=com.example.lostandfind.controller.LafController.writePersonInfo;time=66ms;
